<?xml version="1.0" encoding="UTF-8"?>
<!-- Generated by org.testng.reporters.JUnitXMLReporter -->
<testsuite ignored="0" hostname="Kranthi5" failures="0" tests="6" name="Test" time="104.867" errors="0" timestamp="2025-05-10T13:48:20 IST">
  <testcase classname="product_test.Testcase_21" name="review" time="11.614"/>
  <testcase classname="product_test.Testcase_22" name="Addtocartfromtherecommendeditems" time="2.649"/>
  <testcase classname="product_test.Testcase_23" name="Verifyaddressdetailsincheckoutpage" time="25.466"/>
  <testcase classname="product_test.Testcase_24" name="Downloadinvoiceafterpurchaseorder" time="27.656"/>
  <testcase classname="product_test.Testcase_25" name="Verifyscrollupusingarrowbuttonandscrolldownfunctionality" time="0.566"/>
  <testcase classname="product_test.Testcase_26" name="Verifyscrollupwithoutarrowbuttonandscrolldownfunctionality" time="3.873"/>
</testsuite> <!-- Test -->
