<?xml version="1.0" encoding="UTF-8"?>
<!-- Generated by org.testng.reporters.JUnitXMLReporter -->
<testsuite ignored="0" hostname="Kranthi5" failures="0" tests="6" name="Test" time="114.432" errors="0" timestamp="2025-05-09T20:03:10 IST">
  <testcase classname="product_test.Testcase_21" name="review" time="10.052"/>
  <testcase classname="product_test.Testcase_22" name="Addtocartfromtherecommendeditems" time="2.188"/>
  <testcase classname="product_test.Testcase_23" name="Verifyaddressdetailsincheckoutpage" time="26.035"/>
  <testcase classname="product_test.Testcase_24" name="Downloadinvoiceafterpurchaseorder" time="31.506"/>
  <testcase classname="product_test.Testcase_25" name="Verifyscrollupusingarrowbuttonandscrolldownfunctionality" time="0.654"/>
  <testcase classname="product_test.Testcase_26" name="Verifyscrollupwithoutarrowbuttonandscrolldownfunctionality" time="9.466"/>
</testsuite> <!-- Test -->
