<?xml version="1.0" encoding="UTF-8"?>
<!-- Generated by org.testng.reporters.JUnitXMLReporter -->
<testsuite ignored="0" hostname="Kranthi5" failures="0" tests="6" name="Test" time="94.583" errors="0" timestamp="2025-05-08T19:41:14 IST">
  <testcase classname="product_test.Testcase_21" name="review" time="7.477"/>
  <testcase classname="product_test.Testcase_22" name="Addtocartfromtherecommendeditems" time="3.881"/>
  <testcase classname="product_test.Testcase_23" name="Verifyaddressdetailsincheckoutpage" time="16.363"/>
  <testcase classname="product_test.Testcase_24" name="Downloadinvoiceafterpurchaseorder" time="28.151"/>
  <testcase classname="product_test.Testcase_25" name="Verifyscrollupusingarrowbuttonandscrolldownfunctionality" time="0.397"/>
  <testcase classname="product_test.Testcase_26" name="Verifyscrollupwithoutarrowbuttonandscrolldownfunctionality" time="8.703"/>
</testsuite> <!-- Test -->
