<?xml version="1.0" encoding="UTF-8"?>
<!-- Generated by org.testng.reporters.JUnitXMLReporter -->
<testsuite ignored="0" hostname="Kranthi5" failures="11" tests="26" name="Test" time="676.814" errors="0" timestamp="2025-05-12T10:34:45 IST">
  <testcase classname="product_test.Testcase_10" name="Verify_Subscription_in_home_page" time="4.148"/>
  <testcase classname="product_test.Testcase_11" name="VerifySubscriptioninCartpage" time="3.418">
    <failure type="java.lang.IllegalArgumentException" message="Keys to send should be a not null CharSequence">
      <![CDATA[java.lang.IllegalArgumentException: Keys to send should be a not null CharSequence
at org.openqa.selenium.remote.RemoteWebElement.sendKeys(RemoteWebElement.java:96)
at org.openqa.selenium.support.pagefactory.internal.LocatingElementHandler.invoke(LocatingElementHandler.java:51)
at jdk.proxy2/jdk.proxy2.$Proxy13.sendKeys(Unknown Source)
at product_test.Testcase_11.VerifySubscriptioninCartpage(Testcase_11.java:46)
at java.base/java.util.ArrayList.forEach(ArrayList.java:1511)
... Removed 31 stack frames]]>
    </failure>
  </testcase> <!-- VerifySubscriptioninCartpage -->
  <testcase classname="product_test.Testcase_12" name="AddProductsinCart" time="6.448">
    <failure type="org.openqa.selenium.ElementClickInterceptedException" message="element click intercepted: Element &amp;lt;a data-product-id=&amp;quot;2&amp;quot; class=&amp;quot;btn btn-default add-to-cart&amp;quot;&amp;gt;...&amp;lt;/a&amp;gt; is not clickable at point (914, 661). Other element would receive the click: &amp;lt;iframe id=&amp;quot;aswift_1&amp;quot; name=&amp;quot;aswift_1&amp;quot; browsingtopics=&amp;quot;true&amp;quot; style=&amp;quot;width: 728px !important; height: 90px !important; display: block; margin: 0px auto;&amp;quot; sandbox=&amp;quot;allow-forms allow-popups allow-popups-to-escape-sandbox allow-same-origin allow-scripts allow-top-navigation-by-user-activation&amp;quot; width=&amp;quot;728&amp;quot; height=&amp;quot;90&amp;quot; frameborder=&amp;quot;0&amp;quot; marginwidth=&amp;quot;0&amp;quot; marginheight=&amp;quot;0&amp;quot; vspace=&amp;quot;0&amp;quot; hspace=&amp;quot;0&amp;quot; allowtransparency=&amp;quot;true&amp;quot; scrolling=&amp;quot;no&amp;quot; allow=&amp;quot;attribution-reporting; run-ad-auction&amp;quot; src=&amp;quot;https://googleads.g.doubleclick.net/pagead/html/r20250507/r20190131/zrt_lookup_fy2021.html#RS-0-&amp;amp;amp;adk=1812271801&amp;amp;amp;client=ca-pub-1677597403311019&amp;amp;amp;fa=1&amp;amp;amp;ifi=2&amp;amp;amp;uci=a!2&amp;amp;amp;btvi=1&amp;quot; data-google-container-id=&amp;quot;a!2&amp;quot; tabindex=&amp;quot;0&amp;quot; title=&amp;quot;Advertisement&amp;quot; aria-label=&amp;quot;Advertisement&amp;quot; data-google-query-id=&amp;quot;COaD4diRnY0DFTaNZgIdi5ojig&amp;quot; data-load-complete=&amp;quot;true&amp;quot;&amp;gt;&amp;lt;/iframe&amp;gt;
  (Session info: chrome=136.0.7103.93)
Build info: version: &amp;apos;4.31.0&amp;apos;, revision: &amp;apos;1ef9f18787*&amp;apos;
System info: os.name: &amp;apos;Windows 11&amp;apos;, os.arch: &amp;apos;amd64&amp;apos;, os.version: &amp;apos;10.0&amp;apos;, java.version: &amp;apos;17.0.6&amp;apos;
Driver info: org.openqa.selenium.chrome.ChromeDriver
Command: [e8748db034542e0ad14f2f9e122da872, clickElement {id=f.F70BBD4C2284D557901DFA6DA561207F.d.519658055FE554D682E2B4411295D333.e.38}]
Capabilities {acceptInsecureCerts: false, browserName: chrome, browserVersion: 136.0.7103.93, chrome: {chromedriverVersion: 136.0.7103.92 (cb81a4cc5087..., userDataDir: C:\Users\krant\AppData\Loca...}, fedcm:accounts: true, goog:chromeOptions: {debuggerAddress: localhost:50790}, networkConnectionEnabled: false, pageLoadStrategy: normal, platformName: windows, proxy: Proxy(), se:cdp: ws://localhost:50790/devtoo..., se:cdpVersion: 136.0.7103.93, setWindowRect: true, strictFileInteractability: false, timeouts: {implicit: 0, pageLoad: 300000, script: 30000}, unhandledPromptBehavior: dismiss and notify, webauthn:extension:credBlob: true, webauthn:extension:largeBlob: true, webauthn:extension:minPinLength: true, webauthn:extension:prf: true, webauthn:virtualAuthenticators: true}
Element: [[ChromeDriver: chrome on windows (e8748db034542e0ad14f2f9e122da872)] -&amp;gt; xpath: //a[@data-product-id=&amp;apos;2&amp;apos;]]
Session ID: e8748db034542e0ad14f2f9e122da872">
      <![CDATA[org.openqa.selenium.ElementClickInterceptedException: element click intercepted: Element <a data-product-id="2" class="btn btn-default add-to-cart">...</a> is not clickable at point (914, 661). Other element would receive the click: <iframe id="aswift_1" name="aswift_1" browsingtopics="true" style="width: 728px !important; height: 90px !important; display: block; margin: 0px auto;" sandbox="allow-forms allow-popups allow-popups-to-escape-sandbox allow-same-origin allow-scripts allow-top-navigation-by-user-activation" width="728" height="90" frameborder="0" marginwidth="0" marginheight="0" vspace="0" hspace="0" allowtransparency="true" scrolling="no" allow="attribution-reporting; run-ad-auction" src="https://googleads.g.doubleclick.net/pagead/html/r20250507/r20190131/zrt_lookup_fy2021.html#RS-0-&amp;adk=1812271801&amp;client=ca-pub-1677597403311019&amp;fa=1&amp;ifi=2&amp;uci=a!2&amp;btvi=1" data-google-container-id="a!2" tabindex="0" title="Advertisement" aria-label="Advertisement" data-google-query-id="COaD4diRnY0DFTaNZgIdi5ojig" data-load-complete="true"></iframe>
  (Session info: chrome=136.0.7103.93)
Build info: version: '4.31.0', revision: '1ef9f18787*'
System info: os.name: 'Windows 11', os.arch: 'amd64', os.version: '10.0', java.version: '17.0.6'
Driver info: org.openqa.selenium.chrome.ChromeDriver
Command: [e8748db034542e0ad14f2f9e122da872, clickElement {id=f.F70BBD4C2284D557901DFA6DA561207F.d.519658055FE554D682E2B4411295D333.e.38}]
Capabilities {acceptInsecureCerts: false, browserName: chrome, browserVersion: 136.0.7103.93, chrome: {chromedriverVersion: 136.0.7103.92 (cb81a4cc5087..., userDataDir: C:\Users\krant\AppData\Loca...}, fedcm:accounts: true, goog:chromeOptions: {debuggerAddress: localhost:50790}, networkConnectionEnabled: false, pageLoadStrategy: normal, platformName: windows, proxy: Proxy(), se:cdp: ws://localhost:50790/devtoo..., se:cdpVersion: 136.0.7103.93, setWindowRect: true, strictFileInteractability: false, timeouts: {implicit: 0, pageLoad: 300000, script: 30000}, unhandledPromptBehavior: dismiss and notify, webauthn:extension:credBlob: true, webauthn:extension:largeBlob: true, webauthn:extension:minPinLength: true, webauthn:extension:prf: true, webauthn:virtualAuthenticators: true}
Element: [[ChromeDriver: chrome on windows (e8748db034542e0ad14f2f9e122da872)] -> xpath: //a[@data-product-id='2']]
Session ID: e8748db034542e0ad14f2f9e122da872
at org.openqa.selenium.remote.ErrorCodec.decode(ErrorCodec.java:167)
at org.openqa.selenium.remote.codec.w3c.W3CHttpResponseCodec.decode(W3CHttpResponseCodec.java:138)
at org.openqa.selenium.remote.codec.w3c.W3CHttpResponseCodec.decode(W3CHttpResponseCodec.java:50)
at org.openqa.selenium.remote.HttpCommandExecutor.execute(HttpCommandExecutor.java:215)
at org.openqa.selenium.remote.service.DriverCommandExecutor.invokeExecute(DriverCommandExecutor.java:216)
at org.openqa.selenium.remote.service.DriverCommandExecutor.execute(DriverCommandExecutor.java:174)
at org.openqa.selenium.remote.RemoteWebDriver.execute(RemoteWebDriver.java:545)
at org.openqa.selenium.remote.RemoteWebElement.execute(RemoteWebElement.java:223)
at org.openqa.selenium.remote.RemoteWebElement.click(RemoteWebElement.java:76)
at org.openqa.selenium.support.pagefactory.internal.LocatingElementHandler.invoke(LocatingElementHandler.java:51)
at jdk.proxy2/jdk.proxy2.$Proxy13.click(Unknown Source)
at product_test.Testcase_12.AddProductsinCart(Testcase_12.java:33)
at java.base/java.util.ArrayList.forEach(ArrayList.java:1511)
... Removed 36 stack frames]]>
    </failure>
  </testcase> <!-- AddProductsinCart -->
  <testcase classname="product_test.Testcase_13" name="VerifyProductquantityinCart" time="1.168">
    <failure type="org.openqa.selenium.ElementClickInterceptedException" message="element click intercepted: Element &amp;lt;a href=&amp;quot;/product_details/1&amp;quot; style=&amp;quot;color: brown;&amp;quot;&amp;gt;...&amp;lt;/a&amp;gt; is not clickable at point (626, 659). Other element would receive the click: &amp;lt;iframe id=&amp;quot;aswift_3&amp;quot; name=&amp;quot;aswift_3&amp;quot; browsingtopics=&amp;quot;true&amp;quot; style=&amp;quot;width: 728px !important; height: 90px !important; display: block; margin: 0px auto;&amp;quot; sandbox=&amp;quot;allow-forms allow-popups allow-popups-to-escape-sandbox allow-same-origin allow-scripts allow-top-navigation-by-user-activation&amp;quot; width=&amp;quot;728&amp;quot; height=&amp;quot;90&amp;quot; frameborder=&amp;quot;0&amp;quot; marginwidth=&amp;quot;0&amp;quot; marginheight=&amp;quot;0&amp;quot; vspace=&amp;quot;0&amp;quot; hspace=&amp;quot;0&amp;quot; allowtransparency=&amp;quot;true&amp;quot; scrolling=&amp;quot;no&amp;quot; allow=&amp;quot;attribution-reporting; run-ad-auction&amp;quot; src=&amp;quot;https://googleads.g.doubleclick.net/pagead/html/r20250507/r20190131/zrt_lookup_fy2021.html#RS-0-&amp;amp;amp;adk=1812271801&amp;amp;amp;client=ca-pub-1677597403311019&amp;amp;amp;fa=1&amp;amp;amp;ifi=4&amp;amp;amp;uci=a!4&amp;amp;amp;btvi=2&amp;quot; data-google-container-id=&amp;quot;a!4&amp;quot; tabindex=&amp;quot;0&amp;quot; title=&amp;quot;Advertisement&amp;quot; aria-label=&amp;quot;Advertisement&amp;quot; data-google-query-id=&amp;quot;CMfymt2RnY0DFXqdbAkd3YsHsw&amp;quot; data-load-complete=&amp;quot;true&amp;quot;&amp;gt;&amp;lt;/iframe&amp;gt;
  (Session info: chrome=136.0.7103.93)
Build info: version: &amp;apos;4.31.0&amp;apos;, revision: &amp;apos;1ef9f18787*&amp;apos;
System info: os.name: &amp;apos;Windows 11&amp;apos;, os.arch: &amp;apos;amd64&amp;apos;, os.version: &amp;apos;10.0&amp;apos;, java.version: &amp;apos;17.0.6&amp;apos;
Driver info: org.openqa.selenium.chrome.ChromeDriver
Command: [d943749083b81ef52fb5a456d46090f6, clickElement {id=f.27A169EDA7F9CE5EB56B05F63E65DFD4.d.F395F17488BA57BF8D05CC801094782F.e.27}]
Capabilities {acceptInsecureCerts: false, browserName: chrome, browserVersion: 136.0.7103.93, chrome: {chromedriverVersion: 136.0.7103.92 (cb81a4cc5087..., userDataDir: C:\Users\krant\AppData\Loca...}, fedcm:accounts: true, goog:chromeOptions: {debuggerAddress: localhost:50982}, networkConnectionEnabled: false, pageLoadStrategy: normal, platformName: windows, proxy: Proxy(), se:cdp: ws://localhost:50982/devtoo..., se:cdpVersion: 136.0.7103.93, setWindowRect: true, strictFileInteractability: false, timeouts: {implicit: 0, pageLoad: 300000, script: 30000}, unhandledPromptBehavior: dismiss and notify, webauthn:extension:credBlob: true, webauthn:extension:largeBlob: true, webauthn:extension:minPinLength: true, webauthn:extension:prf: true, webauthn:virtualAuthenticators: true}
Element: [[ChromeDriver: chrome on windows (d943749083b81ef52fb5a456d46090f6)] -&amp;gt; xpath: //a[@href=&amp;apos;/product_details/1&amp;apos;]]
Session ID: d943749083b81ef52fb5a456d46090f6">
      <![CDATA[org.openqa.selenium.ElementClickInterceptedException: element click intercepted: Element <a href="/product_details/1" style="color: brown;">...</a> is not clickable at point (626, 659). Other element would receive the click: <iframe id="aswift_3" name="aswift_3" browsingtopics="true" style="width: 728px !important; height: 90px !important; display: block; margin: 0px auto;" sandbox="allow-forms allow-popups allow-popups-to-escape-sandbox allow-same-origin allow-scripts allow-top-navigation-by-user-activation" width="728" height="90" frameborder="0" marginwidth="0" marginheight="0" vspace="0" hspace="0" allowtransparency="true" scrolling="no" allow="attribution-reporting; run-ad-auction" src="https://googleads.g.doubleclick.net/pagead/html/r20250507/r20190131/zrt_lookup_fy2021.html#RS-0-&amp;adk=1812271801&amp;client=ca-pub-1677597403311019&amp;fa=1&amp;ifi=4&amp;uci=a!4&amp;btvi=2" data-google-container-id="a!4" tabindex="0" title="Advertisement" aria-label="Advertisement" data-google-query-id="CMfymt2RnY0DFXqdbAkd3YsHsw" data-load-complete="true"></iframe>
  (Session info: chrome=136.0.7103.93)
Build info: version: '4.31.0', revision: '1ef9f18787*'
System info: os.name: 'Windows 11', os.arch: 'amd64', os.version: '10.0', java.version: '17.0.6'
Driver info: org.openqa.selenium.chrome.ChromeDriver
Command: [d943749083b81ef52fb5a456d46090f6, clickElement {id=f.27A169EDA7F9CE5EB56B05F63E65DFD4.d.F395F17488BA57BF8D05CC801094782F.e.27}]
Capabilities {acceptInsecureCerts: false, browserName: chrome, browserVersion: 136.0.7103.93, chrome: {chromedriverVersion: 136.0.7103.92 (cb81a4cc5087..., userDataDir: C:\Users\krant\AppData\Loca...}, fedcm:accounts: true, goog:chromeOptions: {debuggerAddress: localhost:50982}, networkConnectionEnabled: false, pageLoadStrategy: normal, platformName: windows, proxy: Proxy(), se:cdp: ws://localhost:50982/devtoo..., se:cdpVersion: 136.0.7103.93, setWindowRect: true, strictFileInteractability: false, timeouts: {implicit: 0, pageLoad: 300000, script: 30000}, unhandledPromptBehavior: dismiss and notify, webauthn:extension:credBlob: true, webauthn:extension:largeBlob: true, webauthn:extension:minPinLength: true, webauthn:extension:prf: true, webauthn:virtualAuthenticators: true}
Element: [[ChromeDriver: chrome on windows (d943749083b81ef52fb5a456d46090f6)] -> xpath: //a[@href='/product_details/1']]
Session ID: d943749083b81ef52fb5a456d46090f6
at org.openqa.selenium.remote.ErrorCodec.decode(ErrorCodec.java:167)
at org.openqa.selenium.remote.codec.w3c.W3CHttpResponseCodec.decode(W3CHttpResponseCodec.java:138)
at org.openqa.selenium.remote.codec.w3c.W3CHttpResponseCodec.decode(W3CHttpResponseCodec.java:50)
at org.openqa.selenium.remote.HttpCommandExecutor.execute(HttpCommandExecutor.java:215)
at org.openqa.selenium.remote.service.DriverCommandExecutor.invokeExecute(DriverCommandExecutor.java:216)
at org.openqa.selenium.remote.service.DriverCommandExecutor.execute(DriverCommandExecutor.java:174)
at org.openqa.selenium.remote.RemoteWebDriver.execute(RemoteWebDriver.java:545)
at org.openqa.selenium.remote.RemoteWebElement.execute(RemoteWebElement.java:223)
at org.openqa.selenium.remote.RemoteWebElement.click(RemoteWebElement.java:76)
at org.openqa.selenium.support.pagefactory.internal.LocatingElementHandler.invoke(LocatingElementHandler.java:51)
at jdk.proxy2/jdk.proxy2.$Proxy13.click(Unknown Source)
at product_test.Testcase_13.VerifyProductquantityinCart(Testcase_13.java:33)
at java.base/java.util.ArrayList.forEach(ArrayList.java:1511)
... Removed 36 stack frames]]>
    </failure>
  </testcase> <!-- VerifyProductquantityinCart -->
  <testcase classname="product_test.Testcase_14" name="VerifyProductquantityinCart" time="6.198">
    <failure type="org.openqa.selenium.ElementClickInterceptedException" message="element click intercepted: Element &amp;lt;a data-product-id=&amp;quot;2&amp;quot; class=&amp;quot;btn btn-default add-to-cart&amp;quot;&amp;gt;...&amp;lt;/a&amp;gt; is not clickable at point (914, 661). Other element would receive the click: &amp;lt;iframe id=&amp;quot;aswift_1&amp;quot; name=&amp;quot;aswift_1&amp;quot; browsingtopics=&amp;quot;true&amp;quot; style=&amp;quot;width: 728px !important; height: 90px !important; display: block; margin: 0px auto;&amp;quot; sandbox=&amp;quot;allow-forms allow-popups allow-popups-to-escape-sandbox allow-same-origin allow-scripts allow-top-navigation-by-user-activation&amp;quot; width=&amp;quot;728&amp;quot; height=&amp;quot;90&amp;quot; frameborder=&amp;quot;0&amp;quot; marginwidth=&amp;quot;0&amp;quot; marginheight=&amp;quot;0&amp;quot; vspace=&amp;quot;0&amp;quot; hspace=&amp;quot;0&amp;quot; allowtransparency=&amp;quot;true&amp;quot; scrolling=&amp;quot;no&amp;quot; allow=&amp;quot;attribution-reporting; run-ad-auction&amp;quot; src=&amp;quot;https://googleads.g.doubleclick.net/pagead/html/r20250507/r20190131/zrt_lookup_fy2021.html#RS-0-&amp;amp;amp;adk=1812271801&amp;amp;amp;client=ca-pub-1677597403311019&amp;amp;amp;fa=1&amp;amp;amp;ifi=2&amp;amp;amp;uci=a!2&amp;amp;amp;btvi=1&amp;quot; data-google-container-id=&amp;quot;a!2&amp;quot; tabindex=&amp;quot;0&amp;quot; title=&amp;quot;Advertisement&amp;quot; aria-label=&amp;quot;Advertisement&amp;quot; data-google-query-id=&amp;quot;CKfnluSRnY0DFTaebAkda-0Tew&amp;quot; data-load-complete=&amp;quot;true&amp;quot;&amp;gt;&amp;lt;/iframe&amp;gt;
  (Session info: chrome=136.0.7103.93)
Build info: version: &amp;apos;4.31.0&amp;apos;, revision: &amp;apos;1ef9f18787*&amp;apos;
System info: os.name: &amp;apos;Windows 11&amp;apos;, os.arch: &amp;apos;amd64&amp;apos;, os.version: &amp;apos;10.0&amp;apos;, java.version: &amp;apos;17.0.6&amp;apos;
Driver info: org.openqa.selenium.chrome.ChromeDriver
Command: [9e218841ae59fd96628bf2269bf9efaf, clickElement {id=f.B6837A7006060FD8D965D0CAC5D95C1D.d.BF2808B26B8F27FC74C93053398ACAEF.e.44}]
Capabilities {acceptInsecureCerts: false, browserName: chrome, browserVersion: 136.0.7103.93, chrome: {chromedriverVersion: 136.0.7103.92 (cb81a4cc5087..., userDataDir: C:\Users\krant\AppData\Loca...}, fedcm:accounts: true, goog:chromeOptions: {debuggerAddress: localhost:51129}, networkConnectionEnabled: false, pageLoadStrategy: normal, platformName: windows, proxy: Proxy(), se:cdp: ws://localhost:51129/devtoo..., se:cdpVersion: 136.0.7103.93, setWindowRect: true, strictFileInteractability: false, timeouts: {implicit: 0, pageLoad: 300000, script: 30000}, unhandledPromptBehavior: dismiss and notify, webauthn:extension:credBlob: true, webauthn:extension:largeBlob: true, webauthn:extension:minPinLength: true, webauthn:extension:prf: true, webauthn:virtualAuthenticators: true}
Element: [[ChromeDriver: chrome on windows (9e218841ae59fd96628bf2269bf9efaf)] -&amp;gt; xpath: //a[@data-product-id=&amp;apos;2&amp;apos;]]
Session ID: 9e218841ae59fd96628bf2269bf9efaf">
      <![CDATA[org.openqa.selenium.ElementClickInterceptedException: element click intercepted: Element <a data-product-id="2" class="btn btn-default add-to-cart">...</a> is not clickable at point (914, 661). Other element would receive the click: <iframe id="aswift_1" name="aswift_1" browsingtopics="true" style="width: 728px !important; height: 90px !important; display: block; margin: 0px auto;" sandbox="allow-forms allow-popups allow-popups-to-escape-sandbox allow-same-origin allow-scripts allow-top-navigation-by-user-activation" width="728" height="90" frameborder="0" marginwidth="0" marginheight="0" vspace="0" hspace="0" allowtransparency="true" scrolling="no" allow="attribution-reporting; run-ad-auction" src="https://googleads.g.doubleclick.net/pagead/html/r20250507/r20190131/zrt_lookup_fy2021.html#RS-0-&amp;adk=1812271801&amp;client=ca-pub-1677597403311019&amp;fa=1&amp;ifi=2&amp;uci=a!2&amp;btvi=1" data-google-container-id="a!2" tabindex="0" title="Advertisement" aria-label="Advertisement" data-google-query-id="CKfnluSRnY0DFTaebAkda-0Tew" data-load-complete="true"></iframe>
  (Session info: chrome=136.0.7103.93)
Build info: version: '4.31.0', revision: '1ef9f18787*'
System info: os.name: 'Windows 11', os.arch: 'amd64', os.version: '10.0', java.version: '17.0.6'
Driver info: org.openqa.selenium.chrome.ChromeDriver
Command: [9e218841ae59fd96628bf2269bf9efaf, clickElement {id=f.B6837A7006060FD8D965D0CAC5D95C1D.d.BF2808B26B8F27FC74C93053398ACAEF.e.44}]
Capabilities {acceptInsecureCerts: false, browserName: chrome, browserVersion: 136.0.7103.93, chrome: {chromedriverVersion: 136.0.7103.92 (cb81a4cc5087..., userDataDir: C:\Users\krant\AppData\Loca...}, fedcm:accounts: true, goog:chromeOptions: {debuggerAddress: localhost:51129}, networkConnectionEnabled: false, pageLoadStrategy: normal, platformName: windows, proxy: Proxy(), se:cdp: ws://localhost:51129/devtoo..., se:cdpVersion: 136.0.7103.93, setWindowRect: true, strictFileInteractability: false, timeouts: {implicit: 0, pageLoad: 300000, script: 30000}, unhandledPromptBehavior: dismiss and notify, webauthn:extension:credBlob: true, webauthn:extension:largeBlob: true, webauthn:extension:minPinLength: true, webauthn:extension:prf: true, webauthn:virtualAuthenticators: true}
Element: [[ChromeDriver: chrome on windows (9e218841ae59fd96628bf2269bf9efaf)] -> xpath: //a[@data-product-id='2']]
Session ID: 9e218841ae59fd96628bf2269bf9efaf
at org.openqa.selenium.remote.ErrorCodec.decode(ErrorCodec.java:167)
at org.openqa.selenium.remote.codec.w3c.W3CHttpResponseCodec.decode(W3CHttpResponseCodec.java:138)
at org.openqa.selenium.remote.codec.w3c.W3CHttpResponseCodec.decode(W3CHttpResponseCodec.java:50)
at org.openqa.selenium.remote.HttpCommandExecutor.execute(HttpCommandExecutor.java:215)
at org.openqa.selenium.remote.service.DriverCommandExecutor.invokeExecute(DriverCommandExecutor.java:216)
at org.openqa.selenium.remote.service.DriverCommandExecutor.execute(DriverCommandExecutor.java:174)
at org.openqa.selenium.remote.RemoteWebDriver.execute(RemoteWebDriver.java:545)
at org.openqa.selenium.remote.RemoteWebElement.execute(RemoteWebElement.java:223)
at org.openqa.selenium.remote.RemoteWebElement.click(RemoteWebElement.java:76)
at org.openqa.selenium.support.pagefactory.internal.LocatingElementHandler.invoke(LocatingElementHandler.java:51)
at jdk.proxy2/jdk.proxy2.$Proxy13.click(Unknown Source)
at product_test.Testcase_14.VerifyProductquantityinCart(Testcase_14.java:61)
at java.base/java.util.ArrayList.forEach(ArrayList.java:1511)
... Removed 36 stack frames]]>
    </failure>
  </testcase> <!-- VerifyProductquantityinCart -->
  <testcase classname="product_test.Testcase_15" name="VerifyProductquantityinCart" time="6.628">
    <failure type="org.openqa.selenium.ElementClickInterceptedException" message="element click intercepted: Element &amp;lt;input type=&amp;quot;checkbox&amp;quot; name=&amp;quot;newsletter&amp;quot; id=&amp;quot;newsletter&amp;quot; value=&amp;quot;1&amp;quot;&amp;gt; is not clickable at point (295, 675). Other element would receive the click: &amp;lt;div id=&amp;quot;aswift_1_host&amp;quot; style=&amp;quot;border: none !important; height: 90px !important; width: 100% !important; margin: 0px !important; padding: 0px !important; position: relative !important; visibility: visible !important; background-color: transparent !important; display: inline-block !important; inset: auto !important; clear: none !important; float: none !important; max-height: none !important; max-width: none !important; opacity: 1 !important; overflow: visible !important; vertical-align: baseline !important; z-index: auto !important;&amp;quot;&amp;gt;...&amp;lt;/div&amp;gt;
  (Session info: chrome=136.0.7103.93)
Build info: version: &amp;apos;4.31.0&amp;apos;, revision: &amp;apos;1ef9f18787*&amp;apos;
System info: os.name: &amp;apos;Windows 11&amp;apos;, os.arch: &amp;apos;amd64&amp;apos;, os.version: &amp;apos;10.0&amp;apos;, java.version: &amp;apos;17.0.6&amp;apos;
Driver info: org.openqa.selenium.chrome.ChromeDriver
Command: [b03d620522f49a26eda2cb17105b7a95, clickElement {id=f.3F902F777149E216CD4E6D244FA6064D.d.F33454BA63388E9EA5B26EAD96801C47.e.56}]
Capabilities {acceptInsecureCerts: false, browserName: chrome, browserVersion: 136.0.7103.93, chrome: {chromedriverVersion: 136.0.7103.92 (cb81a4cc5087..., userDataDir: C:\Users\krant\AppData\Loca...}, fedcm:accounts: true, goog:chromeOptions: {debuggerAddress: localhost:51222}, networkConnectionEnabled: false, pageLoadStrategy: normal, platformName: windows, proxy: Proxy(), se:cdp: ws://localhost:51222/devtoo..., se:cdpVersion: 136.0.7103.93, setWindowRect: true, strictFileInteractability: false, timeouts: {implicit: 0, pageLoad: 300000, script: 30000}, unhandledPromptBehavior: dismiss and notify, webauthn:extension:credBlob: true, webauthn:extension:largeBlob: true, webauthn:extension:minPinLength: true, webauthn:extension:prf: true, webauthn:virtualAuthenticators: true}
Element: [[ChromeDriver: chrome on windows (b03d620522f49a26eda2cb17105b7a95)] -&amp;gt; xpath: //input[@id=&amp;apos;newsletter&amp;apos;]]
Session ID: b03d620522f49a26eda2cb17105b7a95">
      <![CDATA[org.openqa.selenium.ElementClickInterceptedException: element click intercepted: Element <input type="checkbox" name="newsletter" id="newsletter" value="1"> is not clickable at point (295, 675). Other element would receive the click: <div id="aswift_1_host" style="border: none !important; height: 90px !important; width: 100% !important; margin: 0px !important; padding: 0px !important; position: relative !important; visibility: visible !important; background-color: transparent !important; display: inline-block !important; inset: auto !important; clear: none !important; float: none !important; max-height: none !important; max-width: none !important; opacity: 1 !important; overflow: visible !important; vertical-align: baseline !important; z-index: auto !important;">...</div>
  (Session info: chrome=136.0.7103.93)
Build info: version: '4.31.0', revision: '1ef9f18787*'
System info: os.name: 'Windows 11', os.arch: 'amd64', os.version: '10.0', java.version: '17.0.6'
Driver info: org.openqa.selenium.chrome.ChromeDriver
Command: [b03d620522f49a26eda2cb17105b7a95, clickElement {id=f.3F902F777149E216CD4E6D244FA6064D.d.F33454BA63388E9EA5B26EAD96801C47.e.56}]
Capabilities {acceptInsecureCerts: false, browserName: chrome, browserVersion: 136.0.7103.93, chrome: {chromedriverVersion: 136.0.7103.92 (cb81a4cc5087..., userDataDir: C:\Users\krant\AppData\Loca...}, fedcm:accounts: true, goog:chromeOptions: {debuggerAddress: localhost:51222}, networkConnectionEnabled: false, pageLoadStrategy: normal, platformName: windows, proxy: Proxy(), se:cdp: ws://localhost:51222/devtoo..., se:cdpVersion: 136.0.7103.93, setWindowRect: true, strictFileInteractability: false, timeouts: {implicit: 0, pageLoad: 300000, script: 30000}, unhandledPromptBehavior: dismiss and notify, webauthn:extension:credBlob: true, webauthn:extension:largeBlob: true, webauthn:extension:minPinLength: true, webauthn:extension:prf: true, webauthn:virtualAuthenticators: true}
Element: [[ChromeDriver: chrome on windows (b03d620522f49a26eda2cb17105b7a95)] -> xpath: //input[@id='newsletter']]
Session ID: b03d620522f49a26eda2cb17105b7a95
at org.openqa.selenium.remote.ErrorCodec.decode(ErrorCodec.java:167)
at org.openqa.selenium.remote.codec.w3c.W3CHttpResponseCodec.decode(W3CHttpResponseCodec.java:138)
at org.openqa.selenium.remote.codec.w3c.W3CHttpResponseCodec.decode(W3CHttpResponseCodec.java:50)
at org.openqa.selenium.remote.HttpCommandExecutor.execute(HttpCommandExecutor.java:215)
at org.openqa.selenium.remote.service.DriverCommandExecutor.invokeExecute(DriverCommandExecutor.java:216)
at org.openqa.selenium.remote.service.DriverCommandExecutor.execute(DriverCommandExecutor.java:174)
at org.openqa.selenium.remote.RemoteWebDriver.execute(RemoteWebDriver.java:545)
at org.openqa.selenium.remote.RemoteWebElement.execute(RemoteWebElement.java:223)
at org.openqa.selenium.remote.RemoteWebElement.click(RemoteWebElement.java:76)
at org.openqa.selenium.support.pagefactory.internal.LocatingElementHandler.invoke(LocatingElementHandler.java:51)
at jdk.proxy2/jdk.proxy2.$Proxy13.click(Unknown Source)
at product_test.Testcase_15.VerifyProductquantityinCart(Testcase_15.java:63)
at java.base/java.util.ArrayList.forEach(ArrayList.java:1511)
... Removed 36 stack frames]]>
    </failure>
  </testcase> <!-- VerifyProductquantityinCart -->
  <testcase classname="product_test.Testcase_16" name="Login_Before_Checkout" time="33.014">
    <failure type="org.openqa.selenium.NoSuchElementException" message="no such element: Unable to locate element: {&amp;quot;method&amp;quot;:&amp;quot;xpath&amp;quot;,&amp;quot;selector&amp;quot;:&amp;quot;//a[text()=&amp;apos; Logged in as &amp;apos;]&amp;quot;}
  (Session info: chrome=136.0.7103.93)
For documentation on this error, please visit: https://www.selenium.dev/documentation/webdriver/troubleshooting/errors#no-such-element-exception
Build info: version: &amp;apos;4.31.0&amp;apos;, revision: &amp;apos;1ef9f18787*&amp;apos;
System info: os.name: &amp;apos;Windows 11&amp;apos;, os.arch: &amp;apos;amd64&amp;apos;, os.version: &amp;apos;10.0&amp;apos;, java.version: &amp;apos;17.0.6&amp;apos;
Driver info: org.openqa.selenium.chrome.ChromeDriver
Command: [940bfab6a8d02262e55fb01094a96e31, findElement {value=//a[text()=&amp;apos; Logged in as &amp;apos;], using=xpath}]
Capabilities {acceptInsecureCerts: false, browserName: chrome, browserVersion: 136.0.7103.93, chrome: {chromedriverVersion: 136.0.7103.92 (cb81a4cc5087..., userDataDir: C:\Users\krant\AppData\Loca...}, fedcm:accounts: true, goog:chromeOptions: {debuggerAddress: localhost:51377}, networkConnectionEnabled: false, pageLoadStrategy: normal, platformName: windows, proxy: Proxy(), se:cdp: ws://localhost:51377/devtoo..., se:cdpVersion: 136.0.7103.93, setWindowRect: true, strictFileInteractability: false, timeouts: {implicit: 0, pageLoad: 300000, script: 30000}, unhandledPromptBehavior: dismiss and notify, webauthn:extension:credBlob: true, webauthn:extension:largeBlob: true, webauthn:extension:minPinLength: true, webauthn:extension:prf: true, webauthn:virtualAuthenticators: true}
Session ID: 940bfab6a8d02262e55fb01094a96e31">
      <![CDATA[org.openqa.selenium.NoSuchElementException: no such element: Unable to locate element: {"method":"xpath","selector":"//a[text()=' Logged in as ']"}
  (Session info: chrome=136.0.7103.93)
For documentation on this error, please visit: https://www.selenium.dev/documentation/webdriver/troubleshooting/errors#no-such-element-exception
Build info: version: '4.31.0', revision: '1ef9f18787*'
System info: os.name: 'Windows 11', os.arch: 'amd64', os.version: '10.0', java.version: '17.0.6'
Driver info: org.openqa.selenium.chrome.ChromeDriver
Command: [940bfab6a8d02262e55fb01094a96e31, findElement {value=//a[text()=' Logged in as '], using=xpath}]
Capabilities {acceptInsecureCerts: false, browserName: chrome, browserVersion: 136.0.7103.93, chrome: {chromedriverVersion: 136.0.7103.92 (cb81a4cc5087..., userDataDir: C:\Users\krant\AppData\Loca...}, fedcm:accounts: true, goog:chromeOptions: {debuggerAddress: localhost:51377}, networkConnectionEnabled: false, pageLoadStrategy: normal, platformName: windows, proxy: Proxy(), se:cdp: ws://localhost:51377/devtoo..., se:cdpVersion: 136.0.7103.93, setWindowRect: true, strictFileInteractability: false, timeouts: {implicit: 0, pageLoad: 300000, script: 30000}, unhandledPromptBehavior: dismiss and notify, webauthn:extension:credBlob: true, webauthn:extension:largeBlob: true, webauthn:extension:minPinLength: true, webauthn:extension:prf: true, webauthn:virtualAuthenticators: true}
Session ID: 940bfab6a8d02262e55fb01094a96e31
at org.openqa.selenium.remote.ErrorCodec.decode(ErrorCodec.java:167)
at org.openqa.selenium.remote.codec.w3c.W3CHttpResponseCodec.decode(W3CHttpResponseCodec.java:138)
at org.openqa.selenium.remote.codec.w3c.W3CHttpResponseCodec.decode(W3CHttpResponseCodec.java:50)
at org.openqa.selenium.remote.HttpCommandExecutor.execute(HttpCommandExecutor.java:215)
at org.openqa.selenium.remote.service.DriverCommandExecutor.invokeExecute(DriverCommandExecutor.java:216)
at org.openqa.selenium.remote.service.DriverCommandExecutor.execute(DriverCommandExecutor.java:174)
at org.openqa.selenium.remote.RemoteWebDriver.execute(RemoteWebDriver.java:545)
at org.openqa.selenium.remote.ElementLocation$ElementFinder$2.findElement(ElementLocation.java:165)
at org.openqa.selenium.remote.ElementLocation.findElement(ElementLocation.java:59)
at org.openqa.selenium.remote.RemoteWebDriver.findElement(RemoteWebDriver.java:368)
at org.openqa.selenium.remote.RemoteWebDriver.findElement(RemoteWebDriver.java:362)
at org.openqa.selenium.support.pagefactory.DefaultElementLocator.findElement(DefaultElementLocator.java:68)
at org.openqa.selenium.support.pagefactory.internal.LocatingElementHandler.invoke(LocatingElementHandler.java:38)
at jdk.proxy2/jdk.proxy2.$Proxy13.isDisplayed(Unknown Source)
at product_test.Testcase_16.Login_Before_Checkout(Testcase_16.java:50)
at java.base/java.util.ArrayList.forEach(ArrayList.java:1511)
... Removed 32 stack frames]]>
    </failure>
  </testcase> <!-- Login_Before_Checkout -->
  <testcase classname="product_test.Testcase_17" name="Remove_Products_From_Cart" time="7.489"/>
  <testcase classname="product_test.Testcase_18" name="View_Category_Products" time="2.459">
    <failure type="java.lang.StackOverflowError">
      <![CDATA[java.lang.StackOverflowError
at PageRepository.HomePage.getcategory(HomePage.java:91)
at PageRepository.HomePage.getcategory(HomePage.java:91)
at PageRepository.HomePage.getcategory(HomePage.java:91)
at PageRepository.HomePage.getcategory(HomePage.java:91)
at PageRepository.HomePage.getcategory(HomePage.java:91)
at PageRepository.HomePage.getcategory(HomePage.java:91)
at PageRepository.HomePage.getcategory(HomePage.java:91)
at PageRepository.HomePage.getcategory(HomePage.java:91)
at PageRepository.HomePage.getcategory(HomePage.java:91)
at PageRepository.HomePage.getcategory(HomePage.java:91)
at PageRepository.HomePage.getcategory(HomePage.java:91)
at PageRepository.HomePage.getcategory(HomePage.java:91)
at PageRepository.HomePage.getcategory(HomePage.java:91)
at PageRepository.HomePage.getcategory(HomePage.java:91)
at PageRepository.HomePage.getcategory(HomePage.java:91)
at PageRepository.HomePage.getcategory(HomePage.java:91)
at PageRepository.HomePage.getcategory(HomePage.java:91)
at PageRepository.HomePage.getcategory(HomePage.java:91)
at PageRepository.HomePage.getcategory(HomePage.java:91)
at PageRepository.HomePage.getcategory(HomePage.java:91)
at PageRepository.HomePage.getcategory(HomePage.java:91)
at PageRepository.HomePage.getcategory(HomePage.java:91)
at PageRepository.HomePage.getcategory(HomePage.java:91)
at PageRepository.HomePage.getcategory(HomePage.java:91)
at PageRepository.HomePage.getcategory(HomePage.java:91)
at PageRepository.HomePage.getcategory(HomePage.java:91)
at PageRepository.HomePage.getcategory(HomePage.java:91)
at PageRepository.HomePage.getcategory(HomePage.java:91)
at PageRepository.HomePage.getcategory(HomePage.java:91)
at PageRepository.HomePage.getcategory(HomePage.java:91)
at PageRepository.HomePage.getcategory(HomePage.java:91)
at PageRepository.HomePage.getcategory(HomePage.java:91)
at PageRepository.HomePage.getcategory(HomePage.java:91)
at PageRepository.HomePage.getcategory(HomePage.java:91)
at PageRepository.HomePage.getcategory(HomePage.java:91)
at PageRepository.HomePage.getcategory(HomePage.java:91)
at PageRepository.HomePage.getcategory(HomePage.java:91)
at PageRepository.HomePage.getcategory(HomePage.java:91)
at PageRepository.HomePage.getcategory(HomePage.java:91)
at PageRepository.HomePage.getcategory(HomePage.java:91)
at PageRepository.HomePage.getcategory(HomePage.java:91)
at PageRepository.HomePage.getcategory(HomePage.java:91)
at PageRepository.HomePage.getcategory(HomePage.java:91)
at PageRepository.HomePage.getcategory(HomePage.java:91)
at PageRepository.HomePage.getcategory(HomePage.java:91)
at PageRepository.HomePage.getcategory(HomePage.java:91)
at PageRepository.HomePage.getcategory(HomePage.java:91)
at PageRepository.HomePage.getcategory(HomePage.java:91)
at PageRepository.HomePage.getcategory(HomePage.java:91)
at PageRepository.HomePage.getcategory(HomePage.java:91)
at PageRepository.HomePage.getcategory(HomePage.java:91)
at PageRepository.HomePage.getcategory(HomePage.java:91)
at PageRepository.HomePage.getcategory(HomePage.java:91)
at PageRepository.HomePage.getcategory(HomePage.java:91)
at PageRepository.HomePage.getcategory(HomePage.java:91)
at PageRepository.HomePage.getcategory(HomePage.java:91)
at PageRepository.HomePage.getcategory(HomePage.java:91)
at PageRepository.HomePage.getcategory(HomePage.java:91)
at PageRepository.HomePage.getcategory(HomePage.java:91)
at PageRepository.HomePage.getcategory(HomePage.java:91)
at PageRepository.HomePage.getcategory(HomePage.java:91)
at PageRepository.HomePage.getcategory(HomePage.java:91)
at PageRepository.HomePage.getcategory(HomePage.java:91)
at PageRepository.HomePage.getcategory(HomePage.java:91)
at PageRepository.HomePage.getcategory(HomePage.java:91)
at PageRepository.HomePage.getcategory(HomePage.java:91)
at PageRepository.HomePage.getcategory(HomePage.java:91)
at PageRepository.HomePage.getcategory(HomePage.java:91)
at PageRepository.HomePage.getcategory(HomePage.java:91)
at PageRepository.HomePage.getcategory(HomePage.java:91)
at PageRepository.HomePage.getcategory(HomePage.java:91)
at PageRepository.HomePage.getcategory(HomePage.java:91)
at PageRepository.HomePage.getcategory(HomePage.java:91)
at PageRepository.HomePage.getcategory(HomePage.java:91)
at PageRepository.HomePage.getcategory(HomePage.java:91)
at PageRepository.HomePage.getcategory(HomePage.java:91)
at PageRepository.HomePage.getcategory(HomePage.java:91)
at PageRepository.HomePage.getcategory(HomePage.java:91)
at PageRepository.HomePage.getcategory(HomePage.java:91)
at PageRepository.HomePage.getcategory(HomePage.java:91)
at PageRepository.HomePage.getcategory(HomePage.java:91)
at PageRepository.HomePage.getcategory(HomePage.java:91)
at PageRepository.HomePage.getcategory(HomePage.java:91)
at PageRepository.HomePage.getcategory(HomePage.java:91)
at PageRepository.HomePage.getcategory(HomePage.java:91)
at PageRepository.HomePage.getcategory(HomePage.java:91)
at PageRepository.HomePage.getcategory(HomePage.java:91)
at PageRepository.HomePage.getcategory(HomePage.java:91)
at PageRepository.HomePage.getcategory(HomePage.java:91)
at PageRepository.HomePage.getcategory(HomePage.java:91)
at PageRepository.HomePage.getcategory(HomePage.java:91)
at PageRepository.HomePage.getcategory(HomePage.java:91)
at PageRepository.HomePage.getcategory(HomePage.java:91)
at PageRepository.HomePage.getcategory(HomePage.java:91)
at PageRepository.HomePage.getcategory(HomePage.java:91)
at PageRepository.HomePage.getcategory(HomePage.java:91)
at PageRepository.HomePage.getcategory(HomePage.java:91)
at PageRepository.HomePage.getcategory(HomePage.java:91)
at PageRepository.HomePage.getcategory(HomePage.java:91)
at PageRepository.HomePage.getcategory(HomePage.java:91)
at PageRepository.HomePage.getcategory(HomePage.java:91)
at PageRepository.HomePage.getcategory(HomePage.java:91)
at PageRepository.HomePage.getcategory(HomePage.java:91)
at PageRepository.HomePage.getcategory(HomePage.java:91)
at PageRepository.HomePage.getcategory(HomePage.java:91)
at PageRepository.HomePage.getcategory(HomePage.java:91)
at PageRepository.HomePage.getcategory(HomePage.java:91)
at PageRepository.HomePage.getcategory(HomePage.java:91)
at PageRepository.HomePage.getcategory(HomePage.java:91)
at PageRepository.HomePage.getcategory(HomePage.java:91)
at PageRepository.HomePage.getcategory(HomePage.java:91)
at PageRepository.HomePage.getcategory(HomePage.java:91)
at PageRepository.HomePage.getcategory(HomePage.java:91)
at PageRepository.HomePage.getcategory(HomePage.java:91)
at PageRepository.HomePage.getcategory(HomePage.java:91)
at PageRepository.HomePage.getcategory(HomePage.java:91)
at PageRepository.HomePage.getcategory(HomePage.java:91)
at PageRepository.HomePage.getcategory(HomePage.java:91)
at PageRepository.HomePage.getcategory(HomePage.java:91)
at PageRepository.HomePage.getcategory(HomePage.java:91)
at PageRepository.HomePage.getcategory(HomePage.java:91)
at PageRepository.HomePage.getcategory(HomePage.java:91)
at PageRepository.HomePage.getcategory(HomePage.java:91)
at PageRepository.HomePage.getcategory(HomePage.java:91)
at PageRepository.HomePage.getcategory(HomePage.java:91)
at PageRepository.HomePage.getcategory(HomePage.java:91)
at PageRepository.HomePage.getcategory(HomePage.java:91)
at PageRepository.HomePage.getcategory(HomePage.java:91)
at PageRepository.HomePage.getcategory(HomePage.java:91)
at PageRepository.HomePage.getcategory(HomePage.java:91)
at PageRepository.HomePage.getcategory(HomePage.java:91)
at PageRepository.HomePage.getcategory(HomePage.java:91)
at PageRepository.HomePage.getcategory(HomePage.java:91)
at PageRepository.HomePage.getcategory(HomePage.java:91)
at PageRepository.HomePage.getcategory(HomePage.java:91)
at PageRepository.HomePage.getcategory(HomePage.java:91)
at PageRepository.HomePage.getcategory(HomePage.java:91)
at PageRepository.HomePage.getcategory(HomePage.java:91)
at PageRepository.HomePage.getcategory(HomePage.java:91)
at PageRepository.HomePage.getcategory(HomePage.java:91)
at PageRepository.HomePage.getcategory(HomePage.java:91)
at PageRepository.HomePage.getcategory(HomePage.java:91)
at PageRepository.HomePage.getcategory(HomePage.java:91)
at PageRepository.HomePage.getcategory(HomePage.java:91)
at PageRepository.HomePage.getcategory(HomePage.java:91)
at PageRepository.HomePage.getcategory(HomePage.java:91)
at PageRepository.HomePage.getcategory(HomePage.java:91)
at PageRepository.HomePage.getcategory(HomePage.java:91)
at PageRepository.HomePage.getcategory(HomePage.java:91)
at PageRepository.HomePage.getcategory(HomePage.java:91)
at PageRepository.HomePage.getcategory(HomePage.java:91)
at PageRepository.HomePage.getcategory(HomePage.java:91)
at PageRepository.HomePage.getcategory(HomePage.java:91)
at PageRepository.HomePage.getcategory(HomePage.java:91)
at PageRepository.HomePage.getcategory(HomePage.java:91)
at PageRepository.HomePage.getcategory(HomePage.java:91)
at PageRepository.HomePage.getcategory(HomePage.java:91)
at PageRepository.HomePage.getcategory(HomePage.java:91)
at PageRepository.HomePage.getcategory(HomePage.java:91)
at PageRepository.HomePage.getcategory(HomePage.java:91)
at PageRepository.HomePage.getcategory(HomePage.java:91)
at PageRepository.HomePage.getcategory(HomePage.java:91)
at PageRepository.HomePage.getcategory(HomePage.java:91)
at PageRepository.HomePage.getcategory(HomePage.java:91)
at PageRepository.HomePage.getcategory(HomePage.java:91)
at PageRepository.HomePage.getcategory(HomePage.java:91)
at PageRepository.HomePage.getcategory(HomePage.java:91)
at PageRepository.HomePage.getcategory(HomePage.java:91)
at PageRepository.HomePage.getcategory(HomePage.java:91)
at PageRepository.HomePage.getcategory(HomePage.java:91)
at PageRepository.HomePage.getcategory(HomePage.java:91)
at PageRepository.HomePage.getcategory(HomePage.java:91)
at PageRepository.HomePage.getcategory(HomePage.java:91)
at PageRepository.HomePage.getcategory(HomePage.java:91)
at PageRepository.HomePage.getcategory(HomePage.java:91)
at PageRepository.HomePage.getcategory(HomePage.java:91)
at PageRepository.HomePage.getcategory(HomePage.java:91)
at PageRepository.HomePage.getcategory(HomePage.java:91)
at PageRepository.HomePage.getcategory(HomePage.java:91)
at PageRepository.HomePage.getcategory(HomePage.java:91)
at PageRepository.HomePage.getcategory(HomePage.java:91)
at PageRepository.HomePage.getcategory(HomePage.java:91)
at PageRepository.HomePage.getcategory(HomePage.java:91)
at PageRepository.HomePage.getcategory(HomePage.java:91)
at PageRepository.HomePage.getcategory(HomePage.java:91)
at PageRepository.HomePage.getcategory(HomePage.java:91)
at PageRepository.HomePage.getcategory(HomePage.java:91)
at PageRepository.HomePage.getcategory(HomePage.java:91)
at PageRepository.HomePage.getcategory(HomePage.java:91)
at PageRepository.HomePage.getcategory(HomePage.java:91)
at PageRepository.HomePage.getcategory(HomePage.java:91)
at PageRepository.HomePage.getcategory(HomePage.java:91)
at PageRepository.HomePage.getcategory(HomePage.java:91)
at PageRepository.HomePage.getcategory(HomePage.java:91)
at PageRepository.HomePage.getcategory(HomePage.java:91)
at PageRepository.HomePage.getcategory(HomePage.java:91)
at PageRepository.HomePage.getcategory(HomePage.java:91)
at PageRepository.HomePage.getcategory(HomePage.java:91)
at PageRepository.HomePage.getcategory(HomePage.java:91)
at PageRepository.HomePage.getcategory(HomePage.java:91)
at PageRepository.HomePage.getcategory(HomePage.java:91)
at PageRepository.HomePage.getcategory(HomePage.java:91)
at PageRepository.HomePage.getcategory(HomePage.java:91)
at PageRepository.HomePage.getcategory(HomePage.java:91)
at PageRepository.HomePage.getcategory(HomePage.java:91)
at PageRepository.HomePage.getcategory(HomePage.java:91)
at PageRepository.HomePage.getcategory(HomePage.java:91)
at PageRepository.HomePage.getcategory(HomePage.java:91)
at PageRepository.HomePage.getcategory(HomePage.java:91)
at PageRepository.HomePage.getcategory(HomePage.java:91)
at PageRepository.HomePage.getcategory(HomePage.java:91)
at PageRepository.HomePage.getcategory(HomePage.java:91)
at PageRepository.HomePage.getcategory(HomePage.java:91)
at PageRepository.HomePage.getcategory(HomePage.java:91)
at PageRepository.HomePage.getcategory(HomePage.java:91)
at PageRepository.HomePage.getcategory(HomePage.java:91)
at PageRepository.HomePage.getcategory(HomePage.java:91)
at PageRepository.HomePage.getcategory(HomePage.java:91)
at PageRepository.HomePage.getcategory(HomePage.java:91)
at PageRepository.HomePage.getcategory(HomePage.java:91)
at PageRepository.HomePage.getcategory(HomePage.java:91)
at PageRepository.HomePage.getcategory(HomePage.java:91)
at PageRepository.HomePage.getcategory(HomePage.java:91)
at PageRepository.HomePage.getcategory(HomePage.java:91)
at PageRepository.HomePage.getcategory(HomePage.java:91)
at PageRepository.HomePage.getcategory(HomePage.java:91)
at PageRepository.HomePage.getcategory(HomePage.java:91)
at PageRepository.HomePage.getcategory(HomePage.java:91)
at PageRepository.HomePage.getcategory(HomePage.java:91)
at PageRepository.HomePage.getcategory(HomePage.java:91)
at PageRepository.HomePage.getcategory(HomePage.java:91)
at PageRepository.HomePage.getcategory(HomePage.java:91)
at PageRepository.HomePage.getcategory(HomePage.java:91)
at PageRepository.HomePage.getcategory(HomePage.java:91)
at PageRepository.HomePage.getcategory(HomePage.java:91)
at PageRepository.HomePage.getcategory(HomePage.java:91)
at PageRepository.HomePage.getcategory(HomePage.java:91)
at PageRepository.HomePage.getcategory(HomePage.java:91)
at PageRepository.HomePage.getcategory(HomePage.java:91)
at PageRepository.HomePage.getcategory(HomePage.java:91)
at PageRepository.HomePage.getcategory(HomePage.java:91)
at PageRepository.HomePage.getcategory(HomePage.java:91)
at PageRepository.HomePage.getcategory(HomePage.java:91)
at PageRepository.HomePage.getcategory(HomePage.java:91)
at PageRepository.HomePage.getcategory(HomePage.java:91)
at PageRepository.HomePage.getcategory(HomePage.java:91)
at PageRepository.HomePage.getcategory(HomePage.java:91)
at PageRepository.HomePage.getcategory(HomePage.java:91)
at PageRepository.HomePage.getcategory(HomePage.java:91)
at PageRepository.HomePage.getcategory(HomePage.java:91)
at PageRepository.HomePage.getcategory(HomePage.java:91)
at PageRepository.HomePage.getcategory(HomePage.java:91)
at PageRepository.HomePage.getcategory(HomePage.java:91)
at PageRepository.HomePage.getcategory(HomePage.java:91)
at PageRepository.HomePage.getcategory(HomePage.java:91)
at PageRepository.HomePage.getcategory(HomePage.java:91)
at PageRepository.HomePage.getcategory(HomePage.java:91)
at PageRepository.HomePage.getcategory(HomePage.java:91)
at PageRepository.HomePage.getcategory(HomePage.java:91)
at PageRepository.HomePage.getcategory(HomePage.java:91)
at PageRepository.HomePage.getcategory(HomePage.java:91)
at PageRepository.HomePage.getcategory(HomePage.java:91)
at PageRepository.HomePage.getcategory(HomePage.java:91)
at PageRepository.HomePage.getcategory(HomePage.java:91)
at PageRepository.HomePage.getcategory(HomePage.java:91)
at PageRepository.HomePage.getcategory(HomePage.java:91)
at PageRepository.HomePage.getcategory(HomePage.java:91)
at PageRepository.HomePage.getcategory(HomePage.java:91)
at PageRepository.HomePage.getcategory(HomePage.java:91)
at PageRepository.HomePage.getcategory(HomePage.java:91)
at PageRepository.HomePage.getcategory(HomePage.java:91)
at PageRepository.HomePage.getcategory(HomePage.java:91)
at PageRepository.HomePage.getcategory(HomePage.java:91)
at PageRepository.HomePage.getcategory(HomePage.java:91)
at PageRepository.HomePage.getcategory(HomePage.java:91)
at PageRepository.HomePage.getcategory(HomePage.java:91)
at PageRepository.HomePage.getcategory(HomePage.java:91)
at PageRepository.HomePage.getcategory(HomePage.java:91)
at PageRepository.HomePage.getcategory(HomePage.java:91)
at PageRepository.HomePage.getcategory(HomePage.java:91)
at PageRepository.HomePage.getcategory(HomePage.java:91)
at PageRepository.HomePage.getcategory(HomePage.java:91)
at PageRepository.HomePage.getcategory(HomePage.java:91)
at PageRepository.HomePage.getcategory(HomePage.java:91)
at PageRepository.HomePage.getcategory(HomePage.java:91)
at PageRepository.HomePage.getcategory(HomePage.java:91)
at PageRepository.HomePage.getcategory(HomePage.java:91)
at PageRepository.HomePage.getcategory(HomePage.java:91)
at PageRepository.HomePage.getcategory(HomePage.java:91)
at PageRepository.HomePage.getcategory(HomePage.java:91)
at PageRepository.HomePage.getcategory(HomePage.java:91)
at PageRepository.HomePage.getcategory(HomePage.java:91)
at PageRepository.HomePage.getcategory(HomePage.java:91)
at PageRepository.HomePage.getcategory(HomePage.java:91)
at PageRepository.HomePage.getcategory(HomePage.java:91)
at PageRepository.HomePage.getcategory(HomePage.java:91)
at PageRepository.HomePage.getcategory(HomePage.java:91)
at PageRepository.HomePage.getcategory(HomePage.java:91)
at PageRepository.HomePage.getcategory(HomePage.java:91)
at PageRepository.HomePage.getcategory(HomePage.java:91)
at PageRepository.HomePage.getcategory(HomePage.java:91)
at PageRepository.HomePage.getcategory(HomePage.java:91)
at PageRepository.HomePage.getcategory(HomePage.java:91)
at PageRepository.HomePage.getcategory(HomePage.java:91)
at PageRepository.HomePage.getcategory(HomePage.java:91)
at PageRepository.HomePage.getcategory(HomePage.java:91)
at PageRepository.HomePage.getcategory(HomePage.java:91)
at PageRepository.HomePage.getcategory(HomePage.java:91)
at PageRepository.HomePage.getcategory(HomePage.java:91)
at PageRepository.HomePage.getcategory(HomePage.java:91)
at PageRepository.HomePage.getcategory(HomePage.java:91)
at PageRepository.HomePage.getcategory(HomePage.java:91)
at PageRepository.HomePage.getcategory(HomePage.java:91)
at PageRepository.HomePage.getcategory(HomePage.java:91)
at PageRepository.HomePage.getcategory(HomePage.java:91)
at PageRepository.HomePage.getcategory(HomePage.java:91)
at PageRepository.HomePage.getcategory(HomePage.java:91)
at PageRepository.HomePage.getcategory(HomePage.java:91)
at PageRepository.HomePage.getcategory(HomePage.java:91)
at PageRepository.HomePage.getcategory(HomePage.java:91)
at PageRepository.HomePage.getcategory(HomePage.java:91)
at PageRepository.HomePage.getcategory(HomePage.java:91)
at PageRepository.HomePage.getcategory(HomePage.java:91)
at PageRepository.HomePage.getcategory(HomePage.java:91)
at PageRepository.HomePage.getcategory(HomePage.java:91)
at PageRepository.HomePage.getcategory(HomePage.java:91)
at PageRepository.HomePage.getcategory(HomePage.java:91)
at PageRepository.HomePage.getcategory(HomePage.java:91)
at PageRepository.HomePage.getcategory(HomePage.java:91)
at PageRepository.HomePage.getcategory(HomePage.java:91)
at PageRepository.HomePage.getcategory(HomePage.java:91)
at PageRepository.HomePage.getcategory(HomePage.java:91)
at PageRepository.HomePage.getcategory(HomePage.java:91)
at PageRepository.HomePage.getcategory(HomePage.java:91)
at PageRepository.HomePage.getcategory(HomePage.java:91)
at PageRepository.HomePage.getcategory(HomePage.java:91)
at PageRepository.HomePage.getcategory(HomePage.java:91)
at PageRepository.HomePage.getcategory(HomePage.java:91)
at PageRepository.HomePage.getcategory(HomePage.java:91)
at PageRepository.HomePage.getcategory(HomePage.java:91)
at PageRepository.HomePage.getcategory(HomePage.java:91)
at PageRepository.HomePage.getcategory(HomePage.java:91)
at PageRepository.HomePage.getcategory(HomePage.java:91)
at PageRepository.HomePage.getcategory(HomePage.java:91)
at PageRepository.HomePage.getcategory(HomePage.java:91)
at PageRepository.HomePage.getcategory(HomePage.java:91)
at PageRepository.HomePage.getcategory(HomePage.java:91)
at PageRepository.HomePage.getcategory(HomePage.java:91)
at PageRepository.HomePage.getcategory(HomePage.java:91)
at PageRepository.HomePage.getcategory(HomePage.java:91)
at PageRepository.HomePage.getcategory(HomePage.java:91)
at PageRepository.HomePage.getcategory(HomePage.java:91)
at PageRepository.HomePage.getcategory(HomePage.java:91)
at PageRepository.HomePage.getcategory(HomePage.java:91)
at PageRepository.HomePage.getcategory(HomePage.java:91)
at PageRepository.HomePage.getcategory(HomePage.java:91)
at PageRepository.HomePage.getcategory(HomePage.java:91)
at PageRepository.HomePage.getcategory(HomePage.java:91)
at PageRepository.HomePage.getcategory(HomePage.java:91)
at PageRepository.HomePage.getcategory(HomePage.java:91)
at PageRepository.HomePage.getcategory(HomePage.java:91)
at PageRepository.HomePage.getcategory(HomePage.java:91)
at PageRepository.HomePage.getcategory(HomePage.java:91)
at PageRepository.HomePage.getcategory(HomePage.java:91)
at PageRepository.HomePage.getcategory(HomePage.java:91)
at PageRepository.HomePage.getcategory(HomePage.java:91)
at PageRepository.HomePage.getcategory(HomePage.java:91)
at PageRepository.HomePage.getcategory(HomePage.java:91)
at PageRepository.HomePage.getcategory(HomePage.java:91)
at PageRepository.HomePage.getcategory(HomePage.java:91)
at PageRepository.HomePage.getcategory(HomePage.java:91)
at PageRepository.HomePage.getcategory(HomePage.java:91)
at PageRepository.HomePage.getcategory(HomePage.java:91)
at PageRepository.HomePage.getcategory(HomePage.java:91)
at PageRepository.HomePage.getcategory(HomePage.java:91)
at PageRepository.HomePage.getcategory(HomePage.java:91)
at PageRepository.HomePage.getcategory(HomePage.java:91)
at PageRepository.HomePage.getcategory(HomePage.java:91)
at PageRepository.HomePage.getcategory(HomePage.java:91)
at PageRepository.HomePage.getcategory(HomePage.java:91)
at PageRepository.HomePage.getcategory(HomePage.java:91)
at PageRepository.HomePage.getcategory(HomePage.java:91)
at PageRepository.HomePage.getcategory(HomePage.java:91)
at PageRepository.HomePage.getcategory(HomePage.java:91)
at PageRepository.HomePage.getcategory(HomePage.java:91)
at PageRepository.HomePage.getcategory(HomePage.java:91)
at PageRepository.HomePage.getcategory(HomePage.java:91)
at PageRepository.HomePage.getcategory(HomePage.java:91)
at PageRepository.HomePage.getcategory(HomePage.java:91)
at PageRepository.HomePage.getcategory(HomePage.java:91)
at PageRepository.HomePage.getcategory(HomePage.java:91)
at PageRepository.HomePage.getcategory(HomePage.java:91)
at PageRepository.HomePage.getcategory(HomePage.java:91)
at PageRepository.HomePage.getcategory(HomePage.java:91)
at PageRepository.HomePage.getcategory(HomePage.java:91)
at PageRepository.HomePage.getcategory(HomePage.java:91)
at PageRepository.HomePage.getcategory(HomePage.java:91)
at PageRepository.HomePage.getcategory(HomePage.java:91)
at PageRepository.HomePage.getcategory(HomePage.java:91)
at PageRepository.HomePage.getcategory(HomePage.java:91)
at PageRepository.HomePage.getcategory(HomePage.java:91)
at PageRepository.HomePage.getcategory(HomePage.java:91)
at PageRepository.HomePage.getcategory(HomePage.java:91)
at PageRepository.HomePage.getcategory(HomePage.java:91)
at PageRepository.HomePage.getcategory(HomePage.java:91)
at PageRepository.HomePage.getcategory(HomePage.java:91)
at PageRepository.HomePage.getcategory(HomePage.java:91)
at PageRepository.HomePage.getcategory(HomePage.java:91)
at PageRepository.HomePage.getcategory(HomePage.java:91)
at PageRepository.HomePage.getcategory(HomePage.java:91)
at PageRepository.HomePage.getcategory(HomePage.java:91)
at PageRepository.HomePage.getcategory(HomePage.java:91)
at PageRepository.HomePage.getcategory(HomePage.java:91)
at PageRepository.HomePage.getcategory(HomePage.java:91)
at PageRepository.HomePage.getcategory(HomePage.java:91)
at PageRepository.HomePage.getcategory(HomePage.java:91)
at PageRepository.HomePage.getcategory(HomePage.java:91)
at PageRepository.HomePage.getcategory(HomePage.java:91)
at PageRepository.HomePage.getcategory(HomePage.java:91)
at PageRepository.HomePage.getcategory(HomePage.java:91)
at PageRepository.HomePage.getcategory(HomePage.java:91)
at PageRepository.HomePage.getcategory(HomePage.java:91)
at PageRepository.HomePage.getcategory(HomePage.java:91)
at PageRepository.HomePage.getcategory(HomePage.java:91)
at PageRepository.HomePage.getcategory(HomePage.java:91)
at PageRepository.HomePage.getcategory(HomePage.java:91)
at PageRepository.HomePage.getcategory(HomePage.java:91)
at PageRepository.HomePage.getcategory(HomePage.java:91)
at PageRepository.HomePage.getcategory(HomePage.java:91)
at PageRepository.HomePage.getcategory(HomePage.java:91)
at PageRepository.HomePage.getcategory(HomePage.java:91)
at PageRepository.HomePage.getcategory(HomePage.java:91)
at PageRepository.HomePage.getcategory(HomePage.java:91)
at PageRepository.HomePage.getcategory(HomePage.java:91)
at PageRepository.HomePage.getcategory(HomePage.java:91)
at PageRepository.HomePage.getcategory(HomePage.java:91)
at PageRepository.HomePage.getcategory(HomePage.java:91)
at PageRepository.HomePage.getcategory(HomePage.java:91)
at PageRepository.HomePage.getcategory(HomePage.java:91)
at PageRepository.HomePage.getcategory(HomePage.java:91)
at PageRepository.HomePage.getcategory(HomePage.java:91)
at PageRepository.HomePage.getcategory(HomePage.java:91)
at PageRepository.HomePage.getcategory(HomePage.java:91)
at PageRepository.HomePage.getcategory(HomePage.java:91)
at PageRepository.HomePage.getcategory(HomePage.java:91)
at PageRepository.HomePage.getcategory(HomePage.java:91)
at PageRepository.HomePage.getcategory(HomePage.java:91)
at PageRepository.HomePage.getcategory(HomePage.java:91)
at PageRepository.HomePage.getcategory(HomePage.java:91)
at PageRepository.HomePage.getcategory(HomePage.java:91)
at PageRepository.HomePage.getcategory(HomePage.java:91)
at PageRepository.HomePage.getcategory(HomePage.java:91)
at PageRepository.HomePage.getcategory(HomePage.java:91)
at PageRepository.HomePage.getcategory(HomePage.java:91)
at PageRepository.HomePage.getcategory(HomePage.java:91)
at PageRepository.HomePage.getcategory(HomePage.java:91)
at PageRepository.HomePage.getcategory(HomePage.java:91)
at PageRepository.HomePage.getcategory(HomePage.java:91)
at PageRepository.HomePage.getcategory(HomePage.java:91)
at PageRepository.HomePage.getcategory(HomePage.java:91)
at PageRepository.HomePage.getcategory(HomePage.java:91)
at PageRepository.HomePage.getcategory(HomePage.java:91)
at PageRepository.HomePage.getcategory(HomePage.java:91)
at PageRepository.HomePage.getcategory(HomePage.java:91)
at PageRepository.HomePage.getcategory(HomePage.java:91)
at PageRepository.HomePage.getcategory(HomePage.java:91)
at PageRepository.HomePage.getcategory(HomePage.java:91)
at PageRepository.HomePage.getcategory(HomePage.java:91)
at PageRepository.HomePage.getcategory(HomePage.java:91)
at PageRepository.HomePage.getcategory(HomePage.java:91)
at PageRepository.HomePage.getcategory(HomePage.java:91)
at PageRepository.HomePage.getcategory(HomePage.java:91)
at PageRepository.HomePage.getcategory(HomePage.java:91)
at PageRepository.HomePage.getcategory(HomePage.java:91)
at PageRepository.HomePage.getcategory(HomePage.java:91)
at PageRepository.HomePage.getcategory(HomePage.java:91)
at PageRepository.HomePage.getcategory(HomePage.java:91)
at PageRepository.HomePage.getcategory(HomePage.java:91)
at PageRepository.HomePage.getcategory(HomePage.java:91)
at PageRepository.HomePage.getcategory(HomePage.java:91)
at PageRepository.HomePage.getcategory(HomePage.java:91)
at PageRepository.HomePage.getcategory(HomePage.java:91)
at PageRepository.HomePage.getcategory(HomePage.java:91)
at PageRepository.HomePage.getcategory(HomePage.java:91)
at PageRepository.HomePage.getcategory(HomePage.java:91)
at PageRepository.HomePage.getcategory(HomePage.java:91)
at PageRepository.HomePage.getcategory(HomePage.java:91)
at PageRepository.HomePage.getcategory(HomePage.java:91)
at PageRepository.HomePage.getcategory(HomePage.java:91)
at PageRepository.HomePage.getcategory(HomePage.java:91)
at PageRepository.HomePage.getcategory(HomePage.java:91)
at PageRepository.HomePage.getcategory(HomePage.java:91)
at PageRepository.HomePage.getcategory(HomePage.java:91)
at PageRepository.HomePage.getcategory(HomePage.java:91)
at PageRepository.HomePage.getcategory(HomePage.java:91)
at PageRepository.HomePage.getcategory(HomePage.java:91)
at PageRepository.HomePage.getcategory(HomePage.java:91)
at PageRepository.HomePage.getcategory(HomePage.java:91)
at PageRepository.HomePage.getcategory(HomePage.java:91)
at PageRepository.HomePage.getcategory(HomePage.java:91)
at PageRepository.HomePage.getcategory(HomePage.java:91)
at PageRepository.HomePage.getcategory(HomePage.java:91)
at PageRepository.HomePage.getcategory(HomePage.java:91)
at PageRepository.HomePage.getcategory(HomePage.java:91)
at PageRepository.HomePage.getcategory(HomePage.java:91)
at PageRepository.HomePage.getcategory(HomePage.java:91)
at PageRepository.HomePage.getcategory(HomePage.java:91)
at PageRepository.HomePage.getcategory(HomePage.java:91)
at PageRepository.HomePage.getcategory(HomePage.java:91)
at PageRepository.HomePage.getcategory(HomePage.java:91)
at PageRepository.HomePage.getcategory(HomePage.java:91)
at PageRepository.HomePage.getcategory(HomePage.java:91)
at PageRepository.HomePage.getcategory(HomePage.java:91)
at PageRepository.HomePage.getcategory(HomePage.java:91)
at PageRepository.HomePage.getcategory(HomePage.java:91)
at PageRepository.HomePage.getcategory(HomePage.java:91)
at PageRepository.HomePage.getcategory(HomePage.java:91)
at PageRepository.HomePage.getcategory(HomePage.java:91)
at PageRepository.HomePage.getcategory(HomePage.java:91)
at PageRepository.HomePage.getcategory(HomePage.java:91)
at PageRepository.HomePage.getcategory(HomePage.java:91)
at PageRepository.HomePage.getcategory(HomePage.java:91)
at PageRepository.HomePage.getcategory(HomePage.java:91)
at PageRepository.HomePage.getcategory(HomePage.java:91)
at PageRepository.HomePage.getcategory(HomePage.java:91)
at PageRepository.HomePage.getcategory(HomePage.java:91)
at PageRepository.HomePage.getcategory(HomePage.java:91)
at PageRepository.HomePage.getcategory(HomePage.java:91)
at PageRepository.HomePage.getcategory(HomePage.java:91)
at PageRepository.HomePage.getcategory(HomePage.java:91)
at PageRepository.HomePage.getcategory(HomePage.java:91)
at PageRepository.HomePage.getcategory(HomePage.java:91)
at PageRepository.HomePage.getcategory(HomePage.java:91)
at PageRepository.HomePage.getcategory(HomePage.java:91)
at PageRepository.HomePage.getcategory(HomePage.java:91)
at PageRepository.HomePage.getcategory(HomePage.java:91)
at PageRepository.HomePage.getcategory(HomePage.java:91)
at PageRepository.HomePage.getcategory(HomePage.java:91)
at PageRepository.HomePage.getcategory(HomePage.java:91)
at PageRepository.HomePage.getcategory(HomePage.java:91)
at PageRepository.HomePage.getcategory(HomePage.java:91)
at PageRepository.HomePage.getcategory(HomePage.java:91)
at PageRepository.HomePage.getcategory(HomePage.java:91)
at PageRepository.HomePage.getcategory(HomePage.java:91)
at PageRepository.HomePage.getcategory(HomePage.java:91)
at PageRepository.HomePage.getcategory(HomePage.java:91)
at PageRepository.HomePage.getcategory(HomePage.java:91)
at PageRepository.HomePage.getcategory(HomePage.java:91)
at PageRepository.HomePage.getcategory(HomePage.java:91)
at PageRepository.HomePage.getcategory(HomePage.java:91)
at PageRepository.HomePage.getcategory(HomePage.java:91)
at PageRepository.HomePage.getcategory(HomePage.java:91)
at PageRepository.HomePage.getcategory(HomePage.java:91)
at PageRepository.HomePage.getcategory(HomePage.java:91)
at PageRepository.HomePage.getcategory(HomePage.java:91)
at PageRepository.HomePage.getcategory(HomePage.java:91)
at PageRepository.HomePage.getcategory(HomePage.java:91)
at PageRepository.HomePage.getcategory(HomePage.java:91)
at PageRepository.HomePage.getcategory(HomePage.java:91)
at PageRepository.HomePage.getcategory(HomePage.java:91)
at PageRepository.HomePage.getcategory(HomePage.java:91)
at PageRepository.HomePage.getcategory(HomePage.java:91)
at PageRepository.HomePage.getcategory(HomePage.java:91)
at PageRepository.HomePage.getcategory(HomePage.java:91)
at PageRepository.HomePage.getcategory(HomePage.java:91)
at PageRepository.HomePage.getcategory(HomePage.java:91)
at PageRepository.HomePage.getcategory(HomePage.java:91)
at PageRepository.HomePage.getcategory(HomePage.java:91)
at PageRepository.HomePage.getcategory(HomePage.java:91)
at PageRepository.HomePage.getcategory(HomePage.java:91)
at PageRepository.HomePage.getcategory(HomePage.java:91)
at PageRepository.HomePage.getcategory(HomePage.java:91)
at PageRepository.HomePage.getcategory(HomePage.java:91)
at PageRepository.HomePage.getcategory(HomePage.java:91)
at PageRepository.HomePage.getcategory(HomePage.java:91)
at PageRepository.HomePage.getcategory(HomePage.java:91)
at PageRepository.HomePage.getcategory(HomePage.java:91)
at PageRepository.HomePage.getcategory(HomePage.java:91)
at PageRepository.HomePage.getcategory(HomePage.java:91)
at PageRepository.HomePage.getcategory(HomePage.java:91)
at PageRepository.HomePage.getcategory(HomePage.java:91)
at PageRepository.HomePage.getcategory(HomePage.java:91)
at PageRepository.HomePage.getcategory(HomePage.java:91)
at PageRepository.HomePage.getcategory(HomePage.java:91)
at PageRepository.HomePage.getcategory(HomePage.java:91)
at PageRepository.HomePage.getcategory(HomePage.java:91)
at PageRepository.HomePage.getcategory(HomePage.java:91)
at PageRepository.HomePage.getcategory(HomePage.java:91)
at PageRepository.HomePage.getcategory(HomePage.java:91)
at PageRepository.HomePage.getcategory(HomePage.java:91)
at PageRepository.HomePage.getcategory(HomePage.java:91)
at PageRepository.HomePage.getcategory(HomePage.java:91)
at PageRepository.HomePage.getcategory(HomePage.java:91)
at PageRepository.HomePage.getcategory(HomePage.java:91)
at PageRepository.HomePage.getcategory(HomePage.java:91)
at PageRepository.HomePage.getcategory(HomePage.java:91)
at PageRepository.HomePage.getcategory(HomePage.java:91)
at PageRepository.HomePage.getcategory(HomePage.java:91)
at PageRepository.HomePage.getcategory(HomePage.java:91)
at PageRepository.HomePage.getcategory(HomePage.java:91)
at PageRepository.HomePage.getcategory(HomePage.java:91)
at PageRepository.HomePage.getcategory(HomePage.java:91)
at PageRepository.HomePage.getcategory(HomePage.java:91)
at PageRepository.HomePage.getcategory(HomePage.java:91)
at PageRepository.HomePage.getcategory(HomePage.java:91)
at PageRepository.HomePage.getcategory(HomePage.java:91)
at PageRepository.HomePage.getcategory(HomePage.java:91)
at PageRepository.HomePage.getcategory(HomePage.java:91)
at PageRepository.HomePage.getcategory(HomePage.java:91)
at PageRepository.HomePage.getcategory(HomePage.java:91)
at PageRepository.HomePage.getcategory(HomePage.java:91)
at PageRepository.HomePage.getcategory(HomePage.java:91)
at PageRepository.HomePage.getcategory(HomePage.java:91)
at PageRepository.HomePage.getcategory(HomePage.java:91)
at PageRepository.HomePage.getcategory(HomePage.java:91)
at PageRepository.HomePage.getcategory(HomePage.java:91)
at PageRepository.HomePage.getcategory(HomePage.java:91)
at PageRepository.HomePage.getcategory(HomePage.java:91)
at PageRepository.HomePage.getcategory(HomePage.java:91)
at PageRepository.HomePage.getcategory(HomePage.java:91)
at PageRepository.HomePage.getcategory(HomePage.java:91)
at PageRepository.HomePage.getcategory(HomePage.java:91)
at PageRepository.HomePage.getcategory(HomePage.java:91)
at PageRepository.HomePage.getcategory(HomePage.java:91)
at PageRepository.HomePage.getcategory(HomePage.java:91)
at PageRepository.HomePage.getcategory(HomePage.java:91)
at PageRepository.HomePage.getcategory(HomePage.java:91)
at PageRepository.HomePage.getcategory(HomePage.java:91)
at PageRepository.HomePage.getcategory(HomePage.java:91)
at PageRepository.HomePage.getcategory(HomePage.java:91)
at PageRepository.HomePage.getcategory(HomePage.java:91)
at PageRepository.HomePage.getcategory(HomePage.java:91)
at PageRepository.HomePage.getcategory(HomePage.java:91)
at PageRepository.HomePage.getcategory(HomePage.java:91)
at PageRepository.HomePage.getcategory(HomePage.java:91)
at PageRepository.HomePage.getcategory(HomePage.java:91)
at PageRepository.HomePage.getcategory(HomePage.java:91)
at PageRepository.HomePage.getcategory(HomePage.java:91)
at PageRepository.HomePage.getcategory(HomePage.java:91)
at PageRepository.HomePage.getcategory(HomePage.java:91)
at PageRepository.HomePage.getcategory(HomePage.java:91)
at PageRepository.HomePage.getcategory(HomePage.java:91)
at PageRepository.HomePage.getcategory(HomePage.java:91)
at PageRepository.HomePage.getcategory(HomePage.java:91)
at PageRepository.HomePage.getcategory(HomePage.java:91)
at PageRepository.HomePage.getcategory(HomePage.java:91)
at PageRepository.HomePage.getcategory(HomePage.java:91)
at PageRepository.HomePage.getcategory(HomePage.java:91)
at PageRepository.HomePage.getcategory(HomePage.java:91)
at PageRepository.HomePage.getcategory(HomePage.java:91)
at PageRepository.HomePage.getcategory(HomePage.java:91)
at PageRepository.HomePage.getcategory(HomePage.java:91)
at PageRepository.HomePage.getcategory(HomePage.java:91)
at PageRepository.HomePage.getcategory(HomePage.java:91)
at PageRepository.HomePage.getcategory(HomePage.java:91)
at PageRepository.HomePage.getcategory(HomePage.java:91)
at PageRepository.HomePage.getcategory(HomePage.java:91)
at PageRepository.HomePage.getcategory(HomePage.java:91)
at PageRepository.HomePage.getcategory(HomePage.java:91)
at PageRepository.HomePage.getcategory(HomePage.java:91)
at PageRepository.HomePage.getcategory(HomePage.java:91)
at PageRepository.HomePage.getcategory(HomePage.java:91)
at PageRepository.HomePage.getcategory(HomePage.java:91)
at PageRepository.HomePage.getcategory(HomePage.java:91)
at PageRepository.HomePage.getcategory(HomePage.java:91)
at PageRepository.HomePage.getcategory(HomePage.java:91)
at PageRepository.HomePage.getcategory(HomePage.java:91)
at PageRepository.HomePage.getcategory(HomePage.java:91)
at PageRepository.HomePage.getcategory(HomePage.java:91)
at PageRepository.HomePage.getcategory(HomePage.java:91)
at PageRepository.HomePage.getcategory(HomePage.java:91)
at PageRepository.HomePage.getcategory(HomePage.java:91)
at PageRepository.HomePage.getcategory(HomePage.java:91)
at PageRepository.HomePage.getcategory(HomePage.java:91)
at PageRepository.HomePage.getcategory(HomePage.java:91)
at PageRepository.HomePage.getcategory(HomePage.java:91)
at PageRepository.HomePage.getcategory(HomePage.java:91)
at PageRepository.HomePage.getcategory(HomePage.java:91)
at PageRepository.HomePage.getcategory(HomePage.java:91)
at PageRepository.HomePage.getcategory(HomePage.java:91)
at PageRepository.HomePage.getcategory(HomePage.java:91)
at PageRepository.HomePage.getcategory(HomePage.java:91)
at PageRepository.HomePage.getcategory(HomePage.java:91)
at PageRepository.HomePage.getcategory(HomePage.java:91)
at PageRepository.HomePage.getcategory(HomePage.java:91)
at PageRepository.HomePage.getcategory(HomePage.java:91)
at PageRepository.HomePage.getcategory(HomePage.java:91)
at PageRepository.HomePage.getcategory(HomePage.java:91)
at PageRepository.HomePage.getcategory(HomePage.java:91)
at PageRepository.HomePage.getcategory(HomePage.java:91)
at PageRepository.HomePage.getcategory(HomePage.java:91)
at PageRepository.HomePage.getcategory(HomePage.java:91)
at PageRepository.HomePage.getcategory(HomePage.java:91)
at PageRepository.HomePage.getcategory(HomePage.java:91)
at PageRepository.HomePage.getcategory(HomePage.java:91)
at PageRepository.HomePage.getcategory(HomePage.java:91)
at PageRepository.HomePage.getcategory(HomePage.java:91)
at PageRepository.HomePage.getcategory(HomePage.java:91)
at PageRepository.HomePage.getcategory(HomePage.java:91)
at PageRepository.HomePage.getcategory(HomePage.java:91)
at PageRepository.HomePage.getcategory(HomePage.java:91)
at PageRepository.HomePage.getcategory(HomePage.java:91)
at PageRepository.HomePage.getcategory(HomePage.java:91)
at PageRepository.HomePage.getcategory(HomePage.java:91)
at PageRepository.HomePage.getcategory(HomePage.java:91)
at PageRepository.HomePage.getcategory(HomePage.java:91)
at PageRepository.HomePage.getcategory(HomePage.java:91)
at PageRepository.HomePage.getcategory(HomePage.java:91)
at PageRepository.HomePage.getcategory(HomePage.java:91)
at PageRepository.HomePage.getcategory(HomePage.java:91)
at PageRepository.HomePage.getcategory(HomePage.java:91)
at PageRepository.HomePage.getcategory(HomePage.java:91)
at PageRepository.HomePage.getcategory(HomePage.java:91)
at PageRepository.HomePage.getcategory(HomePage.java:91)
at PageRepository.HomePage.getcategory(HomePage.java:91)
at PageRepository.HomePage.getcategory(HomePage.java:91)
at PageRepository.HomePage.getcategory(HomePage.java:91)
at PageRepository.HomePage.getcategory(HomePage.java:91)
at PageRepository.HomePage.getcategory(HomePage.java:91)
at PageRepository.HomePage.getcategory(HomePage.java:91)
at PageRepository.HomePage.getcategory(HomePage.java:91)
at PageRepository.HomePage.getcategory(HomePage.java:91)
at PageRepository.HomePage.getcategory(HomePage.java:91)
at PageRepository.HomePage.getcategory(HomePage.java:91)
at PageRepository.HomePage.getcategory(HomePage.java:91)
at PageRepository.HomePage.getcategory(HomePage.java:91)
at PageRepository.HomePage.getcategory(HomePage.java:91)
at PageRepository.HomePage.getcategory(HomePage.java:91)
at PageRepository.HomePage.getcategory(HomePage.java:91)
at PageRepository.HomePage.getcategory(HomePage.java:91)
at PageRepository.HomePage.getcategory(HomePage.java:91)
at PageRepository.HomePage.getcategory(HomePage.java:91)
at PageRepository.HomePage.getcategory(HomePage.java:91)
at PageRepository.HomePage.getcategory(HomePage.java:91)
at PageRepository.HomePage.getcategory(HomePage.java:91)
at PageRepository.HomePage.getcategory(HomePage.java:91)
at PageRepository.HomePage.getcategory(HomePage.java:91)
at PageRepository.HomePage.getcategory(HomePage.java:91)
at PageRepository.HomePage.getcategory(HomePage.java:91)
at PageRepository.HomePage.getcategory(HomePage.java:91)
at PageRepository.HomePage.getcategory(HomePage.java:91)
at PageRepository.HomePage.getcategory(HomePage.java:91)
at PageRepository.HomePage.getcategory(HomePage.java:91)
at PageRepository.HomePage.getcategory(HomePage.java:91)
at PageRepository.HomePage.getcategory(HomePage.java:91)
at PageRepository.HomePage.getcategory(HomePage.java:91)
at PageRepository.HomePage.getcategory(HomePage.java:91)
at PageRepository.HomePage.getcategory(HomePage.java:91)
at PageRepository.HomePage.getcategory(HomePage.java:91)
at PageRepository.HomePage.getcategory(HomePage.java:91)
at PageRepository.HomePage.getcategory(HomePage.java:91)
at PageRepository.HomePage.getcategory(HomePage.java:91)
at PageRepository.HomePage.getcategory(HomePage.java:91)
at PageRepository.HomePage.getcategory(HomePage.java:91)
at PageRepository.HomePage.getcategory(HomePage.java:91)
at PageRepository.HomePage.getcategory(HomePage.java:91)
at PageRepository.HomePage.getcategory(HomePage.java:91)
at PageRepository.HomePage.getcategory(HomePage.java:91)
at PageRepository.HomePage.getcategory(HomePage.java:91)
at PageRepository.HomePage.getcategory(HomePage.java:91)
at PageRepository.HomePage.getcategory(HomePage.java:91)
at PageRepository.HomePage.getcategory(HomePage.java:91)
at PageRepository.HomePage.getcategory(HomePage.java:91)
at PageRepository.HomePage.getcategory(HomePage.java:91)
at PageRepository.HomePage.getcategory(HomePage.java:91)
at PageRepository.HomePage.getcategory(HomePage.java:91)
at PageRepository.HomePage.getcategory(HomePage.java:91)
at PageRepository.HomePage.getcategory(HomePage.java:91)
at PageRepository.HomePage.getcategory(HomePage.java:91)
at PageRepository.HomePage.getcategory(HomePage.java:91)
at PageRepository.HomePage.getcategory(HomePage.java:91)
at PageRepository.HomePage.getcategory(HomePage.java:91)
at PageRepository.HomePage.getcategory(HomePage.java:91)
at PageRepository.HomePage.getcategory(HomePage.java:91)
at PageRepository.HomePage.getcategory(HomePage.java:91)
at PageRepository.HomePage.getcategory(HomePage.java:91)
at PageRepository.HomePage.getcategory(HomePage.java:91)
at PageRepository.HomePage.getcategory(HomePage.java:91)
at PageRepository.HomePage.getcategory(HomePage.java:91)
at PageRepository.HomePage.getcategory(HomePage.java:91)
at PageRepository.HomePage.getcategory(HomePage.java:91)
at PageRepository.HomePage.getcategory(HomePage.java:91)
at PageRepository.HomePage.getcategory(HomePage.java:91)
at PageRepository.HomePage.getcategory(HomePage.java:91)
at PageRepository.HomePage.getcategory(HomePage.java:91)
at PageRepository.HomePage.getcategory(HomePage.java:91)
at PageRepository.HomePage.getcategory(HomePage.java:91)
at PageRepository.HomePage.getcategory(HomePage.java:91)
at PageRepository.HomePage.getcategory(HomePage.java:91)
at PageRepository.HomePage.getcategory(HomePage.java:91)
at PageRepository.HomePage.getcategory(HomePage.java:91)
at PageRepository.HomePage.getcategory(HomePage.java:91)
at PageRepository.HomePage.getcategory(HomePage.java:91)
at PageRepository.HomePage.getcategory(HomePage.java:91)
at PageRepository.HomePage.getcategory(HomePage.java:91)
at PageRepository.HomePage.getcategory(HomePage.java:91)
at PageRepository.HomePage.getcategory(HomePage.java:91)
at PageRepository.HomePage.getcategory(HomePage.java:91)
at PageRepository.HomePage.getcategory(HomePage.java:91)
at PageRepository.HomePage.getcategory(HomePage.java:91)
at PageRepository.HomePage.getcategory(HomePage.java:91)
at PageRepository.HomePage.getcategory(HomePage.java:91)
at PageRepository.HomePage.getcategory(HomePage.java:91)
at PageRepository.HomePage.getcategory(HomePage.java:91)
at PageRepository.HomePage.getcategory(HomePage.java:91)
at PageRepository.HomePage.getcategory(HomePage.java:91)
at PageRepository.HomePage.getcategory(HomePage.java:91)
at PageRepository.HomePage.getcategory(HomePage.java:91)
at PageRepository.HomePage.getcategory(HomePage.java:91)
at PageRepository.HomePage.getcategory(HomePage.java:91)
at PageRepository.HomePage.getcategory(HomePage.java:91)
at PageRepository.HomePage.getcategory(HomePage.java:91)
at PageRepository.HomePage.getcategory(HomePage.java:91)
at PageRepository.HomePage.getcategory(HomePage.java:91)
at PageRepository.HomePage.getcategory(HomePage.java:91)
at PageRepository.HomePage.getcategory(HomePage.java:91)
at PageRepository.HomePage.getcategory(HomePage.java:91)
at PageRepository.HomePage.getcategory(HomePage.java:91)
at PageRepository.HomePage.getcategory(HomePage.java:91)
at PageRepository.HomePage.getcategory(HomePage.java:91)
at PageRepository.HomePage.getcategory(HomePage.java:91)
at PageRepository.HomePage.getcategory(HomePage.java:91)
at PageRepository.HomePage.getcategory(HomePage.java:91)
at PageRepository.HomePage.getcategory(HomePage.java:91)
at PageRepository.HomePage.getcategory(HomePage.java:91)
at PageRepository.HomePage.getcategory(HomePage.java:91)
at PageRepository.HomePage.getcategory(HomePage.java:91)
at PageRepository.HomePage.getcategory(HomePage.java:91)
at PageRepository.HomePage.getcategory(HomePage.java:91)
at PageRepository.HomePage.getcategory(HomePage.java:91)
at PageRepository.HomePage.getcategory(HomePage.java:91)
at PageRepository.HomePage.getcategory(HomePage.java:91)
[...]
at PageRepository.HomePage.getcategory(HomePage.java:91)
at PageRepository.HomePage.getcategory(HomePage.java:91)
at PageRepository.HomePage.getcategory(HomePage.java:91)
at PageRepository.HomePage.getcategory(HomePage.java:91)
at PageRepository.HomePage.getcategory(HomePage.java:91)
at PageRepository.HomePage.getcategory(HomePage.java:91)
at PageRepository.HomePage.getcategory(HomePage.java:91)
at PageRepository.HomePage.getcategory(HomePage.java:91)
at PageRepository.HomePage.getcategory(HomePage.java:91)
at PageRepository.HomePage.getcategory(HomePage.java:91)
at PageRepository.HomePage.getcategory(HomePage.java:91)
at PageRepository.HomePage.getcategory(HomePage.java:91)
at PageRepository.HomePage.getcategory(HomePage.java:91)
at PageRepository.HomePage.getcategory(HomePage.java:91)
at PageRepository.HomePage.getcategory(HomePage.java:91)
at PageRepository.HomePage.getcategory(HomePage.java:91)
at PageRepository.HomePage.getcategory(HomePage.java:91)
at PageRepository.HomePage.getcategory(HomePage.java:91)
at PageRepository.HomePage.getcategory(HomePage.java:91)
at PageRepository.HomePage.getcategory(HomePage.java:91)
at PageRepository.HomePage.getcategory(HomePage.java:91)
at PageRepository.HomePage.getcategory(HomePage.java:91)
at PageRepository.HomePage.getcategory(HomePage.java:91)
at PageRepository.HomePage.getcategory(HomePage.java:91)
at PageRepository.HomePage.getcategory(HomePage.java:91)
at PageRepository.HomePage.getcategory(HomePage.java:91)
at PageRepository.HomePage.getcategory(HomePage.java:91)
at PageRepository.HomePage.getcategory(HomePage.java:91)
at PageRepository.HomePage.getcategory(HomePage.java:91)
at PageRepository.HomePage.getcategory(HomePage.java:91)
at PageRepository.HomePage.getcategory(HomePage.java:91)
at PageRepository.HomePage.getcategory(HomePage.java:91)
at PageRepository.HomePage.getcategory(HomePage.java:91)
at PageRepository.HomePage.getcategory(HomePage.java:91)
at PageRepository.HomePage.getcategory(HomePage.java:91)
at PageRepository.HomePage.getcategory(HomePage.java:91)
at PageRepository.HomePage.getcategory(HomePage.java:91)
at PageRepository.HomePage.getcategory(HomePage.java:91)
at PageRepository.HomePage.getcategory(HomePage.java:91)
at PageRepository.HomePage.getcategory(HomePage.java:91)
at PageRepository.HomePage.getcategory(HomePage.java:91)
at PageRepository.HomePage.getcategory(HomePage.java:91)
at PageRepository.HomePage.getcategory(HomePage.java:91)
at PageRepository.HomePage.getcategory(HomePage.java:91)
at PageRepository.HomePage.getcategory(HomePage.java:91)
at PageRepository.HomePage.getcategory(HomePage.java:91)
at PageRepository.HomePage.getcategory(HomePage.java:91)
at PageRepository.HomePage.getcategory(HomePage.java:91)
at PageRepository.HomePage.getcategory(HomePage.java:91)
at PageRepository.HomePage.getcategory(HomePage.java:91)
at PageRepository.HomePage.getcategory(HomePage.java:91)
at PageRepository.HomePage.getcategory(HomePage.java:91)
at PageRepository.HomePage.getcategory(HomePage.java:91)
at PageRepository.HomePage.getcategory(HomePage.java:91)
at PageRepository.HomePage.getcategory(HomePage.java:91)
at PageRepository.HomePage.getcategory(HomePage.java:91)
at PageRepository.HomePage.getcategory(HomePage.java:91)
at PageRepository.HomePage.getcategory(HomePage.java:91)
at PageRepository.HomePage.getcategory(HomePage.java:91)
at PageRepository.HomePage.getcategory(HomePage.java:91)
at PageRepository.HomePage.getcategory(HomePage.java:91)
at PageRepository.HomePage.getcategory(HomePage.java:91)
at PageRepository.HomePage.getcategory(HomePage.java:91)
at PageRepository.HomePage.getcategory(HomePage.java:91)
]]>
    </failure>
  </testcase> <!-- View_Category_Products -->
  <testcase classname="product_test.Testcase_19" name="View_Cart_Brand_Products" time="8.119"/>
  <testcase classname="product_test.Testcase_20" name="Search_Products_and_Verify_Cart_After_Login" time="186.278">
    <failure type="org.openqa.selenium.TimeoutException" message="java.util.concurrent.TimeoutException
Build info: version: &amp;apos;4.31.0&amp;apos;, revision: &amp;apos;1ef9f18787*&amp;apos;
System info: os.name: &amp;apos;Windows 11&amp;apos;, os.arch: &amp;apos;amd64&amp;apos;, os.version: &amp;apos;10.0&amp;apos;, java.version: &amp;apos;17.0.6&amp;apos;
Driver info: org.openqa.selenium.chrome.ChromeDriver
Command: [0ffb12d3f41e1c976af4329340f21ea1, clickElement {id=f.E8407D4459488C1971566B17A504E7B2.d.F31E3C2EE10EE664673676C65E5BF605.e.94}]
Capabilities {acceptInsecureCerts: false, browserName: chrome, browserVersion: 136.0.7103.93, chrome: {chromedriverVersion: 136.0.7103.92 (cb81a4cc5087..., userDataDir: C:\Users\krant\AppData\Loca...}, fedcm:accounts: true, goog:chromeOptions: {debuggerAddress: localhost:52032}, networkConnectionEnabled: false, pageLoadStrategy: normal, platformName: windows, proxy: Proxy(), se:cdp: ws://localhost:52032/devtoo..., se:cdpVersion: 136.0.7103.93, setWindowRect: true, strictFileInteractability: false, timeouts: {implicit: 0, pageLoad: 300000, script: 30000}, unhandledPromptBehavior: dismiss and notify, webauthn:extension:credBlob: true, webauthn:extension:largeBlob: true, webauthn:extension:minPinLength: true, webauthn:extension:prf: true, webauthn:virtualAuthenticators: true}
Element: [[ChromeDriver: chrome on windows (0ffb12d3f41e1c976af4329340f21ea1)] -&amp;gt; xpath: //a[text()=&amp;apos; Signup / Login&amp;apos;]]
Session ID: 0ffb12d3f41e1c976af4329340f21ea1">
      <![CDATA[org.openqa.selenium.TimeoutException: java.util.concurrent.TimeoutException
Build info: version: '4.31.0', revision: '1ef9f18787*'
System info: os.name: 'Windows 11', os.arch: 'amd64', os.version: '10.0', java.version: '17.0.6'
Driver info: org.openqa.selenium.chrome.ChromeDriver
Command: [0ffb12d3f41e1c976af4329340f21ea1, clickElement {id=f.E8407D4459488C1971566B17A504E7B2.d.F31E3C2EE10EE664673676C65E5BF605.e.94}]
Capabilities {acceptInsecureCerts: false, browserName: chrome, browserVersion: 136.0.7103.93, chrome: {chromedriverVersion: 136.0.7103.92 (cb81a4cc5087..., userDataDir: C:\Users\krant\AppData\Loca...}, fedcm:accounts: true, goog:chromeOptions: {debuggerAddress: localhost:52032}, networkConnectionEnabled: false, pageLoadStrategy: normal, platformName: windows, proxy: Proxy(), se:cdp: ws://localhost:52032/devtoo..., se:cdpVersion: 136.0.7103.93, setWindowRect: true, strictFileInteractability: false, timeouts: {implicit: 0, pageLoad: 300000, script: 30000}, unhandledPromptBehavior: dismiss and notify, webauthn:extension:credBlob: true, webauthn:extension:largeBlob: true, webauthn:extension:minPinLength: true, webauthn:extension:prf: true, webauthn:virtualAuthenticators: true}
Element: [[ChromeDriver: chrome on windows (0ffb12d3f41e1c976af4329340f21ea1)] -> xpath: //a[text()=' Signup / Login']]
Session ID: 0ffb12d3f41e1c976af4329340f21ea1
at org.openqa.selenium.remote.http.jdk.JdkHttpClient.execute(JdkHttpClient.java:424)
at org.openqa.selenium.remote.HttpCommandExecutor.execute(HttpCommandExecutor.java:212)
at org.openqa.selenium.remote.service.DriverCommandExecutor.invokeExecute(DriverCommandExecutor.java:216)
at org.openqa.selenium.remote.service.DriverCommandExecutor.execute(DriverCommandExecutor.java:174)
at org.openqa.selenium.remote.RemoteWebDriver.execute(RemoteWebDriver.java:545)
at org.openqa.selenium.remote.RemoteWebElement.execute(RemoteWebElement.java:223)
at org.openqa.selenium.remote.RemoteWebElement.click(RemoteWebElement.java:76)
at org.openqa.selenium.support.pagefactory.internal.LocatingElementHandler.invoke(LocatingElementHandler.java:51)
at jdk.proxy2/jdk.proxy2.$Proxy13.click(Unknown Source)
at product_test.Testcase_20.Search_Products_and_Verify_Cart_After_Login(Testcase_20.java:76)
at java.base/java.util.ArrayList.forEach(ArrayList.java:1511)
Caused by: java.util.concurrent.TimeoutException
at java.base/java.util.concurrent.CompletableFuture$Timeout.run(CompletableFuture.java:2874)
at java.base/java.util.concurrent.Executors$RunnableAdapter.call(Executors.java:539)
at java.base/java.util.concurrent.FutureTask.run(FutureTask.java:264)
at java.base/java.util.concurrent.ScheduledThreadPoolExecutor$ScheduledFutureTask.run(ScheduledThreadPoolExecutor.java:304)
at java.base/java.util.concurrent.ThreadPoolExecutor.runWorker(ThreadPoolExecutor.java:1136)
at java.base/java.util.concurrent.ThreadPoolExecutor$Worker.run(ThreadPoolExecutor.java:635)
at java.base/java.lang.Thread.run(Thread.java:833)
... Removed 30 stack frames]]>
    </failure>
  </testcase> <!-- Search_Products_and_Verify_Cart_After_Login -->
  <testcase classname="product_test.Testcase_21" name="review" time="6.46"/>
  <testcase classname="product_test.Testcase_22" name="Addtocartfromtherecommendeditems" time="3.771"/>
  <testcase classname="product_test.Testcase_01" name="Register_User" time="14.065">
    <failure type="org.openqa.selenium.NoSuchElementException" message="no such element: Unable to locate element: {&amp;quot;method&amp;quot;:&amp;quot;xpath&amp;quot;,&amp;quot;selector&amp;quot;:&amp;quot;//b[text()=&amp;apos;Enter Account Information&amp;apos;]&amp;quot;}
  (Session info: chrome=136.0.7103.93)
For documentation on this error, please visit: https://www.selenium.dev/documentation/webdriver/troubleshooting/errors#no-such-element-exception
Build info: version: &amp;apos;4.31.0&amp;apos;, revision: &amp;apos;1ef9f18787*&amp;apos;
System info: os.name: &amp;apos;Windows 11&amp;apos;, os.arch: &amp;apos;amd64&amp;apos;, os.version: &amp;apos;10.0&amp;apos;, java.version: &amp;apos;17.0.6&amp;apos;
Driver info: org.openqa.selenium.chrome.ChromeDriver
Command: [e565c6e3f3ce14ff031463eae43d050f, findElement {value=//b[text()=&amp;apos;Enter Account Information&amp;apos;], using=xpath}]
Capabilities {acceptInsecureCerts: false, browserName: chrome, browserVersion: 136.0.7103.93, chrome: {chromedriverVersion: 136.0.7103.92 (cb81a4cc5087..., userDataDir: C:\Users\krant\AppData\Loca...}, fedcm:accounts: true, goog:chromeOptions: {debuggerAddress: localhost:53081}, networkConnectionEnabled: false, pageLoadStrategy: normal, platformName: windows, proxy: Proxy(), se:cdp: ws://localhost:53081/devtoo..., se:cdpVersion: 136.0.7103.93, setWindowRect: true, strictFileInteractability: false, timeouts: {implicit: 0, pageLoad: 300000, script: 30000}, unhandledPromptBehavior: dismiss and notify, webauthn:extension:credBlob: true, webauthn:extension:largeBlob: true, webauthn:extension:minPinLength: true, webauthn:extension:prf: true, webauthn:virtualAuthenticators: true}
Session ID: e565c6e3f3ce14ff031463eae43d050f">
      <![CDATA[org.openqa.selenium.NoSuchElementException: no such element: Unable to locate element: {"method":"xpath","selector":"//b[text()='Enter Account Information']"}
  (Session info: chrome=136.0.7103.93)
For documentation on this error, please visit: https://www.selenium.dev/documentation/webdriver/troubleshooting/errors#no-such-element-exception
Build info: version: '4.31.0', revision: '1ef9f18787*'
System info: os.name: 'Windows 11', os.arch: 'amd64', os.version: '10.0', java.version: '17.0.6'
Driver info: org.openqa.selenium.chrome.ChromeDriver
Command: [e565c6e3f3ce14ff031463eae43d050f, findElement {value=//b[text()='Enter Account Information'], using=xpath}]
Capabilities {acceptInsecureCerts: false, browserName: chrome, browserVersion: 136.0.7103.93, chrome: {chromedriverVersion: 136.0.7103.92 (cb81a4cc5087..., userDataDir: C:\Users\krant\AppData\Loca...}, fedcm:accounts: true, goog:chromeOptions: {debuggerAddress: localhost:53081}, networkConnectionEnabled: false, pageLoadStrategy: normal, platformName: windows, proxy: Proxy(), se:cdp: ws://localhost:53081/devtoo..., se:cdpVersion: 136.0.7103.93, setWindowRect: true, strictFileInteractability: false, timeouts: {implicit: 0, pageLoad: 300000, script: 30000}, unhandledPromptBehavior: dismiss and notify, webauthn:extension:credBlob: true, webauthn:extension:largeBlob: true, webauthn:extension:minPinLength: true, webauthn:extension:prf: true, webauthn:virtualAuthenticators: true}
Session ID: e565c6e3f3ce14ff031463eae43d050f
at org.openqa.selenium.remote.ErrorCodec.decode(ErrorCodec.java:167)
at org.openqa.selenium.remote.codec.w3c.W3CHttpResponseCodec.decode(W3CHttpResponseCodec.java:138)
at org.openqa.selenium.remote.codec.w3c.W3CHttpResponseCodec.decode(W3CHttpResponseCodec.java:50)
at org.openqa.selenium.remote.HttpCommandExecutor.execute(HttpCommandExecutor.java:215)
at org.openqa.selenium.remote.service.DriverCommandExecutor.invokeExecute(DriverCommandExecutor.java:216)
at org.openqa.selenium.remote.service.DriverCommandExecutor.execute(DriverCommandExecutor.java:174)
at org.openqa.selenium.remote.RemoteWebDriver.execute(RemoteWebDriver.java:545)
at org.openqa.selenium.remote.ElementLocation$ElementFinder$2.findElement(ElementLocation.java:165)
at org.openqa.selenium.remote.ElementLocation.findElement(ElementLocation.java:59)
at org.openqa.selenium.remote.RemoteWebDriver.findElement(RemoteWebDriver.java:368)
at org.openqa.selenium.remote.RemoteWebDriver.findElement(RemoteWebDriver.java:362)
at org.openqa.selenium.support.pagefactory.DefaultElementLocator.findElement(DefaultElementLocator.java:68)
at org.openqa.selenium.support.pagefactory.internal.LocatingElementHandler.invoke(LocatingElementHandler.java:38)
at jdk.proxy2/jdk.proxy2.$Proxy13.isDisplayed(Unknown Source)
at product_test.Testcase_01.Register_User(Testcase_01.java:71)
at java.base/java.util.ArrayList.forEach(ArrayList.java:1511)
... Removed 32 stack frames]]>
    </failure>
  </testcase> <!-- Register_User -->
  <testcase classname="product_test.Testcase_23" name="Verifyaddressdetailsincheckoutpage" time="28.836"/>
  <testcase classname="product_test.Testcase_02" name="LoginUser_with_correct_email_and_password" time="13.78">
    <failure type="org.openqa.selenium.NoSuchElementException" message="no such element: Unable to locate element: {&amp;quot;method&amp;quot;:&amp;quot;xpath&amp;quot;,&amp;quot;selector&amp;quot;:&amp;quot;//input[@value=&amp;apos;Mrs&amp;apos;]&amp;quot;}
  (Session info: chrome=136.0.7103.93)
For documentation on this error, please visit: https://www.selenium.dev/documentation/webdriver/troubleshooting/errors#no-such-element-exception
Build info: version: &amp;apos;4.31.0&amp;apos;, revision: &amp;apos;1ef9f18787*&amp;apos;
System info: os.name: &amp;apos;Windows 11&amp;apos;, os.arch: &amp;apos;amd64&amp;apos;, os.version: &amp;apos;10.0&amp;apos;, java.version: &amp;apos;17.0.6&amp;apos;
Driver info: org.openqa.selenium.chrome.ChromeDriver
Command: [605aa556b28b7127f8a21654830d964a, findElement {value=//input[@value=&amp;apos;Mrs&amp;apos;], using=xpath}]
Capabilities {acceptInsecureCerts: false, browserName: chrome, browserVersion: 136.0.7103.93, chrome: {chromedriverVersion: 136.0.7103.92 (cb81a4cc5087..., userDataDir: C:\Users\krant\AppData\Loca...}, fedcm:accounts: true, goog:chromeOptions: {debuggerAddress: localhost:54036}, networkConnectionEnabled: false, pageLoadStrategy: normal, platformName: windows, proxy: Proxy(), se:cdp: ws://localhost:54036/devtoo..., se:cdpVersion: 136.0.7103.93, setWindowRect: true, strictFileInteractability: false, timeouts: {implicit: 0, pageLoad: 300000, script: 30000}, unhandledPromptBehavior: dismiss and notify, webauthn:extension:credBlob: true, webauthn:extension:largeBlob: true, webauthn:extension:minPinLength: true, webauthn:extension:prf: true, webauthn:virtualAuthenticators: true}
Session ID: 605aa556b28b7127f8a21654830d964a">
      <![CDATA[org.openqa.selenium.NoSuchElementException: no such element: Unable to locate element: {"method":"xpath","selector":"//input[@value='Mrs']"}
  (Session info: chrome=136.0.7103.93)
For documentation on this error, please visit: https://www.selenium.dev/documentation/webdriver/troubleshooting/errors#no-such-element-exception
Build info: version: '4.31.0', revision: '1ef9f18787*'
System info: os.name: 'Windows 11', os.arch: 'amd64', os.version: '10.0', java.version: '17.0.6'
Driver info: org.openqa.selenium.chrome.ChromeDriver
Command: [605aa556b28b7127f8a21654830d964a, findElement {value=//input[@value='Mrs'], using=xpath}]
Capabilities {acceptInsecureCerts: false, browserName: chrome, browserVersion: 136.0.7103.93, chrome: {chromedriverVersion: 136.0.7103.92 (cb81a4cc5087..., userDataDir: C:\Users\krant\AppData\Loca...}, fedcm:accounts: true, goog:chromeOptions: {debuggerAddress: localhost:54036}, networkConnectionEnabled: false, pageLoadStrategy: normal, platformName: windows, proxy: Proxy(), se:cdp: ws://localhost:54036/devtoo..., se:cdpVersion: 136.0.7103.93, setWindowRect: true, strictFileInteractability: false, timeouts: {implicit: 0, pageLoad: 300000, script: 30000}, unhandledPromptBehavior: dismiss and notify, webauthn:extension:credBlob: true, webauthn:extension:largeBlob: true, webauthn:extension:minPinLength: true, webauthn:extension:prf: true, webauthn:virtualAuthenticators: true}
Session ID: 605aa556b28b7127f8a21654830d964a
at org.openqa.selenium.remote.ErrorCodec.decode(ErrorCodec.java:167)
at org.openqa.selenium.remote.codec.w3c.W3CHttpResponseCodec.decode(W3CHttpResponseCodec.java:138)
at org.openqa.selenium.remote.codec.w3c.W3CHttpResponseCodec.decode(W3CHttpResponseCodec.java:50)
at org.openqa.selenium.remote.HttpCommandExecutor.execute(HttpCommandExecutor.java:215)
at org.openqa.selenium.remote.service.DriverCommandExecutor.invokeExecute(DriverCommandExecutor.java:216)
at org.openqa.selenium.remote.service.DriverCommandExecutor.execute(DriverCommandExecutor.java:174)
at org.openqa.selenium.remote.RemoteWebDriver.execute(RemoteWebDriver.java:545)
at org.openqa.selenium.remote.ElementLocation$ElementFinder$2.findElement(ElementLocation.java:165)
at org.openqa.selenium.remote.ElementLocation.findElement(ElementLocation.java:59)
at org.openqa.selenium.remote.RemoteWebDriver.findElement(RemoteWebDriver.java:368)
at org.openqa.selenium.remote.RemoteWebDriver.findElement(RemoteWebDriver.java:362)
at org.openqa.selenium.support.pagefactory.DefaultElementLocator.findElement(DefaultElementLocator.java:68)
at org.openqa.selenium.support.pagefactory.internal.LocatingElementHandler.invoke(LocatingElementHandler.java:38)
at jdk.proxy2/jdk.proxy2.$Proxy13.click(Unknown Source)
at GenericRepository.BaseConfig.UserCreation(BaseConfig.java:111)
at product_test.Testcase_02.LoginUser_with_correct_email_and_password(Testcase_02.java:15)
at java.base/java.util.ArrayList.forEach(ArrayList.java:1511)
... Removed 32 stack frames]]>
    </failure>
  </testcase> <!-- LoginUser_with_correct_email_and_password -->
  <testcase classname="product_test.Testcase_24" name="Downloadinvoiceafterpurchaseorder" time="42.779"/>
  <testcase classname="product_test.Testcase_03" name="Login_User_with_incorrect_email_and_password" time="3.413"/>
  <testcase classname="product_test.Testcase_25" name="Verifyscrollupusingarrowbuttonandscrolldownfunctionality" time="0.62"/>
  <testcase classname="product_test.Testcase_04" name="Logout_User" time="7.161"/>
  <testcase classname="product_test.Testcase_26" name="Verifyscrollupwithoutarrowbuttonandscrolldownfunctionality" time="7.466"/>
  <testcase classname="product_test.Testcase_05" name="Register_User_with_existing_email" time="3.6"/>
  <testcase classname="product_test.Testcase_06" name="Contact_Us_Form" time="12.529">
    <failure type="java.lang.NullPointerException">
      <![CDATA[java.lang.NullPointerException
at java.base/java.io.File.<init>(File.java:278)
at product_test.Testcase_06.Contact_Us_Form(Testcase_06.java:65)
at java.base/java.util.ArrayList.forEach(ArrayList.java:1511)
... Removed 27 stack frames]]>
    </failure>
  </testcase> <!-- Contact_Us_Form -->
  <testcase classname="product_test.Testcase_07" name="Verify_Test_Cases_Page" time="1.528"/>
  <testcase classname="product_test.Testcase_08" name="VerifyAll_Products_and_product_detail_page" time="10.864"/>
  <testcase classname="product_test.Testcase_09" name="SearchProduct" time="9.064"/>
</testsuite> <!-- Test -->
