<?xml version="1.0" encoding="UTF-8"?>
<testng-results ignored="0" total="26" passed="15" failed="11" skipped="0">
  <reporter-output>
    <line>
      <![CDATA[BrowserSetup: chrome Successfull]]>
    </line>
    <line>
      <![CDATA[Closebrowser Successfull]]>
    </line>
    <line>
      <![CDATA[BrowserSetup: chrome Successfull]]>
    </line>
    <line>
      <![CDATA[Closebrowser Successfull]]>
    </line>
    <line>
      <![CDATA[BrowserSetup: chrome Successfull]]>
    </line>
    <line>
      <![CDATA[Closebrowser Successfull]]>
    </line>
    <line>
      <![CDATA[BrowserSetup: chrome Successfull]]>
    </line>
    <line>
      <![CDATA[Closebrowser Successfull]]>
    </line>
    <line>
      <![CDATA[BrowserSetup: chrome Successfull]]>
    </line>
    <line>
      <![CDATA[Closebrowser Successfull]]>
    </line>
    <line>
      <![CDATA[BrowserSetup: chrome Successfull]]>
    </line>
    <line>
      <![CDATA[Closebrowser Successfull]]>
    </line>
    <line>
      <![CDATA[BrowserSetup: chrome Successfull]]>
    </line>
    <line>
      <![CDATA[Closebrowser Successfull]]>
    </line>
    <line>
      <![CDATA[BrowserSetup: chrome Successfull]]>
    </line>
    <line>
      <![CDATA[Closebrowser Successfull]]>
    </line>
    <line>
      <![CDATA[BrowserSetup: chrome Successfull]]>
    </line>
    <line>
      <![CDATA[Closebrowser Successfull]]>
    </line>
    <line>
      <![CDATA[BrowserSetup: chrome Successfull]]>
    </line>
    <line>
      <![CDATA[Closebrowser Successfull]]>
    </line>
    <line>
      <![CDATA[BrowserSetup: chrome Successfull]]>
    </line>
    <line>
      <![CDATA[Closebrowser Successfull]]>
    </line>
    <line>
      <![CDATA[BrowserSetup: chrome Successfull]]>
    </line>
    <line>
      <![CDATA[Closebrowser Successfull]]>
    </line>
    <line>
      <![CDATA[BrowserSetup: chrome Successfull]]>
    </line>
    <line>
      <![CDATA[Closebrowser Successfull]]>
    </line>
    <line>
      <![CDATA[BrowserSetup: chrome Successfull]]>
    </line>
    <line>
      <![CDATA[Closebrowser Successfull]]>
    </line>
    <line>
      <![CDATA[BrowserSetup: chrome Successfull]]>
    </line>
    <line>
      <![CDATA[Closebrowser Successfull]]>
    </line>
    <line>
      <![CDATA[BrowserSetup: chrome Successfull]]>
    </line>
    <line>
      <![CDATA[Closebrowser Successfull]]>
    </line>
    <line>
      <![CDATA[BrowserSetup: chrome Successfull]]>
    </line>
    <line>
      <![CDATA[Closebrowser Successfull]]>
    </line>
    <line>
      <![CDATA[BrowserSetup: chrome Successfull]]>
    </line>
    <line>
      <![CDATA[Closebrowser Successfull]]>
    </line>
    <line>
      <![CDATA[BrowserSetup: chrome Successfull]]>
    </line>
    <line>
      <![CDATA[Closebrowser Successfull]]>
    </line>
    <line>
      <![CDATA[BrowserSetup: chrome Successfull]]>
    </line>
    <line>
      <![CDATA[Closebrowser Successfull]]>
    </line>
    <line>
      <![CDATA[BrowserSetup: chrome Successfull]]>
    </line>
    <line>
      <![CDATA[Closebrowser Successfull]]>
    </line>
    <line>
      <![CDATA[BrowserSetup: chrome Successfull]]>
    </line>
    <line>
      <![CDATA[Closebrowser Successfull]]>
    </line>
    <line>
      <![CDATA[BrowserSetup: chrome Successfull]]>
    </line>
    <line>
      <![CDATA[Closebrowser Successfull]]>
    </line>
    <line>
      <![CDATA[BrowserSetup: chrome Successfull]]>
    </line>
    <line>
      <![CDATA[Closebrowser Successfull]]>
    </line>
    <line>
      <![CDATA[BrowserSetup: chrome Successfull]]>
    </line>
    <line>
      <![CDATA[Closebrowser Successfull]]>
    </line>
    <line>
      <![CDATA[BrowserSetup: chrome Successfull]]>
    </line>
    <line>
      <![CDATA[Closebrowser Successfull]]>
    </line>
  </reporter-output>
  <suite started-at="2025-05-12T10:23:28 IST" name="RegressionSuite" finished-at="2025-05-12T10:34:45 IST" duration-ms="676814">
    <groups>
    </groups>
    <test started-at="2025-05-12T10:23:28 IST" name="Test" finished-at="2025-05-12T10:34:45 IST" duration-ms="676814">
      <class name="product_test.Testcase_01">
        <test-method is-config="true" signature="browserSetup(java.lang.String,java.lang.String)[pri:0, instance:product_test.Testcase_01@710c2b53]" started-at="2025-05-12T10:30:11 IST" name="browserSetup" finished-at="2025-05-12T10:30:31 IST" duration-ms="19735" status="PASS">
          <params>
            <param index="0">
              <value>
                <![CDATA[chrome]]>
              </value>
            </param>
            <param index="1">
              <value>
                <![CDATA[User1]]>
              </value>
            </param>
          </params>
          <reporter-output>
            <line>
              <![CDATA[BrowserSetup: chrome Successfull]]>
            </line>
          </reporter-output>
        </test-method> <!-- browserSetup -->
        <test-method signature="Register_User()[pri:0, instance:product_test.Testcase_01@710c2b53]" started-at="2025-05-12T10:30:31 IST" name="Register_User" finished-at="2025-05-12T10:30:45 IST" duration-ms="14065" status="FAIL">
          <exception class="org.openqa.selenium.NoSuchElementException">
            <message>
              <![CDATA[no such element: Unable to locate element: {"method":"xpath","selector":"//b[text()='Enter Account Information']"}
  (Session info: chrome=136.0.7103.93)
For documentation on this error, please visit: https://www.selenium.dev/documentation/webdriver/troubleshooting/errors#no-such-element-exception
Build info: version: '4.31.0', revision: '1ef9f18787*'
System info: os.name: 'Windows 11', os.arch: 'amd64', os.version: '10.0', java.version: '17.0.6'
Driver info: org.openqa.selenium.chrome.ChromeDriver
Command: [e565c6e3f3ce14ff031463eae43d050f, findElement {value=//b[text()='Enter Account Information'], using=xpath}]
Capabilities {acceptInsecureCerts: false, browserName: chrome, browserVersion: 136.0.7103.93, chrome: {chromedriverVersion: 136.0.7103.92 (cb81a4cc5087..., userDataDir: C:\Users\krant\AppData\Loca...}, fedcm:accounts: true, goog:chromeOptions: {debuggerAddress: localhost:53081}, networkConnectionEnabled: false, pageLoadStrategy: normal, platformName: windows, proxy: Proxy(), se:cdp: ws://localhost:53081/devtoo..., se:cdpVersion: 136.0.7103.93, setWindowRect: true, strictFileInteractability: false, timeouts: {implicit: 0, pageLoad: 300000, script: 30000}, unhandledPromptBehavior: dismiss and notify, webauthn:extension:credBlob: true, webauthn:extension:largeBlob: true, webauthn:extension:minPinLength: true, webauthn:extension:prf: true, webauthn:virtualAuthenticators: true}
Session ID: e565c6e3f3ce14ff031463eae43d050f]]>
            </message>
            <full-stacktrace>
              <![CDATA[org.openqa.selenium.NoSuchElementException: no such element: Unable to locate element: {"method":"xpath","selector":"//b[text()='Enter Account Information']"}
  (Session info: chrome=136.0.7103.93)
For documentation on this error, please visit: https://www.selenium.dev/documentation/webdriver/troubleshooting/errors#no-such-element-exception
Build info: version: '4.31.0', revision: '1ef9f18787*'
System info: os.name: 'Windows 11', os.arch: 'amd64', os.version: '10.0', java.version: '17.0.6'
Driver info: org.openqa.selenium.chrome.ChromeDriver
Command: [e565c6e3f3ce14ff031463eae43d050f, findElement {value=//b[text()='Enter Account Information'], using=xpath}]
Capabilities {acceptInsecureCerts: false, browserName: chrome, browserVersion: 136.0.7103.93, chrome: {chromedriverVersion: 136.0.7103.92 (cb81a4cc5087..., userDataDir: C:\Users\krant\AppData\Loca...}, fedcm:accounts: true, goog:chromeOptions: {debuggerAddress: localhost:53081}, networkConnectionEnabled: false, pageLoadStrategy: normal, platformName: windows, proxy: Proxy(), se:cdp: ws://localhost:53081/devtoo..., se:cdpVersion: 136.0.7103.93, setWindowRect: true, strictFileInteractability: false, timeouts: {implicit: 0, pageLoad: 300000, script: 30000}, unhandledPromptBehavior: dismiss and notify, webauthn:extension:credBlob: true, webauthn:extension:largeBlob: true, webauthn:extension:minPinLength: true, webauthn:extension:prf: true, webauthn:virtualAuthenticators: true}
Session ID: e565c6e3f3ce14ff031463eae43d050f
at java.base/jdk.internal.reflect.NativeConstructorAccessorImpl.newInstance0(Native Method)
at java.base/jdk.internal.reflect.NativeConstructorAccessorImpl.newInstance(NativeConstructorAccessorImpl.java:77)
at java.base/jdk.internal.reflect.DelegatingConstructorAccessorImpl.newInstance(DelegatingConstructorAccessorImpl.java:45)
at java.base/java.lang.reflect.Constructor.newInstanceWithCaller(Constructor.java:499)
at java.base/java.lang.reflect.Constructor.newInstance(Constructor.java:480)
at org.openqa.selenium.remote.ErrorCodec.decode(ErrorCodec.java:167)
at org.openqa.selenium.remote.codec.w3c.W3CHttpResponseCodec.decode(W3CHttpResponseCodec.java:138)
at org.openqa.selenium.remote.codec.w3c.W3CHttpResponseCodec.decode(W3CHttpResponseCodec.java:50)
at org.openqa.selenium.remote.HttpCommandExecutor.execute(HttpCommandExecutor.java:215)
at org.openqa.selenium.remote.service.DriverCommandExecutor.invokeExecute(DriverCommandExecutor.java:216)
at org.openqa.selenium.remote.service.DriverCommandExecutor.execute(DriverCommandExecutor.java:174)
at org.openqa.selenium.remote.RemoteWebDriver.execute(RemoteWebDriver.java:545)
at org.openqa.selenium.remote.ElementLocation$ElementFinder$2.findElement(ElementLocation.java:165)
at org.openqa.selenium.remote.ElementLocation.findElement(ElementLocation.java:59)
at org.openqa.selenium.remote.RemoteWebDriver.findElement(RemoteWebDriver.java:368)
at org.openqa.selenium.remote.RemoteWebDriver.findElement(RemoteWebDriver.java:362)
at org.openqa.selenium.support.pagefactory.DefaultElementLocator.findElement(DefaultElementLocator.java:68)
at org.openqa.selenium.support.pagefactory.internal.LocatingElementHandler.invoke(LocatingElementHandler.java:38)
at jdk.proxy2/jdk.proxy2.$Proxy13.isDisplayed(Unknown Source)
at product_test.Testcase_01.Register_User(Testcase_01.java:71)
at java.base/jdk.internal.reflect.NativeMethodAccessorImpl.invoke0(Native Method)
at java.base/jdk.internal.reflect.NativeMethodAccessorImpl.invoke(NativeMethodAccessorImpl.java:77)
at java.base/jdk.internal.reflect.DelegatingMethodAccessorImpl.invoke(DelegatingMethodAccessorImpl.java:43)
at java.base/java.lang.reflect.Method.invoke(Method.java:568)
at org.testng.internal.invokers.MethodInvocationHelper.invokeMethod(MethodInvocationHelper.java:141)
at org.testng.internal.invokers.TestInvoker.invokeMethod(TestInvoker.java:686)
at org.testng.internal.invokers.TestInvoker.invokeTestMethod(TestInvoker.java:230)
at org.testng.internal.invokers.MethodRunner.runInSequence(MethodRunner.java:63)
at org.testng.internal.invokers.TestInvoker$MethodInvocationAgent.invoke(TestInvoker.java:992)
at org.testng.internal.invokers.TestInvoker.invokeTestMethods(TestInvoker.java:203)
at org.testng.internal.invokers.TestMethodWorker.invokeTestMethods(TestMethodWorker.java:154)
at org.testng.internal.invokers.TestMethodWorker.run(TestMethodWorker.java:134)
at java.base/java.util.ArrayList.forEach(ArrayList.java:1511)
at org.testng.TestRunner.privateRun(TestRunner.java:739)
at org.testng.TestRunner.run(TestRunner.java:614)
at org.testng.SuiteRunner.runTest(SuiteRunner.java:421)
at org.testng.SuiteRunner.runSequentially(SuiteRunner.java:413)
at org.testng.SuiteRunner.privateRun(SuiteRunner.java:373)
at org.testng.SuiteRunner.run(SuiteRunner.java:312)
at org.testng.SuiteRunnerWorker.runSuite(SuiteRunnerWorker.java:52)
at org.testng.SuiteRunnerWorker.run(SuiteRunnerWorker.java:95)
at org.testng.TestNG.runSuitesSequentially(TestNG.java:1274)
at org.testng.TestNG.runSuitesLocally(TestNG.java:1208)
at org.testng.TestNG.runSuites(TestNG.java:1112)
at org.testng.TestNG.run(TestNG.java:1079)
at org.testng.remote.AbstractRemoteTestNG.run(AbstractRemoteTestNG.java:115)
at org.testng.remote.RemoteTestNG.initAndRun(RemoteTestNG.java:293)
at org.testng.remote.RemoteTestNG.main(RemoteTestNG.java:91)
]]>
            </full-stacktrace>
          </exception> <!-- org.openqa.selenium.NoSuchElementException -->
          <reporter-output>
          </reporter-output>
        </test-method> <!-- Register_User -->
        <test-method is-config="true" signature="closebrowser()[pri:0, instance:product_test.Testcase_01@710c2b53]" started-at="2025-05-12T10:30:45 IST" name="closebrowser" finished-at="2025-05-12T10:30:45 IST" duration-ms="405" status="PASS">
          <reporter-output>
            <line>
              <![CDATA[Closebrowser Successfull]]>
            </line>
          </reporter-output>
        </test-method> <!-- closebrowser -->
      </class> <!-- product_test.Testcase_01 -->
      <class name="product_test.Testcase_23">
        <test-method is-config="true" signature="browserSetup(java.lang.String,java.lang.String)[pri:0, instance:product_test.Testcase_23@5386659f]" started-at="2025-05-12T10:30:45 IST" name="browserSetup" finished-at="2025-05-12T10:30:51 IST" duration-ms="5622" status="PASS">
          <params>
            <param index="0">
              <value>
                <![CDATA[chrome]]>
              </value>
            </param>
            <param index="1">
              <value>
                <![CDATA[User1]]>
              </value>
            </param>
          </params>
          <reporter-output>
            <line>
              <![CDATA[BrowserSetup: chrome Successfull]]>
            </line>
          </reporter-output>
        </test-method> <!-- browserSetup -->
        <test-method signature="Verifyaddressdetailsincheckoutpage()[pri:0, instance:product_test.Testcase_23@5386659f]" started-at="2025-05-12T10:30:51 IST" name="Verifyaddressdetailsincheckoutpage" finished-at="2025-05-12T10:31:19 IST" duration-ms="28836" status="PASS">
          <reporter-output>
          </reporter-output>
        </test-method> <!-- Verifyaddressdetailsincheckoutpage -->
        <test-method is-config="true" signature="closebrowser()[pri:0, instance:product_test.Testcase_23@5386659f]" started-at="2025-05-12T10:31:19 IST" name="closebrowser" finished-at="2025-05-12T10:31:19 IST" duration-ms="1" status="PASS">
          <reporter-output>
            <line>
              <![CDATA[Closebrowser Successfull]]>
            </line>
          </reporter-output>
        </test-method> <!-- closebrowser -->
      </class> <!-- product_test.Testcase_23 -->
      <class name="product_test.Testcase_02">
        <test-method is-config="true" signature="browserSetup(java.lang.String,java.lang.String)[pri:0, instance:product_test.Testcase_02@14028087]" started-at="2025-05-12T10:31:19 IST" name="browserSetup" finished-at="2025-05-12T10:31:25 IST" duration-ms="5940" status="PASS">
          <params>
            <param index="0">
              <value>
                <![CDATA[chrome]]>
              </value>
            </param>
            <param index="1">
              <value>
                <![CDATA[User1]]>
              </value>
            </param>
          </params>
          <reporter-output>
            <line>
              <![CDATA[BrowserSetup: chrome Successfull]]>
            </line>
          </reporter-output>
        </test-method> <!-- browserSetup -->
        <test-method signature="LoginUser_with_correct_email_and_password()[pri:0, instance:product_test.Testcase_02@14028087]" started-at="2025-05-12T10:31:25 IST" name="LoginUser_with_correct_email_and_password" finished-at="2025-05-12T10:31:39 IST" duration-ms="13780" status="FAIL">
          <exception class="org.openqa.selenium.NoSuchElementException">
            <message>
              <![CDATA[no such element: Unable to locate element: {"method":"xpath","selector":"//input[@value='Mrs']"}
  (Session info: chrome=136.0.7103.93)
For documentation on this error, please visit: https://www.selenium.dev/documentation/webdriver/troubleshooting/errors#no-such-element-exception
Build info: version: '4.31.0', revision: '1ef9f18787*'
System info: os.name: 'Windows 11', os.arch: 'amd64', os.version: '10.0', java.version: '17.0.6'
Driver info: org.openqa.selenium.chrome.ChromeDriver
Command: [605aa556b28b7127f8a21654830d964a, findElement {value=//input[@value='Mrs'], using=xpath}]
Capabilities {acceptInsecureCerts: false, browserName: chrome, browserVersion: 136.0.7103.93, chrome: {chromedriverVersion: 136.0.7103.92 (cb81a4cc5087..., userDataDir: C:\Users\krant\AppData\Loca...}, fedcm:accounts: true, goog:chromeOptions: {debuggerAddress: localhost:54036}, networkConnectionEnabled: false, pageLoadStrategy: normal, platformName: windows, proxy: Proxy(), se:cdp: ws://localhost:54036/devtoo..., se:cdpVersion: 136.0.7103.93, setWindowRect: true, strictFileInteractability: false, timeouts: {implicit: 0, pageLoad: 300000, script: 30000}, unhandledPromptBehavior: dismiss and notify, webauthn:extension:credBlob: true, webauthn:extension:largeBlob: true, webauthn:extension:minPinLength: true, webauthn:extension:prf: true, webauthn:virtualAuthenticators: true}
Session ID: 605aa556b28b7127f8a21654830d964a]]>
            </message>
            <full-stacktrace>
              <![CDATA[org.openqa.selenium.NoSuchElementException: no such element: Unable to locate element: {"method":"xpath","selector":"//input[@value='Mrs']"}
  (Session info: chrome=136.0.7103.93)
For documentation on this error, please visit: https://www.selenium.dev/documentation/webdriver/troubleshooting/errors#no-such-element-exception
Build info: version: '4.31.0', revision: '1ef9f18787*'
System info: os.name: 'Windows 11', os.arch: 'amd64', os.version: '10.0', java.version: '17.0.6'
Driver info: org.openqa.selenium.chrome.ChromeDriver
Command: [605aa556b28b7127f8a21654830d964a, findElement {value=//input[@value='Mrs'], using=xpath}]
Capabilities {acceptInsecureCerts: false, browserName: chrome, browserVersion: 136.0.7103.93, chrome: {chromedriverVersion: 136.0.7103.92 (cb81a4cc5087..., userDataDir: C:\Users\krant\AppData\Loca...}, fedcm:accounts: true, goog:chromeOptions: {debuggerAddress: localhost:54036}, networkConnectionEnabled: false, pageLoadStrategy: normal, platformName: windows, proxy: Proxy(), se:cdp: ws://localhost:54036/devtoo..., se:cdpVersion: 136.0.7103.93, setWindowRect: true, strictFileInteractability: false, timeouts: {implicit: 0, pageLoad: 300000, script: 30000}, unhandledPromptBehavior: dismiss and notify, webauthn:extension:credBlob: true, webauthn:extension:largeBlob: true, webauthn:extension:minPinLength: true, webauthn:extension:prf: true, webauthn:virtualAuthenticators: true}
Session ID: 605aa556b28b7127f8a21654830d964a
at java.base/jdk.internal.reflect.NativeConstructorAccessorImpl.newInstance0(Native Method)
at java.base/jdk.internal.reflect.NativeConstructorAccessorImpl.newInstance(NativeConstructorAccessorImpl.java:77)
at java.base/jdk.internal.reflect.DelegatingConstructorAccessorImpl.newInstance(DelegatingConstructorAccessorImpl.java:45)
at java.base/java.lang.reflect.Constructor.newInstanceWithCaller(Constructor.java:499)
at java.base/java.lang.reflect.Constructor.newInstance(Constructor.java:480)
at org.openqa.selenium.remote.ErrorCodec.decode(ErrorCodec.java:167)
at org.openqa.selenium.remote.codec.w3c.W3CHttpResponseCodec.decode(W3CHttpResponseCodec.java:138)
at org.openqa.selenium.remote.codec.w3c.W3CHttpResponseCodec.decode(W3CHttpResponseCodec.java:50)
at org.openqa.selenium.remote.HttpCommandExecutor.execute(HttpCommandExecutor.java:215)
at org.openqa.selenium.remote.service.DriverCommandExecutor.invokeExecute(DriverCommandExecutor.java:216)
at org.openqa.selenium.remote.service.DriverCommandExecutor.execute(DriverCommandExecutor.java:174)
at org.openqa.selenium.remote.RemoteWebDriver.execute(RemoteWebDriver.java:545)
at org.openqa.selenium.remote.ElementLocation$ElementFinder$2.findElement(ElementLocation.java:165)
at org.openqa.selenium.remote.ElementLocation.findElement(ElementLocation.java:59)
at org.openqa.selenium.remote.RemoteWebDriver.findElement(RemoteWebDriver.java:368)
at org.openqa.selenium.remote.RemoteWebDriver.findElement(RemoteWebDriver.java:362)
at org.openqa.selenium.support.pagefactory.DefaultElementLocator.findElement(DefaultElementLocator.java:68)
at org.openqa.selenium.support.pagefactory.internal.LocatingElementHandler.invoke(LocatingElementHandler.java:38)
at jdk.proxy2/jdk.proxy2.$Proxy13.click(Unknown Source)
at GenericRepository.BaseConfig.UserCreation(BaseConfig.java:111)
at product_test.Testcase_02.LoginUser_with_correct_email_and_password(Testcase_02.java:15)
at java.base/jdk.internal.reflect.NativeMethodAccessorImpl.invoke0(Native Method)
at java.base/jdk.internal.reflect.NativeMethodAccessorImpl.invoke(NativeMethodAccessorImpl.java:77)
at java.base/jdk.internal.reflect.DelegatingMethodAccessorImpl.invoke(DelegatingMethodAccessorImpl.java:43)
at java.base/java.lang.reflect.Method.invoke(Method.java:568)
at org.testng.internal.invokers.MethodInvocationHelper.invokeMethod(MethodInvocationHelper.java:141)
at org.testng.internal.invokers.TestInvoker.invokeMethod(TestInvoker.java:686)
at org.testng.internal.invokers.TestInvoker.invokeTestMethod(TestInvoker.java:230)
at org.testng.internal.invokers.MethodRunner.runInSequence(MethodRunner.java:63)
at org.testng.internal.invokers.TestInvoker$MethodInvocationAgent.invoke(TestInvoker.java:992)
at org.testng.internal.invokers.TestInvoker.invokeTestMethods(TestInvoker.java:203)
at org.testng.internal.invokers.TestMethodWorker.invokeTestMethods(TestMethodWorker.java:154)
at org.testng.internal.invokers.TestMethodWorker.run(TestMethodWorker.java:134)
at java.base/java.util.ArrayList.forEach(ArrayList.java:1511)
at org.testng.TestRunner.privateRun(TestRunner.java:739)
at org.testng.TestRunner.run(TestRunner.java:614)
at org.testng.SuiteRunner.runTest(SuiteRunner.java:421)
at org.testng.SuiteRunner.runSequentially(SuiteRunner.java:413)
at org.testng.SuiteRunner.privateRun(SuiteRunner.java:373)
at org.testng.SuiteRunner.run(SuiteRunner.java:312)
at org.testng.SuiteRunnerWorker.runSuite(SuiteRunnerWorker.java:52)
at org.testng.SuiteRunnerWorker.run(SuiteRunnerWorker.java:95)
at org.testng.TestNG.runSuitesSequentially(TestNG.java:1274)
at org.testng.TestNG.runSuitesLocally(TestNG.java:1208)
at org.testng.TestNG.runSuites(TestNG.java:1112)
at org.testng.TestNG.run(TestNG.java:1079)
at org.testng.remote.AbstractRemoteTestNG.run(AbstractRemoteTestNG.java:115)
at org.testng.remote.RemoteTestNG.initAndRun(RemoteTestNG.java:293)
at org.testng.remote.RemoteTestNG.main(RemoteTestNG.java:91)
]]>
            </full-stacktrace>
          </exception> <!-- org.openqa.selenium.NoSuchElementException -->
          <reporter-output>
          </reporter-output>
        </test-method> <!-- LoginUser_with_correct_email_and_password -->
        <test-method is-config="true" signature="closebrowser()[pri:0, instance:product_test.Testcase_02@14028087]" started-at="2025-05-12T10:31:39 IST" name="closebrowser" finished-at="2025-05-12T10:31:40 IST" duration-ms="451" status="PASS">
          <reporter-output>
            <line>
              <![CDATA[Closebrowser Successfull]]>
            </line>
          </reporter-output>
        </test-method> <!-- closebrowser -->
      </class> <!-- product_test.Testcase_02 -->
      <class name="product_test.Testcase_24">
        <test-method is-config="true" signature="browserSetup(java.lang.String,java.lang.String)[pri:0, instance:product_test.Testcase_24@cecf639]" started-at="2025-05-12T10:31:40 IST" name="browserSetup" finished-at="2025-05-12T10:31:46 IST" duration-ms="6299" status="PASS">
          <params>
            <param index="0">
              <value>
                <![CDATA[chrome]]>
              </value>
            </param>
            <param index="1">
              <value>
                <![CDATA[User1]]>
              </value>
            </param>
          </params>
          <reporter-output>
            <line>
              <![CDATA[BrowserSetup: chrome Successfull]]>
            </line>
          </reporter-output>
        </test-method> <!-- browserSetup -->
        <test-method signature="Downloadinvoiceafterpurchaseorder()[pri:0, instance:product_test.Testcase_24@cecf639]" started-at="2025-05-12T10:31:46 IST" name="Downloadinvoiceafterpurchaseorder" finished-at="2025-05-12T10:32:29 IST" duration-ms="42779" status="PASS">
          <reporter-output>
          </reporter-output>
        </test-method> <!-- Downloadinvoiceafterpurchaseorder -->
        <test-method is-config="true" signature="closebrowser()[pri:0, instance:product_test.Testcase_24@cecf639]" started-at="2025-05-12T10:32:29 IST" name="closebrowser" finished-at="2025-05-12T10:32:29 IST" duration-ms="0" status="PASS">
          <reporter-output>
            <line>
              <![CDATA[Closebrowser Successfull]]>
            </line>
          </reporter-output>
        </test-method> <!-- closebrowser -->
      </class> <!-- product_test.Testcase_24 -->
      <class name="product_test.Testcase_21">
        <test-method is-config="true" signature="browserSetup(java.lang.String,java.lang.String)[pri:0, instance:product_test.Testcase_21@6fa51cd4]" started-at="2025-05-12T10:29:48 IST" name="browserSetup" finished-at="2025-05-12T10:29:55 IST" duration-ms="6291" status="PASS">
          <params>
            <param index="0">
              <value>
                <![CDATA[chrome]]>
              </value>
            </param>
            <param index="1">
              <value>
                <![CDATA[User1]]>
              </value>
            </param>
          </params>
          <reporter-output>
            <line>
              <![CDATA[BrowserSetup: chrome Successfull]]>
            </line>
          </reporter-output>
        </test-method> <!-- browserSetup -->
        <test-method signature="review()[pri:0, instance:product_test.Testcase_21@6fa51cd4]" started-at="2025-05-12T10:29:55 IST" name="review" finished-at="2025-05-12T10:30:01 IST" duration-ms="6460" status="PASS">
          <reporter-output>
          </reporter-output>
        </test-method> <!-- review -->
        <test-method is-config="true" signature="closebrowser()[pri:0, instance:product_test.Testcase_21@6fa51cd4]" started-at="2025-05-12T10:30:01 IST" name="closebrowser" finished-at="2025-05-12T10:30:01 IST" duration-ms="0" status="PASS">
          <reporter-output>
            <line>
              <![CDATA[Closebrowser Successfull]]>
            </line>
          </reporter-output>
        </test-method> <!-- closebrowser -->
      </class> <!-- product_test.Testcase_21 -->
      <class name="product_test.Testcase_22">
        <test-method is-config="true" signature="browserSetup(java.lang.String,java.lang.String)[pri:0, instance:product_test.Testcase_22@2767e23c]" started-at="2025-05-12T10:30:01 IST" name="browserSetup" finished-at="2025-05-12T10:30:07 IST" duration-ms="5995" status="PASS">
          <params>
            <param index="0">
              <value>
                <![CDATA[chrome]]>
              </value>
            </param>
            <param index="1">
              <value>
                <![CDATA[User1]]>
              </value>
            </param>
          </params>
          <reporter-output>
            <line>
              <![CDATA[BrowserSetup: chrome Successfull]]>
            </line>
          </reporter-output>
        </test-method> <!-- browserSetup -->
        <test-method signature="Addtocartfromtherecommendeditems()[pri:0, instance:product_test.Testcase_22@2767e23c]" started-at="2025-05-12T10:30:07 IST" name="Addtocartfromtherecommendeditems" finished-at="2025-05-12T10:30:11 IST" duration-ms="3771" status="PASS">
          <reporter-output>
          </reporter-output>
        </test-method> <!-- Addtocartfromtherecommendeditems -->
        <test-method is-config="true" signature="closebrowser()[pri:0, instance:product_test.Testcase_22@2767e23c]" started-at="2025-05-12T10:30:11 IST" name="closebrowser" finished-at="2025-05-12T10:30:11 IST" duration-ms="0" status="PASS">
          <reporter-output>
            <line>
              <![CDATA[Closebrowser Successfull]]>
            </line>
          </reporter-output>
        </test-method> <!-- closebrowser -->
      </class> <!-- product_test.Testcase_22 -->
      <class name="product_test.Testcase_05">
        <test-method is-config="true" signature="browserSetup(java.lang.String,java.lang.String)[pri:0, instance:product_test.Testcase_05@5b247367]" started-at="2025-05-12T10:33:14 IST" name="browserSetup" finished-at="2025-05-12T10:33:22 IST" duration-ms="8253" status="PASS">
          <params>
            <param index="0">
              <value>
                <![CDATA[chrome]]>
              </value>
            </param>
            <param index="1">
              <value>
                <![CDATA[User1]]>
              </value>
            </param>
          </params>
          <reporter-output>
            <line>
              <![CDATA[BrowserSetup: chrome Successfull]]>
            </line>
          </reporter-output>
        </test-method> <!-- browserSetup -->
        <test-method signature="Register_User_with_existing_email()[pri:0, instance:product_test.Testcase_05@5b247367]" started-at="2025-05-12T10:33:22 IST" name="Register_User_with_existing_email" finished-at="2025-05-12T10:33:26 IST" duration-ms="3600" status="PASS">
          <reporter-output>
          </reporter-output>
        </test-method> <!-- Register_User_with_existing_email -->
        <test-method is-config="true" signature="closebrowser()[pri:0, instance:product_test.Testcase_05@5b247367]" started-at="2025-05-12T10:33:26 IST" name="closebrowser" finished-at="2025-05-12T10:33:26 IST" duration-ms="1" status="PASS">
          <reporter-output>
            <line>
              <![CDATA[Closebrowser Successfull]]>
            </line>
          </reporter-output>
        </test-method> <!-- closebrowser -->
      </class> <!-- product_test.Testcase_05 -->
      <class name="product_test.Testcase_06">
        <test-method is-config="true" signature="browserSetup(java.lang.String,java.lang.String)[pri:0, instance:product_test.Testcase_06@268f106e]" started-at="2025-05-12T10:33:26 IST" name="browserSetup" finished-at="2025-05-12T10:33:52 IST" duration-ms="26234" status="PASS">
          <params>
            <param index="0">
              <value>
                <![CDATA[chrome]]>
              </value>
            </param>
            <param index="1">
              <value>
                <![CDATA[User1]]>
              </value>
            </param>
          </params>
          <reporter-output>
            <line>
              <![CDATA[BrowserSetup: chrome Successfull]]>
            </line>
          </reporter-output>
        </test-method> <!-- browserSetup -->
        <test-method signature="Contact_Us_Form()[pri:0, instance:product_test.Testcase_06@268f106e]" started-at="2025-05-12T10:33:52 IST" name="Contact_Us_Form" finished-at="2025-05-12T10:34:04 IST" duration-ms="12529" status="FAIL">
          <exception class="java.lang.NullPointerException">
            <full-stacktrace>
              <![CDATA[java.lang.NullPointerException
at java.base/java.io.File.<init>(File.java:278)
at product_test.Testcase_06.Contact_Us_Form(Testcase_06.java:65)
at java.base/jdk.internal.reflect.NativeMethodAccessorImpl.invoke0(Native Method)
at java.base/jdk.internal.reflect.NativeMethodAccessorImpl.invoke(NativeMethodAccessorImpl.java:77)
at java.base/jdk.internal.reflect.DelegatingMethodAccessorImpl.invoke(DelegatingMethodAccessorImpl.java:43)
at java.base/java.lang.reflect.Method.invoke(Method.java:568)
at org.testng.internal.invokers.MethodInvocationHelper.invokeMethod(MethodInvocationHelper.java:141)
at org.testng.internal.invokers.TestInvoker.invokeMethod(TestInvoker.java:686)
at org.testng.internal.invokers.TestInvoker.invokeTestMethod(TestInvoker.java:230)
at org.testng.internal.invokers.MethodRunner.runInSequence(MethodRunner.java:63)
at org.testng.internal.invokers.TestInvoker$MethodInvocationAgent.invoke(TestInvoker.java:992)
at org.testng.internal.invokers.TestInvoker.invokeTestMethods(TestInvoker.java:203)
at org.testng.internal.invokers.TestMethodWorker.invokeTestMethods(TestMethodWorker.java:154)
at org.testng.internal.invokers.TestMethodWorker.run(TestMethodWorker.java:134)
at java.base/java.util.ArrayList.forEach(ArrayList.java:1511)
at org.testng.TestRunner.privateRun(TestRunner.java:739)
at org.testng.TestRunner.run(TestRunner.java:614)
at org.testng.SuiteRunner.runTest(SuiteRunner.java:421)
at org.testng.SuiteRunner.runSequentially(SuiteRunner.java:413)
at org.testng.SuiteRunner.privateRun(SuiteRunner.java:373)
at org.testng.SuiteRunner.run(SuiteRunner.java:312)
at org.testng.SuiteRunnerWorker.runSuite(SuiteRunnerWorker.java:52)
at org.testng.SuiteRunnerWorker.run(SuiteRunnerWorker.java:95)
at org.testng.TestNG.runSuitesSequentially(TestNG.java:1274)
at org.testng.TestNG.runSuitesLocally(TestNG.java:1208)
at org.testng.TestNG.runSuites(TestNG.java:1112)
at org.testng.TestNG.run(TestNG.java:1079)
at org.testng.remote.AbstractRemoteTestNG.run(AbstractRemoteTestNG.java:115)
at org.testng.remote.RemoteTestNG.initAndRun(RemoteTestNG.java:293)
at org.testng.remote.RemoteTestNG.main(RemoteTestNG.java:91)
]]>
            </full-stacktrace>
          </exception> <!-- java.lang.NullPointerException -->
          <reporter-output>
          </reporter-output>
        </test-method> <!-- Contact_Us_Form -->
        <test-method is-config="true" signature="closebrowser()[pri:0, instance:product_test.Testcase_06@268f106e]" started-at="2025-05-12T10:34:04 IST" name="closebrowser" finished-at="2025-05-12T10:34:05 IST" duration-ms="380" status="PASS">
          <reporter-output>
            <line>
              <![CDATA[Closebrowser Successfull]]>
            </line>
          </reporter-output>
        </test-method> <!-- closebrowser -->
      </class> <!-- product_test.Testcase_06 -->
      <class name="product_test.Testcase_25">
        <test-method is-config="true" signature="browserSetup(java.lang.String,java.lang.String)[pri:0, instance:product_test.Testcase_25@7ce026d3]" started-at="2025-05-12T10:32:40 IST" name="browserSetup" finished-at="2025-05-12T10:32:46 IST" duration-ms="6072" status="PASS">
          <params>
            <param index="0">
              <value>
                <![CDATA[chrome]]>
              </value>
            </param>
            <param index="1">
              <value>
                <![CDATA[User1]]>
              </value>
            </param>
          </params>
          <reporter-output>
            <line>
              <![CDATA[BrowserSetup: chrome Successfull]]>
            </line>
          </reporter-output>
        </test-method> <!-- browserSetup -->
        <test-method signature="Verifyscrollupusingarrowbuttonandscrolldownfunctionality()[pri:0, instance:product_test.Testcase_25@7ce026d3]" started-at="2025-05-12T10:32:46 IST" name="Verifyscrollupusingarrowbuttonandscrolldownfunctionality" finished-at="2025-05-12T10:32:47 IST" duration-ms="620" status="PASS">
          <reporter-output>
          </reporter-output>
        </test-method> <!-- Verifyscrollupusingarrowbuttonandscrolldownfunctionality -->
        <test-method is-config="true" signature="closebrowser()[pri:0, instance:product_test.Testcase_25@7ce026d3]" started-at="2025-05-12T10:32:47 IST" name="closebrowser" finished-at="2025-05-12T10:32:47 IST" duration-ms="0" status="PASS">
          <reporter-output>
            <line>
              <![CDATA[Closebrowser Successfull]]>
            </line>
          </reporter-output>
        </test-method> <!-- closebrowser -->
      </class> <!-- product_test.Testcase_25 -->
      <class name="product_test.Testcase_03">
        <test-method is-config="true" signature="browserSetup(java.lang.String,java.lang.String)[pri:0, instance:product_test.Testcase_03@1caa0244]" started-at="2025-05-12T10:32:29 IST" name="browserSetup" finished-at="2025-05-12T10:32:36 IST" duration-ms="7744" status="PASS">
          <params>
            <param index="0">
              <value>
                <![CDATA[chrome]]>
              </value>
            </param>
            <param index="1">
              <value>
                <![CDATA[User1]]>
              </value>
            </param>
          </params>
          <reporter-output>
            <line>
              <![CDATA[BrowserSetup: chrome Successfull]]>
            </line>
          </reporter-output>
        </test-method> <!-- browserSetup -->
        <test-method signature="Login_User_with_incorrect_email_and_password()[pri:0, instance:product_test.Testcase_03@1caa0244]" started-at="2025-05-12T10:32:36 IST" name="Login_User_with_incorrect_email_and_password" finished-at="2025-05-12T10:32:40 IST" duration-ms="3413" status="PASS">
          <reporter-output>
          </reporter-output>
        </test-method> <!-- Login_User_with_incorrect_email_and_password -->
        <test-method is-config="true" signature="closebrowser()[pri:0, instance:product_test.Testcase_03@1caa0244]" started-at="2025-05-12T10:32:40 IST" name="closebrowser" finished-at="2025-05-12T10:32:40 IST" duration-ms="1" status="PASS">
          <reporter-output>
            <line>
              <![CDATA[Closebrowser Successfull]]>
            </line>
          </reporter-output>
        </test-method> <!-- closebrowser -->
      </class> <!-- product_test.Testcase_03 -->
      <class name="product_test.Testcase_26">
        <test-method is-config="true" signature="browserSetup(java.lang.String,java.lang.String)[pri:0, instance:product_test.Testcase_26@1750fbeb]" started-at="2025-05-12T10:33:00 IST" name="browserSetup" finished-at="2025-05-12T10:33:06 IST" duration-ms="5591" status="PASS">
          <params>
            <param index="0">
              <value>
                <![CDATA[chrome]]>
              </value>
            </param>
            <param index="1">
              <value>
                <![CDATA[User1]]>
              </value>
            </param>
          </params>
          <reporter-output>
            <line>
              <![CDATA[BrowserSetup: chrome Successfull]]>
            </line>
          </reporter-output>
        </test-method> <!-- browserSetup -->
        <test-method signature="Verifyscrollupwithoutarrowbuttonandscrolldownfunctionality()[pri:0, instance:product_test.Testcase_26@1750fbeb]" started-at="2025-05-12T10:33:06 IST" name="Verifyscrollupwithoutarrowbuttonandscrolldownfunctionality" finished-at="2025-05-12T10:33:13 IST" duration-ms="7466" status="PASS">
          <reporter-output>
          </reporter-output>
        </test-method> <!-- Verifyscrollupwithoutarrowbuttonandscrolldownfunctionality -->
        <test-method is-config="true" signature="closebrowser()[pri:0, instance:product_test.Testcase_26@1750fbeb]" started-at="2025-05-12T10:33:13 IST" name="closebrowser" finished-at="2025-05-12T10:33:14 IST" duration-ms="517" status="PASS">
          <reporter-output>
            <line>
              <![CDATA[Closebrowser Successfull]]>
            </line>
          </reporter-output>
        </test-method> <!-- closebrowser -->
      </class> <!-- product_test.Testcase_26 -->
      <class name="product_test.Testcase_04">
        <test-method is-config="true" signature="browserSetup(java.lang.String,java.lang.String)[pri:0, instance:product_test.Testcase_04@7ce69770]" started-at="2025-05-12T10:32:47 IST" name="browserSetup" finished-at="2025-05-12T10:32:53 IST" duration-ms="6409" status="PASS">
          <params>
            <param index="0">
              <value>
                <![CDATA[chrome]]>
              </value>
            </param>
            <param index="1">
              <value>
                <![CDATA[User1]]>
              </value>
            </param>
          </params>
          <reporter-output>
            <line>
              <![CDATA[BrowserSetup: chrome Successfull]]>
            </line>
          </reporter-output>
        </test-method> <!-- browserSetup -->
        <test-method signature="Logout_User()[pri:0, instance:product_test.Testcase_04@7ce69770]" started-at="2025-05-12T10:32:53 IST" name="Logout_User" finished-at="2025-05-12T10:33:00 IST" duration-ms="7161" status="PASS">
          <reporter-output>
          </reporter-output>
        </test-method> <!-- Logout_User -->
        <test-method is-config="true" signature="closebrowser()[pri:0, instance:product_test.Testcase_04@7ce69770]" started-at="2025-05-12T10:33:00 IST" name="closebrowser" finished-at="2025-05-12T10:33:00 IST" duration-ms="0" status="PASS">
          <reporter-output>
            <line>
              <![CDATA[Closebrowser Successfull]]>
            </line>
          </reporter-output>
        </test-method> <!-- closebrowser -->
      </class> <!-- product_test.Testcase_04 -->
      <class name="product_test.Testcase_09">
        <test-method is-config="true" signature="browserSetup(java.lang.String,java.lang.String)[pri:0, instance:product_test.Testcase_09@6c284af]" started-at="2025-05-12T10:34:28 IST" name="browserSetup" finished-at="2025-05-12T10:34:36 IST" duration-ms="7643" status="PASS">
          <params>
            <param index="0">
              <value>
                <![CDATA[chrome]]>
              </value>
            </param>
            <param index="1">
              <value>
                <![CDATA[User1]]>
              </value>
            </param>
          </params>
          <reporter-output>
            <line>
              <![CDATA[BrowserSetup: chrome Successfull]]>
            </line>
          </reporter-output>
        </test-method> <!-- browserSetup -->
        <test-method signature="SearchProduct()[pri:0, instance:product_test.Testcase_09@6c284af]" started-at="2025-05-12T10:34:36 IST" name="SearchProduct" finished-at="2025-05-12T10:34:45 IST" duration-ms="9064" status="PASS">
          <reporter-output>
          </reporter-output>
        </test-method> <!-- SearchProduct -->
        <test-method is-config="true" signature="closebrowser()[pri:0, instance:product_test.Testcase_09@6c284af]" started-at="2025-05-12T10:34:45 IST" name="closebrowser" finished-at="2025-05-12T10:34:45 IST" duration-ms="1" status="PASS">
          <reporter-output>
            <line>
              <![CDATA[Closebrowser Successfull]]>
            </line>
          </reporter-output>
        </test-method> <!-- closebrowser -->
      </class> <!-- product_test.Testcase_09 -->
      <class name="product_test.Testcase_07">
        <test-method is-config="true" signature="browserSetup(java.lang.String,java.lang.String)[pri:0, instance:product_test.Testcase_07@6e9a5ed8]" started-at="2025-05-12T10:34:05 IST" name="browserSetup" finished-at="2025-05-12T10:34:11 IST" duration-ms="5983" status="PASS">
          <params>
            <param index="0">
              <value>
                <![CDATA[chrome]]>
              </value>
            </param>
            <param index="1">
              <value>
                <![CDATA[User1]]>
              </value>
            </param>
          </params>
          <reporter-output>
            <line>
              <![CDATA[BrowserSetup: chrome Successfull]]>
            </line>
          </reporter-output>
        </test-method> <!-- browserSetup -->
        <test-method signature="Verify_Test_Cases_Page()[pri:0, instance:product_test.Testcase_07@6e9a5ed8]" started-at="2025-05-12T10:34:11 IST" name="Verify_Test_Cases_Page" finished-at="2025-05-12T10:34:12 IST" duration-ms="1528" status="PASS">
          <reporter-output>
          </reporter-output>
        </test-method> <!-- Verify_Test_Cases_Page -->
        <test-method is-config="true" signature="closebrowser()[pri:0, instance:product_test.Testcase_07@6e9a5ed8]" started-at="2025-05-12T10:34:12 IST" name="closebrowser" finished-at="2025-05-12T10:34:12 IST" duration-ms="2" status="PASS">
          <reporter-output>
            <line>
              <![CDATA[Closebrowser Successfull]]>
            </line>
          </reporter-output>
        </test-method> <!-- closebrowser -->
      </class> <!-- product_test.Testcase_07 -->
      <class name="product_test.Testcase_08">
        <test-method is-config="true" signature="browserSetup(java.lang.String,java.lang.String)[pri:0, instance:product_test.Testcase_08@7e057f43]" started-at="2025-05-12T10:34:12 IST" name="browserSetup" finished-at="2025-05-12T10:34:17 IST" duration-ms="4947" status="PASS">
          <params>
            <param index="0">
              <value>
                <![CDATA[chrome]]>
              </value>
            </param>
            <param index="1">
              <value>
                <![CDATA[User1]]>
              </value>
            </param>
          </params>
          <reporter-output>
            <line>
              <![CDATA[BrowserSetup: chrome Successfull]]>
            </line>
          </reporter-output>
        </test-method> <!-- browserSetup -->
        <test-method signature="VerifyAll_Products_and_product_detail_page()[pri:0, instance:product_test.Testcase_08@7e057f43]" started-at="2025-05-12T10:34:17 IST" name="VerifyAll_Products_and_product_detail_page" finished-at="2025-05-12T10:34:28 IST" duration-ms="10864" status="PASS">
          <reporter-output>
          </reporter-output>
        </test-method> <!-- VerifyAll_Products_and_product_detail_page -->
        <test-method is-config="true" signature="closebrowser()[pri:0, instance:product_test.Testcase_08@7e057f43]" started-at="2025-05-12T10:34:28 IST" name="closebrowser" finished-at="2025-05-12T10:34:28 IST" duration-ms="1" status="PASS">
          <reporter-output>
            <line>
              <![CDATA[Closebrowser Successfull]]>
            </line>
          </reporter-output>
        </test-method> <!-- closebrowser -->
      </class> <!-- product_test.Testcase_08 -->
      <class name="product_test.Testcase_20">
        <test-method is-config="true" signature="browserSetup(java.lang.String,java.lang.String)[pri:0, instance:product_test.Testcase_20@402c4085]" started-at="2025-05-12T10:26:05 IST" name="browserSetup" finished-at="2025-05-12T10:26:11 IST" duration-ms="5884" status="PASS">
          <params>
            <param index="0">
              <value>
                <![CDATA[chrome]]>
              </value>
            </param>
            <param index="1">
              <value>
                <![CDATA[User1]]>
              </value>
            </param>
          </params>
          <reporter-output>
            <line>
              <![CDATA[BrowserSetup: chrome Successfull]]>
            </line>
          </reporter-output>
        </test-method> <!-- browserSetup -->
        <test-method signature="Search_Products_and_Verify_Cart_After_Login()[pri:0, instance:product_test.Testcase_20@402c4085]" started-at="2025-05-12T10:26:11 IST" name="Search_Products_and_Verify_Cart_After_Login" finished-at="2025-05-12T10:29:17 IST" duration-ms="186278" status="FAIL">
          <exception class="org.openqa.selenium.TimeoutException">
            <message>
              <![CDATA[java.util.concurrent.TimeoutException
Build info: version: '4.31.0', revision: '1ef9f18787*'
System info: os.name: 'Windows 11', os.arch: 'amd64', os.version: '10.0', java.version: '17.0.6'
Driver info: org.openqa.selenium.chrome.ChromeDriver
Command: [0ffb12d3f41e1c976af4329340f21ea1, clickElement {id=f.E8407D4459488C1971566B17A504E7B2.d.F31E3C2EE10EE664673676C65E5BF605.e.94}]
Capabilities {acceptInsecureCerts: false, browserName: chrome, browserVersion: 136.0.7103.93, chrome: {chromedriverVersion: 136.0.7103.92 (cb81a4cc5087..., userDataDir: C:\Users\krant\AppData\Loca...}, fedcm:accounts: true, goog:chromeOptions: {debuggerAddress: localhost:52032}, networkConnectionEnabled: false, pageLoadStrategy: normal, platformName: windows, proxy: Proxy(), se:cdp: ws://localhost:52032/devtoo..., se:cdpVersion: 136.0.7103.93, setWindowRect: true, strictFileInteractability: false, timeouts: {implicit: 0, pageLoad: 300000, script: 30000}, unhandledPromptBehavior: dismiss and notify, webauthn:extension:credBlob: true, webauthn:extension:largeBlob: true, webauthn:extension:minPinLength: true, webauthn:extension:prf: true, webauthn:virtualAuthenticators: true}
Element: [[ChromeDriver: chrome on windows (0ffb12d3f41e1c976af4329340f21ea1)] -> xpath: //a[text()=' Signup / Login']]
Session ID: 0ffb12d3f41e1c976af4329340f21ea1]]>
            </message>
            <full-stacktrace>
              <![CDATA[org.openqa.selenium.TimeoutException: java.util.concurrent.TimeoutException
Build info: version: '4.31.0', revision: '1ef9f18787*'
System info: os.name: 'Windows 11', os.arch: 'amd64', os.version: '10.0', java.version: '17.0.6'
Driver info: org.openqa.selenium.chrome.ChromeDriver
Command: [0ffb12d3f41e1c976af4329340f21ea1, clickElement {id=f.E8407D4459488C1971566B17A504E7B2.d.F31E3C2EE10EE664673676C65E5BF605.e.94}]
Capabilities {acceptInsecureCerts: false, browserName: chrome, browserVersion: 136.0.7103.93, chrome: {chromedriverVersion: 136.0.7103.92 (cb81a4cc5087..., userDataDir: C:\Users\krant\AppData\Loca...}, fedcm:accounts: true, goog:chromeOptions: {debuggerAddress: localhost:52032}, networkConnectionEnabled: false, pageLoadStrategy: normal, platformName: windows, proxy: Proxy(), se:cdp: ws://localhost:52032/devtoo..., se:cdpVersion: 136.0.7103.93, setWindowRect: true, strictFileInteractability: false, timeouts: {implicit: 0, pageLoad: 300000, script: 30000}, unhandledPromptBehavior: dismiss and notify, webauthn:extension:credBlob: true, webauthn:extension:largeBlob: true, webauthn:extension:minPinLength: true, webauthn:extension:prf: true, webauthn:virtualAuthenticators: true}
Element: [[ChromeDriver: chrome on windows (0ffb12d3f41e1c976af4329340f21ea1)] -> xpath: //a[text()=' Signup / Login']]
Session ID: 0ffb12d3f41e1c976af4329340f21ea1
at org.openqa.selenium.remote.http.jdk.JdkHttpClient.execute(JdkHttpClient.java:424)
at org.openqa.selenium.remote.HttpCommandExecutor.execute(HttpCommandExecutor.java:212)
at org.openqa.selenium.remote.service.DriverCommandExecutor.invokeExecute(DriverCommandExecutor.java:216)
at org.openqa.selenium.remote.service.DriverCommandExecutor.execute(DriverCommandExecutor.java:174)
at org.openqa.selenium.remote.RemoteWebDriver.execute(RemoteWebDriver.java:545)
at org.openqa.selenium.remote.RemoteWebElement.execute(RemoteWebElement.java:223)
at org.openqa.selenium.remote.RemoteWebElement.click(RemoteWebElement.java:76)
at jdk.internal.reflect.GeneratedMethodAccessor3.invoke(Unknown Source)
at java.base/jdk.internal.reflect.DelegatingMethodAccessorImpl.invoke(DelegatingMethodAccessorImpl.java:43)
at java.base/java.lang.reflect.Method.invoke(Method.java:568)
at org.openqa.selenium.support.pagefactory.internal.LocatingElementHandler.invoke(LocatingElementHandler.java:51)
at jdk.proxy2/jdk.proxy2.$Proxy13.click(Unknown Source)
at product_test.Testcase_20.Search_Products_and_Verify_Cart_After_Login(Testcase_20.java:76)
at java.base/jdk.internal.reflect.NativeMethodAccessorImpl.invoke0(Native Method)
at java.base/jdk.internal.reflect.NativeMethodAccessorImpl.invoke(NativeMethodAccessorImpl.java:77)
at java.base/jdk.internal.reflect.DelegatingMethodAccessorImpl.invoke(DelegatingMethodAccessorImpl.java:43)
at java.base/java.lang.reflect.Method.invoke(Method.java:568)
at org.testng.internal.invokers.MethodInvocationHelper.invokeMethod(MethodInvocationHelper.java:141)
at org.testng.internal.invokers.TestInvoker.invokeMethod(TestInvoker.java:686)
at org.testng.internal.invokers.TestInvoker.invokeTestMethod(TestInvoker.java:230)
at org.testng.internal.invokers.MethodRunner.runInSequence(MethodRunner.java:63)
at org.testng.internal.invokers.TestInvoker$MethodInvocationAgent.invoke(TestInvoker.java:992)
at org.testng.internal.invokers.TestInvoker.invokeTestMethods(TestInvoker.java:203)
at org.testng.internal.invokers.TestMethodWorker.invokeTestMethods(TestMethodWorker.java:154)
at org.testng.internal.invokers.TestMethodWorker.run(TestMethodWorker.java:134)
at java.base/java.util.ArrayList.forEach(ArrayList.java:1511)
at org.testng.TestRunner.privateRun(TestRunner.java:739)
at org.testng.TestRunner.run(TestRunner.java:614)
at org.testng.SuiteRunner.runTest(SuiteRunner.java:421)
at org.testng.SuiteRunner.runSequentially(SuiteRunner.java:413)
at org.testng.SuiteRunner.privateRun(SuiteRunner.java:373)
at org.testng.SuiteRunner.run(SuiteRunner.java:312)
at org.testng.SuiteRunnerWorker.runSuite(SuiteRunnerWorker.java:52)
at org.testng.SuiteRunnerWorker.run(SuiteRunnerWorker.java:95)
at org.testng.TestNG.runSuitesSequentially(TestNG.java:1274)
at org.testng.TestNG.runSuitesLocally(TestNG.java:1208)
at org.testng.TestNG.runSuites(TestNG.java:1112)
at org.testng.TestNG.run(TestNG.java:1079)
at org.testng.remote.AbstractRemoteTestNG.run(AbstractRemoteTestNG.java:115)
at org.testng.remote.RemoteTestNG.initAndRun(RemoteTestNG.java:293)
at org.testng.remote.RemoteTestNG.main(RemoteTestNG.java:91)
Caused by: java.util.concurrent.TimeoutException
at java.base/java.util.concurrent.CompletableFuture$Timeout.run(CompletableFuture.java:2874)
at java.base/java.util.concurrent.Executors$RunnableAdapter.call(Executors.java:539)
at java.base/java.util.concurrent.FutureTask.run(FutureTask.java:264)
at java.base/java.util.concurrent.ScheduledThreadPoolExecutor$ScheduledFutureTask.run(ScheduledThreadPoolExecutor.java:304)
at java.base/java.util.concurrent.ThreadPoolExecutor.runWorker(ThreadPoolExecutor.java:1136)
at java.base/java.util.concurrent.ThreadPoolExecutor$Worker.run(ThreadPoolExecutor.java:635)
at java.base/java.lang.Thread.run(Thread.java:833)
]]>
            </full-stacktrace>
          </exception> <!-- org.openqa.selenium.TimeoutException -->
          <reporter-output>
          </reporter-output>
        </test-method> <!-- Search_Products_and_Verify_Cart_After_Login -->
        <test-method is-config="true" signature="closebrowser()[pri:0, instance:product_test.Testcase_20@402c4085]" started-at="2025-05-12T10:29:17 IST" name="closebrowser" finished-at="2025-05-12T10:29:48 IST" duration-ms="31041" status="PASS">
          <reporter-output>
            <line>
              <![CDATA[Closebrowser Successfull]]>
            </line>
          </reporter-output>
        </test-method> <!-- closebrowser -->
      </class> <!-- product_test.Testcase_20 -->
      <class name="product_test.Testcase_12">
        <test-method is-config="true" signature="browserSetup(java.lang.String,java.lang.String)[pri:0, instance:product_test.Testcase_12@33bc72d1]" started-at="2025-05-12T10:23:57 IST" name="browserSetup" finished-at="2025-05-12T10:24:05 IST" duration-ms="8133" status="PASS">
          <params>
            <param index="0">
              <value>
                <![CDATA[chrome]]>
              </value>
            </param>
            <param index="1">
              <value>
                <![CDATA[User1]]>
              </value>
            </param>
          </params>
          <reporter-output>
            <line>
              <![CDATA[BrowserSetup: chrome Successfull]]>
            </line>
          </reporter-output>
        </test-method> <!-- browserSetup -->
        <test-method signature="AddProductsinCart()[pri:0, instance:product_test.Testcase_12@33bc72d1]" started-at="2025-05-12T10:24:05 IST" name="AddProductsinCart" finished-at="2025-05-12T10:24:12 IST" duration-ms="6448" status="FAIL">
          <exception class="org.openqa.selenium.ElementClickInterceptedException">
            <message>
              <![CDATA[element click intercepted: Element <a data-product-id="2" class="btn btn-default add-to-cart">...</a> is not clickable at point (914, 661). Other element would receive the click: <iframe id="aswift_1" name="aswift_1" browsingtopics="true" style="width: 728px !important; height: 90px !important; display: block; margin: 0px auto;" sandbox="allow-forms allow-popups allow-popups-to-escape-sandbox allow-same-origin allow-scripts allow-top-navigation-by-user-activation" width="728" height="90" frameborder="0" marginwidth="0" marginheight="0" vspace="0" hspace="0" allowtransparency="true" scrolling="no" allow="attribution-reporting; run-ad-auction" src="https://googleads.g.doubleclick.net/pagead/html/r20250507/r20190131/zrt_lookup_fy2021.html#RS-0-&amp;adk=1812271801&amp;client=ca-pub-1677597403311019&amp;fa=1&amp;ifi=2&amp;uci=a!2&amp;btvi=1" data-google-container-id="a!2" tabindex="0" title="Advertisement" aria-label="Advertisement" data-google-query-id="COaD4diRnY0DFTaNZgIdi5ojig" data-load-complete="true"></iframe>
  (Session info: chrome=136.0.7103.93)
Build info: version: '4.31.0', revision: '1ef9f18787*'
System info: os.name: 'Windows 11', os.arch: 'amd64', os.version: '10.0', java.version: '17.0.6'
Driver info: org.openqa.selenium.chrome.ChromeDriver
Command: [e8748db034542e0ad14f2f9e122da872, clickElement {id=f.F70BBD4C2284D557901DFA6DA561207F.d.519658055FE554D682E2B4411295D333.e.38}]
Capabilities {acceptInsecureCerts: false, browserName: chrome, browserVersion: 136.0.7103.93, chrome: {chromedriverVersion: 136.0.7103.92 (cb81a4cc5087..., userDataDir: C:\Users\krant\AppData\Loca...}, fedcm:accounts: true, goog:chromeOptions: {debuggerAddress: localhost:50790}, networkConnectionEnabled: false, pageLoadStrategy: normal, platformName: windows, proxy: Proxy(), se:cdp: ws://localhost:50790/devtoo..., se:cdpVersion: 136.0.7103.93, setWindowRect: true, strictFileInteractability: false, timeouts: {implicit: 0, pageLoad: 300000, script: 30000}, unhandledPromptBehavior: dismiss and notify, webauthn:extension:credBlob: true, webauthn:extension:largeBlob: true, webauthn:extension:minPinLength: true, webauthn:extension:prf: true, webauthn:virtualAuthenticators: true}
Element: [[ChromeDriver: chrome on windows (e8748db034542e0ad14f2f9e122da872)] -> xpath: //a[@data-product-id='2']]
Session ID: e8748db034542e0ad14f2f9e122da872]]>
            </message>
            <full-stacktrace>
              <![CDATA[org.openqa.selenium.ElementClickInterceptedException: element click intercepted: Element <a data-product-id="2" class="btn btn-default add-to-cart">...</a> is not clickable at point (914, 661). Other element would receive the click: <iframe id="aswift_1" name="aswift_1" browsingtopics="true" style="width: 728px !important; height: 90px !important; display: block; margin: 0px auto;" sandbox="allow-forms allow-popups allow-popups-to-escape-sandbox allow-same-origin allow-scripts allow-top-navigation-by-user-activation" width="728" height="90" frameborder="0" marginwidth="0" marginheight="0" vspace="0" hspace="0" allowtransparency="true" scrolling="no" allow="attribution-reporting; run-ad-auction" src="https://googleads.g.doubleclick.net/pagead/html/r20250507/r20190131/zrt_lookup_fy2021.html#RS-0-&amp;adk=1812271801&amp;client=ca-pub-1677597403311019&amp;fa=1&amp;ifi=2&amp;uci=a!2&amp;btvi=1" data-google-container-id="a!2" tabindex="0" title="Advertisement" aria-label="Advertisement" data-google-query-id="COaD4diRnY0DFTaNZgIdi5ojig" data-load-complete="true"></iframe>
  (Session info: chrome=136.0.7103.93)
Build info: version: '4.31.0', revision: '1ef9f18787*'
System info: os.name: 'Windows 11', os.arch: 'amd64', os.version: '10.0', java.version: '17.0.6'
Driver info: org.openqa.selenium.chrome.ChromeDriver
Command: [e8748db034542e0ad14f2f9e122da872, clickElement {id=f.F70BBD4C2284D557901DFA6DA561207F.d.519658055FE554D682E2B4411295D333.e.38}]
Capabilities {acceptInsecureCerts: false, browserName: chrome, browserVersion: 136.0.7103.93, chrome: {chromedriverVersion: 136.0.7103.92 (cb81a4cc5087..., userDataDir: C:\Users\krant\AppData\Loca...}, fedcm:accounts: true, goog:chromeOptions: {debuggerAddress: localhost:50790}, networkConnectionEnabled: false, pageLoadStrategy: normal, platformName: windows, proxy: Proxy(), se:cdp: ws://localhost:50790/devtoo..., se:cdpVersion: 136.0.7103.93, setWindowRect: true, strictFileInteractability: false, timeouts: {implicit: 0, pageLoad: 300000, script: 30000}, unhandledPromptBehavior: dismiss and notify, webauthn:extension:credBlob: true, webauthn:extension:largeBlob: true, webauthn:extension:minPinLength: true, webauthn:extension:prf: true, webauthn:virtualAuthenticators: true}
Element: [[ChromeDriver: chrome on windows (e8748db034542e0ad14f2f9e122da872)] -> xpath: //a[@data-product-id='2']]
Session ID: e8748db034542e0ad14f2f9e122da872
at java.base/jdk.internal.reflect.NativeConstructorAccessorImpl.newInstance0(Native Method)
at java.base/jdk.internal.reflect.NativeConstructorAccessorImpl.newInstance(NativeConstructorAccessorImpl.java:77)
at java.base/jdk.internal.reflect.DelegatingConstructorAccessorImpl.newInstance(DelegatingConstructorAccessorImpl.java:45)
at java.base/java.lang.reflect.Constructor.newInstanceWithCaller(Constructor.java:499)
at java.base/java.lang.reflect.Constructor.newInstance(Constructor.java:480)
at org.openqa.selenium.remote.ErrorCodec.decode(ErrorCodec.java:167)
at org.openqa.selenium.remote.codec.w3c.W3CHttpResponseCodec.decode(W3CHttpResponseCodec.java:138)
at org.openqa.selenium.remote.codec.w3c.W3CHttpResponseCodec.decode(W3CHttpResponseCodec.java:50)
at org.openqa.selenium.remote.HttpCommandExecutor.execute(HttpCommandExecutor.java:215)
at org.openqa.selenium.remote.service.DriverCommandExecutor.invokeExecute(DriverCommandExecutor.java:216)
at org.openqa.selenium.remote.service.DriverCommandExecutor.execute(DriverCommandExecutor.java:174)
at org.openqa.selenium.remote.RemoteWebDriver.execute(RemoteWebDriver.java:545)
at org.openqa.selenium.remote.RemoteWebElement.execute(RemoteWebElement.java:223)
at org.openqa.selenium.remote.RemoteWebElement.click(RemoteWebElement.java:76)
at java.base/jdk.internal.reflect.NativeMethodAccessorImpl.invoke0(Native Method)
at java.base/jdk.internal.reflect.NativeMethodAccessorImpl.invoke(NativeMethodAccessorImpl.java:77)
at java.base/jdk.internal.reflect.DelegatingMethodAccessorImpl.invoke(DelegatingMethodAccessorImpl.java:43)
at java.base/java.lang.reflect.Method.invoke(Method.java:568)
at org.openqa.selenium.support.pagefactory.internal.LocatingElementHandler.invoke(LocatingElementHandler.java:51)
at jdk.proxy2/jdk.proxy2.$Proxy13.click(Unknown Source)
at product_test.Testcase_12.AddProductsinCart(Testcase_12.java:33)
at java.base/jdk.internal.reflect.NativeMethodAccessorImpl.invoke0(Native Method)
at java.base/jdk.internal.reflect.NativeMethodAccessorImpl.invoke(NativeMethodAccessorImpl.java:77)
at java.base/jdk.internal.reflect.DelegatingMethodAccessorImpl.invoke(DelegatingMethodAccessorImpl.java:43)
at java.base/java.lang.reflect.Method.invoke(Method.java:568)
at org.testng.internal.invokers.MethodInvocationHelper.invokeMethod(MethodInvocationHelper.java:141)
at org.testng.internal.invokers.TestInvoker.invokeMethod(TestInvoker.java:686)
at org.testng.internal.invokers.TestInvoker.invokeTestMethod(TestInvoker.java:230)
at org.testng.internal.invokers.MethodRunner.runInSequence(MethodRunner.java:63)
at org.testng.internal.invokers.TestInvoker$MethodInvocationAgent.invoke(TestInvoker.java:992)
at org.testng.internal.invokers.TestInvoker.invokeTestMethods(TestInvoker.java:203)
at org.testng.internal.invokers.TestMethodWorker.invokeTestMethods(TestMethodWorker.java:154)
at org.testng.internal.invokers.TestMethodWorker.run(TestMethodWorker.java:134)
at java.base/java.util.ArrayList.forEach(ArrayList.java:1511)
at org.testng.TestRunner.privateRun(TestRunner.java:739)
at org.testng.TestRunner.run(TestRunner.java:614)
at org.testng.SuiteRunner.runTest(SuiteRunner.java:421)
at org.testng.SuiteRunner.runSequentially(SuiteRunner.java:413)
at org.testng.SuiteRunner.privateRun(SuiteRunner.java:373)
at org.testng.SuiteRunner.run(SuiteRunner.java:312)
at org.testng.SuiteRunnerWorker.runSuite(SuiteRunnerWorker.java:52)
at org.testng.SuiteRunnerWorker.run(SuiteRunnerWorker.java:95)
at org.testng.TestNG.runSuitesSequentially(TestNG.java:1274)
at org.testng.TestNG.runSuitesLocally(TestNG.java:1208)
at org.testng.TestNG.runSuites(TestNG.java:1112)
at org.testng.TestNG.run(TestNG.java:1079)
at org.testng.remote.AbstractRemoteTestNG.run(AbstractRemoteTestNG.java:115)
at org.testng.remote.RemoteTestNG.initAndRun(RemoteTestNG.java:293)
at org.testng.remote.RemoteTestNG.main(RemoteTestNG.java:91)
]]>
            </full-stacktrace>
          </exception> <!-- org.openqa.selenium.ElementClickInterceptedException -->
          <reporter-output>
          </reporter-output>
        </test-method> <!-- AddProductsinCart -->
        <test-method is-config="true" signature="closebrowser()[pri:0, instance:product_test.Testcase_12@33bc72d1]" started-at="2025-05-12T10:24:12 IST" name="closebrowser" finished-at="2025-05-12T10:24:12 IST" duration-ms="440" status="PASS">
          <reporter-output>
            <line>
              <![CDATA[Closebrowser Successfull]]>
            </line>
          </reporter-output>
        </test-method> <!-- closebrowser -->
      </class> <!-- product_test.Testcase_12 -->
      <class name="product_test.Testcase_13">
        <test-method is-config="true" signature="browserSetup(java.lang.String,java.lang.String)[pri:0, instance:product_test.Testcase_13@1a75e76a]" started-at="2025-05-12T10:24:12 IST" name="browserSetup" finished-at="2025-05-12T10:24:19 IST" duration-ms="6896" status="PASS">
          <params>
            <param index="0">
              <value>
                <![CDATA[chrome]]>
              </value>
            </param>
            <param index="1">
              <value>
                <![CDATA[User1]]>
              </value>
            </param>
          </params>
          <reporter-output>
            <line>
              <![CDATA[BrowserSetup: chrome Successfull]]>
            </line>
          </reporter-output>
        </test-method> <!-- browserSetup -->
        <test-method signature="VerifyProductquantityinCart()[pri:0, instance:product_test.Testcase_13@1a75e76a]" started-at="2025-05-12T10:24:19 IST" name="VerifyProductquantityinCart" finished-at="2025-05-12T10:24:20 IST" duration-ms="1168" status="FAIL">
          <exception class="org.openqa.selenium.ElementClickInterceptedException">
            <message>
              <![CDATA[element click intercepted: Element <a href="/product_details/1" style="color: brown;">...</a> is not clickable at point (626, 659). Other element would receive the click: <iframe id="aswift_3" name="aswift_3" browsingtopics="true" style="width: 728px !important; height: 90px !important; display: block; margin: 0px auto;" sandbox="allow-forms allow-popups allow-popups-to-escape-sandbox allow-same-origin allow-scripts allow-top-navigation-by-user-activation" width="728" height="90" frameborder="0" marginwidth="0" marginheight="0" vspace="0" hspace="0" allowtransparency="true" scrolling="no" allow="attribution-reporting; run-ad-auction" src="https://googleads.g.doubleclick.net/pagead/html/r20250507/r20190131/zrt_lookup_fy2021.html#RS-0-&amp;adk=1812271801&amp;client=ca-pub-1677597403311019&amp;fa=1&amp;ifi=4&amp;uci=a!4&amp;btvi=2" data-google-container-id="a!4" tabindex="0" title="Advertisement" aria-label="Advertisement" data-google-query-id="CMfymt2RnY0DFXqdbAkd3YsHsw" data-load-complete="true"></iframe>
  (Session info: chrome=136.0.7103.93)
Build info: version: '4.31.0', revision: '1ef9f18787*'
System info: os.name: 'Windows 11', os.arch: 'amd64', os.version: '10.0', java.version: '17.0.6'
Driver info: org.openqa.selenium.chrome.ChromeDriver
Command: [d943749083b81ef52fb5a456d46090f6, clickElement {id=f.27A169EDA7F9CE5EB56B05F63E65DFD4.d.F395F17488BA57BF8D05CC801094782F.e.27}]
Capabilities {acceptInsecureCerts: false, browserName: chrome, browserVersion: 136.0.7103.93, chrome: {chromedriverVersion: 136.0.7103.92 (cb81a4cc5087..., userDataDir: C:\Users\krant\AppData\Loca...}, fedcm:accounts: true, goog:chromeOptions: {debuggerAddress: localhost:50982}, networkConnectionEnabled: false, pageLoadStrategy: normal, platformName: windows, proxy: Proxy(), se:cdp: ws://localhost:50982/devtoo..., se:cdpVersion: 136.0.7103.93, setWindowRect: true, strictFileInteractability: false, timeouts: {implicit: 0, pageLoad: 300000, script: 30000}, unhandledPromptBehavior: dismiss and notify, webauthn:extension:credBlob: true, webauthn:extension:largeBlob: true, webauthn:extension:minPinLength: true, webauthn:extension:prf: true, webauthn:virtualAuthenticators: true}
Element: [[ChromeDriver: chrome on windows (d943749083b81ef52fb5a456d46090f6)] -> xpath: //a[@href='/product_details/1']]
Session ID: d943749083b81ef52fb5a456d46090f6]]>
            </message>
            <full-stacktrace>
              <![CDATA[org.openqa.selenium.ElementClickInterceptedException: element click intercepted: Element <a href="/product_details/1" style="color: brown;">...</a> is not clickable at point (626, 659). Other element would receive the click: <iframe id="aswift_3" name="aswift_3" browsingtopics="true" style="width: 728px !important; height: 90px !important; display: block; margin: 0px auto;" sandbox="allow-forms allow-popups allow-popups-to-escape-sandbox allow-same-origin allow-scripts allow-top-navigation-by-user-activation" width="728" height="90" frameborder="0" marginwidth="0" marginheight="0" vspace="0" hspace="0" allowtransparency="true" scrolling="no" allow="attribution-reporting; run-ad-auction" src="https://googleads.g.doubleclick.net/pagead/html/r20250507/r20190131/zrt_lookup_fy2021.html#RS-0-&amp;adk=1812271801&amp;client=ca-pub-1677597403311019&amp;fa=1&amp;ifi=4&amp;uci=a!4&amp;btvi=2" data-google-container-id="a!4" tabindex="0" title="Advertisement" aria-label="Advertisement" data-google-query-id="CMfymt2RnY0DFXqdbAkd3YsHsw" data-load-complete="true"></iframe>
  (Session info: chrome=136.0.7103.93)
Build info: version: '4.31.0', revision: '1ef9f18787*'
System info: os.name: 'Windows 11', os.arch: 'amd64', os.version: '10.0', java.version: '17.0.6'
Driver info: org.openqa.selenium.chrome.ChromeDriver
Command: [d943749083b81ef52fb5a456d46090f6, clickElement {id=f.27A169EDA7F9CE5EB56B05F63E65DFD4.d.F395F17488BA57BF8D05CC801094782F.e.27}]
Capabilities {acceptInsecureCerts: false, browserName: chrome, browserVersion: 136.0.7103.93, chrome: {chromedriverVersion: 136.0.7103.92 (cb81a4cc5087..., userDataDir: C:\Users\krant\AppData\Loca...}, fedcm:accounts: true, goog:chromeOptions: {debuggerAddress: localhost:50982}, networkConnectionEnabled: false, pageLoadStrategy: normal, platformName: windows, proxy: Proxy(), se:cdp: ws://localhost:50982/devtoo..., se:cdpVersion: 136.0.7103.93, setWindowRect: true, strictFileInteractability: false, timeouts: {implicit: 0, pageLoad: 300000, script: 30000}, unhandledPromptBehavior: dismiss and notify, webauthn:extension:credBlob: true, webauthn:extension:largeBlob: true, webauthn:extension:minPinLength: true, webauthn:extension:prf: true, webauthn:virtualAuthenticators: true}
Element: [[ChromeDriver: chrome on windows (d943749083b81ef52fb5a456d46090f6)] -> xpath: //a[@href='/product_details/1']]
Session ID: d943749083b81ef52fb5a456d46090f6
at java.base/jdk.internal.reflect.NativeConstructorAccessorImpl.newInstance0(Native Method)
at java.base/jdk.internal.reflect.NativeConstructorAccessorImpl.newInstance(NativeConstructorAccessorImpl.java:77)
at java.base/jdk.internal.reflect.DelegatingConstructorAccessorImpl.newInstance(DelegatingConstructorAccessorImpl.java:45)
at java.base/java.lang.reflect.Constructor.newInstanceWithCaller(Constructor.java:499)
at java.base/java.lang.reflect.Constructor.newInstance(Constructor.java:480)
at org.openqa.selenium.remote.ErrorCodec.decode(ErrorCodec.java:167)
at org.openqa.selenium.remote.codec.w3c.W3CHttpResponseCodec.decode(W3CHttpResponseCodec.java:138)
at org.openqa.selenium.remote.codec.w3c.W3CHttpResponseCodec.decode(W3CHttpResponseCodec.java:50)
at org.openqa.selenium.remote.HttpCommandExecutor.execute(HttpCommandExecutor.java:215)
at org.openqa.selenium.remote.service.DriverCommandExecutor.invokeExecute(DriverCommandExecutor.java:216)
at org.openqa.selenium.remote.service.DriverCommandExecutor.execute(DriverCommandExecutor.java:174)
at org.openqa.selenium.remote.RemoteWebDriver.execute(RemoteWebDriver.java:545)
at org.openqa.selenium.remote.RemoteWebElement.execute(RemoteWebElement.java:223)
at org.openqa.selenium.remote.RemoteWebElement.click(RemoteWebElement.java:76)
at java.base/jdk.internal.reflect.NativeMethodAccessorImpl.invoke0(Native Method)
at java.base/jdk.internal.reflect.NativeMethodAccessorImpl.invoke(NativeMethodAccessorImpl.java:77)
at java.base/jdk.internal.reflect.DelegatingMethodAccessorImpl.invoke(DelegatingMethodAccessorImpl.java:43)
at java.base/java.lang.reflect.Method.invoke(Method.java:568)
at org.openqa.selenium.support.pagefactory.internal.LocatingElementHandler.invoke(LocatingElementHandler.java:51)
at jdk.proxy2/jdk.proxy2.$Proxy13.click(Unknown Source)
at product_test.Testcase_13.VerifyProductquantityinCart(Testcase_13.java:33)
at java.base/jdk.internal.reflect.NativeMethodAccessorImpl.invoke0(Native Method)
at java.base/jdk.internal.reflect.NativeMethodAccessorImpl.invoke(NativeMethodAccessorImpl.java:77)
at java.base/jdk.internal.reflect.DelegatingMethodAccessorImpl.invoke(DelegatingMethodAccessorImpl.java:43)
at java.base/java.lang.reflect.Method.invoke(Method.java:568)
at org.testng.internal.invokers.MethodInvocationHelper.invokeMethod(MethodInvocationHelper.java:141)
at org.testng.internal.invokers.TestInvoker.invokeMethod(TestInvoker.java:686)
at org.testng.internal.invokers.TestInvoker.invokeTestMethod(TestInvoker.java:230)
at org.testng.internal.invokers.MethodRunner.runInSequence(MethodRunner.java:63)
at org.testng.internal.invokers.TestInvoker$MethodInvocationAgent.invoke(TestInvoker.java:992)
at org.testng.internal.invokers.TestInvoker.invokeTestMethods(TestInvoker.java:203)
at org.testng.internal.invokers.TestMethodWorker.invokeTestMethods(TestMethodWorker.java:154)
at org.testng.internal.invokers.TestMethodWorker.run(TestMethodWorker.java:134)
at java.base/java.util.ArrayList.forEach(ArrayList.java:1511)
at org.testng.TestRunner.privateRun(TestRunner.java:739)
at org.testng.TestRunner.run(TestRunner.java:614)
at org.testng.SuiteRunner.runTest(SuiteRunner.java:421)
at org.testng.SuiteRunner.runSequentially(SuiteRunner.java:413)
at org.testng.SuiteRunner.privateRun(SuiteRunner.java:373)
at org.testng.SuiteRunner.run(SuiteRunner.java:312)
at org.testng.SuiteRunnerWorker.runSuite(SuiteRunnerWorker.java:52)
at org.testng.SuiteRunnerWorker.run(SuiteRunnerWorker.java:95)
at org.testng.TestNG.runSuitesSequentially(TestNG.java:1274)
at org.testng.TestNG.runSuitesLocally(TestNG.java:1208)
at org.testng.TestNG.runSuites(TestNG.java:1112)
at org.testng.TestNG.run(TestNG.java:1079)
at org.testng.remote.AbstractRemoteTestNG.run(AbstractRemoteTestNG.java:115)
at org.testng.remote.RemoteTestNG.initAndRun(RemoteTestNG.java:293)
at org.testng.remote.RemoteTestNG.main(RemoteTestNG.java:91)
]]>
            </full-stacktrace>
          </exception> <!-- org.openqa.selenium.ElementClickInterceptedException -->
          <reporter-output>
          </reporter-output>
        </test-method> <!-- VerifyProductquantityinCart -->
        <test-method is-config="true" signature="closebrowser()[pri:0, instance:product_test.Testcase_13@1a75e76a]" started-at="2025-05-12T10:24:20 IST" name="closebrowser" finished-at="2025-05-12T10:24:21 IST" duration-ms="486" status="PASS">
          <reporter-output>
            <line>
              <![CDATA[Closebrowser Successfull]]>
            </line>
          </reporter-output>
        </test-method> <!-- closebrowser -->
      </class> <!-- product_test.Testcase_13 -->
      <class name="product_test.Testcase_10">
        <test-method is-config="true" signature="browserSetup(java.lang.String,java.lang.String)[pri:0, instance:product_test.Testcase_10@cc43f62]" started-at="2025-05-12T10:23:28 IST" name="browserSetup" finished-at="2025-05-12T10:23:42 IST" duration-ms="13666" status="PASS">
          <params>
            <param index="0">
              <value>
                <![CDATA[chrome]]>
              </value>
            </param>
            <param index="1">
              <value>
                <![CDATA[User1]]>
              </value>
            </param>
          </params>
          <reporter-output>
            <line>
              <![CDATA[BrowserSetup: chrome Successfull]]>
            </line>
          </reporter-output>
        </test-method> <!-- browserSetup -->
        <test-method signature="Verify_Subscription_in_home_page()[pri:0, instance:product_test.Testcase_10@cc43f62]" started-at="2025-05-12T10:23:42 IST" name="Verify_Subscription_in_home_page" finished-at="2025-05-12T10:23:46 IST" duration-ms="4148" status="PASS">
          <reporter-output>
          </reporter-output>
        </test-method> <!-- Verify_Subscription_in_home_page -->
        <test-method is-config="true" signature="closebrowser()[pri:0, instance:product_test.Testcase_10@cc43f62]" started-at="2025-05-12T10:23:46 IST" name="closebrowser" finished-at="2025-05-12T10:23:46 IST" duration-ms="2" status="PASS">
          <reporter-output>
            <line>
              <![CDATA[Closebrowser Successfull]]>
            </line>
          </reporter-output>
        </test-method> <!-- closebrowser -->
      </class> <!-- product_test.Testcase_10 -->
      <class name="product_test.Testcase_11">
        <test-method is-config="true" signature="browserSetup(java.lang.String,java.lang.String)[pri:0, instance:product_test.Testcase_11@273444fe]" started-at="2025-05-12T10:23:46 IST" name="browserSetup" finished-at="2025-05-12T10:23:54 IST" duration-ms="7721" status="PASS">
          <params>
            <param index="0">
              <value>
                <![CDATA[chrome]]>
              </value>
            </param>
            <param index="1">
              <value>
                <![CDATA[User1]]>
              </value>
            </param>
          </params>
          <reporter-output>
            <line>
              <![CDATA[BrowserSetup: chrome Successfull]]>
            </line>
          </reporter-output>
        </test-method> <!-- browserSetup -->
        <test-method signature="VerifySubscriptioninCartpage()[pri:0, instance:product_test.Testcase_11@273444fe]" started-at="2025-05-12T10:23:54 IST" name="VerifySubscriptioninCartpage" finished-at="2025-05-12T10:23:57 IST" duration-ms="3418" status="FAIL">
          <exception class="java.lang.IllegalArgumentException">
            <message>
              <![CDATA[Keys to send should be a not null CharSequence]]>
            </message>
            <full-stacktrace>
              <![CDATA[java.lang.IllegalArgumentException: Keys to send should be a not null CharSequence
at org.openqa.selenium.remote.RemoteWebElement.sendKeys(RemoteWebElement.java:96)
at java.base/jdk.internal.reflect.NativeMethodAccessorImpl.invoke0(Native Method)
at java.base/jdk.internal.reflect.NativeMethodAccessorImpl.invoke(NativeMethodAccessorImpl.java:77)
at java.base/jdk.internal.reflect.DelegatingMethodAccessorImpl.invoke(DelegatingMethodAccessorImpl.java:43)
at java.base/java.lang.reflect.Method.invoke(Method.java:568)
at org.openqa.selenium.support.pagefactory.internal.LocatingElementHandler.invoke(LocatingElementHandler.java:51)
at jdk.proxy2/jdk.proxy2.$Proxy13.sendKeys(Unknown Source)
at product_test.Testcase_11.VerifySubscriptioninCartpage(Testcase_11.java:46)
at java.base/jdk.internal.reflect.NativeMethodAccessorImpl.invoke0(Native Method)
at java.base/jdk.internal.reflect.NativeMethodAccessorImpl.invoke(NativeMethodAccessorImpl.java:77)
at java.base/jdk.internal.reflect.DelegatingMethodAccessorImpl.invoke(DelegatingMethodAccessorImpl.java:43)
at java.base/java.lang.reflect.Method.invoke(Method.java:568)
[...]
at PageRepository.HomePage.getcategory(HomePage.java:91)
at PageRepository.HomePage.getcategory(HomePage.java:91)
at PageRepository.HomePage.getcategory(HomePage.java:91)
at PageRepository.HomePage.getcategory(HomePage.java:91)
at PageRepository.HomePage.getcategory(HomePage.java:91)
at PageRepository.HomePage.getcategory(HomePage.java:91)
at PageRepository.HomePage.getcategory(HomePage.java:91)
at PageRepository.HomePage.getcategory(HomePage.java:91)
at PageRepository.HomePage.getcategory(HomePage.java:91)
at PageRepository.HomePage.getcategory(HomePage.java:91)
at PageRepository.HomePage.getcategory(HomePage.java:91)
at PageRepository.HomePage.getcategory(HomePage.java:91)
at PageRepository.HomePage.getcategory(HomePage.java:91)
at PageRepository.HomePage.getcategory(HomePage.java:91)
at PageRepository.HomePage.getcategory(HomePage.java:91)
at PageRepository.HomePage.getcategory(HomePage.java:91)
at PageRepository.HomePage.getcategory(HomePage.java:91)
at PageRepository.HomePage.getcategory(HomePage.java:91)
at PageRepository.HomePage.getcategory(HomePage.java:91)
at PageRepository.HomePage.getcategory(HomePage.java:91)
at PageRepository.HomePage.getcategory(HomePage.java:91)
at PageRepository.HomePage.getcategory(HomePage.java:91)
at PageRepository.HomePage.getcategory(HomePage.java:91)
at PageRepository.HomePage.getcategory(HomePage.java:91)
at PageRepository.HomePage.getcategory(HomePage.java:91)
at PageRepository.HomePage.getcategory(HomePage.java:91)
at PageRepository.HomePage.getcategory(HomePage.java:91)
at PageRepository.HomePage.getcategory(HomePage.java:91)
at PageRepository.HomePage.getcategory(HomePage.java:91)
at PageRepository.HomePage.getcategory(HomePage.java:91)
at PageRepository.HomePage.getcategory(HomePage.java:91)
at PageRepository.HomePage.getcategory(HomePage.java:91)
at PageRepository.HomePage.getcategory(HomePage.java:91)
at PageRepository.HomePage.getcategory(HomePage.java:91)
at PageRepository.HomePage.getcategory(HomePage.java:91)
at PageRepository.HomePage.getcategory(HomePage.java:91)
at PageRepository.HomePage.getcategory(HomePage.java:91)
at PageRepository.HomePage.getcategory(HomePage.java:91)
at PageRepository.HomePage.getcategory(HomePage.java:91)
at PageRepository.HomePage.getcategory(HomePage.java:91)
at PageRepository.HomePage.getcategory(HomePage.java:91)
at PageRepository.HomePage.getcategory(HomePage.java:91)
at PageRepository.HomePage.getcategory(HomePage.java:91)
at PageRepository.HomePage.getcategory(HomePage.java:91)
at PageRepository.HomePage.getcategory(HomePage.java:91)
at PageRepository.HomePage.getcategory(HomePage.java:91)
at PageRepository.HomePage.getcategory(HomePage.java:91)
at PageRepository.HomePage.getcategory(HomePage.java:91)
at PageRepository.HomePage.getcategory(HomePage.java:91)
at PageRepository.HomePage.getcategory(HomePage.java:91)
at PageRepository.HomePage.getcategory(HomePage.java:91)
at PageRepository.HomePage.getcategory(HomePage.java:91)
at PageRepository.HomePage.getcategory(HomePage.java:91)
at PageRepository.HomePage.getcategory(HomePage.java:91)
at PageRepository.HomePage.getcategory(HomePage.java:91)
at PageRepository.HomePage.getcategory(HomePage.java:91)
at PageRepository.HomePage.getcategory(HomePage.java:91)
at PageRepository.HomePage.getcategory(HomePage.java:91)
at PageRepository.HomePage.getcategory(HomePage.java:91)
at PageRepository.HomePage.getcategory(HomePage.java:91)
at PageRepository.HomePage.getcategory(HomePage.java:91)
at PageRepository.HomePage.getcategory(HomePage.java:91)
at PageRepository.HomePage.getcategory(HomePage.java:91)
at PageRepository.HomePage.getcategory(HomePage.java:91)
at PageRepository.HomePage.getcategory(HomePage.java:91)
at PageRepository.HomePage.getcategory(HomePage.java:91)
at PageRepository.HomePage.getcategory(HomePage.java:91)
at PageRepository.HomePage.getcategory(HomePage.java:91)
at PageRepository.HomePage.getcategory(HomePage.java:91)
at PageRepository.HomePage.getcategory(HomePage.java:91)
at PageRepository.HomePage.getcategory(HomePage.java:91)
at PageRepository.HomePage.getcategory(HomePage.java:91)
at PageRepository.HomePage.getcategory(HomePage.java:91)
at PageRepository.HomePage.getcategory(HomePage.java:91)
at PageRepository.HomePage.getcategory(HomePage.java:91)
at PageRepository.HomePage.getcategory(HomePage.java:91)
at PageRepository.HomePage.getcategory(HomePage.java:91)
at PageRepository.HomePage.getcategory(HomePage.java:91)
at PageRepository.HomePage.getcategory(HomePage.java:91)
at PageRepository.HomePage.getcategory(HomePage.java:91)
at PageRepository.HomePage.getcategory(HomePage.java:91)
at PageRepository.HomePage.getcategory(HomePage.java:91)
at PageRepository.HomePage.getcategory(HomePage.java:91)
at PageRepository.HomePage.getcategory(HomePage.java:91)
at PageRepository.HomePage.getcategory(HomePage.java:91)
at PageRepository.HomePage.getcategory(HomePage.java:91)
at PageRepository.HomePage.getcategory(HomePage.java:91)
at PageRepository.HomePage.getcategory(HomePage.java:91)
at PageRepository.HomePage.getcategory(HomePage.java:91)
at PageRepository.HomePage.getcategory(HomePage.java:91)
at PageRepository.HomePage.getcategory(HomePage.java:91)
at PageRepository.HomePage.getcategory(HomePage.java:91)
at PageRepository.HomePage.getcategory(HomePage.java:91)
at PageRepository.HomePage.getcategory(HomePage.java:91)
at PageRepository.HomePage.getcategory(HomePage.java:91)
at PageRepository.HomePage.getcategory(HomePage.java:91)
at PageRepository.HomePage.getcategory(HomePage.java:91)
at PageRepository.HomePage.getcategory(HomePage.java:91)
at PageRepository.HomePage.getcategory(HomePage.java:91)
at PageRepository.HomePage.getcategory(HomePage.java:91)
at PageRepository.HomePage.getcategory(HomePage.java:91)
at PageRepository.HomePage.getcategory(HomePage.java:91)
at PageRepository.HomePage.getcategory(HomePage.java:91)
at PageRepository.HomePage.getcategory(HomePage.java:91)
at PageRepository.HomePage.getcategory(HomePage.java:91)
at PageRepository.HomePage.getcategory(HomePage.java:91)
at PageRepository.HomePage.getcategory(HomePage.java:91)
at PageRepository.HomePage.getcategory(HomePage.java:91)
at PageRepository.HomePage.getcategory(HomePage.java:91)
at PageRepository.HomePage.getcategory(HomePage.java:91)
at PageRepository.HomePage.getcategory(HomePage.java:91)
at PageRepository.HomePage.getcategory(HomePage.java:91)
at PageRepository.HomePage.getcategory(HomePage.java:91)
at PageRepository.HomePage.getcategory(HomePage.java:91)
at PageRepository.HomePage.getcategory(HomePage.java:91)
at PageRepository.HomePage.getcategory(HomePage.java:91)
at PageRepository.HomePage.getcategory(HomePage.java:91)
at PageRepository.HomePage.getcategory(HomePage.java:91)
at PageRepository.HomePage.getcategory(HomePage.java:91)
at PageRepository.HomePage.getcategory(HomePage.java:91)
at PageRepository.HomePage.getcategory(HomePage.java:91)
at PageRepository.HomePage.getcategory(HomePage.java:91)
at PageRepository.HomePage.getcategory(HomePage.java:91)
at PageRepository.HomePage.getcategory(HomePage.java:91)
at PageRepository.HomePage.getcategory(HomePage.java:91)
at PageRepository.HomePage.getcategory(HomePage.java:91)
at PageRepository.HomePage.getcategory(HomePage.java:91)
at PageRepository.HomePage.getcategory(HomePage.java:91)
at PageRepository.HomePage.getcategory(HomePage.java:91)
at PageRepository.HomePage.getcategory(HomePage.java:91)
at PageRepository.HomePage.getcategory(HomePage.java:91)
at PageRepository.HomePage.getcategory(HomePage.java:91)
at PageRepository.HomePage.getcategory(HomePage.java:91)
at PageRepository.HomePage.getcategory(HomePage.java:91)
at PageRepository.HomePage.getcategory(HomePage.java:91)
at PageRepository.HomePage.getcategory(HomePage.java:91)
at PageRepository.HomePage.getcategory(HomePage.java:91)
at PageRepository.HomePage.getcategory(HomePage.java:91)
at PageRepository.HomePage.getcategory(HomePage.java:91)
at PageRepository.HomePage.getcategory(HomePage.java:91)
at PageRepository.HomePage.getcategory(HomePage.java:91)
at PageRepository.HomePage.getcategory(HomePage.java:91)
at PageRepository.HomePage.getcategory(HomePage.java:91)
at PageRepository.HomePage.getcategory(HomePage.java:91)
at PageRepository.HomePage.getcategory(HomePage.java:91)
at PageRepository.HomePage.getcategory(HomePage.java:91)
at PageRepository.HomePage.getcategory(HomePage.java:91)
at PageRepository.HomePage.getcategory(HomePage.java:91)
at PageRepository.HomePage.getcategory(HomePage.java:91)
at PageRepository.HomePage.getcategory(HomePage.java:91)
at PageRepository.HomePage.getcategory(HomePage.java:91)
at PageRepository.HomePage.getcategory(HomePage.java:91)
at PageRepository.HomePage.getcategory(HomePage.java:91)
at PageRepository.HomePage.getcategory(HomePage.java:91)
at PageRepository.HomePage.getcategory(HomePage.java:91)
at PageRepository.HomePage.getcategory(HomePage.java:91)
at PageRepository.HomePage.getcategory(HomePage.java:91)
at PageRepository.HomePage.getcategory(HomePage.java:91)
at PageRepository.HomePage.getcategory(HomePage.java:91)
at PageRepository.HomePage.getcategory(HomePage.java:91)
at PageRepository.HomePage.getcategory(HomePage.java:91)
at PageRepository.HomePage.getcategory(HomePage.java:91)
at PageRepository.HomePage.getcategory(HomePage.java:91)
at PageRepository.HomePage.getcategory(HomePage.java:91)
at PageRepository.HomePage.getcategory(HomePage.java:91)
at PageRepository.HomePage.getcategory(HomePage.java:91)
at PageRepository.HomePage.getcategory(HomePage.java:91)
at PageRepository.HomePage.getcategory(HomePage.java:91)
at PageRepository.HomePage.getcategory(HomePage.java:91)
at PageRepository.HomePage.getcategory(HomePage.java:91)
at PageRepository.HomePage.getcategory(HomePage.java:91)
at PageRepository.HomePage.getcategory(HomePage.java:91)
at PageRepository.HomePage.getcategory(HomePage.java:91)
at PageRepository.HomePage.getcategory(HomePage.java:91)
at PageRepository.HomePage.getcategory(HomePage.java:91)
at PageRepository.HomePage.getcategory(HomePage.java:91)
at PageRepository.HomePage.getcategory(HomePage.java:91)
at PageRepository.HomePage.getcategory(HomePage.java:91)
at PageRepository.HomePage.getcategory(HomePage.java:91)
at PageRepository.HomePage.getcategory(HomePage.java:91)
at PageRepository.HomePage.getcategory(HomePage.java:91)
at PageRepository.HomePage.getcategory(HomePage.java:91)
at PageRepository.HomePage.getcategory(HomePage.java:91)
at PageRepository.HomePage.getcategory(HomePage.java:91)
at PageRepository.HomePage.getcategory(HomePage.java:91)
at PageRepository.HomePage.getcategory(HomePage.java:91)
at PageRepository.HomePage.getcategory(HomePage.java:91)
at PageRepository.HomePage.getcategory(HomePage.java:91)
at PageRepository.HomePage.getcategory(HomePage.java:91)
at PageRepository.HomePage.getcategory(HomePage.java:91)
at PageRepository.HomePage.getcategory(HomePage.java:91)
at PageRepository.HomePage.getcategory(HomePage.java:91)
at PageRepository.HomePage.getcategory(HomePage.java:91)
at PageRepository.HomePage.getcategory(HomePage.java:91)
at PageRepository.HomePage.getcategory(HomePage.java:91)
at PageRepository.HomePage.getcategory(HomePage.java:91)
at PageRepository.HomePage.getcategory(HomePage.java:91)
at PageRepository.HomePage.getcategory(HomePage.java:91)
at PageRepository.HomePage.getcategory(HomePage.java:91)
at PageRepository.HomePage.getcategory(HomePage.java:91)
at PageRepository.HomePage.getcategory(HomePage.java:91)
at PageRepository.HomePage.getcategory(HomePage.java:91)
at PageRepository.HomePage.getcategory(HomePage.java:91)
at PageRepository.HomePage.getcategory(HomePage.java:91)
at PageRepository.HomePage.getcategory(HomePage.java:91)
at PageRepository.HomePage.getcategory(HomePage.java:91)
at PageRepository.HomePage.getcategory(HomePage.java:91)
at PageRepository.HomePage.getcategory(HomePage.java:91)
at PageRepository.HomePage.getcategory(HomePage.java:91)
at PageRepository.HomePage.getcategory(HomePage.java:91)
at PageRepository.HomePage.getcategory(HomePage.java:91)
at PageRepository.HomePage.getcategory(HomePage.java:91)
at PageRepository.HomePage.getcategory(HomePage.java:91)
at PageRepository.HomePage.getcategory(HomePage.java:91)
at PageRepository.HomePage.getcategory(HomePage.java:91)
at PageRepository.HomePage.getcategory(HomePage.java:91)
at PageRepository.HomePage.getcategory(HomePage.java:91)
at PageRepository.HomePage.getcategory(HomePage.java:91)
at PageRepository.HomePage.getcategory(HomePage.java:91)
at PageRepository.HomePage.getcategory(HomePage.java:91)
at PageRepository.HomePage.getcategory(HomePage.java:91)
at PageRepository.HomePage.getcategory(HomePage.java:91)
at PageRepository.HomePage.getcategory(HomePage.java:91)
at PageRepository.HomePage.getcategory(HomePage.java:91)
at PageRepository.HomePage.getcategory(HomePage.java:91)
at PageRepository.HomePage.getcategory(HomePage.java:91)
at PageRepository.HomePage.getcategory(HomePage.java:91)
at PageRepository.HomePage.getcategory(HomePage.java:91)
at PageRepository.HomePage.getcategory(HomePage.java:91)
at PageRepository.HomePage.getcategory(HomePage.java:91)
at PageRepository.HomePage.getcategory(HomePage.java:91)
at PageRepository.HomePage.getcategory(HomePage.java:91)
at PageRepository.HomePage.getcategory(HomePage.java:91)
at PageRepository.HomePage.getcategory(HomePage.java:91)
at PageRepository.HomePage.getcategory(HomePage.java:91)
at PageRepository.HomePage.getcategory(HomePage.java:91)
at PageRepository.HomePage.getcategory(HomePage.java:91)
at PageRepository.HomePage.getcategory(HomePage.java:91)
at PageRepository.HomePage.getcategory(HomePage.java:91)
at PageRepository.HomePage.getcategory(HomePage.java:91)
at PageRepository.HomePage.getcategory(HomePage.java:91)
at PageRepository.HomePage.getcategory(HomePage.java:91)
at PageRepository.HomePage.getcategory(HomePage.java:91)
at PageRepository.HomePage.getcategory(HomePage.java:91)
at PageRepository.HomePage.getcategory(HomePage.java:91)
at PageRepository.HomePage.getcategory(HomePage.java:91)
at PageRepository.HomePage.getcategory(HomePage.java:91)
at PageRepository.HomePage.getcategory(HomePage.java:91)
at PageRepository.HomePage.getcategory(HomePage.java:91)
at PageRepository.HomePage.getcategory(HomePage.java:91)
at PageRepository.HomePage.getcategory(HomePage.java:91)
at PageRepository.HomePage.getcategory(HomePage.java:91)
at PageRepository.HomePage.getcategory(HomePage.java:91)
at PageRepository.HomePage.getcategory(HomePage.java:91)
at PageRepository.HomePage.getcategory(HomePage.java:91)
at PageRepository.HomePage.getcategory(HomePage.java:91)
at PageRepository.HomePage.getcategory(HomePage.java:91)
at PageRepository.HomePage.getcategory(HomePage.java:91)
at PageRepository.HomePage.getcategory(HomePage.java:91)
at PageRepository.HomePage.getcategory(HomePage.java:91)
at PageRepository.HomePage.getcategory(HomePage.java:91)
at PageRepository.HomePage.getcategory(HomePage.java:91)
at PageRepository.HomePage.getcategory(HomePage.java:91)
at PageRepository.HomePage.getcategory(HomePage.java:91)
at PageRepository.HomePage.getcategory(HomePage.java:91)
at PageRepository.HomePage.getcategory(HomePage.java:91)
at PageRepository.HomePage.getcategory(HomePage.java:91)
at PageRepository.HomePage.getcategory(HomePage.java:91)
at PageRepository.HomePage.getcategory(HomePage.java:91)
at PageRepository.HomePage.getcategory(HomePage.java:91)
at PageRepository.HomePage.getcategory(HomePage.java:91)
at PageRepository.HomePage.getcategory(HomePage.java:91)
at PageRepository.HomePage.getcategory(HomePage.java:91)
at PageRepository.HomePage.getcategory(HomePage.java:91)
at PageRepository.HomePage.getcategory(HomePage.java:91)
at PageRepository.HomePage.getcategory(HomePage.java:91)
at PageRepository.HomePage.getcategory(HomePage.java:91)
at PageRepository.HomePage.getcategory(HomePage.java:91)
at PageRepository.HomePage.getcategory(HomePage.java:91)
at PageRepository.HomePage.getcategory(HomePage.java:91)
at PageRepository.HomePage.getcategory(HomePage.java:91)
at PageRepository.HomePage.getcategory(HomePage.java:91)
at PageRepository.HomePage.getcategory(HomePage.java:91)
at PageRepository.HomePage.getcategory(HomePage.java:91)
at PageRepository.HomePage.getcategory(HomePage.java:91)
at PageRepository.HomePage.getcategory(HomePage.java:91)
at PageRepository.HomePage.getcategory(HomePage.java:91)
at PageRepository.HomePage.getcategory(HomePage.java:91)
at PageRepository.HomePage.getcategory(HomePage.java:91)
at PageRepository.HomePage.getcategory(HomePage.java:91)
at PageRepository.HomePage.getcategory(HomePage.java:91)
at PageRepository.HomePage.getcategory(HomePage.java:91)
at PageRepository.HomePage.getcategory(HomePage.java:91)
at PageRepository.HomePage.getcategory(HomePage.java:91)
at PageRepository.HomePage.getcategory(HomePage.java:91)
at PageRepository.HomePage.getcategory(HomePage.java:91)
at PageRepository.HomePage.getcategory(HomePage.java:91)
at PageRepository.HomePage.getcategory(HomePage.java:91)
at PageRepository.HomePage.getcategory(HomePage.java:91)
at PageRepository.HomePage.getcategory(HomePage.java:91)
at PageRepository.HomePage.getcategory(HomePage.java:91)
at PageRepository.HomePage.getcategory(HomePage.java:91)
at PageRepository.HomePage.getcategory(HomePage.java:91)
at PageRepository.HomePage.getcategory(HomePage.java:91)
at PageRepository.HomePage.getcategory(HomePage.java:91)
at PageRepository.HomePage.getcategory(HomePage.java:91)
at PageRepository.HomePage.getcategory(HomePage.java:91)
at PageRepository.HomePage.getcategory(HomePage.java:91)
]]>
            </full-stacktrace>
          </exception> <!-- java.lang.StackOverflowError -->
          <reporter-output>
          </reporter-output>
        </test-method> <!-- View_Category_Products -->
        <test-method is-config="true" signature="closebrowser()[pri:0, instance:product_test.Testcase_18@4681c175]" started-at="2025-05-12T10:25:50 IST" name="closebrowser" finished-at="2025-05-12T10:25:50 IST" duration-ms="473" status="PASS">
          <reporter-output>
            <line>
              <![CDATA[Closebrowser Successfull]]>
            </line>
          </reporter-output>
        </test-method> <!-- closebrowser -->
      </class> <!-- product_test.Testcase_18 -->
      <class name="product_test.Testcase_19">
        <test-method is-config="true" signature="browserSetup(java.lang.String,java.lang.String)[pri:0, instance:product_test.Testcase_19@57a78e3]" started-at="2025-05-12T10:25:50 IST" name="browserSetup" finished-at="2025-05-12T10:25:57 IST" duration-ms="6610" status="PASS">
          <params>
            <param index="0">
              <value>
                <![CDATA[chrome]]>
              </value>
            </param>
            <param index="1">
              <value>
                <![CDATA[User1]]>
              </value>
            </param>
          </params>
          <reporter-output>
            <line>
              <![CDATA[BrowserSetup: chrome Successfull]]>
            </line>
          </reporter-output>
        </test-method> <!-- browserSetup -->
        <test-method signature="View_Cart_Brand_Products()[pri:0, instance:product_test.Testcase_19@57a78e3]" started-at="2025-05-12T10:25:57 IST" name="View_Cart_Brand_Products" finished-at="2025-05-12T10:26:05 IST" duration-ms="8119" status="PASS">
          <reporter-output>
          </reporter-output>
        </test-method> <!-- View_Cart_Brand_Products -->
        <test-method is-config="true" signature="closebrowser()[pri:0, instance:product_test.Testcase_19@57a78e3]" started-at="2025-05-12T10:26:05 IST" name="closebrowser" finished-at="2025-05-12T10:26:05 IST" duration-ms="0" status="PASS">
          <reporter-output>
            <line>
              <![CDATA[Closebrowser Successfull]]>
            </line>
          </reporter-output>
        </test-method> <!-- closebrowser -->
      </class> <!-- product_test.Testcase_19 -->
    </test> <!-- Test -->
  </suite> <!-- RegressionSuite -->
</testng-results>
