<?xml version="1.0" encoding="UTF-8"?>
<testng-results ignored="0" total="26" passed="13" failed="13" skipped="0">
  <reporter-output>
    <line>
      <![CDATA[BrowserSetup: chrome Successfull]]>
    </line>
    <line>
      <![CDATA[Closebrowser Successfull]]>
    </line>
    <line>
      <![CDATA[BrowserSetup: chrome Successfull]]>
    </line>
    <line>
      <![CDATA[Closebrowser Successfull]]>
    </line>
    <line>
      <![CDATA[BrowserSetup: chrome Successfull]]>
    </line>
    <line>
      <![CDATA[Closebrowser Successfull]]>
    </line>
    <line>
      <![CDATA[BrowserSetup: chrome Successfull]]>
    </line>
    <line>
      <![CDATA[Closebrowser Successfull]]>
    </line>
    <line>
      <![CDATA[BrowserSetup: chrome Successfull]]>
    </line>
    <line>
      <![CDATA[Closebrowser Successfull]]>
    </line>
    <line>
      <![CDATA[BrowserSetup: chrome Successfull]]>
    </line>
    <line>
      <![CDATA[Closebrowser Successfull]]>
    </line>
    <line>
      <![CDATA[BrowserSetup: chrome Successfull]]>
    </line>
    <line>
      <![CDATA[Closebrowser Successfull]]>
    </line>
    <line>
      <![CDATA[BrowserSetup: chrome Successfull]]>
    </line>
    <line>
      <![CDATA[Closebrowser Successfull]]>
    </line>
    <line>
      <![CDATA[BrowserSetup: chrome Successfull]]>
    </line>
    <line>
      <![CDATA[Closebrowser Successfull]]>
    </line>
    <line>
      <![CDATA[BrowserSetup: chrome Successfull]]>
    </line>
    <line>
      <![CDATA[Closebrowser Successfull]]>
    </line>
    <line>
      <![CDATA[BrowserSetup: chrome Successfull]]>
    </line>
    <line>
      <![CDATA[Closebrowser Successfull]]>
    </line>
    <line>
      <![CDATA[BrowserSetup: chrome Successfull]]>
    </line>
    <line>
      <![CDATA[Closebrowser Successfull]]>
    </line>
    <line>
      <![CDATA[BrowserSetup: chrome Successfull]]>
    </line>
    <line>
      <![CDATA[Closebrowser Successfull]]>
    </line>
    <line>
      <![CDATA[BrowserSetup: chrome Successfull]]>
    </line>
    <line>
      <![CDATA[Closebrowser Successfull]]>
    </line>
    <line>
      <![CDATA[BrowserSetup: chrome Successfull]]>
    </line>
    <line>
      <![CDATA[Closebrowser Successfull]]>
    </line>
    <line>
      <![CDATA[BrowserSetup: chrome Successfull]]>
    </line>
    <line>
      <![CDATA[Closebrowser Successfull]]>
    </line>
    <line>
      <![CDATA[BrowserSetup: chrome Successfull]]>
    </line>
    <line>
      <![CDATA[Closebrowser Successfull]]>
    </line>
    <line>
      <![CDATA[BrowserSetup: chrome Successfull]]>
    </line>
    <line>
      <![CDATA[Closebrowser Successfull]]>
    </line>
    <line>
      <![CDATA[BrowserSetup: chrome Successfull]]>
    </line>
    <line>
      <![CDATA[Closebrowser Successfull]]>
    </line>
    <line>
      <![CDATA[BrowserSetup: chrome Successfull]]>
    </line>
    <line>
      <![CDATA[Closebrowser Successfull]]>
    </line>
    <line>
      <![CDATA[BrowserSetup: chrome Successfull]]>
    </line>
    <line>
      <![CDATA[Closebrowser Successfull]]>
    </line>
    <line>
      <![CDATA[BrowserSetup: chrome Successfull]]>
    </line>
    <line>
      <![CDATA[Closebrowser Successfull]]>
    </line>
    <line>
      <![CDATA[BrowserSetup: chrome Successfull]]>
    </line>
    <line>
      <![CDATA[Closebrowser Successfull]]>
    </line>
    <line>
      <![CDATA[BrowserSetup: chrome Successfull]]>
    </line>
    <line>
      <![CDATA[Closebrowser Successfull]]>
    </line>
    <line>
      <![CDATA[BrowserSetup: chrome Successfull]]>
    </line>
    <line>
      <![CDATA[Closebrowser Successfull]]>
    </line>
    <line>
      <![CDATA[BrowserSetup: chrome Successfull]]>
    </line>
    <line>
      <![CDATA[Closebrowser Successfull]]>
    </line>
  </reporter-output>
  <suite started-at="2025-05-09T12:08:07 IST" name="RegressionSuite" finished-at="2025-05-09T12:15:11 IST" duration-ms="424517">
    <groups>
    </groups>
    <test started-at="2025-05-09T12:08:07 IST" name="Test" finished-at="2025-05-09T12:15:11 IST" duration-ms="424517">
      <class name="product_test.Testcase_01">
        <test-method is-config="true" signature="browserSetup(java.lang.String,java.lang.String)[pri:0, instance:product_test.Testcase_01@2767e23c]" started-at="2025-05-09T12:11:16 IST" name="browserSetup" finished-at="2025-05-09T12:11:23 IST" duration-ms="6914" status="PASS">
          <params>
            <param index="0">
              <value>
                <![CDATA[chrome]]>
              </value>
            </param>
            <param index="1">
              <value>
                <![CDATA[User1]]>
              </value>
            </param>
          </params>
          <reporter-output>
            <line>
              <![CDATA[BrowserSetup: chrome Successfull]]>
            </line>
          </reporter-output>
        </test-method> <!-- browserSetup -->
        <test-method signature="Register_User()[pri:0, instance:product_test.Testcase_01@2767e23c]" started-at="2025-05-09T12:11:23 IST" name="Register_User" finished-at="2025-05-09T12:11:29 IST" duration-ms="5473" status="FAIL">
          <exception class="org.openqa.selenium.ElementClickInterceptedException">
            <message>
              <![CDATA[element click intercepted: Element <input type="checkbox" name="newsletter" id="newsletter" value="1"> is not clickable at point (295, 675). Other element would receive the click: <div id="aswift_1_host" style="border: none !important; height: 90px !important; width: 100% !important; margin: 0px !important; padding: 0px !important; position: relative !important; visibility: visible !important; background-color: transparent !important; display: inline-block !important; inset: auto !important; clear: none !important; float: none !important; max-height: none !important; max-width: none !important; opacity: 1 !important; overflow: visible !important; vertical-align: baseline !important; z-index: auto !important;">...</div>
  (Session info: chrome=136.0.7103.93)
Build info: version: '4.31.0', revision: '1ef9f18787*'
System info: os.name: 'Windows 11', os.arch: 'amd64', os.version: '10.0', java.version: '17.0.6'
Driver info: org.openqa.selenium.chrome.ChromeDriver
Command: [56d7f8f550e5bcdf8608299f2899ef8a, clickElement {id=f.1287444B26E8B3385BFD49D28816C8FE.d.01E16FE0764043020BC6AEF4B647F7BE.e.67}]
Capabilities {acceptInsecureCerts: false, browserName: chrome, browserVersion: 136.0.7103.93, chrome: {chromedriverVersion: 136.0.7103.92 (cb81a4cc5087..., userDataDir: C:\Users\krant\AppData\Loca...}, fedcm:accounts: true, goog:chromeOptions: {debuggerAddress: localhost:50859}, networkConnectionEnabled: false, pageLoadStrategy: normal, platformName: windows, proxy: Proxy(), se:cdp: ws://localhost:50859/devtoo..., se:cdpVersion: 136.0.7103.93, setWindowRect: true, strictFileInteractability: false, timeouts: {implicit: 0, pageLoad: 300000, script: 30000}, unhandledPromptBehavior: dismiss and notify, webauthn:extension:credBlob: true, webauthn:extension:largeBlob: true, webauthn:extension:minPinLength: true, webauthn:extension:prf: true, webauthn:virtualAuthenticators: true}
Element: [[ChromeDriver: chrome on windows (56d7f8f550e5bcdf8608299f2899ef8a)] -> xpath: //input[@id='newsletter']]
Session ID: 56d7f8f550e5bcdf8608299f2899ef8a]]>
            </message>
            <full-stacktrace>
              <![CDATA[org.openqa.selenium.ElementClickInterceptedException: element click intercepted: Element <input type="checkbox" name="newsletter" id="newsletter" value="1"> is not clickable at point (295, 675). Other element would receive the click: <div id="aswift_1_host" style="border: none !important; height: 90px !important; width: 100% !important; margin: 0px !important; padding: 0px !important; position: relative !important; visibility: visible !important; background-color: transparent !important; display: inline-block !important; inset: auto !important; clear: none !important; float: none !important; max-height: none !important; max-width: none !important; opacity: 1 !important; overflow: visible !important; vertical-align: baseline !important; z-index: auto !important;">...</div>
  (Session info: chrome=136.0.7103.93)
Build info: version: '4.31.0', revision: '1ef9f18787*'
System info: os.name: 'Windows 11', os.arch: 'amd64', os.version: '10.0', java.version: '17.0.6'
Driver info: org.openqa.selenium.chrome.ChromeDriver
Command: [56d7f8f550e5bcdf8608299f2899ef8a, clickElement {id=f.1287444B26E8B3385BFD49D28816C8FE.d.01E16FE0764043020BC6AEF4B647F7BE.e.67}]
Capabilities {acceptInsecureCerts: false, browserName: chrome, browserVersion: 136.0.7103.93, chrome: {chromedriverVersion: 136.0.7103.92 (cb81a4cc5087..., userDataDir: C:\Users\krant\AppData\Loca...}, fedcm:accounts: true, goog:chromeOptions: {debuggerAddress: localhost:50859}, networkConnectionEnabled: false, pageLoadStrategy: normal, platformName: windows, proxy: Proxy(), se:cdp: ws://localhost:50859/devtoo..., se:cdpVersion: 136.0.7103.93, setWindowRect: true, strictFileInteractability: false, timeouts: {implicit: 0, pageLoad: 300000, script: 30000}, unhandledPromptBehavior: dismiss and notify, webauthn:extension:credBlob: true, webauthn:extension:largeBlob: true, webauthn:extension:minPinLength: true, webauthn:extension:prf: true, webauthn:virtualAuthenticators: true}
Element: [[ChromeDriver: chrome on windows (56d7f8f550e5bcdf8608299f2899ef8a)] -> xpath: //input[@id='newsletter']]
Session ID: 56d7f8f550e5bcdf8608299f2899ef8a
at java.base/jdk.internal.reflect.NativeConstructorAccessorImpl.newInstance0(Native Method)
at java.base/jdk.internal.reflect.NativeConstructorAccessorImpl.newInstance(NativeConstructorAccessorImpl.java:77)
at java.base/jdk.internal.reflect.DelegatingConstructorAccessorImpl.newInstance(DelegatingConstructorAccessorImpl.java:45)
at java.base/java.lang.reflect.Constructor.newInstanceWithCaller(Constructor.java:499)
at java.base/java.lang.reflect.Constructor.newInstance(Constructor.java:480)
at org.openqa.selenium.remote.ErrorCodec.decode(ErrorCodec.java:167)
at org.openqa.selenium.remote.codec.w3c.W3CHttpResponseCodec.decode(W3CHttpResponseCodec.java:138)
at org.openqa.selenium.remote.codec.w3c.W3CHttpResponseCodec.decode(W3CHttpResponseCodec.java:50)
at org.openqa.selenium.remote.HttpCommandExecutor.execute(HttpCommandExecutor.java:215)
at org.openqa.selenium.remote.service.DriverCommandExecutor.invokeExecute(DriverCommandExecutor.java:216)
at org.openqa.selenium.remote.service.DriverCommandExecutor.execute(DriverCommandExecutor.java:174)
at org.openqa.selenium.remote.RemoteWebDriver.execute(RemoteWebDriver.java:545)
at org.openqa.selenium.remote.RemoteWebElement.execute(RemoteWebElement.java:223)
at org.openqa.selenium.remote.RemoteWebElement.click(RemoteWebElement.java:76)
at jdk.internal.reflect.GeneratedMethodAccessor3.invoke(Unknown Source)
at java.base/jdk.internal.reflect.DelegatingMethodAccessorImpl.invoke(DelegatingMethodAccessorImpl.java:43)
at java.base/java.lang.reflect.Method.invoke(Method.java:568)
at org.openqa.selenium.support.pagefactory.internal.LocatingElementHandler.invoke(LocatingElementHandler.java:51)
at jdk.proxy2/jdk.proxy2.$Proxy13.click(Unknown Source)
at product_test.Testcase_01.Register_User(Testcase_01.java:94)
at java.base/jdk.internal.reflect.NativeMethodAccessorImpl.invoke0(Native Method)
at java.base/jdk.internal.reflect.NativeMethodAccessorImpl.invoke(NativeMethodAccessorImpl.java:77)
at java.base/jdk.internal.reflect.DelegatingMethodAccessorImpl.invoke(DelegatingMethodAccessorImpl.java:43)
at java.base/java.lang.reflect.Method.invoke(Method.java:568)
at org.testng.internal.invokers.MethodInvocationHelper.invokeMethod(MethodInvocationHelper.java:141)
at org.testng.internal.invokers.TestInvoker.invokeMethod(TestInvoker.java:686)
at org.testng.internal.invokers.TestInvoker.invokeTestMethod(TestInvoker.java:230)
at org.testng.internal.invokers.MethodRunner.runInSequence(MethodRunner.java:63)
at org.testng.internal.invokers.TestInvoker$MethodInvocationAgent.invoke(TestInvoker.java:992)
at org.testng.internal.invokers.TestInvoker.invokeTestMethods(TestInvoker.java:203)
at org.testng.internal.invokers.TestMethodWorker.invokeTestMethods(TestMethodWorker.java:154)
at org.testng.internal.invokers.TestMethodWorker.run(TestMethodWorker.java:134)
at java.base/java.util.ArrayList.forEach(ArrayList.java:1511)
at org.testng.TestRunner.privateRun(TestRunner.java:739)
at org.testng.TestRunner.run(TestRunner.java:614)
at org.testng.SuiteRunner.runTest(SuiteRunner.java:421)
at org.testng.SuiteRunner.runSequentially(SuiteRunner.java:413)
at org.testng.SuiteRunner.privateRun(SuiteRunner.java:373)
at org.testng.SuiteRunner.run(SuiteRunner.java:312)
at org.testng.SuiteRunnerWorker.runSuite(SuiteRunnerWorker.java:52)
at org.testng.SuiteRunnerWorker.run(SuiteRunnerWorker.java:95)
at org.testng.TestNG.runSuitesSequentially(TestNG.java:1274)
at org.testng.TestNG.runSuitesLocally(TestNG.java:1208)
at org.testng.TestNG.runSuites(TestNG.java:1112)
at org.testng.TestNG.run(TestNG.java:1079)
at org.testng.remote.AbstractRemoteTestNG.run(AbstractRemoteTestNG.java:115)
at org.testng.remote.RemoteTestNG.initAndRun(RemoteTestNG.java:293)
at org.testng.remote.RemoteTestNG.main(RemoteTestNG.java:91)
]]>
            </full-stacktrace>
          </exception> <!-- org.openqa.selenium.ElementClickInterceptedException -->
          <reporter-output>
          </reporter-output>
        </test-method> <!-- Register_User -->
        <test-method is-config="true" signature="closebrowser()[pri:0, instance:product_test.Testcase_01@2767e23c]" started-at="2025-05-09T12:11:29 IST" name="closebrowser" finished-at="2025-05-09T12:11:29 IST" duration-ms="231" status="PASS">
          <reporter-output>
            <line>
              <![CDATA[Closebrowser Successfull]]>
            </line>
          </reporter-output>
        </test-method> <!-- closebrowser -->
      </class> <!-- product_test.Testcase_01 -->
      <class name="product_test.Testcase_23">
        <test-method is-config="true" signature="browserSetup(java.lang.String,java.lang.String)[pri:0, instance:product_test.Testcase_23@710c2b53]" started-at="2025-05-09T12:11:29 IST" name="browserSetup" finished-at="2025-05-09T12:11:35 IST" duration-ms="6416" status="PASS">
          <params>
            <param index="0">
              <value>
                <![CDATA[chrome]]>
              </value>
            </param>
            <param index="1">
              <value>
                <![CDATA[User1]]>
              </value>
            </param>
          </params>
          <reporter-output>
            <line>
              <![CDATA[BrowserSetup: chrome Successfull]]>
            </line>
          </reporter-output>
        </test-method> <!-- browserSetup -->
        <test-method signature="Verifyaddressdetailsincheckoutpage()[pri:0, instance:product_test.Testcase_23@710c2b53]" started-at="2025-05-09T12:11:35 IST" name="Verifyaddressdetailsincheckoutpage" finished-at="2025-05-09T12:11:54 IST" duration-ms="19086" status="PASS">
          <reporter-output>
          </reporter-output>
        </test-method> <!-- Verifyaddressdetailsincheckoutpage -->
        <test-method is-config="true" signature="closebrowser()[pri:0, instance:product_test.Testcase_23@710c2b53]" started-at="2025-05-09T12:11:54 IST" name="closebrowser" finished-at="2025-05-09T12:11:54 IST" duration-ms="0" status="PASS">
          <reporter-output>
            <line>
              <![CDATA[Closebrowser Successfull]]>
            </line>
          </reporter-output>
        </test-method> <!-- closebrowser -->
      </class> <!-- product_test.Testcase_23 -->
      <class name="product_test.Testcase_02">
        <test-method is-config="true" signature="browserSetup(java.lang.String,java.lang.String)[pri:0, instance:product_test.Testcase_02@5386659f]" started-at="2025-05-09T12:11:54 IST" name="browserSetup" finished-at="2025-05-09T12:11:59 IST" duration-ms="4280" status="PASS">
          <params>
            <param index="0">
              <value>
                <![CDATA[chrome]]>
              </value>
            </param>
            <param index="1">
              <value>
                <![CDATA[User1]]>
              </value>
            </param>
          </params>
          <reporter-output>
            <line>
              <![CDATA[BrowserSetup: chrome Successfull]]>
            </line>
          </reporter-output>
        </test-method> <!-- browserSetup -->
        <test-method signature="LoginUser_with_correct_email_and_password()[pri:0, instance:product_test.Testcase_02@5386659f]" started-at="2025-05-09T12:11:59 IST" name="LoginUser_with_correct_email_and_password" finished-at="2025-05-09T12:12:16 IST" duration-ms="17270" status="FAIL">
          <exception class="org.openqa.selenium.NoSuchElementException">
            <message>
              <![CDATA[no such element: Unable to locate element: {"method":"xpath","selector":"//h2[text()='Login to your account']"}
  (Session info: chrome=136.0.7103.93)
For documentation on this error, please visit: https://www.selenium.dev/documentation/webdriver/troubleshooting/errors#no-such-element-exception
Build info: version: '4.31.0', revision: '1ef9f18787*'
System info: os.name: 'Windows 11', os.arch: 'amd64', os.version: '10.0', java.version: '17.0.6'
Driver info: org.openqa.selenium.chrome.ChromeDriver
Command: [59d6a9bfd84b8ea43ad34dd5d70a4943, findElement {value=//h2[text()='Login to your account'], using=xpath}]
Capabilities {acceptInsecureCerts: false, browserName: chrome, browserVersion: 136.0.7103.93, chrome: {chromedriverVersion: 136.0.7103.92 (cb81a4cc5087..., userDataDir: C:\Users\krant\AppData\Loca...}, fedcm:accounts: true, goog:chromeOptions: {debuggerAddress: localhost:51305}, networkConnectionEnabled: false, pageLoadStrategy: normal, platformName: windows, proxy: Proxy(), se:cdp: ws://localhost:51305/devtoo..., se:cdpVersion: 136.0.7103.93, setWindowRect: true, strictFileInteractability: false, timeouts: {implicit: 0, pageLoad: 300000, script: 30000}, unhandledPromptBehavior: dismiss and notify, webauthn:extension:credBlob: true, webauthn:extension:largeBlob: true, webauthn:extension:minPinLength: true, webauthn:extension:prf: true, webauthn:virtualAuthenticators: true}
Session ID: 59d6a9bfd84b8ea43ad34dd5d70a4943]]>
            </message>
            <full-stacktrace>
              <![CDATA[org.openqa.selenium.NoSuchElementException: no such element: Unable to locate element: {"method":"xpath","selector":"//h2[text()='Login to your account']"}
  (Session info: chrome=136.0.7103.93)
For documentation on this error, please visit: https://www.selenium.dev/documentation/webdriver/troubleshooting/errors#no-such-element-exception
Build info: version: '4.31.0', revision: '1ef9f18787*'
System info: os.name: 'Windows 11', os.arch: 'amd64', os.version: '10.0', java.version: '17.0.6'
Driver info: org.openqa.selenium.chrome.ChromeDriver
Command: [59d6a9bfd84b8ea43ad34dd5d70a4943, findElement {value=//h2[text()='Login to your account'], using=xpath}]
Capabilities {acceptInsecureCerts: false, browserName: chrome, browserVersion: 136.0.7103.93, chrome: {chromedriverVersion: 136.0.7103.92 (cb81a4cc5087..., userDataDir: C:\Users\krant\AppData\Loca...}, fedcm:accounts: true, goog:chromeOptions: {debuggerAddress: localhost:51305}, networkConnectionEnabled: false, pageLoadStrategy: normal, platformName: windows, proxy: Proxy(), se:cdp: ws://localhost:51305/devtoo..., se:cdpVersion: 136.0.7103.93, setWindowRect: true, strictFileInteractability: false, timeouts: {implicit: 0, pageLoad: 300000, script: 30000}, unhandledPromptBehavior: dismiss and notify, webauthn:extension:credBlob: true, webauthn:extension:largeBlob: true, webauthn:extension:minPinLength: true, webauthn:extension:prf: true, webauthn:virtualAuthenticators: true}
Session ID: 59d6a9bfd84b8ea43ad34dd5d70a4943
at java.base/jdk.internal.reflect.NativeConstructorAccessorImpl.newInstance0(Native Method)
at java.base/jdk.internal.reflect.NativeConstructorAccessorImpl.newInstance(NativeConstructorAccessorImpl.java:77)
at java.base/jdk.internal.reflect.DelegatingConstructorAccessorImpl.newInstance(DelegatingConstructorAccessorImpl.java:45)
at java.base/java.lang.reflect.Constructor.newInstanceWithCaller(Constructor.java:499)
at java.base/java.lang.reflect.Constructor.newInstance(Constructor.java:480)
at org.openqa.selenium.remote.ErrorCodec.decode(ErrorCodec.java:167)
at org.openqa.selenium.remote.codec.w3c.W3CHttpResponseCodec.decode(W3CHttpResponseCodec.java:138)
at org.openqa.selenium.remote.codec.w3c.W3CHttpResponseCodec.decode(W3CHttpResponseCodec.java:50)
at org.openqa.selenium.remote.HttpCommandExecutor.execute(HttpCommandExecutor.java:215)
at org.openqa.selenium.remote.service.DriverCommandExecutor.invokeExecute(DriverCommandExecutor.java:216)
at org.openqa.selenium.remote.service.DriverCommandExecutor.execute(DriverCommandExecutor.java:174)
at org.openqa.selenium.remote.RemoteWebDriver.execute(RemoteWebDriver.java:545)
at org.openqa.selenium.remote.ElementLocation$ElementFinder$2.findElement(ElementLocation.java:165)
at org.openqa.selenium.remote.ElementLocation.findElement(ElementLocation.java:59)
at org.openqa.selenium.remote.RemoteWebDriver.findElement(RemoteWebDriver.java:368)
at org.openqa.selenium.remote.RemoteWebDriver.findElement(RemoteWebDriver.java:362)
at org.openqa.selenium.support.pagefactory.DefaultElementLocator.findElement(DefaultElementLocator.java:68)
at org.openqa.selenium.support.pagefactory.internal.LocatingElementHandler.invoke(LocatingElementHandler.java:38)
at jdk.proxy2/jdk.proxy2.$Proxy13.isDisplayed(Unknown Source)
at product_test.Testcase_02.LoginUser_with_correct_email_and_password(Testcase_02.java:28)
at java.base/jdk.internal.reflect.NativeMethodAccessorImpl.invoke0(Native Method)
at java.base/jdk.internal.reflect.NativeMethodAccessorImpl.invoke(NativeMethodAccessorImpl.java:77)
at java.base/jdk.internal.reflect.DelegatingMethodAccessorImpl.invoke(DelegatingMethodAccessorImpl.java:43)
at java.base/java.lang.reflect.Method.invoke(Method.java:568)
at org.testng.internal.invokers.MethodInvocationHelper.invokeMethod(MethodInvocationHelper.java:141)
at org.testng.internal.invokers.TestInvoker.invokeMethod(TestInvoker.java:686)
at org.testng.internal.invokers.TestInvoker.invokeTestMethod(TestInvoker.java:230)
at org.testng.internal.invokers.MethodRunner.runInSequence(MethodRunner.java:63)
at org.testng.internal.invokers.TestInvoker$MethodInvocationAgent.invoke(TestInvoker.java:992)
at org.testng.internal.invokers.TestInvoker.invokeTestMethods(TestInvoker.java:203)
at org.testng.internal.invokers.TestMethodWorker.invokeTestMethods(TestMethodWorker.java:154)
at org.testng.internal.invokers.TestMethodWorker.run(TestMethodWorker.java:134)
at java.base/java.util.ArrayList.forEach(ArrayList.java:1511)
at org.testng.TestRunner.privateRun(TestRunner.java:739)
at org.testng.TestRunner.run(TestRunner.java:614)
at org.testng.SuiteRunner.runTest(SuiteRunner.java:421)
at org.testng.SuiteRunner.runSequentially(SuiteRunner.java:413)
at org.testng.SuiteRunner.privateRun(SuiteRunner.java:373)
at org.testng.SuiteRunner.run(SuiteRunner.java:312)
at org.testng.SuiteRunnerWorker.runSuite(SuiteRunnerWorker.java:52)
at org.testng.SuiteRunnerWorker.run(SuiteRunnerWorker.java:95)
at org.testng.TestNG.runSuitesSequentially(TestNG.java:1274)
at org.testng.TestNG.runSuitesLocally(TestNG.java:1208)
at org.testng.TestNG.runSuites(TestNG.java:1112)
at org.testng.TestNG.run(TestNG.java:1079)
at org.testng.remote.AbstractRemoteTestNG.run(AbstractRemoteTestNG.java:115)
at org.testng.remote.RemoteTestNG.initAndRun(RemoteTestNG.java:293)
at org.testng.remote.RemoteTestNG.main(RemoteTestNG.java:91)
]]>
            </full-stacktrace>
          </exception> <!-- org.openqa.selenium.NoSuchElementException -->
          <reporter-output>
          </reporter-output>
        </test-method> <!-- LoginUser_with_correct_email_and_password -->
        <test-method is-config="true" signature="closebrowser()[pri:0, instance:product_test.Testcase_02@5386659f]" started-at="2025-05-09T12:12:16 IST" name="closebrowser" finished-at="2025-05-09T12:12:16 IST" duration-ms="273" status="PASS">
          <reporter-output>
            <line>
              <![CDATA[Closebrowser Successfull]]>
            </line>
          </reporter-output>
        </test-method> <!-- closebrowser -->
      </class> <!-- product_test.Testcase_02 -->
      <class name="product_test.Testcase_24">
        <test-method is-config="true" signature="browserSetup(java.lang.String,java.lang.String)[pri:0, instance:product_test.Testcase_24@14028087]" started-at="2025-05-09T12:12:16 IST" name="browserSetup" finished-at="2025-05-09T12:12:23 IST" duration-ms="6280" status="PASS">
          <params>
            <param index="0">
              <value>
                <![CDATA[chrome]]>
              </value>
            </param>
            <param index="1">
              <value>
                <![CDATA[User1]]>
              </value>
            </param>
          </params>
          <reporter-output>
            <line>
              <![CDATA[BrowserSetup: chrome Successfull]]>
            </line>
          </reporter-output>
        </test-method> <!-- browserSetup -->
        <test-method signature="Downloadinvoiceafterpurchaseorder()[pri:0, instance:product_test.Testcase_24@14028087]" started-at="2025-05-09T12:12:23 IST" name="Downloadinvoiceafterpurchaseorder" finished-at="2025-05-09T12:12:51 IST" duration-ms="28616" status="PASS">
          <reporter-output>
          </reporter-output>
        </test-method> <!-- Downloadinvoiceafterpurchaseorder -->
        <test-method is-config="true" signature="closebrowser()[pri:0, instance:product_test.Testcase_24@14028087]" started-at="2025-05-09T12:12:51 IST" name="closebrowser" finished-at="2025-05-09T12:12:51 IST" duration-ms="0" status="PASS">
          <reporter-output>
            <line>
              <![CDATA[Closebrowser Successfull]]>
            </line>
          </reporter-output>
        </test-method> <!-- closebrowser -->
      </class> <!-- product_test.Testcase_24 -->
      <class name="product_test.Testcase_21">
        <test-method is-config="true" signature="browserSetup(java.lang.String,java.lang.String)[pri:0, instance:product_test.Testcase_21@402c4085]" started-at="2025-05-09T12:10:54 IST" name="browserSetup" finished-at="2025-05-09T12:10:59 IST" duration-ms="4866" status="PASS">
          <params>
            <param index="0">
              <value>
                <![CDATA[chrome]]>
              </value>
            </param>
            <param index="1">
              <value>
                <![CDATA[User1]]>
              </value>
            </param>
          </params>
          <reporter-output>
            <line>
              <![CDATA[BrowserSetup: chrome Successfull]]>
            </line>
          </reporter-output>
        </test-method> <!-- browserSetup -->
        <test-method signature="review()[pri:0, instance:product_test.Testcase_21@402c4085]" started-at="2025-05-09T12:10:59 IST" name="review" finished-at="2025-05-09T12:11:08 IST" duration-ms="9190" status="PASS">
          <reporter-output>
          </reporter-output>
        </test-method> <!-- review -->
        <test-method is-config="true" signature="closebrowser()[pri:0, instance:product_test.Testcase_21@402c4085]" started-at="2025-05-09T12:11:08 IST" name="closebrowser" finished-at="2025-05-09T12:11:08 IST" duration-ms="1" status="PASS">
          <reporter-output>
            <line>
              <![CDATA[Closebrowser Successfull]]>
            </line>
          </reporter-output>
        </test-method> <!-- closebrowser -->
      </class> <!-- product_test.Testcase_21 -->
      <class name="product_test.Testcase_22">
        <test-method is-config="true" signature="browserSetup(java.lang.String,java.lang.String)[pri:0, instance:product_test.Testcase_22@6fa51cd4]" started-at="2025-05-09T12:11:08 IST" name="browserSetup" finished-at="2025-05-09T12:11:13 IST" duration-ms="5173" status="PASS">
          <params>
            <param index="0">
              <value>
                <![CDATA[chrome]]>
              </value>
            </param>
            <param index="1">
              <value>
                <![CDATA[User1]]>
              </value>
            </param>
          </params>
          <reporter-output>
            <line>
              <![CDATA[BrowserSetup: chrome Successfull]]>
            </line>
          </reporter-output>
        </test-method> <!-- browserSetup -->
        <test-method signature="Addtocartfromtherecommendeditems()[pri:0, instance:product_test.Testcase_22@6fa51cd4]" started-at="2025-05-09T12:11:13 IST" name="Addtocartfromtherecommendeditems" finished-at="2025-05-09T12:11:16 IST" duration-ms="3435" status="PASS">
          <reporter-output>
          </reporter-output>
        </test-method> <!-- Addtocartfromtherecommendeditems -->
        <test-method is-config="true" signature="closebrowser()[pri:0, instance:product_test.Testcase_22@6fa51cd4]" started-at="2025-05-09T12:11:16 IST" name="closebrowser" finished-at="2025-05-09T12:11:16 IST" duration-ms="0" status="PASS">
          <reporter-output>
            <line>
              <![CDATA[Closebrowser Successfull]]>
            </line>
          </reporter-output>
        </test-method> <!-- closebrowser -->
      </class> <!-- product_test.Testcase_22 -->
      <class name="product_test.Testcase_05">
        <test-method is-config="true" signature="browserSetup(java.lang.String,java.lang.String)[pri:0, instance:product_test.Testcase_05@1750fbeb]" started-at="2025-05-09T12:13:56 IST" name="browserSetup" finished-at="2025-05-09T12:14:03 IST" duration-ms="6604" status="PASS">
          <params>
            <param index="0">
              <value>
                <![CDATA[chrome]]>
              </value>
            </param>
            <param index="1">
              <value>
                <![CDATA[User1]]>
              </value>
            </param>
          </params>
          <reporter-output>
            <line>
              <![CDATA[BrowserSetup: chrome Successfull]]>
            </line>
          </reporter-output>
        </test-method> <!-- browserSetup -->
        <test-method signature="Register_User_with_existing_email()[pri:0, instance:product_test.Testcase_05@1750fbeb]" started-at="2025-05-09T12:14:03 IST" name="Register_User_with_existing_email" finished-at="2025-05-09T12:14:16 IST" duration-ms="13016" status="FAIL">
          <exception class="org.openqa.selenium.NoSuchElementException">
            <message>
              <![CDATA[no such element: Unable to locate element: {"method":"xpath","selector":"//p[text()='Email Address already exist!']"}
  (Session info: chrome=136.0.7103.93)
For documentation on this error, please visit: https://www.selenium.dev/documentation/webdriver/troubleshooting/errors#no-such-element-exception
Build info: version: '4.31.0', revision: '1ef9f18787*'
System info: os.name: 'Windows 11', os.arch: 'amd64', os.version: '10.0', java.version: '17.0.6'
Driver info: org.openqa.selenium.chrome.ChromeDriver
Command: [9b847fb648dfd73294fba5cb7568dbe4, findElement {value=//p[text()='Email Address already exist!'], using=xpath}]
Capabilities {acceptInsecureCerts: false, browserName: chrome, browserVersion: 136.0.7103.93, chrome: {chromedriverVersion: 136.0.7103.92 (cb81a4cc5087..., userDataDir: C:\Users\krant\AppData\Loca...}, fedcm:accounts: true, goog:chromeOptions: {debuggerAddress: localhost:52337}, networkConnectionEnabled: false, pageLoadStrategy: normal, platformName: windows, proxy: Proxy(), se:cdp: ws://localhost:52337/devtoo..., se:cdpVersion: 136.0.7103.93, setWindowRect: true, strictFileInteractability: false, timeouts: {implicit: 0, pageLoad: 300000, script: 30000}, unhandledPromptBehavior: dismiss and notify, webauthn:extension:credBlob: true, webauthn:extension:largeBlob: true, webauthn:extension:minPinLength: true, webauthn:extension:prf: true, webauthn:virtualAuthenticators: true}
Session ID: 9b847fb648dfd73294fba5cb7568dbe4]]>
            </message>
            <full-stacktrace>
              <![CDATA[org.openqa.selenium.NoSuchElementException: no such element: Unable to locate element: {"method":"xpath","selector":"//p[text()='Email Address already exist!']"}
  (Session info: chrome=136.0.7103.93)
For documentation on this error, please visit: https://www.selenium.dev/documentation/webdriver/troubleshooting/errors#no-such-element-exception
Build info: version: '4.31.0', revision: '1ef9f18787*'
System info: os.name: 'Windows 11', os.arch: 'amd64', os.version: '10.0', java.version: '17.0.6'
Driver info: org.openqa.selenium.chrome.ChromeDriver
Command: [9b847fb648dfd73294fba5cb7568dbe4, findElement {value=//p[text()='Email Address already exist!'], using=xpath}]
Capabilities {acceptInsecureCerts: false, browserName: chrome, browserVersion: 136.0.7103.93, chrome: {chromedriverVersion: 136.0.7103.92 (cb81a4cc5087..., userDataDir: C:\Users\krant\AppData\Loca...}, fedcm:accounts: true, goog:chromeOptions: {debuggerAddress: localhost:52337}, networkConnectionEnabled: false, pageLoadStrategy: normal, platformName: windows, proxy: Proxy(), se:cdp: ws://localhost:52337/devtoo..., se:cdpVersion: 136.0.7103.93, setWindowRect: true, strictFileInteractability: false, timeouts: {implicit: 0, pageLoad: 300000, script: 30000}, unhandledPromptBehavior: dismiss and notify, webauthn:extension:credBlob: true, webauthn:extension:largeBlob: true, webauthn:extension:minPinLength: true, webauthn:extension:prf: true, webauthn:virtualAuthenticators: true}
Session ID: 9b847fb648dfd73294fba5cb7568dbe4
at java.base/jdk.internal.reflect.NativeConstructorAccessorImpl.newInstance0(Native Method)
at java.base/jdk.internal.reflect.NativeConstructorAccessorImpl.newInstance(NativeConstructorAccessorImpl.java:77)
at java.base/jdk.internal.reflect.DelegatingConstructorAccessorImpl.newInstance(DelegatingConstructorAccessorImpl.java:45)
at java.base/java.lang.reflect.Constructor.newInstanceWithCaller(Constructor.java:499)
at java.base/java.lang.reflect.Constructor.newInstance(Constructor.java:480)
at org.openqa.selenium.remote.ErrorCodec.decode(ErrorCodec.java:167)
at org.openqa.selenium.remote.codec.w3c.W3CHttpResponseCodec.decode(W3CHttpResponseCodec.java:138)
at org.openqa.selenium.remote.codec.w3c.W3CHttpResponseCodec.decode(W3CHttpResponseCodec.java:50)
at org.openqa.selenium.remote.HttpCommandExecutor.execute(HttpCommandExecutor.java:215)
at org.openqa.selenium.remote.service.DriverCommandExecutor.invokeExecute(DriverCommandExecutor.java:216)
at org.openqa.selenium.remote.service.DriverCommandExecutor.execute(DriverCommandExecutor.java:174)
at org.openqa.selenium.remote.RemoteWebDriver.execute(RemoteWebDriver.java:545)
at org.openqa.selenium.remote.ElementLocation$ElementFinder$2.findElement(ElementLocation.java:165)
at org.openqa.selenium.remote.ElementLocation.findElement(ElementLocation.java:59)
at org.openqa.selenium.remote.RemoteWebDriver.findElement(RemoteWebDriver.java:368)
at org.openqa.selenium.remote.RemoteWebDriver.findElement(RemoteWebDriver.java:362)
at org.openqa.selenium.support.pagefactory.DefaultElementLocator.findElement(DefaultElementLocator.java:68)
at org.openqa.selenium.support.pagefactory.internal.LocatingElementHandler.invoke(LocatingElementHandler.java:38)
at jdk.proxy2/jdk.proxy2.$Proxy13.isDisplayed(Unknown Source)
at product_test.Testcase_05.Register_User_with_existing_email(Testcase_05.java:39)
at java.base/jdk.internal.reflect.NativeMethodAccessorImpl.invoke0(Native Method)
at java.base/jdk.internal.reflect.NativeMethodAccessorImpl.invoke(NativeMethodAccessorImpl.java:77)
at java.base/jdk.internal.reflect.DelegatingMethodAccessorImpl.invoke(DelegatingMethodAccessorImpl.java:43)
at java.base/java.lang.reflect.Method.invoke(Method.java:568)
at org.testng.internal.invokers.MethodInvocationHelper.invokeMethod(MethodInvocationHelper.java:141)
at org.testng.internal.invokers.TestInvoker.invokeMethod(TestInvoker.java:686)
at org.testng.internal.invokers.TestInvoker.invokeTestMethod(TestInvoker.java:230)
at org.testng.internal.invokers.MethodRunner.runInSequence(MethodRunner.java:63)
at org.testng.internal.invokers.TestInvoker$MethodInvocationAgent.invoke(TestInvoker.java:992)
at org.testng.internal.invokers.TestInvoker.invokeTestMethods(TestInvoker.java:203)
at org.testng.internal.invokers.TestMethodWorker.invokeTestMethods(TestMethodWorker.java:154)
at org.testng.internal.invokers.TestMethodWorker.run(TestMethodWorker.java:134)
at java.base/java.util.ArrayList.forEach(ArrayList.java:1511)
at org.testng.TestRunner.privateRun(TestRunner.java:739)
at org.testng.TestRunner.run(TestRunner.java:614)
at org.testng.SuiteRunner.runTest(SuiteRunner.java:421)
at org.testng.SuiteRunner.runSequentially(SuiteRunner.java:413)
at org.testng.SuiteRunner.privateRun(SuiteRunner.java:373)
at org.testng.SuiteRunner.run(SuiteRunner.java:312)
at org.testng.SuiteRunnerWorker.runSuite(SuiteRunnerWorker.java:52)
at org.testng.SuiteRunnerWorker.run(SuiteRunnerWorker.java:95)
at org.testng.TestNG.runSuitesSequentially(TestNG.java:1274)
at org.testng.TestNG.runSuitesLocally(TestNG.java:1208)
at org.testng.TestNG.runSuites(TestNG.java:1112)
at org.testng.TestNG.run(TestNG.java:1079)
at org.testng.remote.AbstractRemoteTestNG.run(AbstractRemoteTestNG.java:115)
at org.testng.remote.RemoteTestNG.initAndRun(RemoteTestNG.java:293)
at org.testng.remote.RemoteTestNG.main(RemoteTestNG.java:91)
]]>
            </full-stacktrace>
          </exception> <!-- org.openqa.selenium.NoSuchElementException -->
          <reporter-output>
          </reporter-output>
        </test-method> <!-- Register_User_with_existing_email -->
        <test-method is-config="true" signature="closebrowser()[pri:0, instance:product_test.Testcase_05@1750fbeb]" started-at="2025-05-09T12:14:16 IST" name="closebrowser" finished-at="2025-05-09T12:14:16 IST" duration-ms="294" status="PASS">
          <reporter-output>
            <line>
              <![CDATA[Closebrowser Successfull]]>
            </line>
          </reporter-output>
        </test-method> <!-- closebrowser -->
      </class> <!-- product_test.Testcase_05 -->
      <class name="product_test.Testcase_06">
        <test-method is-config="true" signature="browserSetup(java.lang.String,java.lang.String)[pri:0, instance:product_test.Testcase_06@5b247367]" started-at="2025-05-09T12:14:16 IST" name="browserSetup" finished-at="2025-05-09T12:14:22 IST" duration-ms="5992" status="PASS">
          <params>
            <param index="0">
              <value>
                <![CDATA[chrome]]>
              </value>
            </param>
            <param index="1">
              <value>
                <![CDATA[User1]]>
              </value>
            </param>
          </params>
          <reporter-output>
            <line>
              <![CDATA[BrowserSetup: chrome Successfull]]>
            </line>
          </reporter-output>
        </test-method> <!-- browserSetup -->
        <test-method signature="Contact_Us_Form()[pri:0, instance:product_test.Testcase_06@5b247367]" started-at="2025-05-09T12:14:22 IST" name="Contact_Us_Form" finished-at="2025-05-09T12:14:34 IST" duration-ms="12191" status="FAIL">
          <exception class="java.lang.NullPointerException">
            <full-stacktrace>
              <![CDATA[java.lang.NullPointerException
at java.base/java.io.File.<init>(File.java:278)
at product_test.Testcase_06.Contact_Us_Form(Testcase_06.java:65)
at java.base/jdk.internal.reflect.NativeMethodAccessorImpl.invoke0(Native Method)
at java.base/jdk.internal.reflect.NativeMethodAccessorImpl.invoke(NativeMethodAccessorImpl.java:77)
at java.base/jdk.internal.reflect.DelegatingMethodAccessorImpl.invoke(DelegatingMethodAccessorImpl.java:43)
at java.base/java.lang.reflect.Method.invoke(Method.java:568)
at org.testng.internal.invokers.MethodInvocationHelper.invokeMethod(MethodInvocationHelper.java:141)
at org.testng.internal.invokers.TestInvoker.invokeMethod(TestInvoker.java:686)
at org.testng.internal.invokers.TestInvoker.invokeTestMethod(TestInvoker.java:230)
at org.testng.internal.invokers.MethodRunner.runInSequence(MethodRunner.java:63)
at org.testng.internal.invokers.TestInvoker$MethodInvocationAgent.invoke(TestInvoker.java:992)
at org.testng.internal.invokers.TestInvoker.invokeTestMethods(TestInvoker.java:203)
at org.testng.internal.invokers.TestMethodWorker.invokeTestMethods(TestMethodWorker.java:154)
at org.testng.internal.invokers.TestMethodWorker.run(TestMethodWorker.java:134)
at java.base/java.util.ArrayList.forEach(ArrayList.java:1511)
at org.testng.TestRunner.privateRun(TestRunner.java:739)
at org.testng.TestRunner.run(TestRunner.java:614)
at org.testng.SuiteRunner.runTest(SuiteRunner.java:421)
at org.testng.SuiteRunner.runSequentially(SuiteRunner.java:413)
at org.testng.SuiteRunner.privateRun(SuiteRunner.java:373)
at org.testng.SuiteRunner.run(SuiteRunner.java:312)
at org.testng.SuiteRunnerWorker.runSuite(SuiteRunnerWorker.java:52)
at org.testng.SuiteRunnerWorker.run(SuiteRunnerWorker.java:95)
at org.testng.TestNG.runSuitesSequentially(TestNG.java:1274)
at org.testng.TestNG.runSuitesLocally(TestNG.java:1208)
at org.testng.TestNG.runSuites(TestNG.java:1112)
at org.testng.TestNG.run(TestNG.java:1079)
at org.testng.remote.AbstractRemoteTestNG.run(AbstractRemoteTestNG.java:115)
at org.testng.remote.RemoteTestNG.initAndRun(RemoteTestNG.java:293)
at org.testng.remote.RemoteTestNG.main(RemoteTestNG.java:91)
]]>
            </full-stacktrace>
          </exception> <!-- java.lang.NullPointerException -->
          <reporter-output>
          </reporter-output>
        </test-method> <!-- Contact_Us_Form -->
        <test-method is-config="true" signature="closebrowser()[pri:0, instance:product_test.Testcase_06@5b247367]" started-at="2025-05-09T12:14:34 IST" name="closebrowser" finished-at="2025-05-09T12:14:34 IST" duration-ms="309" status="PASS">
          <reporter-output>
            <line>
              <![CDATA[Closebrowser Successfull]]>
            </line>
          </reporter-output>
        </test-method> <!-- closebrowser -->
      </class> <!-- product_test.Testcase_06 -->
      <class name="product_test.Testcase_03">
        <test-method is-config="true" signature="browserSetup(java.lang.String,java.lang.String)[pri:0, instance:product_test.Testcase_03@cecf639]" started-at="2025-05-09T12:12:51 IST" name="browserSetup" finished-at="2025-05-09T12:12:57 IST" duration-ms="5378" status="PASS">
          <params>
            <param index="0">
              <value>
                <![CDATA[chrome]]>
              </value>
            </param>
            <param index="1">
              <value>
                <![CDATA[User1]]>
              </value>
            </param>
          </params>
          <reporter-output>
            <line>
              <![CDATA[BrowserSetup: chrome Successfull]]>
            </line>
          </reporter-output>
        </test-method> <!-- browserSetup -->
        <test-method signature="Login_User_with_incorrect_email_and_password()[pri:0, instance:product_test.Testcase_03@cecf639]" started-at="2025-05-09T12:12:57 IST" name="Login_User_with_incorrect_email_and_password" finished-at="2025-05-09T12:13:09 IST" duration-ms="12490" status="FAIL">
          <exception class="org.openqa.selenium.NoSuchElementException">
            <message>
              <![CDATA[no such element: Unable to locate element: {"method":"xpath","selector":"//p[text()='Your email or password is incorrect!']"}
  (Session info: chrome=136.0.7103.93)
For documentation on this error, please visit: https://www.selenium.dev/documentation/webdriver/troubleshooting/errors#no-such-element-exception
Build info: version: '4.31.0', revision: '1ef9f18787*'
System info: os.name: 'Windows 11', os.arch: 'amd64', os.version: '10.0', java.version: '17.0.6'
Driver info: org.openqa.selenium.chrome.ChromeDriver
Command: [9a6faa38c38aad578e3176110c445137, findElement {value=//p[text()='Your email or password is incorrect!'], using=xpath}]
Capabilities {acceptInsecureCerts: false, browserName: chrome, browserVersion: 136.0.7103.93, chrome: {chromedriverVersion: 136.0.7103.92 (cb81a4cc5087..., userDataDir: C:\Users\krant\AppData\Loca...}, fedcm:accounts: true, goog:chromeOptions: {debuggerAddress: localhost:51785}, networkConnectionEnabled: false, pageLoadStrategy: normal, platformName: windows, proxy: Proxy(), se:cdp: ws://localhost:51785/devtoo..., se:cdpVersion: 136.0.7103.93, setWindowRect: true, strictFileInteractability: false, timeouts: {implicit: 0, pageLoad: 300000, script: 30000}, unhandledPromptBehavior: dismiss and notify, webauthn:extension:credBlob: true, webauthn:extension:largeBlob: true, webauthn:extension:minPinLength: true, webauthn:extension:prf: true, webauthn:virtualAuthenticators: true}
Session ID: 9a6faa38c38aad578e3176110c445137]]>
            </message>
            <full-stacktrace>
              <![CDATA[org.openqa.selenium.NoSuchElementException: no such element: Unable to locate element: {"method":"xpath","selector":"//p[text()='Your email or password is incorrect!']"}
  (Session info: chrome=136.0.7103.93)
For documentation on this error, please visit: https://www.selenium.dev/documentation/webdriver/troubleshooting/errors#no-such-element-exception
Build info: version: '4.31.0', revision: '1ef9f18787*'
System info: os.name: 'Windows 11', os.arch: 'amd64', os.version: '10.0', java.version: '17.0.6'
Driver info: org.openqa.selenium.chrome.ChromeDriver
Command: [9a6faa38c38aad578e3176110c445137, findElement {value=//p[text()='Your email or password is incorrect!'], using=xpath}]
Capabilities {acceptInsecureCerts: false, browserName: chrome, browserVersion: 136.0.7103.93, chrome: {chromedriverVersion: 136.0.7103.92 (cb81a4cc5087..., userDataDir: C:\Users\krant\AppData\Loca...}, fedcm:accounts: true, goog:chromeOptions: {debuggerAddress: localhost:51785}, networkConnectionEnabled: false, pageLoadStrategy: normal, platformName: windows, proxy: Proxy(), se:cdp: ws://localhost:51785/devtoo..., se:cdpVersion: 136.0.7103.93, setWindowRect: true, strictFileInteractability: false, timeouts: {implicit: 0, pageLoad: 300000, script: 30000}, unhandledPromptBehavior: dismiss and notify, webauthn:extension:credBlob: true, webauthn:extension:largeBlob: true, webauthn:extension:minPinLength: true, webauthn:extension:prf: true, webauthn:virtualAuthenticators: true}
Session ID: 9a6faa38c38aad578e3176110c445137
at java.base/jdk.internal.reflect.NativeConstructorAccessorImpl.newInstance0(Native Method)
at java.base/jdk.internal.reflect.NativeConstructorAccessorImpl.newInstance(NativeConstructorAccessorImpl.java:77)
at java.base/jdk.internal.reflect.DelegatingConstructorAccessorImpl.newInstance(DelegatingConstructorAccessorImpl.java:45)
at java.base/java.lang.reflect.Constructor.newInstanceWithCaller(Constructor.java:499)
at java.base/java.lang.reflect.Constructor.newInstance(Constructor.java:480)
at org.openqa.selenium.remote.ErrorCodec.decode(ErrorCodec.java:167)
at org.openqa.selenium.remote.codec.w3c.W3CHttpResponseCodec.decode(W3CHttpResponseCodec.java:138)
at org.openqa.selenium.remote.codec.w3c.W3CHttpResponseCodec.decode(W3CHttpResponseCodec.java:50)
at org.openqa.selenium.remote.HttpCommandExecutor.execute(HttpCommandExecutor.java:215)
at org.openqa.selenium.remote.service.DriverCommandExecutor.invokeExecute(DriverCommandExecutor.java:216)
at org.openqa.selenium.remote.service.DriverCommandExecutor.execute(DriverCommandExecutor.java:174)
at org.openqa.selenium.remote.RemoteWebDriver.execute(RemoteWebDriver.java:545)
at org.openqa.selenium.remote.ElementLocation$ElementFinder$2.findElement(ElementLocation.java:165)
at org.openqa.selenium.remote.ElementLocation.findElement(ElementLocation.java:59)
at org.openqa.selenium.remote.RemoteWebDriver.findElement(RemoteWebDriver.java:368)
at org.openqa.selenium.remote.RemoteWebDriver.findElement(RemoteWebDriver.java:362)
at org.openqa.selenium.support.pagefactory.DefaultElementLocator.findElement(DefaultElementLocator.java:68)
at org.openqa.selenium.support.pagefactory.internal.LocatingElementHandler.invoke(LocatingElementHandler.java:38)
at jdk.proxy2/jdk.proxy2.$Proxy13.isDisplayed(Unknown Source)
at product_test.Testcase_03.Login_User_with_incorrect_email_and_password(Testcase_03.java:37)
at java.base/jdk.internal.reflect.NativeMethodAccessorImpl.invoke0(Native Method)
at java.base/jdk.internal.reflect.NativeMethodAccessorImpl.invoke(NativeMethodAccessorImpl.java:77)
at java.base/jdk.internal.reflect.DelegatingMethodAccessorImpl.invoke(DelegatingMethodAccessorImpl.java:43)
at java.base/java.lang.reflect.Method.invoke(Method.java:568)
at org.testng.internal.invokers.MethodInvocationHelper.invokeMethod(MethodInvocationHelper.java:141)
at org.testng.internal.invokers.TestInvoker.invokeMethod(TestInvoker.java:686)
at org.testng.internal.invokers.TestInvoker.invokeTestMethod(TestInvoker.java:230)
at org.testng.internal.invokers.MethodRunner.runInSequence(MethodRunner.java:63)
at org.testng.internal.invokers.TestInvoker$MethodInvocationAgent.invoke(TestInvoker.java:992)
at org.testng.internal.invokers.TestInvoker.invokeTestMethods(TestInvoker.java:203)
at org.testng.internal.invokers.TestMethodWorker.invokeTestMethods(TestMethodWorker.java:154)
at org.testng.internal.invokers.TestMethodWorker.run(TestMethodWorker.java:134)
at java.base/java.util.ArrayList.forEach(ArrayList.java:1511)
at org.testng.TestRunner.privateRun(TestRunner.java:739)
at org.testng.TestRunner.run(TestRunner.java:614)
at org.testng.SuiteRunner.runTest(SuiteRunner.java:421)
at org.testng.SuiteRunner.runSequentially(SuiteRunner.java:413)
at org.testng.SuiteRunner.privateRun(SuiteRunner.java:373)
at org.testng.SuiteRunner.run(SuiteRunner.java:312)
at org.testng.SuiteRunnerWorker.runSuite(SuiteRunnerWorker.java:52)
at org.testng.SuiteRunnerWorker.run(SuiteRunnerWorker.java:95)
at org.testng.TestNG.runSuitesSequentially(TestNG.java:1274)
at org.testng.TestNG.runSuitesLocally(TestNG.java:1208)
at org.testng.TestNG.runSuites(TestNG.java:1112)
at org.testng.TestNG.run(TestNG.java:1079)
at org.testng.remote.AbstractRemoteTestNG.run(AbstractRemoteTestNG.java:115)
at org.testng.remote.RemoteTestNG.initAndRun(RemoteTestNG.java:293)
at org.testng.remote.RemoteTestNG.main(RemoteTestNG.java:91)
]]>
            </full-stacktrace>
          </exception> <!-- org.openqa.selenium.NoSuchElementException -->
          <reporter-output>
          </reporter-output>
        </test-method> <!-- Login_User_with_incorrect_email_and_password -->
        <test-method is-config="true" signature="closebrowser()[pri:0, instance:product_test.Testcase_03@cecf639]" started-at="2025-05-09T12:13:09 IST" name="closebrowser" finished-at="2025-05-09T12:13:09 IST" duration-ms="334" status="PASS">
          <reporter-output>
            <line>
              <![CDATA[Closebrowser Successfull]]>
            </line>
          </reporter-output>
        </test-method> <!-- closebrowser -->
      </class> <!-- product_test.Testcase_03 -->
      <class name="product_test.Testcase_25">
        <test-method is-config="true" signature="browserSetup(java.lang.String,java.lang.String)[pri:0, instance:product_test.Testcase_25@1caa0244]" started-at="2025-05-09T12:13:09 IST" name="browserSetup" finished-at="2025-05-09T12:13:16 IST" duration-ms="6703" status="PASS">
          <params>
            <param index="0">
              <value>
                <![CDATA[chrome]]>
              </value>
            </param>
            <param index="1">
              <value>
                <![CDATA[User1]]>
              </value>
            </param>
          </params>
          <reporter-output>
            <line>
              <![CDATA[BrowserSetup: chrome Successfull]]>
            </line>
          </reporter-output>
        </test-method> <!-- browserSetup -->
        <test-method signature="Verifyscrollupusingarrowbuttonandscrolldownfunctionality()[pri:0, instance:product_test.Testcase_25@1caa0244]" started-at="2025-05-09T12:13:16 IST" name="Verifyscrollupusingarrowbuttonandscrolldownfunctionality" finished-at="2025-05-09T12:13:16 IST" duration-ms="411" status="PASS">
          <reporter-output>
          </reporter-output>
        </test-method> <!-- Verifyscrollupusingarrowbuttonandscrolldownfunctionality -->
        <test-method is-config="true" signature="closebrowser()[pri:0, instance:product_test.Testcase_25@1caa0244]" started-at="2025-05-09T12:13:16 IST" name="closebrowser" finished-at="2025-05-09T12:13:16 IST" duration-ms="1" status="PASS">
          <reporter-output>
            <line>
              <![CDATA[Closebrowser Successfull]]>
            </line>
          </reporter-output>
        </test-method> <!-- closebrowser -->
      </class> <!-- product_test.Testcase_25 -->
      <class name="product_test.Testcase_04">
        <test-method is-config="true" signature="browserSetup(java.lang.String,java.lang.String)[pri:0, instance:product_test.Testcase_04@7ce026d3]" started-at="2025-05-09T12:13:16 IST" name="browserSetup" finished-at="2025-05-09T12:13:30 IST" duration-ms="13426" status="PASS">
          <params>
            <param index="0">
              <value>
                <![CDATA[chrome]]>
              </value>
            </param>
            <param index="1">
              <value>
                <![CDATA[User1]]>
              </value>
            </param>
          </params>
          <reporter-output>
            <line>
              <![CDATA[BrowserSetup: chrome Successfull]]>
            </line>
          </reporter-output>
        </test-method> <!-- browserSetup -->
        <test-method signature="Logout_User()[pri:0, instance:product_test.Testcase_04@7ce026d3]" started-at="2025-05-09T12:13:30 IST" name="Logout_User" finished-at="2025-05-09T12:13:42 IST" duration-ms="12537" status="FAIL">
          <exception class="org.openqa.selenium.NoSuchElementException">
            <message>
              <![CDATA[no such element: Unable to locate element: {"method":"xpath","selector":"//a[text()=' Logged in as ']"}
  (Session info: chrome=136.0.7103.93)
For documentation on this error, please visit: https://www.selenium.dev/documentation/webdriver/troubleshooting/errors#no-such-element-exception
Build info: version: '4.31.0', revision: '1ef9f18787*'
System info: os.name: 'Windows 11', os.arch: 'amd64', os.version: '10.0', java.version: '17.0.6'
Driver info: org.openqa.selenium.chrome.ChromeDriver
Command: [9996b2e340a72802e046e8620a4ce3ca, findElement {value=//a[text()=' Logged in as '], using=xpath}]
Capabilities {acceptInsecureCerts: false, browserName: chrome, browserVersion: 136.0.7103.93, chrome: {chromedriverVersion: 136.0.7103.92 (cb81a4cc5087..., userDataDir: C:\Users\krant\AppData\Loca...}, fedcm:accounts: true, goog:chromeOptions: {debuggerAddress: localhost:51992}, networkConnectionEnabled: false, pageLoadStrategy: normal, platformName: windows, proxy: Proxy(), se:cdp: ws://localhost:51992/devtoo..., se:cdpVersion: 136.0.7103.93, setWindowRect: true, strictFileInteractability: false, timeouts: {implicit: 0, pageLoad: 300000, script: 30000}, unhandledPromptBehavior: dismiss and notify, webauthn:extension:credBlob: true, webauthn:extension:largeBlob: true, webauthn:extension:minPinLength: true, webauthn:extension:prf: true, webauthn:virtualAuthenticators: true}
Session ID: 9996b2e340a72802e046e8620a4ce3ca]]>
            </message>
            <full-stacktrace>
              <![CDATA[org.openqa.selenium.NoSuchElementException: no such element: Unable to locate element: {"method":"xpath","selector":"//a[text()=' Logged in as ']"}
  (Session info: chrome=136.0.7103.93)
For documentation on this error, please visit: https://www.selenium.dev/documentation/webdriver/troubleshooting/errors#no-such-element-exception
Build info: version: '4.31.0', revision: '1ef9f18787*'
System info: os.name: 'Windows 11', os.arch: 'amd64', os.version: '10.0', java.version: '17.0.6'
Driver info: org.openqa.selenium.chrome.ChromeDriver
Command: [9996b2e340a72802e046e8620a4ce3ca, findElement {value=//a[text()=' Logged in as '], using=xpath}]
Capabilities {acceptInsecureCerts: false, browserName: chrome, browserVersion: 136.0.7103.93, chrome: {chromedriverVersion: 136.0.7103.92 (cb81a4cc5087..., userDataDir: C:\Users\krant\AppData\Loca...}, fedcm:accounts: true, goog:chromeOptions: {debuggerAddress: localhost:51992}, networkConnectionEnabled: false, pageLoadStrategy: normal, platformName: windows, proxy: Proxy(), se:cdp: ws://localhost:51992/devtoo..., se:cdpVersion: 136.0.7103.93, setWindowRect: true, strictFileInteractability: false, timeouts: {implicit: 0, pageLoad: 300000, script: 30000}, unhandledPromptBehavior: dismiss and notify, webauthn:extension:credBlob: true, webauthn:extension:largeBlob: true, webauthn:extension:minPinLength: true, webauthn:extension:prf: true, webauthn:virtualAuthenticators: true}
Session ID: 9996b2e340a72802e046e8620a4ce3ca
at java.base/jdk.internal.reflect.NativeConstructorAccessorImpl.newInstance0(Native Method)
at java.base/jdk.internal.reflect.NativeConstructorAccessorImpl.newInstance(NativeConstructorAccessorImpl.java:77)
at java.base/jdk.internal.reflect.DelegatingConstructorAccessorImpl.newInstance(DelegatingConstructorAccessorImpl.java:45)
at java.base/java.lang.reflect.Constructor.newInstanceWithCaller(Constructor.java:499)
at java.base/java.lang.reflect.Constructor.newInstance(Constructor.java:480)
at org.openqa.selenium.remote.ErrorCodec.decode(ErrorCodec.java:167)
at org.openqa.selenium.remote.codec.w3c.W3CHttpResponseCodec.decode(W3CHttpResponseCodec.java:138)
at org.openqa.selenium.remote.codec.w3c.W3CHttpResponseCodec.decode(W3CHttpResponseCodec.java:50)
at org.openqa.selenium.remote.HttpCommandExecutor.execute(HttpCommandExecutor.java:215)
at org.openqa.selenium.remote.service.DriverCommandExecutor.invokeExecute(DriverCommandExecutor.java:216)
at org.openqa.selenium.remote.service.DriverCommandExecutor.execute(DriverCommandExecutor.java:174)
at org.openqa.selenium.remote.RemoteWebDriver.execute(RemoteWebDriver.java:545)
at org.openqa.selenium.remote.ElementLocation$ElementFinder$2.findElement(ElementLocation.java:165)
at org.openqa.selenium.remote.ElementLocation.findElement(ElementLocation.java:59)
at org.openqa.selenium.remote.RemoteWebDriver.findElement(RemoteWebDriver.java:368)
at org.openqa.selenium.remote.RemoteWebDriver.findElement(RemoteWebDriver.java:362)
at org.openqa.selenium.support.pagefactory.DefaultElementLocator.findElement(DefaultElementLocator.java:68)
at org.openqa.selenium.support.pagefactory.internal.LocatingElementHandler.invoke(LocatingElementHandler.java:38)
at jdk.proxy2/jdk.proxy2.$Proxy13.isDisplayed(Unknown Source)
at product_test.Testcase_04.Logout_User(Testcase_04.java:37)
at java.base/jdk.internal.reflect.NativeMethodAccessorImpl.invoke0(Native Method)
at java.base/jdk.internal.reflect.NativeMethodAccessorImpl.invoke(NativeMethodAccessorImpl.java:77)
at java.base/jdk.internal.reflect.DelegatingMethodAccessorImpl.invoke(DelegatingMethodAccessorImpl.java:43)
at java.base/java.lang.reflect.Method.invoke(Method.java:568)
at org.testng.internal.invokers.MethodInvocationHelper.invokeMethod(MethodInvocationHelper.java:141)
at org.testng.internal.invokers.TestInvoker.invokeMethod(TestInvoker.java:686)
at org.testng.internal.invokers.TestInvoker.invokeTestMethod(TestInvoker.java:230)
at org.testng.internal.invokers.MethodRunner.runInSequence(MethodRunner.java:63)
at org.testng.internal.invokers.TestInvoker$MethodInvocationAgent.invoke(TestInvoker.java:992)
at org.testng.internal.invokers.TestInvoker.invokeTestMethods(TestInvoker.java:203)
at org.testng.internal.invokers.TestMethodWorker.invokeTestMethods(TestMethodWorker.java:154)
at org.testng.internal.invokers.TestMethodWorker.run(TestMethodWorker.java:134)
at java.base/java.util.ArrayList.forEach(ArrayList.java:1511)
at org.testng.TestRunner.privateRun(TestRunner.java:739)
at org.testng.TestRunner.run(TestRunner.java:614)
at org.testng.SuiteRunner.runTest(SuiteRunner.java:421)
at org.testng.SuiteRunner.runSequentially(SuiteRunner.java:413)
at org.testng.SuiteRunner.privateRun(SuiteRunner.java:373)
at org.testng.SuiteRunner.run(SuiteRunner.java:312)
at org.testng.SuiteRunnerWorker.runSuite(SuiteRunnerWorker.java:52)
at org.testng.SuiteRunnerWorker.run(SuiteRunnerWorker.java:95)
at org.testng.TestNG.runSuitesSequentially(TestNG.java:1274)
at org.testng.TestNG.runSuitesLocally(TestNG.java:1208)
at org.testng.TestNG.runSuites(TestNG.java:1112)
at org.testng.TestNG.run(TestNG.java:1079)
at org.testng.remote.AbstractRemoteTestNG.run(AbstractRemoteTestNG.java:115)
at org.testng.remote.RemoteTestNG.initAndRun(RemoteTestNG.java:293)
at org.testng.remote.RemoteTestNG.main(RemoteTestNG.java:91)
]]>
            </full-stacktrace>
          </exception> <!-- org.openqa.selenium.NoSuchElementException -->
          <reporter-output>
          </reporter-output>
        </test-method> <!-- Logout_User -->
        <test-method is-config="true" signature="closebrowser()[pri:0, instance:product_test.Testcase_04@7ce026d3]" started-at="2025-05-09T12:13:42 IST" name="closebrowser" finished-at="2025-05-09T12:13:43 IST" duration-ms="306" status="PASS">
          <reporter-output>
            <line>
              <![CDATA[Closebrowser Successfull]]>
            </line>
          </reporter-output>
        </test-method> <!-- closebrowser -->
      </class> <!-- product_test.Testcase_04 -->
      <class name="product_test.Testcase_26">
        <test-method is-config="true" signature="browserSetup(java.lang.String,java.lang.String)[pri:0, instance:product_test.Testcase_26@7ce69770]" started-at="2025-05-09T12:13:43 IST" name="browserSetup" finished-at="2025-05-09T12:13:49 IST" duration-ms="6626" status="PASS">
          <params>
            <param index="0">
              <value>
                <![CDATA[chrome]]>
              </value>
            </param>
            <param index="1">
              <value>
                <![CDATA[User1]]>
              </value>
            </param>
          </params>
          <reporter-output>
            <line>
              <![CDATA[BrowserSetup: chrome Successfull]]>
            </line>
          </reporter-output>
        </test-method> <!-- browserSetup -->
        <test-method signature="Verifyscrollupwithoutarrowbuttonandscrolldownfunctionality()[pri:0, instance:product_test.Testcase_26@7ce69770]" started-at="2025-05-09T12:13:49 IST" name="Verifyscrollupwithoutarrowbuttonandscrolldownfunctionality" finished-at="2025-05-09T12:13:56 IST" duration-ms="6443" status="PASS">
          <reporter-output>
          </reporter-output>
        </test-method> <!-- Verifyscrollupwithoutarrowbuttonandscrolldownfunctionality -->
        <test-method is-config="true" signature="closebrowser()[pri:0, instance:product_test.Testcase_26@7ce69770]" started-at="2025-05-09T12:13:56 IST" name="closebrowser" finished-at="2025-05-09T12:13:56 IST" duration-ms="230" status="PASS">
          <reporter-output>
            <line>
              <![CDATA[Closebrowser Successfull]]>
            </line>
          </reporter-output>
        </test-method> <!-- closebrowser -->
      </class> <!-- product_test.Testcase_26 -->
      <class name="product_test.Testcase_09">
        <test-method is-config="true" signature="browserSetup(java.lang.String,java.lang.String)[pri:0, instance:product_test.Testcase_09@7e057f43]" started-at="2025-05-09T12:14:55 IST" name="browserSetup" finished-at="2025-05-09T12:15:02 IST" duration-ms="6394" status="PASS">
          <params>
            <param index="0">
              <value>
                <![CDATA[chrome]]>
              </value>
            </param>
            <param index="1">
              <value>
                <![CDATA[User1]]>
              </value>
            </param>
          </params>
          <reporter-output>
            <line>
              <![CDATA[BrowserSetup: chrome Successfull]]>
            </line>
          </reporter-output>
        </test-method> <!-- browserSetup -->
        <test-method signature="SearchProduct()[pri:0, instance:product_test.Testcase_09@7e057f43]" started-at="2025-05-09T12:15:02 IST" name="SearchProduct" finished-at="2025-05-09T12:15:11 IST" duration-ms="9540" status="PASS">
          <reporter-output>
          </reporter-output>
        </test-method> <!-- SearchProduct -->
        <test-method is-config="true" signature="closebrowser()[pri:0, instance:product_test.Testcase_09@7e057f43]" started-at="2025-05-09T12:15:11 IST" name="closebrowser" finished-at="2025-05-09T12:15:11 IST" duration-ms="1" status="PASS">
          <reporter-output>
            <line>
              <![CDATA[Closebrowser Successfull]]>
            </line>
          </reporter-output>
        </test-method> <!-- closebrowser -->
      </class> <!-- product_test.Testcase_09 -->
      <class name="product_test.Testcase_07">
        <test-method is-config="true" signature="browserSetup(java.lang.String,java.lang.String)[pri:0, instance:product_test.Testcase_07@268f106e]" started-at="2025-05-09T12:14:34 IST" name="browserSetup" finished-at="2025-05-09T12:14:40 IST" duration-ms="5447" status="PASS">
          <params>
            <param index="0">
              <value>
                <![CDATA[chrome]]>
              </value>
            </param>
            <param index="1">
              <value>
                <![CDATA[User1]]>
              </value>
            </param>
          </params>
          <reporter-output>
            <line>
              <![CDATA[BrowserSetup: chrome Successfull]]>
            </line>
          </reporter-output>
        </test-method> <!-- browserSetup -->
        <test-method signature="Verify_Test_Cases_Page()[pri:0, instance:product_test.Testcase_07@268f106e]" started-at="2025-05-09T12:14:40 IST" name="Verify_Test_Cases_Page" finished-at="2025-05-09T12:14:41 IST" duration-ms="1260" status="PASS">
          <reporter-output>
          </reporter-output>
        </test-method> <!-- Verify_Test_Cases_Page -->
        <test-method is-config="true" signature="closebrowser()[pri:0, instance:product_test.Testcase_07@268f106e]" started-at="2025-05-09T12:14:41 IST" name="closebrowser" finished-at="2025-05-09T12:14:41 IST" duration-ms="0" status="PASS">
          <reporter-output>
            <line>
              <![CDATA[Closebrowser Successfull]]>
            </line>
          </reporter-output>
        </test-method> <!-- closebrowser -->
      </class> <!-- product_test.Testcase_07 -->
      <class name="product_test.Testcase_08">
        <test-method is-config="true" signature="browserSetup(java.lang.String,java.lang.String)[pri:0, instance:product_test.Testcase_08@6e9a5ed8]" started-at="2025-05-09T12:14:41 IST" name="browserSetup" finished-at="2025-05-09T12:14:46 IST" duration-ms="4347" status="PASS">
          <params>
            <param index="0">
              <value>
                <![CDATA[chrome]]>
              </value>
            </param>
            <param index="1">
              <value>
                <![CDATA[User1]]>
              </value>
            </param>
          </params>
          <reporter-output>
            <line>
              <![CDATA[BrowserSetup: chrome Successfull]]>
            </line>
          </reporter-output>
        </test-method> <!-- browserSetup -->
        <test-method signature="VerifyAll_Products_and_product_detail_page()[pri:0, instance:product_test.Testcase_08@6e9a5ed8]" started-at="2025-05-09T12:14:46 IST" name="VerifyAll_Products_and_product_detail_page" finished-at="2025-05-09T12:14:55 IST" duration-ms="9623" status="PASS">
          <reporter-output>
          </reporter-output>
        </test-method> <!-- VerifyAll_Products_and_product_detail_page -->
        <test-method is-config="true" signature="closebrowser()[pri:0, instance:product_test.Testcase_08@6e9a5ed8]" started-at="2025-05-09T12:14:55 IST" name="closebrowser" finished-at="2025-05-09T12:14:55 IST" duration-ms="0" status="PASS">
          <reporter-output>
            <line>
              <![CDATA[Closebrowser Successfull]]>
            </line>
          </reporter-output>
        </test-method> <!-- closebrowser -->
      </class> <!-- product_test.Testcase_08 -->
      <class name="product_test.Testcase_20">
        <test-method is-config="true" signature="browserSetup(java.lang.String,java.lang.String)[pri:0, instance:product_test.Testcase_20@57a78e3]" started-at="2025-05-09T12:10:35 IST" name="browserSetup" finished-at="2025-05-09T12:10:42 IST" duration-ms="6530" status="PASS">
          <params>
            <param index="0">
              <value>
                <![CDATA[chrome]]>
              </value>
            </param>
            <param index="1">
              <value>
                <![CDATA[User1]]>
              </value>
            </param>
          </params>
          <reporter-output>
            <line>
              <![CDATA[BrowserSetup: chrome Successfull]]>
            </line>
          </reporter-output>
        </test-method> <!-- browserSetup -->
        <test-method signature="Search_Products_and_Verify_Cart_After_Login()[pri:0, instance:product_test.Testcase_20@57a78e3]" started-at="2025-05-09T12:10:42 IST" name="Search_Products_and_Verify_Cart_After_Login" finished-at="2025-05-09T12:10:54 IST" duration-ms="11894" status="PASS">
          <reporter-output>
          </reporter-output>
        </test-method> <!-- Search_Products_and_Verify_Cart_After_Login -->
        <test-method is-config="true" signature="closebrowser()[pri:0, instance:product_test.Testcase_20@57a78e3]" started-at="2025-05-09T12:10:54 IST" name="closebrowser" finished-at="2025-05-09T12:10:54 IST" duration-ms="0" status="PASS">
          <reporter-output>
            <line>
              <![CDATA[Closebrowser Successfull]]>
            </line>
          </reporter-output>
        </test-method> <!-- closebrowser -->
      </class> <!-- product_test.Testcase_20 -->
      <class name="product_test.Testcase_12">
        <test-method is-config="true" signature="browserSetup(java.lang.String,java.lang.String)[pri:0, instance:product_test.Testcase_12@273444fe]" started-at="2025-05-09T12:08:30 IST" name="browserSetup" finished-at="2025-05-09T12:08:36 IST" duration-ms="5852" status="PASS">
          <params>
            <param index="0">
              <value>
                <![CDATA[chrome]]>
              </value>
            </param>
            <param index="1">
              <value>
                <![CDATA[User1]]>
              </value>
            </param>
          </params>
          <reporter-output>
            <line>
              <![CDATA[BrowserSetup: chrome Successfull]]>
            </line>
          </reporter-output>
        </test-method> <!-- browserSetup -->
        <test-method signature="AddProductsinCart()[pri:0, instance:product_test.Testcase_12@273444fe]" started-at="2025-05-09T12:08:36 IST" name="AddProductsinCart" finished-at="2025-05-09T12:08:42 IST" duration-ms="6669" status="FAIL">
          <exception class="org.openqa.selenium.ElementClickInterceptedException">
            <message>
              <![CDATA[element click intercepted: Element <a data-product-id="2" class="btn btn-default add-to-cart">...</a> is not clickable at point (914, 661). Other element would receive the click: <iframe id="aswift_3" name="aswift_3" browsingtopics="true" style="width: 728px !important; height: 90px !important; display: block; margin: 0px auto;" sandbox="allow-forms allow-popups allow-popups-to-escape-sandbox allow-same-origin allow-scripts allow-top-navigation-by-user-activation" width="728" height="90" frameborder="0" marginwidth="0" marginheight="0" vspace="0" hspace="0" allowtransparency="true" scrolling="no" allow="attribution-reporting; run-ad-auction" src="https://googleads.g.doubleclick.net/pagead/html/r20250507/r20190131/zrt_lookup_fy2021.html#RS-0-&amp;adk=1812271801&amp;client=ca-pub-1677597403311019&amp;fa=1&amp;ifi=4&amp;uci=a!4&amp;btvi=2" data-google-container-id="a!4" tabindex="0" title="Advertisement" aria-label="Advertisement" data-google-query-id="CPj3q7rjlY0DFZfzTAIdKCcp-A" data-load-complete="true"></iframe>
  (Session info: chrome=136.0.7103.93)
Build info: version: '4.31.0', revision: '1ef9f18787*'
System info: os.name: 'Windows 11', os.arch: 'amd64', os.version: '10.0', java.version: '17.0.6'
Driver info: org.openqa.selenium.chrome.ChromeDriver
Command: [61cc91041bb84e03ae31316e8d13f3f3, clickElement {id=f.7F18F9B258F510EB7B6D800C7F4C45B5.d.2493CD4C50587699DFD060181174AAE5.e.43}]
Capabilities {acceptInsecureCerts: false, browserName: chrome, browserVersion: 136.0.7103.93, chrome: {chromedriverVersion: 136.0.7103.92 (cb81a4cc5087..., userDataDir: C:\Users\krant\AppData\Loca...}, fedcm:accounts: true, goog:chromeOptions: {debuggerAddress: localhost:65231}, networkConnectionEnabled: false, pageLoadStrategy: normal, platformName: windows, proxy: Proxy(), se:cdp: ws://localhost:65231/devtoo..., se:cdpVersion: 136.0.7103.93, setWindowRect: true, strictFileInteractability: false, timeouts: {implicit: 0, pageLoad: 300000, script: 30000}, unhandledPromptBehavior: dismiss and notify, webauthn:extension:credBlob: true, webauthn:extension:largeBlob: true, webauthn:extension:minPinLength: true, webauthn:extension:prf: true, webauthn:virtualAuthenticators: true}
Element: [[ChromeDriver: chrome on windows (61cc91041bb84e03ae31316e8d13f3f3)] -> xpath: //a[@data-product-id='2']]
Session ID: 61cc91041bb84e03ae31316e8d13f3f3]]>
            </message>
            <full-stacktrace>
              <![CDATA[org.openqa.selenium.ElementClickInterceptedException: element click intercepted: Element <a data-product-id="2" class="btn btn-default add-to-cart">...</a> is not clickable at point (914, 661). Other element would receive the click: <iframe id="aswift_3" name="aswift_3" browsingtopics="true" style="width: 728px !important; height: 90px !important; display: block; margin: 0px auto;" sandbox="allow-forms allow-popups allow-popups-to-escape-sandbox allow-same-origin allow-scripts allow-top-navigation-by-user-activation" width="728" height="90" frameborder="0" marginwidth="0" marginheight="0" vspace="0" hspace="0" allowtransparency="true" scrolling="no" allow="attribution-reporting; run-ad-auction" src="https://googleads.g.doubleclick.net/pagead/html/r20250507/r20190131/zrt_lookup_fy2021.html#RS-0-&amp;adk=1812271801&amp;client=ca-pub-1677597403311019&amp;fa=1&amp;ifi=4&amp;uci=a!4&amp;btvi=2" data-google-container-id="a!4" tabindex="0" title="Advertisement" aria-label="Advertisement" data-google-query-id="CPj3q7rjlY0DFZfzTAIdKCcp-A" data-load-complete="true"></iframe>
  (Session info: chrome=136.0.7103.93)
Build info: version: '4.31.0', revision: '1ef9f18787*'
System info: os.name: 'Windows 11', os.arch: 'amd64', os.version: '10.0', java.version: '17.0.6'
Driver info: org.openqa.selenium.chrome.ChromeDriver
Command: [61cc91041bb84e03ae31316e8d13f3f3, clickElement {id=f.7F18F9B258F510EB7B6D800C7F4C45B5.d.2493CD4C50587699DFD060181174AAE5.e.43}]
Capabilities {acceptInsecureCerts: false, browserName: chrome, browserVersion: 136.0.7103.93, chrome: {chromedriverVersion: 136.0.7103.92 (cb81a4cc5087..., userDataDir: C:\Users\krant\AppData\Loca...}, fedcm:accounts: true, goog:chromeOptions: {debuggerAddress: localhost:65231}, networkConnectionEnabled: false, pageLoadStrategy: normal, platformName: windows, proxy: Proxy(), se:cdp: ws://localhost:65231/devtoo..., se:cdpVersion: 136.0.7103.93, setWindowRect: true, strictFileInteractability: false, timeouts: {implicit: 0, pageLoad: 300000, script: 30000}, unhandledPromptBehavior: dismiss and notify, webauthn:extension:credBlob: true, webauthn:extension:largeBlob: true, webauthn:extension:minPinLength: true, webauthn:extension:prf: true, webauthn:virtualAuthenticators: true}
Element: [[ChromeDriver: chrome on windows (61cc91041bb84e03ae31316e8d13f3f3)] -> xpath: //a[@data-product-id='2']]
Session ID: 61cc91041bb84e03ae31316e8d13f3f3
at java.base/jdk.internal.reflect.NativeConstructorAccessorImpl.newInstance0(Native Method)
at java.base/jdk.internal.reflect.NativeConstructorAccessorImpl.newInstance(NativeConstructorAccessorImpl.java:77)
at java.base/jdk.internal.reflect.DelegatingConstructorAccessorImpl.newInstance(DelegatingConstructorAccessorImpl.java:45)
at java.base/java.lang.reflect.Constructor.newInstanceWithCaller(Constructor.java:499)
at java.base/java.lang.reflect.Constructor.newInstance(Constructor.java:480)
at org.openqa.selenium.remote.ErrorCodec.decode(ErrorCodec.java:167)
at org.openqa.selenium.remote.codec.w3c.W3CHttpResponseCodec.decode(W3CHttpResponseCodec.java:138)
at org.openqa.selenium.remote.codec.w3c.W3CHttpResponseCodec.decode(W3CHttpResponseCodec.java:50)
at org.openqa.selenium.remote.HttpCommandExecutor.execute(HttpCommandExecutor.java:215)
at org.openqa.selenium.remote.service.DriverCommandExecutor.invokeExecute(DriverCommandExecutor.java:216)
at org.openqa.selenium.remote.service.DriverCommandExecutor.execute(DriverCommandExecutor.java:174)
at org.openqa.selenium.remote.RemoteWebDriver.execute(RemoteWebDriver.java:545)
at org.openqa.selenium.remote.RemoteWebElement.execute(RemoteWebElement.java:223)
at org.openqa.selenium.remote.RemoteWebElement.click(RemoteWebElement.java:76)
at java.base/jdk.internal.reflect.NativeMethodAccessorImpl.invoke0(Native Method)
at java.base/jdk.internal.reflect.NativeMethodAccessorImpl.invoke(NativeMethodAccessorImpl.java:77)
at java.base/jdk.internal.reflect.DelegatingMethodAccessorImpl.invoke(DelegatingMethodAccessorImpl.java:43)
at java.base/java.lang.reflect.Method.invoke(Method.java:568)
at org.openqa.selenium.support.pagefactory.internal.LocatingElementHandler.invoke(LocatingElementHandler.java:51)
at jdk.proxy2/jdk.proxy2.$Proxy13.click(Unknown Source)
at product_test.Testcase_12.AddProductsinCart(Testcase_12.java:33)
at java.base/jdk.internal.reflect.NativeMethodAccessorImpl.invoke0(Native Method)
at java.base/jdk.internal.reflect.NativeMethodAccessorImpl.invoke(NativeMethodAccessorImpl.java:77)
at java.base/jdk.internal.reflect.DelegatingMethodAccessorImpl.invoke(DelegatingMethodAccessorImpl.java:43)
at java.base/java.lang.reflect.Method.invoke(Method.java:568)
at org.testng.internal.invokers.MethodInvocationHelper.invokeMethod(MethodInvocationHelper.java:141)
at org.testng.internal.invokers.TestInvoker.invokeMethod(TestInvoker.java:686)
at org.testng.internal.invokers.TestInvoker.invokeTestMethod(TestInvoker.java:230)
at org.testng.internal.invokers.MethodRunner.runInSequence(MethodRunner.java:63)
at org.testng.internal.invokers.TestInvoker$MethodInvocationAgent.invoke(TestInvoker.java:992)
at org.testng.internal.invokers.TestInvoker.invokeTestMethods(TestInvoker.java:203)
at org.testng.internal.invokers.TestMethodWorker.invokeTestMethods(TestMethodWorker.java:154)
at org.testng.internal.invokers.TestMethodWorker.run(TestMethodWorker.java:134)
at java.base/java.util.ArrayList.forEach(ArrayList.java:1511)
at org.testng.TestRunner.privateRun(TestRunner.java:739)
at org.testng.TestRunner.run(TestRunner.java:614)
at org.testng.SuiteRunner.runTest(SuiteRunner.java:421)
at org.testng.SuiteRunner.runSequentially(SuiteRunner.java:413)
at org.testng.SuiteRunner.privateRun(SuiteRunner.java:373)
at org.testng.SuiteRunner.run(SuiteRunner.java:312)
at org.testng.SuiteRunnerWorker.runSuite(SuiteRunnerWorker.java:52)
at org.testng.SuiteRunnerWorker.run(SuiteRunnerWorker.java:95)
at org.testng.TestNG.runSuitesSequentially(TestNG.java:1274)
at org.testng.TestNG.runSuitesLocally(TestNG.java:1208)
at org.testng.TestNG.runSuites(TestNG.java:1112)
at org.testng.TestNG.run(TestNG.java:1079)
at org.testng.remote.AbstractRemoteTestNG.run(AbstractRemoteTestNG.java:115)
[...]
at PageRepository.HomePage.getcategory(HomePage.java:91)
at PageRepository.HomePage.getcategory(HomePage.java:91)
at PageRepository.HomePage.getcategory(HomePage.java:91)
at PageRepository.HomePage.getcategory(HomePage.java:91)
at PageRepository.HomePage.getcategory(HomePage.java:91)
at PageRepository.HomePage.getcategory(HomePage.java:91)
at PageRepository.HomePage.getcategory(HomePage.java:91)
at PageRepository.HomePage.getcategory(HomePage.java:91)
at PageRepository.HomePage.getcategory(HomePage.java:91)
at PageRepository.HomePage.getcategory(HomePage.java:91)
at PageRepository.HomePage.getcategory(HomePage.java:91)
at PageRepository.HomePage.getcategory(HomePage.java:91)
at PageRepository.HomePage.getcategory(HomePage.java:91)
at PageRepository.HomePage.getcategory(HomePage.java:91)
at PageRepository.HomePage.getcategory(HomePage.java:91)
at PageRepository.HomePage.getcategory(HomePage.java:91)
at PageRepository.HomePage.getcategory(HomePage.java:91)
at PageRepository.HomePage.getcategory(HomePage.java:91)
at PageRepository.HomePage.getcategory(HomePage.java:91)
at PageRepository.HomePage.getcategory(HomePage.java:91)
at PageRepository.HomePage.getcategory(HomePage.java:91)
at PageRepository.HomePage.getcategory(HomePage.java:91)
at PageRepository.HomePage.getcategory(HomePage.java:91)
at PageRepository.HomePage.getcategory(HomePage.java:91)
at PageRepository.HomePage.getcategory(HomePage.java:91)
at PageRepository.HomePage.getcategory(HomePage.java:91)
at PageRepository.HomePage.getcategory(HomePage.java:91)
at PageRepository.HomePage.getcategory(HomePage.java:91)
at PageRepository.HomePage.getcategory(HomePage.java:91)
at PageRepository.HomePage.getcategory(HomePage.java:91)
at PageRepository.HomePage.getcategory(HomePage.java:91)
at PageRepository.HomePage.getcategory(HomePage.java:91)
at PageRepository.HomePage.getcategory(HomePage.java:91)
at PageRepository.HomePage.getcategory(HomePage.java:91)
at PageRepository.HomePage.getcategory(HomePage.java:91)
at PageRepository.HomePage.getcategory(HomePage.java:91)
at PageRepository.HomePage.getcategory(HomePage.java:91)
at PageRepository.HomePage.getcategory(HomePage.java:91)
at PageRepository.HomePage.getcategory(HomePage.java:91)
at PageRepository.HomePage.getcategory(HomePage.java:91)
at PageRepository.HomePage.getcategory(HomePage.java:91)
at PageRepository.HomePage.getcategory(HomePage.java:91)
at PageRepository.HomePage.getcategory(HomePage.java:91)
at PageRepository.HomePage.getcategory(HomePage.java:91)
at PageRepository.HomePage.getcategory(HomePage.java:91)
at PageRepository.HomePage.getcategory(HomePage.java:91)
at PageRepository.HomePage.getcategory(HomePage.java:91)
at PageRepository.HomePage.getcategory(HomePage.java:91)
at PageRepository.HomePage.getcategory(HomePage.java:91)
at PageRepository.HomePage.getcategory(HomePage.java:91)
at PageRepository.HomePage.getcategory(HomePage.java:91)
at PageRepository.HomePage.getcategory(HomePage.java:91)
at PageRepository.HomePage.getcategory(HomePage.java:91)
at PageRepository.HomePage.getcategory(HomePage.java:91)
at PageRepository.HomePage.getcategory(HomePage.java:91)
at PageRepository.HomePage.getcategory(HomePage.java:91)
at PageRepository.HomePage.getcategory(HomePage.java:91)
at PageRepository.HomePage.getcategory(HomePage.java:91)
at PageRepository.HomePage.getcategory(HomePage.java:91)
at PageRepository.HomePage.getcategory(HomePage.java:91)
at PageRepository.HomePage.getcategory(HomePage.java:91)
at PageRepository.HomePage.getcategory(HomePage.java:91)
at PageRepository.HomePage.getcategory(HomePage.java:91)
at PageRepository.HomePage.getcategory(HomePage.java:91)
at PageRepository.HomePage.getcategory(HomePage.java:91)
at PageRepository.HomePage.getcategory(HomePage.java:91)
at PageRepository.HomePage.getcategory(HomePage.java:91)
at PageRepository.HomePage.getcategory(HomePage.java:91)
at PageRepository.HomePage.getcategory(HomePage.java:91)
at PageRepository.HomePage.getcategory(HomePage.java:91)
at PageRepository.HomePage.getcategory(HomePage.java:91)
at PageRepository.HomePage.getcategory(HomePage.java:91)
at PageRepository.HomePage.getcategory(HomePage.java:91)
at PageRepository.HomePage.getcategory(HomePage.java:91)
at PageRepository.HomePage.getcategory(HomePage.java:91)
at PageRepository.HomePage.getcategory(HomePage.java:91)
at PageRepository.HomePage.getcategory(HomePage.java:91)
at PageRepository.HomePage.getcategory(HomePage.java:91)
at PageRepository.HomePage.getcategory(HomePage.java:91)
at PageRepository.HomePage.getcategory(HomePage.java:91)
at PageRepository.HomePage.getcategory(HomePage.java:91)
at PageRepository.HomePage.getcategory(HomePage.java:91)
at PageRepository.HomePage.getcategory(HomePage.java:91)
at PageRepository.HomePage.getcategory(HomePage.java:91)
at PageRepository.HomePage.getcategory(HomePage.java:91)
at PageRepository.HomePage.getcategory(HomePage.java:91)
at PageRepository.HomePage.getcategory(HomePage.java:91)
at PageRepository.HomePage.getcategory(HomePage.java:91)
at PageRepository.HomePage.getcategory(HomePage.java:91)
at PageRepository.HomePage.getcategory(HomePage.java:91)
at PageRepository.HomePage.getcategory(HomePage.java:91)
at PageRepository.HomePage.getcategory(HomePage.java:91)
at PageRepository.HomePage.getcategory(HomePage.java:91)
at PageRepository.HomePage.getcategory(HomePage.java:91)
at PageRepository.HomePage.getcategory(HomePage.java:91)
at PageRepository.HomePage.getcategory(HomePage.java:91)
at PageRepository.HomePage.getcategory(HomePage.java:91)
at PageRepository.HomePage.getcategory(HomePage.java:91)
at PageRepository.HomePage.getcategory(HomePage.java:91)
at PageRepository.HomePage.getcategory(HomePage.java:91)
at PageRepository.HomePage.getcategory(HomePage.java:91)
at PageRepository.HomePage.getcategory(HomePage.java:91)
at PageRepository.HomePage.getcategory(HomePage.java:91)
at PageRepository.HomePage.getcategory(HomePage.java:91)
at PageRepository.HomePage.getcategory(HomePage.java:91)
at PageRepository.HomePage.getcategory(HomePage.java:91)
at PageRepository.HomePage.getcategory(HomePage.java:91)
at PageRepository.HomePage.getcategory(HomePage.java:91)
at PageRepository.HomePage.getcategory(HomePage.java:91)
at PageRepository.HomePage.getcategory(HomePage.java:91)
at PageRepository.HomePage.getcategory(HomePage.java:91)
at PageRepository.HomePage.getcategory(HomePage.java:91)
at PageRepository.HomePage.getcategory(HomePage.java:91)
at PageRepository.HomePage.getcategory(HomePage.java:91)
at PageRepository.HomePage.getcategory(HomePage.java:91)
at PageRepository.HomePage.getcategory(HomePage.java:91)
at PageRepository.HomePage.getcategory(HomePage.java:91)
at PageRepository.HomePage.getcategory(HomePage.java:91)
at PageRepository.HomePage.getcategory(HomePage.java:91)
at PageRepository.HomePage.getcategory(HomePage.java:91)
at PageRepository.HomePage.getcategory(HomePage.java:91)
at PageRepository.HomePage.getcategory(HomePage.java:91)
at PageRepository.HomePage.getcategory(HomePage.java:91)
at PageRepository.HomePage.getcategory(HomePage.java:91)
at PageRepository.HomePage.getcategory(HomePage.java:91)
at PageRepository.HomePage.getcategory(HomePage.java:91)
at PageRepository.HomePage.getcategory(HomePage.java:91)
at PageRepository.HomePage.getcategory(HomePage.java:91)
at PageRepository.HomePage.getcategory(HomePage.java:91)
at PageRepository.HomePage.getcategory(HomePage.java:91)
at PageRepository.HomePage.getcategory(HomePage.java:91)
at PageRepository.HomePage.getcategory(HomePage.java:91)
at PageRepository.HomePage.getcategory(HomePage.java:91)
at PageRepository.HomePage.getcategory(HomePage.java:91)
at PageRepository.HomePage.getcategory(HomePage.java:91)
at PageRepository.HomePage.getcategory(HomePage.java:91)
at PageRepository.HomePage.getcategory(HomePage.java:91)
at PageRepository.HomePage.getcategory(HomePage.java:91)
at PageRepository.HomePage.getcategory(HomePage.java:91)
at PageRepository.HomePage.getcategory(HomePage.java:91)
at PageRepository.HomePage.getcategory(HomePage.java:91)
at PageRepository.HomePage.getcategory(HomePage.java:91)
at PageRepository.HomePage.getcategory(HomePage.java:91)
at PageRepository.HomePage.getcategory(HomePage.java:91)
at PageRepository.HomePage.getcategory(HomePage.java:91)
at PageRepository.HomePage.getcategory(HomePage.java:91)
at PageRepository.HomePage.getcategory(HomePage.java:91)
at PageRepository.HomePage.getcategory(HomePage.java:91)
at PageRepository.HomePage.getcategory(HomePage.java:91)
at PageRepository.HomePage.getcategory(HomePage.java:91)
at PageRepository.HomePage.getcategory(HomePage.java:91)
at PageRepository.HomePage.getcategory(HomePage.java:91)
at PageRepository.HomePage.getcategory(HomePage.java:91)
at PageRepository.HomePage.getcategory(HomePage.java:91)
at PageRepository.HomePage.getcategory(HomePage.java:91)
at PageRepository.HomePage.getcategory(HomePage.java:91)
at PageRepository.HomePage.getcategory(HomePage.java:91)
at PageRepository.HomePage.getcategory(HomePage.java:91)
at PageRepository.HomePage.getcategory(HomePage.java:91)
at PageRepository.HomePage.getcategory(HomePage.java:91)
at PageRepository.HomePage.getcategory(HomePage.java:91)
at PageRepository.HomePage.getcategory(HomePage.java:91)
at PageRepository.HomePage.getcategory(HomePage.java:91)
at PageRepository.HomePage.getcategory(HomePage.java:91)
at PageRepository.HomePage.getcategory(HomePage.java:91)
at PageRepository.HomePage.getcategory(HomePage.java:91)
at PageRepository.HomePage.getcategory(HomePage.java:91)
at PageRepository.HomePage.getcategory(HomePage.java:91)
at PageRepository.HomePage.getcategory(HomePage.java:91)
at PageRepository.HomePage.getcategory(HomePage.java:91)
at PageRepository.HomePage.getcategory(HomePage.java:91)
at PageRepository.HomePage.getcategory(HomePage.java:91)
at PageRepository.HomePage.getcategory(HomePage.java:91)
at PageRepository.HomePage.getcategory(HomePage.java:91)
at PageRepository.HomePage.getcategory(HomePage.java:91)
at PageRepository.HomePage.getcategory(HomePage.java:91)
at PageRepository.HomePage.getcategory(HomePage.java:91)
at PageRepository.HomePage.getcategory(HomePage.java:91)
at PageRepository.HomePage.getcategory(HomePage.java:91)
at PageRepository.HomePage.getcategory(HomePage.java:91)
at PageRepository.HomePage.getcategory(HomePage.java:91)
at PageRepository.HomePage.getcategory(HomePage.java:91)
at PageRepository.HomePage.getcategory(HomePage.java:91)
at PageRepository.HomePage.getcategory(HomePage.java:91)
at PageRepository.HomePage.getcategory(HomePage.java:91)
at PageRepository.HomePage.getcategory(HomePage.java:91)
at PageRepository.HomePage.getcategory(HomePage.java:91)
at PageRepository.HomePage.getcategory(HomePage.java:91)
at PageRepository.HomePage.getcategory(HomePage.java:91)
at PageRepository.HomePage.getcategory(HomePage.java:91)
at PageRepository.HomePage.getcategory(HomePage.java:91)
at PageRepository.HomePage.getcategory(HomePage.java:91)
at PageRepository.HomePage.getcategory(HomePage.java:91)
at PageRepository.HomePage.getcategory(HomePage.java:91)
at PageRepository.HomePage.getcategory(HomePage.java:91)
at PageRepository.HomePage.getcategory(HomePage.java:91)
at PageRepository.HomePage.getcategory(HomePage.java:91)
at PageRepository.HomePage.getcategory(HomePage.java:91)
at PageRepository.HomePage.getcategory(HomePage.java:91)
at PageRepository.HomePage.getcategory(HomePage.java:91)
at PageRepository.HomePage.getcategory(HomePage.java:91)
at PageRepository.HomePage.getcategory(HomePage.java:91)
at PageRepository.HomePage.getcategory(HomePage.java:91)
at PageRepository.HomePage.getcategory(HomePage.java:91)
at PageRepository.HomePage.getcategory(HomePage.java:91)
at PageRepository.HomePage.getcategory(HomePage.java:91)
at PageRepository.HomePage.getcategory(HomePage.java:91)
at PageRepository.HomePage.getcategory(HomePage.java:91)
at PageRepository.HomePage.getcategory(HomePage.java:91)
at PageRepository.HomePage.getcategory(HomePage.java:91)
at PageRepository.HomePage.getcategory(HomePage.java:91)
at PageRepository.HomePage.getcategory(HomePage.java:91)
at PageRepository.HomePage.getcategory(HomePage.java:91)
at PageRepository.HomePage.getcategory(HomePage.java:91)
at PageRepository.HomePage.getcategory(HomePage.java:91)
at PageRepository.HomePage.getcategory(HomePage.java:91)
at PageRepository.HomePage.getcategory(HomePage.java:91)
at PageRepository.HomePage.getcategory(HomePage.java:91)
at PageRepository.HomePage.getcategory(HomePage.java:91)
at PageRepository.HomePage.getcategory(HomePage.java:91)
at PageRepository.HomePage.getcategory(HomePage.java:91)
at PageRepository.HomePage.getcategory(HomePage.java:91)
at PageRepository.HomePage.getcategory(HomePage.java:91)
at PageRepository.HomePage.getcategory(HomePage.java:91)
at PageRepository.HomePage.getcategory(HomePage.java:91)
at PageRepository.HomePage.getcategory(HomePage.java:91)
at PageRepository.HomePage.getcategory(HomePage.java:91)
at PageRepository.HomePage.getcategory(HomePage.java:91)
at PageRepository.HomePage.getcategory(HomePage.java:91)
at PageRepository.HomePage.getcategory(HomePage.java:91)
at PageRepository.HomePage.getcategory(HomePage.java:91)
at PageRepository.HomePage.getcategory(HomePage.java:91)
at PageRepository.HomePage.getcategory(HomePage.java:91)
at PageRepository.HomePage.getcategory(HomePage.java:91)
at PageRepository.HomePage.getcategory(HomePage.java:91)
at PageRepository.HomePage.getcategory(HomePage.java:91)
at PageRepository.HomePage.getcategory(HomePage.java:91)
at PageRepository.HomePage.getcategory(HomePage.java:91)
at PageRepository.HomePage.getcategory(HomePage.java:91)
at PageRepository.HomePage.getcategory(HomePage.java:91)
at PageRepository.HomePage.getcategory(HomePage.java:91)
at PageRepository.HomePage.getcategory(HomePage.java:91)
at PageRepository.HomePage.getcategory(HomePage.java:91)
at PageRepository.HomePage.getcategory(HomePage.java:91)
at PageRepository.HomePage.getcategory(HomePage.java:91)
at PageRepository.HomePage.getcategory(HomePage.java:91)
at PageRepository.HomePage.getcategory(HomePage.java:91)
at PageRepository.HomePage.getcategory(HomePage.java:91)
at PageRepository.HomePage.getcategory(HomePage.java:91)
at PageRepository.HomePage.getcategory(HomePage.java:91)
at PageRepository.HomePage.getcategory(HomePage.java:91)
at PageRepository.HomePage.getcategory(HomePage.java:91)
at PageRepository.HomePage.getcategory(HomePage.java:91)
at PageRepository.HomePage.getcategory(HomePage.java:91)
at PageRepository.HomePage.getcategory(HomePage.java:91)
at PageRepository.HomePage.getcategory(HomePage.java:91)
at PageRepository.HomePage.getcategory(HomePage.java:91)
at PageRepository.HomePage.getcategory(HomePage.java:91)
at PageRepository.HomePage.getcategory(HomePage.java:91)
at PageRepository.HomePage.getcategory(HomePage.java:91)
at PageRepository.HomePage.getcategory(HomePage.java:91)
at PageRepository.HomePage.getcategory(HomePage.java:91)
at PageRepository.HomePage.getcategory(HomePage.java:91)
at PageRepository.HomePage.getcategory(HomePage.java:91)
at PageRepository.HomePage.getcategory(HomePage.java:91)
at PageRepository.HomePage.getcategory(HomePage.java:91)
at PageRepository.HomePage.getcategory(HomePage.java:91)
at PageRepository.HomePage.getcategory(HomePage.java:91)
at PageRepository.HomePage.getcategory(HomePage.java:91)
at PageRepository.HomePage.getcategory(HomePage.java:91)
at PageRepository.HomePage.getcategory(HomePage.java:91)
at PageRepository.HomePage.getcategory(HomePage.java:91)
at PageRepository.HomePage.getcategory(HomePage.java:91)
at PageRepository.HomePage.getcategory(HomePage.java:91)
at PageRepository.HomePage.getcategory(HomePage.java:91)
at PageRepository.HomePage.getcategory(HomePage.java:91)
at PageRepository.HomePage.getcategory(HomePage.java:91)
at PageRepository.HomePage.getcategory(HomePage.java:91)
at PageRepository.HomePage.getcategory(HomePage.java:91)
at PageRepository.HomePage.getcategory(HomePage.java:91)
at PageRepository.HomePage.getcategory(HomePage.java:91)
at PageRepository.HomePage.getcategory(HomePage.java:91)
at PageRepository.HomePage.getcategory(HomePage.java:91)
at PageRepository.HomePage.getcategory(HomePage.java:91)
at PageRepository.HomePage.getcategory(HomePage.java:91)
at PageRepository.HomePage.getcategory(HomePage.java:91)
at PageRepository.HomePage.getcategory(HomePage.java:91)
at PageRepository.HomePage.getcategory(HomePage.java:91)
at PageRepository.HomePage.getcategory(HomePage.java:91)
at PageRepository.HomePage.getcategory(HomePage.java:91)
at PageRepository.HomePage.getcategory(HomePage.java:91)
at PageRepository.HomePage.getcategory(HomePage.java:91)
at PageRepository.HomePage.getcategory(HomePage.java:91)
at PageRepository.HomePage.getcategory(HomePage.java:91)
at PageRepository.HomePage.getcategory(HomePage.java:91)
at PageRepository.HomePage.getcategory(HomePage.java:91)
at PageRepository.HomePage.getcategory(HomePage.java:91)
at PageRepository.HomePage.getcategory(HomePage.java:91)
at PageRepository.HomePage.getcategory(HomePage.java:91)
at PageRepository.HomePage.getcategory(HomePage.java:91)
at PageRepository.HomePage.getcategory(HomePage.java:91)
at PageRepository.HomePage.getcategory(HomePage.java:91)
at PageRepository.HomePage.getcategory(HomePage.java:91)
at PageRepository.HomePage.getcategory(HomePage.java:91)
at PageRepository.HomePage.getcategory(HomePage.java:91)
at PageRepository.HomePage.getcategory(HomePage.java:91)
at PageRepository.HomePage.getcategory(HomePage.java:91)
]]>
            </full-stacktrace>
          </exception> <!-- java.lang.StackOverflowError -->
          <reporter-output>
          </reporter-output>
        </test-method> <!-- View_Category_Products -->
        <test-method is-config="true" signature="closebrowser()[pri:0, instance:product_test.Testcase_18@353352b6]" started-at="2025-05-09T12:10:21 IST" name="closebrowser" finished-at="2025-05-09T12:10:22 IST" duration-ms="267" status="PASS">
          <reporter-output>
            <line>
              <![CDATA[Closebrowser Successfull]]>
            </line>
          </reporter-output>
        </test-method> <!-- closebrowser -->
      </class> <!-- product_test.Testcase_18 -->
      <class name="product_test.Testcase_19">
        <test-method is-config="true" signature="browserSetup(java.lang.String,java.lang.String)[pri:0, instance:product_test.Testcase_19@4681c175]" started-at="2025-05-09T12:10:22 IST" name="browserSetup" finished-at="2025-05-09T12:10:29 IST" duration-ms="7352" status="PASS">
          <params>
            <param index="0">
              <value>
                <![CDATA[chrome]]>
              </value>
            </param>
            <param index="1">
              <value>
                <![CDATA[User1]]>
              </value>
            </param>
          </params>
          <reporter-output>
            <line>
              <![CDATA[BrowserSetup: chrome Successfull]]>
            </line>
          </reporter-output>
        </test-method> <!-- browserSetup -->
        <test-method signature="View_Cart_Brand_Products()[pri:0, instance:product_test.Testcase_19@4681c175]" started-at="2025-05-09T12:10:29 IST" name="View_Cart_Brand_Products" finished-at="2025-05-09T12:10:35 IST" duration-ms="6325" status="PASS">
          <reporter-output>
          </reporter-output>
        </test-method> <!-- View_Cart_Brand_Products -->
        <test-method is-config="true" signature="closebrowser()[pri:0, instance:product_test.Testcase_19@4681c175]" started-at="2025-05-09T12:10:35 IST" name="closebrowser" finished-at="2025-05-09T12:10:35 IST" duration-ms="1" status="PASS">
          <reporter-output>
            <line>
              <![CDATA[Closebrowser Successfull]]>
            </line>
          </reporter-output>
        </test-method> <!-- closebrowser -->
      </class> <!-- product_test.Testcase_19 -->
    </test> <!-- Test -->
  </suite> <!-- RegressionSuite -->
</testng-results>
