<?xml version="1.0" encoding="UTF-8"?>
<testng-results ignored="0" total="26" passed="14" failed="11" skipped="1">
  <reporter-output>
    <line>
      <![CDATA[BrowserSetup: chrome Successfull]]>
    </line>
    <line>
      <![CDATA[Closebrowser Successfull]]>
    </line>
    <line>
      <![CDATA[BrowserSetup: chrome Successfull]]>
    </line>
    <line>
      <![CDATA[Closebrowser Successfull]]>
    </line>
    <line>
      <![CDATA[BrowserSetup: chrome Successfull]]>
    </line>
    <line>
      <![CDATA[Closebrowser Successfull]]>
    </line>
    <line>
      <![CDATA[BrowserSetup: chrome Successfull]]>
    </line>
    <line>
      <![CDATA[Closebrowser Successfull]]>
    </line>
    <line>
      <![CDATA[BrowserSetup: chrome Successfull]]>
    </line>
    <line>
      <![CDATA[Closebrowser Successfull]]>
    </line>
    <line>
      <![CDATA[BrowserSetup: chrome Successfull]]>
    </line>
    <line>
      <![CDATA[Closebrowser Successfull]]>
    </line>
    <line>
      <![CDATA[BrowserSetup: chrome Successfull]]>
    </line>
    <line>
      <![CDATA[Closebrowser Successfull]]>
    </line>
    <line>
      <![CDATA[BrowserSetup: chrome Successfull]]>
    </line>
    <line>
      <![CDATA[Closebrowser Successfull]]>
    </line>
    <line>
      <![CDATA[BrowserSetup: chrome Successfull]]>
    </line>
    <line>
      <![CDATA[Closebrowser Successfull]]>
    </line>
    <line>
      <![CDATA[BrowserSetup: chrome Successfull]]>
    </line>
    <line>
      <![CDATA[Closebrowser Successfull]]>
    </line>
    <line>
      <![CDATA[BrowserSetup: chrome Successfull]]>
    </line>
    <line>
      <![CDATA[Closebrowser Successfull]]>
    </line>
    <line>
      <![CDATA[BrowserSetup: chrome Successfull]]>
    </line>
    <line>
      <![CDATA[Closebrowser Successfull]]>
    </line>
    <line>
      <![CDATA[BrowserSetup: chrome Successfull]]>
    </line>
    <line>
      <![CDATA[Closebrowser Successfull]]>
    </line>
    <line>
      <![CDATA[BrowserSetup: chrome Successfull]]>
    </line>
    <line>
      <![CDATA[Closebrowser Successfull]]>
    </line>
    <line>
      <![CDATA[BrowserSetup: chrome Successfull]]>
    </line>
    <line>
      <![CDATA[Closebrowser Successfull]]>
    </line>
    <line>
      <![CDATA[BrowserSetup: chrome Successfull]]>
    </line>
    <line>
      <![CDATA[Closebrowser Successfull]]>
    </line>
    <line>
      <![CDATA[BrowserSetup: chrome Successfull]]>
    </line>
    <line>
      <![CDATA[Closebrowser Successfull]]>
    </line>
    <line>
      <![CDATA[BrowserSetup: chrome Successfull]]>
    </line>
    <line>
      <![CDATA[Closebrowser Successfull]]>
    </line>
    <line>
      <![CDATA[BrowserSetup: chrome Successfull]]>
    </line>
    <line>
      <![CDATA[Closebrowser Successfull]]>
    </line>
    <line>
      <![CDATA[BrowserSetup: chrome Successfull]]>
    </line>
    <line>
      <![CDATA[Closebrowser Successfull]]>
    </line>
    <line>
      <![CDATA[BrowserSetup: chrome Successfull]]>
    </line>
    <line>
      <![CDATA[Closebrowser Successfull]]>
    </line>
    <line>
      <![CDATA[BrowserSetup: chrome Successfull]]>
    </line>
    <line>
      <![CDATA[Closebrowser Successfull]]>
    </line>
    <line>
      <![CDATA[BrowserSetup: chrome Successfull]]>
    </line>
    <line>
      <![CDATA[Closebrowser Successfull]]>
    </line>
    <line>
      <![CDATA[BrowserSetup: chrome Successfull]]>
    </line>
    <line>
      <![CDATA[Closebrowser Successfull]]>
    </line>
    <line>
      <![CDATA[BrowserSetup: chrome Successfull]]>
    </line>
    <line>
      <![CDATA[Closebrowser Successfull]]>
    </line>
  </reporter-output>
  <suite started-at="2025-05-09T20:04:00 IST" name="RegressionSuite" finished-at="2025-05-09T20:13:26 IST" duration-ms="566119">
    <groups>
    </groups>
    <test started-at="2025-05-09T20:04:00 IST" name="Test" finished-at="2025-05-09T20:13:26 IST" duration-ms="566119">
      <class name="product_test.Testcase_01">
        <test-method is-config="true" signature="browserSetup(java.lang.String,java.lang.String)[pri:0, instance:product_test.Testcase_01@2767e23c]" started-at="2025-05-09T20:09:23 IST" name="browserSetup" finished-at="2025-05-09T20:09:27 IST" duration-ms="4752" status="PASS">
          <params>
            <param index="0">
              <value>
                <![CDATA[chrome]]>
              </value>
            </param>
            <param index="1">
              <value>
                <![CDATA[User1]]>
              </value>
            </param>
          </params>
          <reporter-output>
            <line>
              <![CDATA[BrowserSetup: chrome Successfull]]>
            </line>
          </reporter-output>
        </test-method> <!-- browserSetup -->
        <test-method signature="Register_User()[pri:0, instance:product_test.Testcase_01@2767e23c]" started-at="2025-05-09T20:09:27 IST" name="Register_User" finished-at="2025-05-09T20:09:57 IST" duration-ms="30009" status="FAIL">
          <exception class="org.openqa.selenium.ElementClickInterceptedException">
            <message>
              <![CDATA[element click intercepted: Element <input type="checkbox" name="newsletter" id="newsletter" value="1"> is not clickable at point (295, 675). Other element would receive the click: <div id="aswift_1_host" style="border: none !important; height: 90px !important; width: 100% !important; margin: 0px !important; padding: 0px !important; position: relative !important; visibility: visible !important; background-color: transparent !important; display: inline-block !important; inset: auto !important; clear: none !important; float: none !important; max-height: none !important; max-width: none !important; opacity: 1 !important; overflow: visible !important; vertical-align: baseline !important; z-index: auto !important;">...</div>
  (Session info: chrome=136.0.7103.93)
Build info: version: '4.31.0', revision: '1ef9f18787*'
System info: os.name: 'Windows 11', os.arch: 'amd64', os.version: '10.0', java.version: '17.0.6'
Driver info: org.openqa.selenium.chrome.ChromeDriver
Command: [87289e7ac5dff8240929058f9b7645d3, clickElement {id=f.838A26335748AC018D19BC9B7B284F2A.d.D8EF49A63881315137624DC2FC37B3BF.e.68}]
Capabilities {acceptInsecureCerts: false, browserName: chrome, browserVersion: 136.0.7103.93, chrome: {chromedriverVersion: 136.0.7103.92 (cb81a4cc5087..., userDataDir: C:\Users\krant\AppData\Loca...}, fedcm:accounts: true, goog:chromeOptions: {debuggerAddress: localhost:54065}, networkConnectionEnabled: false, pageLoadStrategy: normal, platformName: windows, proxy: Proxy(), se:cdp: ws://localhost:54065/devtoo..., se:cdpVersion: 136.0.7103.93, setWindowRect: true, strictFileInteractability: false, timeouts: {implicit: 0, pageLoad: 300000, script: 30000}, unhandledPromptBehavior: dismiss and notify, webauthn:extension:credBlob: true, webauthn:extension:largeBlob: true, webauthn:extension:minPinLength: true, webauthn:extension:prf: true, webauthn:virtualAuthenticators: true}
Element: [[ChromeDriver: chrome on windows (87289e7ac5dff8240929058f9b7645d3)] -> xpath: //input[@id='newsletter']]
Session ID: 87289e7ac5dff8240929058f9b7645d3]]>
            </message>
            <full-stacktrace>
              <![CDATA[org.openqa.selenium.ElementClickInterceptedException: element click intercepted: Element <input type="checkbox" name="newsletter" id="newsletter" value="1"> is not clickable at point (295, 675). Other element would receive the click: <div id="aswift_1_host" style="border: none !important; height: 90px !important; width: 100% !important; margin: 0px !important; padding: 0px !important; position: relative !important; visibility: visible !important; background-color: transparent !important; display: inline-block !important; inset: auto !important; clear: none !important; float: none !important; max-height: none !important; max-width: none !important; opacity: 1 !important; overflow: visible !important; vertical-align: baseline !important; z-index: auto !important;">...</div>
  (Session info: chrome=136.0.7103.93)
Build info: version: '4.31.0', revision: '1ef9f18787*'
System info: os.name: 'Windows 11', os.arch: 'amd64', os.version: '10.0', java.version: '17.0.6'
Driver info: org.openqa.selenium.chrome.ChromeDriver
Command: [87289e7ac5dff8240929058f9b7645d3, clickElement {id=f.838A26335748AC018D19BC9B7B284F2A.d.D8EF49A63881315137624DC2FC37B3BF.e.68}]
Capabilities {acceptInsecureCerts: false, browserName: chrome, browserVersion: 136.0.7103.93, chrome: {chromedriverVersion: 136.0.7103.92 (cb81a4cc5087..., userDataDir: C:\Users\krant\AppData\Loca...}, fedcm:accounts: true, goog:chromeOptions: {debuggerAddress: localhost:54065}, networkConnectionEnabled: false, pageLoadStrategy: normal, platformName: windows, proxy: Proxy(), se:cdp: ws://localhost:54065/devtoo..., se:cdpVersion: 136.0.7103.93, setWindowRect: true, strictFileInteractability: false, timeouts: {implicit: 0, pageLoad: 300000, script: 30000}, unhandledPromptBehavior: dismiss and notify, webauthn:extension:credBlob: true, webauthn:extension:largeBlob: true, webauthn:extension:minPinLength: true, webauthn:extension:prf: true, webauthn:virtualAuthenticators: true}
Element: [[ChromeDriver: chrome on windows (87289e7ac5dff8240929058f9b7645d3)] -> xpath: //input[@id='newsletter']]
Session ID: 87289e7ac5dff8240929058f9b7645d3
at java.base/jdk.internal.reflect.NativeConstructorAccessorImpl.newInstance0(Native Method)
at java.base/jdk.internal.reflect.NativeConstructorAccessorImpl.newInstance(NativeConstructorAccessorImpl.java:77)
at java.base/jdk.internal.reflect.DelegatingConstructorAccessorImpl.newInstance(DelegatingConstructorAccessorImpl.java:45)
at java.base/java.lang.reflect.Constructor.newInstanceWithCaller(Constructor.java:499)
at java.base/java.lang.reflect.Constructor.newInstance(Constructor.java:480)
at org.openqa.selenium.remote.ErrorCodec.decode(ErrorCodec.java:167)
at org.openqa.selenium.remote.codec.w3c.W3CHttpResponseCodec.decode(W3CHttpResponseCodec.java:138)
at org.openqa.selenium.remote.codec.w3c.W3CHttpResponseCodec.decode(W3CHttpResponseCodec.java:50)
at org.openqa.selenium.remote.HttpCommandExecutor.execute(HttpCommandExecutor.java:215)
at org.openqa.selenium.remote.service.DriverCommandExecutor.invokeExecute(DriverCommandExecutor.java:216)
at org.openqa.selenium.remote.service.DriverCommandExecutor.execute(DriverCommandExecutor.java:174)
at org.openqa.selenium.remote.RemoteWebDriver.execute(RemoteWebDriver.java:545)
at org.openqa.selenium.remote.RemoteWebElement.execute(RemoteWebElement.java:223)
at org.openqa.selenium.remote.RemoteWebElement.click(RemoteWebElement.java:76)
at jdk.internal.reflect.GeneratedMethodAccessor2.invoke(Unknown Source)
at java.base/jdk.internal.reflect.DelegatingMethodAccessorImpl.invoke(DelegatingMethodAccessorImpl.java:43)
at java.base/java.lang.reflect.Method.invoke(Method.java:568)
at org.openqa.selenium.support.pagefactory.internal.LocatingElementHandler.invoke(LocatingElementHandler.java:51)
at jdk.proxy2/jdk.proxy2.$Proxy13.click(Unknown Source)
at product_test.Testcase_01.Register_User(Testcase_01.java:94)
at java.base/jdk.internal.reflect.NativeMethodAccessorImpl.invoke0(Native Method)
at java.base/jdk.internal.reflect.NativeMethodAccessorImpl.invoke(NativeMethodAccessorImpl.java:77)
at java.base/jdk.internal.reflect.DelegatingMethodAccessorImpl.invoke(DelegatingMethodAccessorImpl.java:43)
at java.base/java.lang.reflect.Method.invoke(Method.java:568)
at org.testng.internal.invokers.MethodInvocationHelper.invokeMethod(MethodInvocationHelper.java:141)
at org.testng.internal.invokers.TestInvoker.invokeMethod(TestInvoker.java:686)
at org.testng.internal.invokers.TestInvoker.invokeTestMethod(TestInvoker.java:230)
at org.testng.internal.invokers.MethodRunner.runInSequence(MethodRunner.java:63)
at org.testng.internal.invokers.TestInvoker$MethodInvocationAgent.invoke(TestInvoker.java:992)
at org.testng.internal.invokers.TestInvoker.invokeTestMethods(TestInvoker.java:203)
at org.testng.internal.invokers.TestMethodWorker.invokeTestMethods(TestMethodWorker.java:154)
at org.testng.internal.invokers.TestMethodWorker.run(TestMethodWorker.java:134)
at java.base/java.util.ArrayList.forEach(ArrayList.java:1511)
at org.testng.TestRunner.privateRun(TestRunner.java:739)
at org.testng.TestRunner.run(TestRunner.java:614)
at org.testng.SuiteRunner.runTest(SuiteRunner.java:421)
at org.testng.SuiteRunner.runSequentially(SuiteRunner.java:413)
at org.testng.SuiteRunner.privateRun(SuiteRunner.java:373)
at org.testng.SuiteRunner.run(SuiteRunner.java:312)
at org.testng.SuiteRunnerWorker.runSuite(SuiteRunnerWorker.java:52)
at org.testng.SuiteRunnerWorker.run(SuiteRunnerWorker.java:95)
at org.testng.TestNG.runSuitesSequentially(TestNG.java:1274)
at org.testng.TestNG.runSuitesLocally(TestNG.java:1208)
at org.testng.TestNG.runSuites(TestNG.java:1112)
at org.testng.TestNG.run(TestNG.java:1079)
at org.testng.remote.AbstractRemoteTestNG.run(AbstractRemoteTestNG.java:115)
at org.testng.remote.RemoteTestNG.initAndRun(RemoteTestNG.java:293)
at org.testng.remote.RemoteTestNG.main(RemoteTestNG.java:91)
]]>
            </full-stacktrace>
          </exception> <!-- org.openqa.selenium.ElementClickInterceptedException -->
          <reporter-output>
          </reporter-output>
        </test-method> <!-- Register_User -->
        <test-method is-config="true" signature="closebrowser()[pri:0, instance:product_test.Testcase_01@2767e23c]" started-at="2025-05-09T20:09:57 IST" name="closebrowser" finished-at="2025-05-09T20:09:58 IST" duration-ms="443" status="PASS">
          <reporter-output>
            <line>
              <![CDATA[Closebrowser Successfull]]>
            </line>
          </reporter-output>
        </test-method> <!-- closebrowser -->
      </class> <!-- product_test.Testcase_01 -->
      <class name="product_test.Testcase_23">
        <test-method is-config="true" signature="browserSetup(java.lang.String,java.lang.String)[pri:0, instance:product_test.Testcase_23@710c2b53]" started-at="2025-05-09T20:09:58 IST" name="browserSetup" finished-at="2025-05-09T20:10:04 IST" duration-ms="6085" status="PASS">
          <params>
            <param index="0">
              <value>
                <![CDATA[chrome]]>
              </value>
            </param>
            <param index="1">
              <value>
                <![CDATA[User1]]>
              </value>
            </param>
          </params>
          <reporter-output>
            <line>
              <![CDATA[BrowserSetup: chrome Successfull]]>
            </line>
          </reporter-output>
        </test-method> <!-- browserSetup -->
        <test-method signature="Verifyaddressdetailsincheckoutpage()[pri:0, instance:product_test.Testcase_23@710c2b53]" started-at="2025-05-09T20:10:04 IST" name="Verifyaddressdetailsincheckoutpage" finished-at="2025-05-09T20:10:29 IST" duration-ms="25454" status="PASS">
          <reporter-output>
          </reporter-output>
        </test-method> <!-- Verifyaddressdetailsincheckoutpage -->
        <test-method is-config="true" signature="closebrowser()[pri:0, instance:product_test.Testcase_23@710c2b53]" started-at="2025-05-09T20:10:29 IST" name="closebrowser" finished-at="2025-05-09T20:10:29 IST" duration-ms="1" status="PASS">
          <reporter-output>
            <line>
              <![CDATA[Closebrowser Successfull]]>
            </line>
          </reporter-output>
        </test-method> <!-- closebrowser -->
      </class> <!-- product_test.Testcase_23 -->
      <class name="product_test.Testcase_02">
        <test-method is-config="true" signature="browserSetup(java.lang.String,java.lang.String)[pri:0, instance:product_test.Testcase_02@5386659f]" started-at="2025-05-09T20:10:29 IST" name="browserSetup" finished-at="2025-05-09T20:10:34 IST" duration-ms="5009" status="PASS">
          <params>
            <param index="0">
              <value>
                <![CDATA[chrome]]>
              </value>
            </param>
            <param index="1">
              <value>
                <![CDATA[User1]]>
              </value>
            </param>
          </params>
          <reporter-output>
            <line>
              <![CDATA[BrowserSetup: chrome Successfull]]>
            </line>
          </reporter-output>
        </test-method> <!-- browserSetup -->
        <test-method signature="LoginUser_with_correct_email_and_password()[pri:0, instance:product_test.Testcase_02@5386659f]" started-at="2025-05-09T20:10:34 IST" name="LoginUser_with_correct_email_and_password" finished-at="2025-05-09T20:10:55 IST" duration-ms="20319" status="FAIL">
          <exception class="org.openqa.selenium.NoSuchElementException">
            <message>
              <![CDATA[no such element: Unable to locate element: {"method":"xpath","selector":"//h2[text()='Login to your account']"}
  (Session info: chrome=136.0.7103.93)
For documentation on this error, please visit: https://www.selenium.dev/documentation/webdriver/troubleshooting/errors#no-such-element-exception
Build info: version: '4.31.0', revision: '1ef9f18787*'
System info: os.name: 'Windows 11', os.arch: 'amd64', os.version: '10.0', java.version: '17.0.6'
Driver info: org.openqa.selenium.chrome.ChromeDriver
Command: [22ed5b9cc3fa6bf736d5fe1110f70d09, findElement {value=//h2[text()='Login to your account'], using=xpath}]
Capabilities {acceptInsecureCerts: false, browserName: chrome, browserVersion: 136.0.7103.93, chrome: {chromedriverVersion: 136.0.7103.92 (cb81a4cc5087..., userDataDir: C:\Users\krant\AppData\Loca...}, fedcm:accounts: true, goog:chromeOptions: {debuggerAddress: localhost:54398}, networkConnectionEnabled: false, pageLoadStrategy: normal, platformName: windows, proxy: Proxy(), se:cdp: ws://localhost:54398/devtoo..., se:cdpVersion: 136.0.7103.93, setWindowRect: true, strictFileInteractability: false, timeouts: {implicit: 0, pageLoad: 300000, script: 30000}, unhandledPromptBehavior: dismiss and notify, webauthn:extension:credBlob: true, webauthn:extension:largeBlob: true, webauthn:extension:minPinLength: true, webauthn:extension:prf: true, webauthn:virtualAuthenticators: true}
Session ID: 22ed5b9cc3fa6bf736d5fe1110f70d09]]>
            </message>
            <full-stacktrace>
              <![CDATA[org.openqa.selenium.NoSuchElementException: no such element: Unable to locate element: {"method":"xpath","selector":"//h2[text()='Login to your account']"}
  (Session info: chrome=136.0.7103.93)
For documentation on this error, please visit: https://www.selenium.dev/documentation/webdriver/troubleshooting/errors#no-such-element-exception
Build info: version: '4.31.0', revision: '1ef9f18787*'
System info: os.name: 'Windows 11', os.arch: 'amd64', os.version: '10.0', java.version: '17.0.6'
Driver info: org.openqa.selenium.chrome.ChromeDriver
Command: [22ed5b9cc3fa6bf736d5fe1110f70d09, findElement {value=//h2[text()='Login to your account'], using=xpath}]
Capabilities {acceptInsecureCerts: false, browserName: chrome, browserVersion: 136.0.7103.93, chrome: {chromedriverVersion: 136.0.7103.92 (cb81a4cc5087..., userDataDir: C:\Users\krant\AppData\Loca...}, fedcm:accounts: true, goog:chromeOptions: {debuggerAddress: localhost:54398}, networkConnectionEnabled: false, pageLoadStrategy: normal, platformName: windows, proxy: Proxy(), se:cdp: ws://localhost:54398/devtoo..., se:cdpVersion: 136.0.7103.93, setWindowRect: true, strictFileInteractability: false, timeouts: {implicit: 0, pageLoad: 300000, script: 30000}, unhandledPromptBehavior: dismiss and notify, webauthn:extension:credBlob: true, webauthn:extension:largeBlob: true, webauthn:extension:minPinLength: true, webauthn:extension:prf: true, webauthn:virtualAuthenticators: true}
Session ID: 22ed5b9cc3fa6bf736d5fe1110f70d09
at java.base/jdk.internal.reflect.NativeConstructorAccessorImpl.newInstance0(Native Method)
at java.base/jdk.internal.reflect.NativeConstructorAccessorImpl.newInstance(NativeConstructorAccessorImpl.java:77)
at java.base/jdk.internal.reflect.DelegatingConstructorAccessorImpl.newInstance(DelegatingConstructorAccessorImpl.java:45)
at java.base/java.lang.reflect.Constructor.newInstanceWithCaller(Constructor.java:499)
at java.base/java.lang.reflect.Constructor.newInstance(Constructor.java:480)
at org.openqa.selenium.remote.ErrorCodec.decode(ErrorCodec.java:167)
at org.openqa.selenium.remote.codec.w3c.W3CHttpResponseCodec.decode(W3CHttpResponseCodec.java:138)
at org.openqa.selenium.remote.codec.w3c.W3CHttpResponseCodec.decode(W3CHttpResponseCodec.java:50)
at org.openqa.selenium.remote.HttpCommandExecutor.execute(HttpCommandExecutor.java:215)
at org.openqa.selenium.remote.service.DriverCommandExecutor.invokeExecute(DriverCommandExecutor.java:216)
at org.openqa.selenium.remote.service.DriverCommandExecutor.execute(DriverCommandExecutor.java:174)
at org.openqa.selenium.remote.RemoteWebDriver.execute(RemoteWebDriver.java:545)
at org.openqa.selenium.remote.ElementLocation$ElementFinder$2.findElement(ElementLocation.java:165)
at org.openqa.selenium.remote.ElementLocation.findElement(ElementLocation.java:59)
at org.openqa.selenium.remote.RemoteWebDriver.findElement(RemoteWebDriver.java:368)
at org.openqa.selenium.remote.RemoteWebDriver.findElement(RemoteWebDriver.java:362)
at org.openqa.selenium.support.pagefactory.DefaultElementLocator.findElement(DefaultElementLocator.java:68)
at org.openqa.selenium.support.pagefactory.internal.LocatingElementHandler.invoke(LocatingElementHandler.java:38)
at jdk.proxy2/jdk.proxy2.$Proxy13.isDisplayed(Unknown Source)
at product_test.Testcase_02.LoginUser_with_correct_email_and_password(Testcase_02.java:28)
at java.base/jdk.internal.reflect.NativeMethodAccessorImpl.invoke0(Native Method)
at java.base/jdk.internal.reflect.NativeMethodAccessorImpl.invoke(NativeMethodAccessorImpl.java:77)
at java.base/jdk.internal.reflect.DelegatingMethodAccessorImpl.invoke(DelegatingMethodAccessorImpl.java:43)
at java.base/java.lang.reflect.Method.invoke(Method.java:568)
at org.testng.internal.invokers.MethodInvocationHelper.invokeMethod(MethodInvocationHelper.java:141)
at org.testng.internal.invokers.TestInvoker.invokeMethod(TestInvoker.java:686)
at org.testng.internal.invokers.TestInvoker.invokeTestMethod(TestInvoker.java:230)
at org.testng.internal.invokers.MethodRunner.runInSequence(MethodRunner.java:63)
at org.testng.internal.invokers.TestInvoker$MethodInvocationAgent.invoke(TestInvoker.java:992)
at org.testng.internal.invokers.TestInvoker.invokeTestMethods(TestInvoker.java:203)
at org.testng.internal.invokers.TestMethodWorker.invokeTestMethods(TestMethodWorker.java:154)
at org.testng.internal.invokers.TestMethodWorker.run(TestMethodWorker.java:134)
at java.base/java.util.ArrayList.forEach(ArrayList.java:1511)
at org.testng.TestRunner.privateRun(TestRunner.java:739)
at org.testng.TestRunner.run(TestRunner.java:614)
at org.testng.SuiteRunner.runTest(SuiteRunner.java:421)
at org.testng.SuiteRunner.runSequentially(SuiteRunner.java:413)
at org.testng.SuiteRunner.privateRun(SuiteRunner.java:373)
at org.testng.SuiteRunner.run(SuiteRunner.java:312)
at org.testng.SuiteRunnerWorker.runSuite(SuiteRunnerWorker.java:52)
at org.testng.SuiteRunnerWorker.run(SuiteRunnerWorker.java:95)
at org.testng.TestNG.runSuitesSequentially(TestNG.java:1274)
at org.testng.TestNG.runSuitesLocally(TestNG.java:1208)
at org.testng.TestNG.runSuites(TestNG.java:1112)
at org.testng.TestNG.run(TestNG.java:1079)
at org.testng.remote.AbstractRemoteTestNG.run(AbstractRemoteTestNG.java:115)
at org.testng.remote.RemoteTestNG.initAndRun(RemoteTestNG.java:293)
at org.testng.remote.RemoteTestNG.main(RemoteTestNG.java:91)
]]>
            </full-stacktrace>
          </exception> <!-- org.openqa.selenium.NoSuchElementException -->
          <reporter-output>
          </reporter-output>
        </test-method> <!-- LoginUser_with_correct_email_and_password -->
        <test-method is-config="true" signature="closebrowser()[pri:0, instance:product_test.Testcase_02@5386659f]" started-at="2025-05-09T20:10:55 IST" name="closebrowser" finished-at="2025-05-09T20:10:55 IST" duration-ms="666" status="PASS">
          <reporter-output>
            <line>
              <![CDATA[Closebrowser Successfull]]>
            </line>
          </reporter-output>
        </test-method> <!-- closebrowser -->
      </class> <!-- product_test.Testcase_02 -->
      <class name="product_test.Testcase_24">
        <test-method is-config="true" signature="browserSetup(java.lang.String,java.lang.String)[pri:0, instance:product_test.Testcase_24@14028087]" started-at="2025-05-09T20:10:55 IST" name="browserSetup" finished-at="2025-05-09T20:11:02 IST" duration-ms="6588" status="PASS">
          <params>
            <param index="0">
              <value>
                <![CDATA[chrome]]>
              </value>
            </param>
            <param index="1">
              <value>
                <![CDATA[User1]]>
              </value>
            </param>
          </params>
          <reporter-output>
            <line>
              <![CDATA[BrowserSetup: chrome Successfull]]>
            </line>
          </reporter-output>
        </test-method> <!-- browserSetup -->
        <test-method signature="Downloadinvoiceafterpurchaseorder()[pri:0, instance:product_test.Testcase_24@14028087]" started-at="2025-05-09T20:11:02 IST" name="Downloadinvoiceafterpurchaseorder" finished-at="2025-05-09T20:11:36 IST" duration-ms="33925" status="PASS">
          <reporter-output>
          </reporter-output>
        </test-method> <!-- Downloadinvoiceafterpurchaseorder -->
        <test-method is-config="true" signature="closebrowser()[pri:0, instance:product_test.Testcase_24@14028087]" started-at="2025-05-09T20:11:36 IST" name="closebrowser" finished-at="2025-05-09T20:11:36 IST" duration-ms="0" status="PASS">
          <reporter-output>
            <line>
              <![CDATA[Closebrowser Successfull]]>
            </line>
          </reporter-output>
        </test-method> <!-- closebrowser -->
      </class> <!-- product_test.Testcase_24 -->
      <class name="product_test.Testcase_21">
        <test-method is-config="true" signature="browserSetup(java.lang.String,java.lang.String)[pri:0, instance:product_test.Testcase_21@402c4085]" started-at="2025-05-09T20:08:16 IST" name="browserSetup" finished-at="2025-05-09T20:08:22 IST" duration-ms="6006" status="PASS">
          <params>
            <param index="0">
              <value>
                <![CDATA[chrome]]>
              </value>
            </param>
            <param index="1">
              <value>
                <![CDATA[User1]]>
              </value>
            </param>
          </params>
          <reporter-output>
            <line>
              <![CDATA[BrowserSetup: chrome Successfull]]>
            </line>
          </reporter-output>
        </test-method> <!-- browserSetup -->
        <test-method signature="review()[pri:0, instance:product_test.Testcase_21@402c4085]" started-at="2025-05-09T20:08:22 IST" name="review" finished-at="2025-05-09T20:08:52 IST" duration-ms="29831" status="PASS">
          <reporter-output>
          </reporter-output>
        </test-method> <!-- review -->
        <test-method is-config="true" signature="closebrowser()[pri:0, instance:product_test.Testcase_21@402c4085]" started-at="2025-05-09T20:08:52 IST" name="closebrowser" finished-at="2025-05-09T20:08:52 IST" duration-ms="2" status="PASS">
          <reporter-output>
            <line>
              <![CDATA[Closebrowser Successfull]]>
            </line>
          </reporter-output>
        </test-method> <!-- closebrowser -->
      </class> <!-- product_test.Testcase_21 -->
      <class name="product_test.Testcase_22">
        <test-method is-config="true" signature="browserSetup(java.lang.String,java.lang.String)[pri:0, instance:product_test.Testcase_22@6fa51cd4]" started-at="2025-05-09T20:08:52 IST" name="browserSetup" finished-at="2025-05-09T20:09:19 IST" duration-ms="27621" status="PASS">
          <params>
            <param index="0">
              <value>
                <![CDATA[chrome]]>
              </value>
            </param>
            <param index="1">
              <value>
                <![CDATA[User1]]>
              </value>
            </param>
          </params>
          <reporter-output>
            <line>
              <![CDATA[BrowserSetup: chrome Successfull]]>
            </line>
          </reporter-output>
        </test-method> <!-- browserSetup -->
        <test-method signature="Addtocartfromtherecommendeditems()[pri:0, instance:product_test.Testcase_22@6fa51cd4]" started-at="2025-05-09T20:09:19 IST" name="Addtocartfromtherecommendeditems" finished-at="2025-05-09T20:09:23 IST" duration-ms="3134" status="PASS">
          <reporter-output>
          </reporter-output>
        </test-method> <!-- Addtocartfromtherecommendeditems -->
        <test-method is-config="true" signature="closebrowser()[pri:0, instance:product_test.Testcase_22@6fa51cd4]" started-at="2025-05-09T20:09:23 IST" name="closebrowser" finished-at="2025-05-09T20:09:23 IST" duration-ms="1" status="PASS">
          <reporter-output>
            <line>
              <![CDATA[Closebrowser Successfull]]>
            </line>
          </reporter-output>
        </test-method> <!-- closebrowser -->
      </class> <!-- product_test.Testcase_22 -->
      <class name="product_test.Testcase_05">
        <test-method is-config="true" signature="browserSetup(java.lang.String,java.lang.String)[pri:0, instance:product_test.Testcase_05@1750fbeb]" started-at="2025-05-09T20:12:31 IST" name="browserSetup" finished-at="2025-05-09T20:12:37 IST" duration-ms="6294" status="PASS">
          <params>
            <param index="0">
              <value>
                <![CDATA[chrome]]>
              </value>
            </param>
            <param index="1">
              <value>
                <![CDATA[User1]]>
              </value>
            </param>
          </params>
          <reporter-output>
            <line>
              <![CDATA[BrowserSetup: chrome Successfull]]>
            </line>
          </reporter-output>
        </test-method> <!-- browserSetup -->
        <test-method signature="Register_User_with_existing_email()[pri:0, instance:product_test.Testcase_05@1750fbeb]" started-at="2025-05-09T20:12:37 IST" name="Register_User_with_existing_email" finished-at="2025-05-09T20:12:40 IST" duration-ms="2814" status="PASS">
          <reporter-output>
          </reporter-output>
        </test-method> <!-- Register_User_with_existing_email -->
        <test-method is-config="true" signature="closebrowser()[pri:0, instance:product_test.Testcase_05@1750fbeb]" started-at="2025-05-09T20:12:40 IST" name="closebrowser" finished-at="2025-05-09T20:12:40 IST" duration-ms="1" status="PASS">
          <reporter-output>
            <line>
              <![CDATA[Closebrowser Successfull]]>
            </line>
          </reporter-output>
        </test-method> <!-- closebrowser -->
      </class> <!-- product_test.Testcase_05 -->
      <class name="product_test.Testcase_06">
        <test-method is-config="true" signature="browserSetup(java.lang.String,java.lang.String)[pri:0, instance:product_test.Testcase_06@5b247367]" started-at="2025-05-09T20:12:40 IST" name="browserSetup" finished-at="2025-05-09T20:12:46 IST" duration-ms="5868" status="PASS">
          <params>
            <param index="0">
              <value>
                <![CDATA[chrome]]>
              </value>
            </param>
            <param index="1">
              <value>
                <![CDATA[User1]]>
              </value>
            </param>
          </params>
          <reporter-output>
            <line>
              <![CDATA[BrowserSetup: chrome Successfull]]>
            </line>
          </reporter-output>
        </test-method> <!-- browserSetup -->
        <test-method signature="Contact_Us_Form()[pri:0, instance:product_test.Testcase_06@5b247367]" started-at="2025-05-09T20:12:46 IST" name="Contact_Us_Form" finished-at="2025-05-09T20:12:59 IST" duration-ms="13126" status="FAIL">
          <exception class="java.lang.NullPointerException">
            <full-stacktrace>
              <![CDATA[java.lang.NullPointerException
at java.base/java.io.File.<init>(File.java:278)
at product_test.Testcase_06.Contact_Us_Form(Testcase_06.java:65)
at java.base/jdk.internal.reflect.NativeMethodAccessorImpl.invoke0(Native Method)
at java.base/jdk.internal.reflect.NativeMethodAccessorImpl.invoke(NativeMethodAccessorImpl.java:77)
at java.base/jdk.internal.reflect.DelegatingMethodAccessorImpl.invoke(DelegatingMethodAccessorImpl.java:43)
at java.base/java.lang.reflect.Method.invoke(Method.java:568)
at org.testng.internal.invokers.MethodInvocationHelper.invokeMethod(MethodInvocationHelper.java:141)
at org.testng.internal.invokers.TestInvoker.invokeMethod(TestInvoker.java:686)
at org.testng.internal.invokers.TestInvoker.invokeTestMethod(TestInvoker.java:230)
at org.testng.internal.invokers.MethodRunner.runInSequence(MethodRunner.java:63)
at org.testng.internal.invokers.TestInvoker$MethodInvocationAgent.invoke(TestInvoker.java:992)
at org.testng.internal.invokers.TestInvoker.invokeTestMethods(TestInvoker.java:203)
at org.testng.internal.invokers.TestMethodWorker.invokeTestMethods(TestMethodWorker.java:154)
at org.testng.internal.invokers.TestMethodWorker.run(TestMethodWorker.java:134)
at java.base/java.util.ArrayList.forEach(ArrayList.java:1511)
at org.testng.TestRunner.privateRun(TestRunner.java:739)
at org.testng.TestRunner.run(TestRunner.java:614)
at org.testng.SuiteRunner.runTest(SuiteRunner.java:421)
at org.testng.SuiteRunner.runSequentially(SuiteRunner.java:413)
at org.testng.SuiteRunner.privateRun(SuiteRunner.java:373)
at org.testng.SuiteRunner.run(SuiteRunner.java:312)
at org.testng.SuiteRunnerWorker.runSuite(SuiteRunnerWorker.java:52)
at org.testng.SuiteRunnerWorker.run(SuiteRunnerWorker.java:95)
at org.testng.TestNG.runSuitesSequentially(TestNG.java:1274)
at org.testng.TestNG.runSuitesLocally(TestNG.java:1208)
at org.testng.TestNG.runSuites(TestNG.java:1112)
at org.testng.TestNG.run(TestNG.java:1079)
at org.testng.remote.AbstractRemoteTestNG.run(AbstractRemoteTestNG.java:115)
at org.testng.remote.RemoteTestNG.initAndRun(RemoteTestNG.java:293)
at org.testng.remote.RemoteTestNG.main(RemoteTestNG.java:91)
]]>
            </full-stacktrace>
          </exception> <!-- java.lang.NullPointerException -->
          <reporter-output>
          </reporter-output>
        </test-method> <!-- Contact_Us_Form -->
        <test-method is-config="true" signature="closebrowser()[pri:0, instance:product_test.Testcase_06@5b247367]" started-at="2025-05-09T20:12:59 IST" name="closebrowser" finished-at="2025-05-09T20:13:00 IST" duration-ms="430" status="PASS">
          <reporter-output>
            <line>
              <![CDATA[Closebrowser Successfull]]>
            </line>
          </reporter-output>
        </test-method> <!-- closebrowser -->
      </class> <!-- product_test.Testcase_06 -->
      <class name="product_test.Testcase_03">
        <test-method is-config="true" signature="browserSetup(java.lang.String,java.lang.String)[pri:0, instance:product_test.Testcase_03@cecf639]" started-at="2025-05-09T20:11:36 IST" name="browserSetup" finished-at="2025-05-09T20:11:41 IST" duration-ms="5216" status="PASS">
          <params>
            <param index="0">
              <value>
                <![CDATA[chrome]]>
              </value>
            </param>
            <param index="1">
              <value>
                <![CDATA[User1]]>
              </value>
            </param>
          </params>
          <reporter-output>
            <line>
              <![CDATA[BrowserSetup: chrome Successfull]]>
            </line>
          </reporter-output>
        </test-method> <!-- browserSetup -->
        <test-method signature="Login_User_with_incorrect_email_and_password()[pri:0, instance:product_test.Testcase_03@cecf639]" started-at="2025-05-09T20:11:41 IST" name="Login_User_with_incorrect_email_and_password" finished-at="2025-05-09T20:11:52 IST" duration-ms="11371" status="FAIL">
          <exception class="org.openqa.selenium.NoSuchElementException">
            <message>
              <![CDATA[no such element: Unable to locate element: {"method":"xpath","selector":"//p[text()='Your email or password is incorrect!']"}
  (Session info: chrome=136.0.7103.93)
For documentation on this error, please visit: https://www.selenium.dev/documentation/webdriver/troubleshooting/errors#no-such-element-exception
Build info: version: '4.31.0', revision: '1ef9f18787*'
System info: os.name: 'Windows 11', os.arch: 'amd64', os.version: '10.0', java.version: '17.0.6'
Driver info: org.openqa.selenium.chrome.ChromeDriver
Command: [84c13d55b77e1f6747d4864a9639d217, findElement {value=//p[text()='Your email or password is incorrect!'], using=xpath}]
Capabilities {acceptInsecureCerts: false, browserName: chrome, browserVersion: 136.0.7103.93, chrome: {chromedriverVersion: 136.0.7103.92 (cb81a4cc5087..., userDataDir: C:\Users\krant\AppData\Loca...}, fedcm:accounts: true, goog:chromeOptions: {debuggerAddress: localhost:54731}, networkConnectionEnabled: false, pageLoadStrategy: normal, platformName: windows, proxy: Proxy(), se:cdp: ws://localhost:54731/devtoo..., se:cdpVersion: 136.0.7103.93, setWindowRect: true, strictFileInteractability: false, timeouts: {implicit: 0, pageLoad: 300000, script: 30000}, unhandledPromptBehavior: dismiss and notify, webauthn:extension:credBlob: true, webauthn:extension:largeBlob: true, webauthn:extension:minPinLength: true, webauthn:extension:prf: true, webauthn:virtualAuthenticators: true}
Session ID: 84c13d55b77e1f6747d4864a9639d217]]>
            </message>
            <full-stacktrace>
              <![CDATA[org.openqa.selenium.NoSuchElementException: no such element: Unable to locate element: {"method":"xpath","selector":"//p[text()='Your email or password is incorrect!']"}
  (Session info: chrome=136.0.7103.93)
For documentation on this error, please visit: https://www.selenium.dev/documentation/webdriver/troubleshooting/errors#no-such-element-exception
Build info: version: '4.31.0', revision: '1ef9f18787*'
System info: os.name: 'Windows 11', os.arch: 'amd64', os.version: '10.0', java.version: '17.0.6'
Driver info: org.openqa.selenium.chrome.ChromeDriver
Command: [84c13d55b77e1f6747d4864a9639d217, findElement {value=//p[text()='Your email or password is incorrect!'], using=xpath}]
Capabilities {acceptInsecureCerts: false, browserName: chrome, browserVersion: 136.0.7103.93, chrome: {chromedriverVersion: 136.0.7103.92 (cb81a4cc5087..., userDataDir: C:\Users\krant\AppData\Loca...}, fedcm:accounts: true, goog:chromeOptions: {debuggerAddress: localhost:54731}, networkConnectionEnabled: false, pageLoadStrategy: normal, platformName: windows, proxy: Proxy(), se:cdp: ws://localhost:54731/devtoo..., se:cdpVersion: 136.0.7103.93, setWindowRect: true, strictFileInteractability: false, timeouts: {implicit: 0, pageLoad: 300000, script: 30000}, unhandledPromptBehavior: dismiss and notify, webauthn:extension:credBlob: true, webauthn:extension:largeBlob: true, webauthn:extension:minPinLength: true, webauthn:extension:prf: true, webauthn:virtualAuthenticators: true}
Session ID: 84c13d55b77e1f6747d4864a9639d217
at java.base/jdk.internal.reflect.NativeConstructorAccessorImpl.newInstance0(Native Method)
at java.base/jdk.internal.reflect.NativeConstructorAccessorImpl.newInstance(NativeConstructorAccessorImpl.java:77)
at java.base/jdk.internal.reflect.DelegatingConstructorAccessorImpl.newInstance(DelegatingConstructorAccessorImpl.java:45)
at java.base/java.lang.reflect.Constructor.newInstanceWithCaller(Constructor.java:499)
at java.base/java.lang.reflect.Constructor.newInstance(Constructor.java:480)
at org.openqa.selenium.remote.ErrorCodec.decode(ErrorCodec.java:167)
at org.openqa.selenium.remote.codec.w3c.W3CHttpResponseCodec.decode(W3CHttpResponseCodec.java:138)
at org.openqa.selenium.remote.codec.w3c.W3CHttpResponseCodec.decode(W3CHttpResponseCodec.java:50)
at org.openqa.selenium.remote.HttpCommandExecutor.execute(HttpCommandExecutor.java:215)
at org.openqa.selenium.remote.service.DriverCommandExecutor.invokeExecute(DriverCommandExecutor.java:216)
at org.openqa.selenium.remote.service.DriverCommandExecutor.execute(DriverCommandExecutor.java:174)
at org.openqa.selenium.remote.RemoteWebDriver.execute(RemoteWebDriver.java:545)
at org.openqa.selenium.remote.ElementLocation$ElementFinder$2.findElement(ElementLocation.java:165)
at org.openqa.selenium.remote.ElementLocation.findElement(ElementLocation.java:59)
at org.openqa.selenium.remote.RemoteWebDriver.findElement(RemoteWebDriver.java:368)
at org.openqa.selenium.remote.RemoteWebDriver.findElement(RemoteWebDriver.java:362)
at org.openqa.selenium.support.pagefactory.DefaultElementLocator.findElement(DefaultElementLocator.java:68)
at org.openqa.selenium.support.pagefactory.internal.LocatingElementHandler.invoke(LocatingElementHandler.java:38)
at jdk.proxy2/jdk.proxy2.$Proxy13.isDisplayed(Unknown Source)
at product_test.Testcase_03.Login_User_with_incorrect_email_and_password(Testcase_03.java:37)
at java.base/jdk.internal.reflect.NativeMethodAccessorImpl.invoke0(Native Method)
at java.base/jdk.internal.reflect.NativeMethodAccessorImpl.invoke(NativeMethodAccessorImpl.java:77)
at java.base/jdk.internal.reflect.DelegatingMethodAccessorImpl.invoke(DelegatingMethodAccessorImpl.java:43)
at java.base/java.lang.reflect.Method.invoke(Method.java:568)
at org.testng.internal.invokers.MethodInvocationHelper.invokeMethod(MethodInvocationHelper.java:141)
at org.testng.internal.invokers.TestInvoker.invokeMethod(TestInvoker.java:686)
at org.testng.internal.invokers.TestInvoker.invokeTestMethod(TestInvoker.java:230)
at org.testng.internal.invokers.MethodRunner.runInSequence(MethodRunner.java:63)
at org.testng.internal.invokers.TestInvoker$MethodInvocationAgent.invoke(TestInvoker.java:992)
at org.testng.internal.invokers.TestInvoker.invokeTestMethods(TestInvoker.java:203)
at org.testng.internal.invokers.TestMethodWorker.invokeTestMethods(TestMethodWorker.java:154)
at org.testng.internal.invokers.TestMethodWorker.run(TestMethodWorker.java:134)
at java.base/java.util.ArrayList.forEach(ArrayList.java:1511)
at org.testng.TestRunner.privateRun(TestRunner.java:739)
at org.testng.TestRunner.run(TestRunner.java:614)
at org.testng.SuiteRunner.runTest(SuiteRunner.java:421)
at org.testng.SuiteRunner.runSequentially(SuiteRunner.java:413)
at org.testng.SuiteRunner.privateRun(SuiteRunner.java:373)
at org.testng.SuiteRunner.run(SuiteRunner.java:312)
at org.testng.SuiteRunnerWorker.runSuite(SuiteRunnerWorker.java:52)
at org.testng.SuiteRunnerWorker.run(SuiteRunnerWorker.java:95)
at org.testng.TestNG.runSuitesSequentially(TestNG.java:1274)
at org.testng.TestNG.runSuitesLocally(TestNG.java:1208)
at org.testng.TestNG.runSuites(TestNG.java:1112)
at org.testng.TestNG.run(TestNG.java:1079)
at org.testng.remote.AbstractRemoteTestNG.run(AbstractRemoteTestNG.java:115)
at org.testng.remote.RemoteTestNG.initAndRun(RemoteTestNG.java:293)
at org.testng.remote.RemoteTestNG.main(RemoteTestNG.java:91)
]]>
            </full-stacktrace>
          </exception> <!-- org.openqa.selenium.NoSuchElementException -->
          <reporter-output>
          </reporter-output>
        </test-method> <!-- Login_User_with_incorrect_email_and_password -->
        <test-method is-config="true" signature="closebrowser()[pri:0, instance:product_test.Testcase_03@cecf639]" started-at="2025-05-09T20:11:52 IST" name="closebrowser" finished-at="2025-05-09T20:11:53 IST" duration-ms="375" status="PASS">
          <reporter-output>
            <line>
              <![CDATA[Closebrowser Successfull]]>
            </line>
          </reporter-output>
        </test-method> <!-- closebrowser -->
      </class> <!-- product_test.Testcase_03 -->
      <class name="product_test.Testcase_25">
        <test-method is-config="true" signature="browserSetup(java.lang.String,java.lang.String)[pri:0, instance:product_test.Testcase_25@1caa0244]" started-at="2025-05-09T20:11:53 IST" name="browserSetup" finished-at="2025-05-09T20:11:59 IST" duration-ms="5718" status="PASS">
          <params>
            <param index="0">
              <value>
                <![CDATA[chrome]]>
              </value>
            </param>
            <param index="1">
              <value>
                <![CDATA[User1]]>
              </value>
            </param>
          </params>
          <reporter-output>
            <line>
              <![CDATA[BrowserSetup: chrome Successfull]]>
            </line>
          </reporter-output>
        </test-method> <!-- browserSetup -->
        <test-method signature="Verifyscrollupusingarrowbuttonandscrolldownfunctionality()[pri:0, instance:product_test.Testcase_25@1caa0244]" started-at="2025-05-09T20:11:59 IST" name="Verifyscrollupusingarrowbuttonandscrolldownfunctionality" finished-at="2025-05-09T20:11:59 IST" duration-ms="696" status="PASS">
          <reporter-output>
          </reporter-output>
        </test-method> <!-- Verifyscrollupusingarrowbuttonandscrolldownfunctionality -->
        <test-method is-config="true" signature="closebrowser()[pri:0, instance:product_test.Testcase_25@1caa0244]" started-at="2025-05-09T20:11:59 IST" name="closebrowser" finished-at="2025-05-09T20:11:59 IST" duration-ms="0" status="PASS">
          <reporter-output>
            <line>
              <![CDATA[Closebrowser Successfull]]>
            </line>
          </reporter-output>
        </test-method> <!-- closebrowser -->
      </class> <!-- product_test.Testcase_25 -->
      <class name="product_test.Testcase_04">
        <test-method is-config="true" signature="browserSetup(java.lang.String,java.lang.String)[pri:0, instance:product_test.Testcase_04@7ce026d3]" started-at="2025-05-09T20:11:59 IST" name="browserSetup" finished-at="2025-05-09T20:12:05 IST" duration-ms="5525" status="PASS">
          <params>
            <param index="0">
              <value>
                <![CDATA[chrome]]>
              </value>
            </param>
            <param index="1">
              <value>
                <![CDATA[User1]]>
              </value>
            </param>
          </params>
          <reporter-output>
            <line>
              <![CDATA[BrowserSetup: chrome Successfull]]>
            </line>
          </reporter-output>
        </test-method> <!-- browserSetup -->
        <test-method signature="Logout_User()[pri:0, instance:product_test.Testcase_04@7ce026d3]" started-at="2025-05-09T20:12:05 IST" name="Logout_User" finished-at="2025-05-09T20:12:17 IST" duration-ms="12300" status="FAIL">
          <exception class="org.openqa.selenium.NoSuchElementException">
            <message>
              <![CDATA[no such element: Unable to locate element: {"method":"xpath","selector":"//a[text()=' Logged in as ']"}
  (Session info: chrome=136.0.7103.93)
For documentation on this error, please visit: https://www.selenium.dev/documentation/webdriver/troubleshooting/errors#no-such-element-exception
Build info: version: '4.31.0', revision: '1ef9f18787*'
System info: os.name: 'Windows 11', os.arch: 'amd64', os.version: '10.0', java.version: '17.0.6'
Driver info: org.openqa.selenium.chrome.ChromeDriver
Command: [94593215877df9f3d403fd97406f7c16, findElement {value=//a[text()=' Logged in as '], using=xpath}]
Capabilities {acceptInsecureCerts: false, browserName: chrome, browserVersion: 136.0.7103.93, chrome: {chromedriverVersion: 136.0.7103.92 (cb81a4cc5087..., userDataDir: C:\Users\krant\AppData\Loca...}, fedcm:accounts: true, goog:chromeOptions: {debuggerAddress: localhost:54883}, networkConnectionEnabled: false, pageLoadStrategy: normal, platformName: windows, proxy: Proxy(), se:cdp: ws://localhost:54883/devtoo..., se:cdpVersion: 136.0.7103.93, setWindowRect: true, strictFileInteractability: false, timeouts: {implicit: 0, pageLoad: 300000, script: 30000}, unhandledPromptBehavior: dismiss and notify, webauthn:extension:credBlob: true, webauthn:extension:largeBlob: true, webauthn:extension:minPinLength: true, webauthn:extension:prf: true, webauthn:virtualAuthenticators: true}
Session ID: 94593215877df9f3d403fd97406f7c16]]>
            </message>
            <full-stacktrace>
              <![CDATA[org.openqa.selenium.NoSuchElementException: no such element: Unable to locate element: {"method":"xpath","selector":"//a[text()=' Logged in as ']"}
  (Session info: chrome=136.0.7103.93)
For documentation on this error, please visit: https://www.selenium.dev/documentation/webdriver/troubleshooting/errors#no-such-element-exception
Build info: version: '4.31.0', revision: '1ef9f18787*'
System info: os.name: 'Windows 11', os.arch: 'amd64', os.version: '10.0', java.version: '17.0.6'
Driver info: org.openqa.selenium.chrome.ChromeDriver
Command: [94593215877df9f3d403fd97406f7c16, findElement {value=//a[text()=' Logged in as '], using=xpath}]
Capabilities {acceptInsecureCerts: false, browserName: chrome, browserVersion: 136.0.7103.93, chrome: {chromedriverVersion: 136.0.7103.92 (cb81a4cc5087..., userDataDir: C:\Users\krant\AppData\Loca...}, fedcm:accounts: true, goog:chromeOptions: {debuggerAddress: localhost:54883}, networkConnectionEnabled: false, pageLoadStrategy: normal, platformName: windows, proxy: Proxy(), se:cdp: ws://localhost:54883/devtoo..., se:cdpVersion: 136.0.7103.93, setWindowRect: true, strictFileInteractability: false, timeouts: {implicit: 0, pageLoad: 300000, script: 30000}, unhandledPromptBehavior: dismiss and notify, webauthn:extension:credBlob: true, webauthn:extension:largeBlob: true, webauthn:extension:minPinLength: true, webauthn:extension:prf: true, webauthn:virtualAuthenticators: true}
Session ID: 94593215877df9f3d403fd97406f7c16
at java.base/jdk.internal.reflect.NativeConstructorAccessorImpl.newInstance0(Native Method)
at java.base/jdk.internal.reflect.NativeConstructorAccessorImpl.newInstance(NativeConstructorAccessorImpl.java:77)
at java.base/jdk.internal.reflect.DelegatingConstructorAccessorImpl.newInstance(DelegatingConstructorAccessorImpl.java:45)
at java.base/java.lang.reflect.Constructor.newInstanceWithCaller(Constructor.java:499)
at java.base/java.lang.reflect.Constructor.newInstance(Constructor.java:480)
at org.openqa.selenium.remote.ErrorCodec.decode(ErrorCodec.java:167)
at org.openqa.selenium.remote.codec.w3c.W3CHttpResponseCodec.decode(W3CHttpResponseCodec.java:138)
at org.openqa.selenium.remote.codec.w3c.W3CHttpResponseCodec.decode(W3CHttpResponseCodec.java:50)
at org.openqa.selenium.remote.HttpCommandExecutor.execute(HttpCommandExecutor.java:215)
at org.openqa.selenium.remote.service.DriverCommandExecutor.invokeExecute(DriverCommandExecutor.java:216)
at org.openqa.selenium.remote.service.DriverCommandExecutor.execute(DriverCommandExecutor.java:174)
at org.openqa.selenium.remote.RemoteWebDriver.execute(RemoteWebDriver.java:545)
at org.openqa.selenium.remote.ElementLocation$ElementFinder$2.findElement(ElementLocation.java:165)
at org.openqa.selenium.remote.ElementLocation.findElement(ElementLocation.java:59)
at org.openqa.selenium.remote.RemoteWebDriver.findElement(RemoteWebDriver.java:368)
at org.openqa.selenium.remote.RemoteWebDriver.findElement(RemoteWebDriver.java:362)
at org.openqa.selenium.support.pagefactory.DefaultElementLocator.findElement(DefaultElementLocator.java:68)
at org.openqa.selenium.support.pagefactory.internal.LocatingElementHandler.invoke(LocatingElementHandler.java:38)
at jdk.proxy2/jdk.proxy2.$Proxy13.isDisplayed(Unknown Source)
at product_test.Testcase_04.Logout_User(Testcase_04.java:37)
at java.base/jdk.internal.reflect.NativeMethodAccessorImpl.invoke0(Native Method)
at java.base/jdk.internal.reflect.NativeMethodAccessorImpl.invoke(NativeMethodAccessorImpl.java:77)
at java.base/jdk.internal.reflect.DelegatingMethodAccessorImpl.invoke(DelegatingMethodAccessorImpl.java:43)
at java.base/java.lang.reflect.Method.invoke(Method.java:568)
at org.testng.internal.invokers.MethodInvocationHelper.invokeMethod(MethodInvocationHelper.java:141)
at org.testng.internal.invokers.TestInvoker.invokeMethod(TestInvoker.java:686)
at org.testng.internal.invokers.TestInvoker.invokeTestMethod(TestInvoker.java:230)
at org.testng.internal.invokers.MethodRunner.runInSequence(MethodRunner.java:63)
at org.testng.internal.invokers.TestInvoker$MethodInvocationAgent.invoke(TestInvoker.java:992)
at org.testng.internal.invokers.TestInvoker.invokeTestMethods(TestInvoker.java:203)
at org.testng.internal.invokers.TestMethodWorker.invokeTestMethods(TestMethodWorker.java:154)
at org.testng.internal.invokers.TestMethodWorker.run(TestMethodWorker.java:134)
at java.base/java.util.ArrayList.forEach(ArrayList.java:1511)
at org.testng.TestRunner.privateRun(TestRunner.java:739)
at org.testng.TestRunner.run(TestRunner.java:614)
at org.testng.SuiteRunner.runTest(SuiteRunner.java:421)
at org.testng.SuiteRunner.runSequentially(SuiteRunner.java:413)
at org.testng.SuiteRunner.privateRun(SuiteRunner.java:373)
at org.testng.SuiteRunner.run(SuiteRunner.java:312)
at org.testng.SuiteRunnerWorker.runSuite(SuiteRunnerWorker.java:52)
at org.testng.SuiteRunnerWorker.run(SuiteRunnerWorker.java:95)
at org.testng.TestNG.runSuitesSequentially(TestNG.java:1274)
at org.testng.TestNG.runSuitesLocally(TestNG.java:1208)
at org.testng.TestNG.runSuites(TestNG.java:1112)
at org.testng.TestNG.run(TestNG.java:1079)
at org.testng.remote.AbstractRemoteTestNG.run(AbstractRemoteTestNG.java:115)
at org.testng.remote.RemoteTestNG.initAndRun(RemoteTestNG.java:293)
at org.testng.remote.RemoteTestNG.main(RemoteTestNG.java:91)
]]>
            </full-stacktrace>
          </exception> <!-- org.openqa.selenium.NoSuchElementException -->
          <reporter-output>
          </reporter-output>
        </test-method> <!-- Logout_User -->
        <test-method is-config="true" signature="closebrowser()[pri:0, instance:product_test.Testcase_04@7ce026d3]" started-at="2025-05-09T20:12:17 IST" name="closebrowser" finished-at="2025-05-09T20:12:17 IST" duration-ms="311" status="PASS">
          <reporter-output>
            <line>
              <![CDATA[Closebrowser Successfull]]>
            </line>
          </reporter-output>
        </test-method> <!-- closebrowser -->
      </class> <!-- product_test.Testcase_04 -->
      <class name="product_test.Testcase_26">
        <test-method is-config="true" signature="browserSetup(java.lang.String,java.lang.String)[pri:0, instance:product_test.Testcase_26@7ce69770]" started-at="2025-05-09T20:12:17 IST" name="browserSetup" finished-at="2025-05-09T20:12:23 IST" duration-ms="5595" status="PASS">
          <params>
            <param index="0">
              <value>
                <![CDATA[chrome]]>
              </value>
            </param>
            <param index="1">
              <value>
                <![CDATA[User1]]>
              </value>
            </param>
          </params>
          <reporter-output>
            <line>
              <![CDATA[BrowserSetup: chrome Successfull]]>
            </line>
          </reporter-output>
        </test-method> <!-- browserSetup -->
        <test-method signature="Verifyscrollupwithoutarrowbuttonandscrolldownfunctionality()[pri:0, instance:product_test.Testcase_26@7ce69770]" started-at="2025-05-09T20:12:23 IST" name="Verifyscrollupwithoutarrowbuttonandscrolldownfunctionality" finished-at="2025-05-09T20:12:31 IST" duration-ms="7739" status="PASS">
          <reporter-output>
          </reporter-output>
        </test-method> <!-- Verifyscrollupwithoutarrowbuttonandscrolldownfunctionality -->
        <test-method is-config="true" signature="closebrowser()[pri:0, instance:product_test.Testcase_26@7ce69770]" started-at="2025-05-09T20:12:31 IST" name="closebrowser" finished-at="2025-05-09T20:12:31 IST" duration-ms="305" status="PASS">
          <reporter-output>
            <line>
              <![CDATA[Closebrowser Successfull]]>
            </line>
          </reporter-output>
        </test-method> <!-- closebrowser -->
      </class> <!-- product_test.Testcase_26 -->
      <class name="product_test.Testcase_09">
        <test-method is-config="true" signature="browserSetup(java.lang.String,java.lang.String)[pri:0, instance:product_test.Testcase_09@7e057f43]" started-at="2025-05-09T20:13:08 IST" name="browserSetup" finished-at="2025-05-09T20:13:13 IST" duration-ms="5785" status="PASS">
          <params>
            <param index="0">
              <value>
                <![CDATA[chrome]]>
              </value>
            </param>
            <param index="1">
              <value>
                <![CDATA[User1]]>
              </value>
            </param>
          </params>
          <reporter-output>
            <line>
              <![CDATA[BrowserSetup: chrome Successfull]]>
            </line>
          </reporter-output>
        </test-method> <!-- browserSetup -->
        <test-method signature="SearchProduct()[pri:0, instance:product_test.Testcase_09@7e057f43]" started-at="2025-05-09T20:13:13 IST" name="SearchProduct" finished-at="2025-05-09T20:13:26 IST" duration-ms="12886" status="PASS">
          <reporter-output>
          </reporter-output>
        </test-method> <!-- SearchProduct -->
        <test-method is-config="true" signature="closebrowser()[pri:0, instance:product_test.Testcase_09@7e057f43]" started-at="2025-05-09T20:13:26 IST" name="closebrowser" finished-at="2025-05-09T20:13:26 IST" duration-ms="0" status="PASS">
          <reporter-output>
            <line>
              <![CDATA[Closebrowser Successfull]]>
            </line>
          </reporter-output>
        </test-method> <!-- closebrowser -->
      </class> <!-- product_test.Testcase_09 -->
      <class name="product_test.Testcase_07">
        <test-method is-config="true" signature="browserSetup(java.lang.String,java.lang.String)[pri:0, instance:product_test.Testcase_07@268f106e]" started-at="2025-05-09T20:13:00 IST" name="browserSetup" finished-at="2025-05-09T20:13:05 IST" duration-ms="5336" status="PASS">
          <params>
            <param index="0">
              <value>
                <![CDATA[chrome]]>
              </value>
            </param>
            <param index="1">
              <value>
                <![CDATA[User1]]>
              </value>
            </param>
          </params>
          <reporter-output>
            <line>
              <![CDATA[BrowserSetup: chrome Successfull]]>
            </line>
          </reporter-output>
        </test-method> <!-- browserSetup -->
        <test-method signature="Verify_Test_Cases_Page()[pri:0, instance:product_test.Testcase_07@268f106e]" started-at="2025-05-09T20:13:05 IST" name="Verify_Test_Cases_Page" finished-at="2025-05-09T20:13:06 IST" duration-ms="1420" status="PASS">
          <reporter-output>
          </reporter-output>
        </test-method> <!-- Verify_Test_Cases_Page -->
        <test-method is-config="true" signature="closebrowser()[pri:0, instance:product_test.Testcase_07@268f106e]" started-at="2025-05-09T20:13:06 IST" name="closebrowser" finished-at="2025-05-09T20:13:06 IST" duration-ms="1" status="PASS">
          <reporter-output>
            <line>
              <![CDATA[Closebrowser Successfull]]>
            </line>
          </reporter-output>
        </test-method> <!-- closebrowser -->
      </class> <!-- product_test.Testcase_07 -->
      <class name="product_test.Testcase_08">
        <test-method is-config="true" signature="browserSetup(java.lang.String,java.lang.String)[pri:0, instance:product_test.Testcase_08@6e9a5ed8]" started-at="2025-05-09T20:13:06 IST" name="browserSetup" finished-at="2025-05-09T20:13:08 IST" duration-ms="1240" status="FAIL">
          <params>
            <param index="0">
              <value>
                <![CDATA[chrome]]>
              </value>
            </param>
            <param index="1">
              <value>
                <![CDATA[User1]]>
              </value>
            </param>
          </params>
          <exception class="org.openqa.selenium.WebDriverException">
            <message>
              <![CDATA[unknown error: JavaScript code failed
from unknown command: 'Runtime.evaluate' wasn't found
  (Session info: chrome=136.0.7103.93)
Build info: version: '4.31.0', revision: '1ef9f18787*'
System info: os.name: 'Windows 11', os.arch: 'amd64', os.version: '10.0', java.version: '17.0.6'
Driver info: org.openqa.selenium.chrome.ChromeDriver
Command: [98fc657c2e78822ce8a8de25bd0df8a4, maximizeCurrentWindow {}]
Capabilities {acceptInsecureCerts: false, browserName: chrome, browserVersion: 136.0.7103.93, chrome: {chromedriverVersion: 136.0.7103.92 (cb81a4cc5087..., userDataDir: C:\Users\krant\AppData\Loca...}, fedcm:accounts: true, goog:chromeOptions: {debuggerAddress: localhost:55525}, networkConnectionEnabled: false, pageLoadStrategy: normal, platformName: windows, proxy: Proxy(), se:cdp: ws://localhost:55525/devtoo..., se:cdpVersion: 136.0.7103.93, setWindowRect: true, strictFileInteractability: false, timeouts: {implicit: 0, pageLoad: 300000, script: 30000}, unhandledPromptBehavior: dismiss and notify, webauthn:extension:credBlob: true, webauthn:extension:largeBlob: true, webauthn:extension:minPinLength: true, webauthn:extension:prf: true, webauthn:virtualAuthenticators: true}
Session ID: 98fc657c2e78822ce8a8de25bd0df8a4]]>
            </message>
            <full-stacktrace>
              <![CDATA[org.openqa.selenium.WebDriverException: unknown error: JavaScript code failed
from unknown command: 'Runtime.evaluate' wasn't found
  (Session info: chrome=136.0.7103.93)
Build info: version: '4.31.0', revision: '1ef9f18787*'
System info: os.name: 'Windows 11', os.arch: 'amd64', os.version: '10.0', java.version: '17.0.6'
Driver info: org.openqa.selenium.chrome.ChromeDriver
Command: [98fc657c2e78822ce8a8de25bd0df8a4, maximizeCurrentWindow {}]
Capabilities {acceptInsecureCerts: false, browserName: chrome, browserVersion: 136.0.7103.93, chrome: {chromedriverVersion: 136.0.7103.92 (cb81a4cc5087..., userDataDir: C:\Users\krant\AppData\Loca...}, fedcm:accounts: true, goog:chromeOptions: {debuggerAddress: localhost:55525}, networkConnectionEnabled: false, pageLoadStrategy: normal, platformName: windows, proxy: Proxy(), se:cdp: ws://localhost:55525/devtoo..., se:cdpVersion: 136.0.7103.93, setWindowRect: true, strictFileInteractability: false, timeouts: {implicit: 0, pageLoad: 300000, script: 30000}, unhandledPromptBehavior: dismiss and notify, webauthn:extension:credBlob: true, webauthn:extension:largeBlob: true, webauthn:extension:minPinLength: true, webauthn:extension:prf: true, webauthn:virtualAuthenticators: true}
Session ID: 98fc657c2e78822ce8a8de25bd0df8a4
at java.base/jdk.internal.reflect.NativeConstructorAccessorImpl.newInstance0(Native Method)
at java.base/jdk.internal.reflect.NativeConstructorAccessorImpl.newInstance(NativeConstructorAccessorImpl.java:77)
at java.base/jdk.internal.reflect.DelegatingConstructorAccessorImpl.newInstance(DelegatingConstructorAccessorImpl.java:45)
at java.base/java.lang.reflect.Constructor.newInstanceWithCaller(Constructor.java:499)
at java.base/java.lang.reflect.Constructor.newInstance(Constructor.java:480)
at org.openqa.selenium.remote.ErrorCodec.decode(ErrorCodec.java:167)
at org.openqa.selenium.remote.codec.w3c.W3CHttpResponseCodec.decode(W3CHttpResponseCodec.java:138)
at org.openqa.selenium.remote.codec.w3c.W3CHttpResponseCodec.decode(W3CHttpResponseCodec.java:50)
at org.openqa.selenium.remote.HttpCommandExecutor.execute(HttpCommandExecutor.java:215)
at org.openqa.selenium.remote.service.DriverCommandExecutor.invokeExecute(DriverCommandExecutor.java:216)
at org.openqa.selenium.remote.service.DriverCommandExecutor.execute(DriverCommandExecutor.java:174)
at org.openqa.selenium.remote.RemoteWebDriver.execute(RemoteWebDriver.java:545)
at org.openqa.selenium.remote.RemoteWebDriver.execute(RemoteWebDriver.java:618)
at org.openqa.selenium.remote.RemoteWebDriver.execute(RemoteWebDriver.java:622)
at org.openqa.selenium.remote.RemoteWebDriver$RemoteWebDriverOptions$RemoteWindow.maximize(RemoteWebDriver.java:1067)
at GenericRepository.BaseConfig.browserSetup(BaseConfig.java:57)
at jdk.internal.reflect.GeneratedMethodAccessor6.invoke(Unknown Source)
at java.base/jdk.internal.reflect.DelegatingMethodAccessorImpl.invoke(DelegatingMethodAccessorImpl.java:43)
at java.base/java.lang.reflect.Method.invoke(Method.java:568)
at org.testng.internal.invokers.MethodInvocationHelper.invokeMethod(MethodInvocationHelper.java:141)
at org.testng.internal.invokers.MethodInvocationHelper.invokeMethodConsideringTimeout(MethodInvocationHelper.java:71)
at org.testng.internal.invokers.ConfigInvoker.invokeConfigurationMethod(ConfigInvoker.java:400)
at org.testng.internal.invokers.ConfigInvoker.invokeConfigurations(ConfigInvoker.java:333)
at org.testng.internal.invokers.TestMethodWorker.invokeBeforeClassMethods(TestMethodWorker.java:188)
at org.testng.internal.invokers.TestMethodWorker.run(TestMethodWorker.java:128)
at java.base/java.util.ArrayList.forEach(ArrayList.java:1511)
at org.testng.TestRunner.privateRun(TestRunner.java:739)
at org.testng.TestRunner.run(TestRunner.java:614)
at org.testng.SuiteRunner.runTest(SuiteRunner.java:421)
at org.testng.SuiteRunner.runSequentially(SuiteRunner.java:413)
at org.testng.SuiteRunner.privateRun(SuiteRunner.java:373)
at org.testng.SuiteRunner.run(SuiteRunner.java:312)
at org.testng.SuiteRunnerWorker.runSuite(SuiteRunnerWorker.java:52)
at org.testng.SuiteRunnerWorker.run(SuiteRunnerWorker.java:95)
at org.testng.TestNG.runSuitesSequentially(TestNG.java:1274)
at org.testng.TestNG.runSuitesLocally(TestNG.java:1208)
at org.testng.TestNG.runSuites(TestNG.java:1112)
at org.testng.TestNG.run(TestNG.java:1079)
at org.testng.remote.AbstractRemoteTestNG.run(AbstractRemoteTestNG.java:115)
at org.testng.remote.RemoteTestNG.initAndRun(RemoteTestNG.java:293)
at org.testng.remote.RemoteTestNG.main(RemoteTestNG.java:91)
]]>
            </full-stacktrace>
          </exception> <!-- org.openqa.selenium.WebDriverException -->
          <reporter-output>
          </reporter-output>
        </test-method> <!-- browserSetup -->
        <test-method signature="VerifyAll_Products_and_product_detail_page()[pri:0, instance:product_test.Testcase_08@6e9a5ed8]" started-at="2025-05-09T20:13:08 IST" name="VerifyAll_Products_and_product_detail_page" finished-at="2025-05-09T20:13:08 IST" duration-ms="0" status="SKIP">
          <exception class="org.openqa.selenium.WebDriverException">
            <message>
              <![CDATA[unknown error: JavaScript code failed
from unknown command: 'Runtime.evaluate' wasn't found
  (Session info: chrome=136.0.7103.93)
Build info: version: '4.31.0', revision: '1ef9f18787*'
System info: os.name: 'Windows 11', os.arch: 'amd64', os.version: '10.0', java.version: '17.0.6'
Driver info: org.openqa.selenium.chrome.ChromeDriver
Command: [98fc657c2e78822ce8a8de25bd0df8a4, maximizeCurrentWindow {}]
Capabilities {acceptInsecureCerts: false, browserName: chrome, browserVersion: 136.0.7103.93, chrome: {chromedriverVersion: 136.0.7103.92 (cb81a4cc5087..., userDataDir: C:\Users\krant\AppData\Loca...}, fedcm:accounts: true, goog:chromeOptions: {debuggerAddress: localhost:55525}, networkConnectionEnabled: false, pageLoadStrategy: normal, platformName: windows, proxy: Proxy(), se:cdp: ws://localhost:55525/devtoo..., se:cdpVersion: 136.0.7103.93, setWindowRect: true, strictFileInteractability: false, timeouts: {implicit: 0, pageLoad: 300000, script: 30000}, unhandledPromptBehavior: dismiss and notify, webauthn:extension:credBlob: true, webauthn:extension:largeBlob: true, webauthn:extension:minPinLength: true, webauthn:extension:prf: true, webauthn:virtualAuthenticators: true}
Session ID: 98fc657c2e78822ce8a8de25bd0df8a4]]>
            </message>
            <full-stacktrace>
              <![CDATA[org.openqa.selenium.WebDriverException: unknown error: JavaScript code failed
from unknown command: 'Runtime.evaluate' wasn't found
  (Session info: chrome=136.0.7103.93)
Build info: version: '4.31.0', revision: '1ef9f18787*'
System info: os.name: 'Windows 11', os.arch: 'amd64', os.version: '10.0', java.version: '17.0.6'
Driver info: org.openqa.selenium.chrome.ChromeDriver
Command: [98fc657c2e78822ce8a8de25bd0df8a4, maximizeCurrentWindow {}]
Capabilities {acceptInsecureCerts: false, browserName: chrome, browserVersion: 136.0.7103.93, chrome: {chromedriverVersion: 136.0.7103.92 (cb81a4cc5087..., userDataDir: C:\Users\krant\AppData\Loca...}, fedcm:accounts: true, goog:chromeOptions: {debuggerAddress: localhost:55525}, networkConnectionEnabled: false, pageLoadStrategy: normal, platformName: windows, proxy: Proxy(), se:cdp: ws://localhost:55525/devtoo..., se:cdpVersion: 136.0.7103.93, setWindowRect: true, strictFileInteractability: false, timeouts: {implicit: 0, pageLoad: 300000, script: 30000}, unhandledPromptBehavior: dismiss and notify, webauthn:extension:credBlob: true, webauthn:extension:largeBlob: true, webauthn:extension:minPinLength: true, webauthn:extension:prf: true, webauthn:virtualAuthenticators: true}
Session ID: 98fc657c2e78822ce8a8de25bd0df8a4
at java.base/jdk.internal.reflect.NativeConstructorAccessorImpl.newInstance0(Native Method)
at java.base/jdk.internal.reflect.NativeConstructorAccessorImpl.newInstance(NativeConstructorAccessorImpl.java:77)
at java.base/jdk.internal.reflect.DelegatingConstructorAccessorImpl.newInstance(DelegatingConstructorAccessorImpl.java:45)
at java.base/java.lang.reflect.Constructor.newInstanceWithCaller(Constructor.java:499)
at java.base/java.lang.reflect.Constructor.newInstance(Constructor.java:480)
at org.openqa.selenium.remote.ErrorCodec.decode(ErrorCodec.java:167)
at org.openqa.selenium.remote.codec.w3c.W3CHttpResponseCodec.decode(W3CHttpResponseCodec.java:138)
at org.openqa.selenium.remote.codec.w3c.W3CHttpResponseCodec.decode(W3CHttpResponseCodec.java:50)
at org.openqa.selenium.remote.HttpCommandExecutor.execute(HttpCommandExecutor.java:215)
at org.openqa.selenium.remote.service.DriverCommandExecutor.invokeExecute(DriverCommandExecutor.java:216)
at org.openqa.selenium.remote.service.DriverCommandExecutor.execute(DriverCommandExecutor.java:174)
at org.openqa.selenium.remote.RemoteWebDriver.execute(RemoteWebDriver.java:545)
at org.openqa.selenium.remote.RemoteWebDriver.execute(RemoteWebDriver.java:618)
at org.openqa.selenium.remote.RemoteWebDriver.execute(RemoteWebDriver.java:622)
at org.openqa.selenium.remote.RemoteWebDriver$RemoteWebDriverOptions$RemoteWindow.maximize(RemoteWebDriver.java:1067)
at GenericRepository.BaseConfig.browserSetup(BaseConfig.java:57)
at jdk.internal.reflect.GeneratedMethodAccessor6.invoke(Unknown Source)
at java.base/jdk.internal.reflect.DelegatingMethodAccessorImpl.invoke(DelegatingMethodAccessorImpl.java:43)
at java.base/java.lang.reflect.Method.invoke(Method.java:568)
at org.testng.internal.invokers.MethodInvocationHelper.invokeMethod(MethodInvocationHelper.java:141)
at org.testng.internal.invokers.MethodInvocationHelper.invokeMethodConsideringTimeout(MethodInvocationHelper.java:71)
at org.testng.internal.invokers.ConfigInvoker.invokeConfigurationMethod(ConfigInvoker.java:400)
at org.testng.internal.invokers.ConfigInvoker.invokeConfigurations(ConfigInvoker.java:333)
at org.testng.internal.invokers.TestMethodWorker.invokeBeforeClassMethods(TestMethodWorker.java:188)
at org.testng.internal.invokers.TestMethodWorker.run(TestMethodWorker.java:128)
at java.base/java.util.ArrayList.forEach(ArrayList.java:1511)
at org.testng.TestRunner.privateRun(TestRunner.java:739)
at org.testng.TestRunner.run(TestRunner.java:614)
at org.testng.SuiteRunner.runTest(SuiteRunner.java:421)
at org.testng.SuiteRunner.runSequentially(SuiteRunner.java:413)
at org.testng.SuiteRunner.privateRun(SuiteRunner.java:373)
at org.testng.SuiteRunner.run(SuiteRunner.java:312)
at org.testng.SuiteRunnerWorker.runSuite(SuiteRunnerWorker.java:52)
at org.testng.SuiteRunnerWorker.run(SuiteRunnerWorker.java:95)
at org.testng.TestNG.runSuitesSequentially(TestNG.java:1274)
at org.testng.TestNG.runSuitesLocally(TestNG.java:1208)
at org.testng.TestNG.runSuites(TestNG.java:1112)
at org.testng.TestNG.run(TestNG.java:1079)
at org.testng.remote.AbstractRemoteTestNG.run(AbstractRemoteTestNG.java:115)
at org.testng.remote.RemoteTestNG.initAndRun(RemoteTestNG.java:293)
at org.testng.remote.RemoteTestNG.main(RemoteTestNG.java:91)
]]>
            </full-stacktrace>
          </exception> <!-- org.openqa.selenium.WebDriverException -->
          <reporter-output>
          </reporter-output>
        </test-method> <!-- VerifyAll_Products_and_product_detail_page -->
        <test-method is-config="true" signature="closebrowser()[pri:0, instance:product_test.Testcase_08@6e9a5ed8]" started-at="2025-05-09T20:13:08 IST" name="closebrowser" finished-at="2025-05-09T20:13:08 IST" duration-ms="0" status="SKIP">
          <reporter-output>
          </reporter-output>
        </test-method> <!-- closebrowser -->
      </class> <!-- product_test.Testcase_08 -->
      <class name="product_test.Testcase_20">
        <test-method is-config="true" signature="browserSetup(java.lang.String,java.lang.String)[pri:0, instance:product_test.Testcase_20@57a78e3]" started-at="2025-05-09T20:07:33 IST" name="browserSetup" finished-at="2025-05-09T20:07:40 IST" duration-ms="6443" status="PASS">
          <params>
            <param index="0">
              <value>
                <![CDATA[chrome]]>
              </value>
            </param>
            <param index="1">
              <value>
                <![CDATA[User1]]>
              </value>
            </param>
          </params>
          <reporter-output>
            <line>
              <![CDATA[BrowserSetup: chrome Successfull]]>
            </line>
          </reporter-output>
        </test-method> <!-- browserSetup -->
        <test-method signature="Search_Products_and_Verify_Cart_After_Login()[pri:0, instance:product_test.Testcase_20@57a78e3]" started-at="2025-05-09T20:07:40 IST" name="Search_Products_and_Verify_Cart_After_Login" finished-at="2025-05-09T20:08:16 IST" duration-ms="36082" status="PASS">
          <reporter-output>
          </reporter-output>
        </test-method> <!-- Search_Products_and_Verify_Cart_After_Login -->
        <test-method is-config="true" signature="closebrowser()[pri:0, instance:product_test.Testcase_20@57a78e3]" started-at="2025-05-09T20:08:16 IST" name="closebrowser" finished-at="2025-05-09T20:08:16 IST" duration-ms="1" status="PASS">
          <reporter-output>
            <line>
              <![CDATA[Closebrowser Successfull]]>
            </line>
          </reporter-output>
        </test-method> <!-- closebrowser -->
      </class> <!-- product_test.Testcase_20 -->
      <class name="product_test.Testcase_12">
        <test-method is-config="true" signature="browserSetup(java.lang.String,java.lang.String)[pri:0, instance:product_test.Testcase_12@273444fe]" started-at="2025-05-09T20:04:20 IST" name="browserSetup" finished-at="2025-05-09T20:04:25 IST" duration-ms="5211" status="PASS">
          <params>
            <param index="0">
              <value>
                <![CDATA[chrome]]>
              </value>
            </param>
            <param index="1">
              <value>
                <![CDATA[User1]]>
              </value>
            </param>
          </params>
          <reporter-output>
            <line>
              <![CDATA[BrowserSetup: chrome Successfull]]>
            </line>
          </reporter-output>
        </test-method> <!-- browserSetup -->
        <test-method signature="AddProductsinCart()[pri:0, instance:product_test.Testcase_12@273444fe]" started-at="2025-05-09T20:04:25 IST" name="AddProductsinCart" finished-at="2025-05-09T20:04:35 IST" duration-ms="10409" status="PASS">
          <reporter-output>
          </reporter-output>
        </test-method> <!-- AddProductsinCart -->
        <test-method is-config="true" signature="closebrowser()[pri:0, instance:product_test.Testcase_12@273444fe]" started-at="2025-05-09T20:04:35 IST" name="closebrowser" finished-at="2025-05-09T20:04:35 IST" duration-ms="0" status="PASS">
          <reporter-output>
            <line>
              <![CDATA[Closebrowser Successfull]]>
            </line>
          </reporter-output>
        </test-method> <!-- closebrowser -->
      </class> <!-- product_test.Testcase_12 -->
      <class name="product_test.Testcase_13">
        <test-method is-config="true" signature="browserSetup(java.lang.String,java.lang.String)[pri:0, instance:product_test.Testcase_13@33bc72d1]" started-at="2025-05-09T20:04:35 IST" name="browserSetup" finished-at="2025-05-09T20:04:40 IST" duration-ms="5057" status="PASS">
          <params>
            <param index="0">
              <value>
                <![CDATA[chrome]]>
              </value>
            </param>
            <param index="1">
              <value>
                <![CDATA[User1]]>
              </value>
            </param>
          </params>
          <reporter-output>
            <line>
              <![CDATA[BrowserSetup: chrome Successfull]]>
            </line>
          </reporter-output>
        </test-method> <!-- browserSetup -->
        <test-method signature="VerifyProductquantityinCart()[pri:0, instance:product_test.Testcase_13@33bc72d1]" started-at="2025-05-09T20:04:40 IST" name="VerifyProductquantityinCart" finished-at="2025-05-09T20:04:42 IST" duration-ms="1394" status="FAIL">
          <exception class="java.lang.IllegalArgumentException">
            <message>
              <![CDATA[Keys to send should be a not null CharSequence]]>
            </message>
            <full-stacktrace>
              <![CDATA[java.lang.IllegalArgumentException: Keys to send should be a not null CharSequence
at org.openqa.selenium.remote.RemoteWebElement.sendKeys(RemoteWebElement.java:96)
at java.base/jdk.internal.reflect.NativeMethodAccessorImpl.invoke0(Native Method)
at java.base/jdk.internal.reflect.NativeMethodAccessorImpl.invoke(NativeMethodAccessorImpl.java:77)
at java.base/jdk.internal.reflect.DelegatingMethodAccessorImpl.invoke(DelegatingMethodAccessorImpl.java:43)
at java.base/java.lang.reflect.Method.invoke(Method.java:568)
at org.openqa.selenium.support.pagefactory.internal.LocatingElementHandler.invoke(LocatingElementHandler.java:51)
at jdk.proxy2/jdk.proxy2.$Proxy13.sendKeys(Unknown Source)
at product_test.Testcase_13.VerifyProductquantityinCart(Testcase_13.java:42)
at java.base/jdk.internal.reflect.NativeMethodAccessorImpl.invoke0(Native Method)
at java.base/jdk.internal.reflect.NativeMethodAccessorImpl.invoke(NativeMethodAccessorImpl.java:77)
at java.base/jdk.internal.reflect.DelegatingMethodAccessorImpl.invoke(DelegatingMethodAccessorImpl.java:43)
at java.base/java.lang.reflect.Method.invoke(Method.java:568)
at org.testng.internal.invokers.MethodInvocationHelper.invokeMethod(MethodInvocationHelper.java:141)
at org.testng.internal.invokers.TestInvoker.invokeMethod(TestInvoker.java:686)
at org.testng.internal.invokers.TestInvoker.invokeTestMethod(TestInvoker.java:230)
at org.testng.internal.invokers.MethodRunner.runInSequence(MethodRunner.java:63)
at org.testng.internal.invokers.TestInvoker$MethodInvocationAgent.invoke(TestInvoker.java:992)
at org.testng.internal.invokers.TestInvoker.invokeTestMethods(TestInvoker.java:203)
at org.testng.internal.invokers.TestMethodWorker.invokeTestMethods(TestMethodWorker.java:154)
at org.testng.internal.invokers.TestMethodWorker.run(TestMethodWorker.java:134)
at java.base/java.util.ArrayList.forEach(ArrayList.java:1511)
at org.testng.TestRunner.privateRun(TestRunner.java:739)
at org.testng.TestRunner.run(TestRunner.java:614)
at org.testng.SuiteRunner.runTest(SuiteRunner.java:421)
at org.testng.SuiteRunner.runSequentially(SuiteRunner.java:413)
[...]
at PageRepository.HomePage.getcategory(HomePage.java:91)
at PageRepository.HomePage.getcategory(HomePage.java:91)
at PageRepository.HomePage.getcategory(HomePage.java:91)
at PageRepository.HomePage.getcategory(HomePage.java:91)
at PageRepository.HomePage.getcategory(HomePage.java:91)
at PageRepository.HomePage.getcategory(HomePage.java:91)
at PageRepository.HomePage.getcategory(HomePage.java:91)
at PageRepository.HomePage.getcategory(HomePage.java:91)
at PageRepository.HomePage.getcategory(HomePage.java:91)
at PageRepository.HomePage.getcategory(HomePage.java:91)
at PageRepository.HomePage.getcategory(HomePage.java:91)
at PageRepository.HomePage.getcategory(HomePage.java:91)
at PageRepository.HomePage.getcategory(HomePage.java:91)
at PageRepository.HomePage.getcategory(HomePage.java:91)
at PageRepository.HomePage.getcategory(HomePage.java:91)
at PageRepository.HomePage.getcategory(HomePage.java:91)
at PageRepository.HomePage.getcategory(HomePage.java:91)
at PageRepository.HomePage.getcategory(HomePage.java:91)
at PageRepository.HomePage.getcategory(HomePage.java:91)
at PageRepository.HomePage.getcategory(HomePage.java:91)
at PageRepository.HomePage.getcategory(HomePage.java:91)
at PageRepository.HomePage.getcategory(HomePage.java:91)
at PageRepository.HomePage.getcategory(HomePage.java:91)
at PageRepository.HomePage.getcategory(HomePage.java:91)
at PageRepository.HomePage.getcategory(HomePage.java:91)
at PageRepository.HomePage.getcategory(HomePage.java:91)
at PageRepository.HomePage.getcategory(HomePage.java:91)
at PageRepository.HomePage.getcategory(HomePage.java:91)
at PageRepository.HomePage.getcategory(HomePage.java:91)
at PageRepository.HomePage.getcategory(HomePage.java:91)
at PageRepository.HomePage.getcategory(HomePage.java:91)
at PageRepository.HomePage.getcategory(HomePage.java:91)
at PageRepository.HomePage.getcategory(HomePage.java:91)
at PageRepository.HomePage.getcategory(HomePage.java:91)
at PageRepository.HomePage.getcategory(HomePage.java:91)
at PageRepository.HomePage.getcategory(HomePage.java:91)
at PageRepository.HomePage.getcategory(HomePage.java:91)
at PageRepository.HomePage.getcategory(HomePage.java:91)
at PageRepository.HomePage.getcategory(HomePage.java:91)
at PageRepository.HomePage.getcategory(HomePage.java:91)
at PageRepository.HomePage.getcategory(HomePage.java:91)
at PageRepository.HomePage.getcategory(HomePage.java:91)
at PageRepository.HomePage.getcategory(HomePage.java:91)
at PageRepository.HomePage.getcategory(HomePage.java:91)
at PageRepository.HomePage.getcategory(HomePage.java:91)
at PageRepository.HomePage.getcategory(HomePage.java:91)
at PageRepository.HomePage.getcategory(HomePage.java:91)
at PageRepository.HomePage.getcategory(HomePage.java:91)
at PageRepository.HomePage.getcategory(HomePage.java:91)
at PageRepository.HomePage.getcategory(HomePage.java:91)
at PageRepository.HomePage.getcategory(HomePage.java:91)
at PageRepository.HomePage.getcategory(HomePage.java:91)
at PageRepository.HomePage.getcategory(HomePage.java:91)
at PageRepository.HomePage.getcategory(HomePage.java:91)
at PageRepository.HomePage.getcategory(HomePage.java:91)
at PageRepository.HomePage.getcategory(HomePage.java:91)
at PageRepository.HomePage.getcategory(HomePage.java:91)
at PageRepository.HomePage.getcategory(HomePage.java:91)
at PageRepository.HomePage.getcategory(HomePage.java:91)
at PageRepository.HomePage.getcategory(HomePage.java:91)
at PageRepository.HomePage.getcategory(HomePage.java:91)
at PageRepository.HomePage.getcategory(HomePage.java:91)
at PageRepository.HomePage.getcategory(HomePage.java:91)
at PageRepository.HomePage.getcategory(HomePage.java:91)
at PageRepository.HomePage.getcategory(HomePage.java:91)
at PageRepository.HomePage.getcategory(HomePage.java:91)
at PageRepository.HomePage.getcategory(HomePage.java:91)
at PageRepository.HomePage.getcategory(HomePage.java:91)
at PageRepository.HomePage.getcategory(HomePage.java:91)
at PageRepository.HomePage.getcategory(HomePage.java:91)
at PageRepository.HomePage.getcategory(HomePage.java:91)
at PageRepository.HomePage.getcategory(HomePage.java:91)
at PageRepository.HomePage.getcategory(HomePage.java:91)
at PageRepository.HomePage.getcategory(HomePage.java:91)
at PageRepository.HomePage.getcategory(HomePage.java:91)
at PageRepository.HomePage.getcategory(HomePage.java:91)
at PageRepository.HomePage.getcategory(HomePage.java:91)
at PageRepository.HomePage.getcategory(HomePage.java:91)
at PageRepository.HomePage.getcategory(HomePage.java:91)
at PageRepository.HomePage.getcategory(HomePage.java:91)
at PageRepository.HomePage.getcategory(HomePage.java:91)
at PageRepository.HomePage.getcategory(HomePage.java:91)
at PageRepository.HomePage.getcategory(HomePage.java:91)
at PageRepository.HomePage.getcategory(HomePage.java:91)
at PageRepository.HomePage.getcategory(HomePage.java:91)
at PageRepository.HomePage.getcategory(HomePage.java:91)
at PageRepository.HomePage.getcategory(HomePage.java:91)
at PageRepository.HomePage.getcategory(HomePage.java:91)
at PageRepository.HomePage.getcategory(HomePage.java:91)
at PageRepository.HomePage.getcategory(HomePage.java:91)
at PageRepository.HomePage.getcategory(HomePage.java:91)
at PageRepository.HomePage.getcategory(HomePage.java:91)
at PageRepository.HomePage.getcategory(HomePage.java:91)
at PageRepository.HomePage.getcategory(HomePage.java:91)
at PageRepository.HomePage.getcategory(HomePage.java:91)
at PageRepository.HomePage.getcategory(HomePage.java:91)
at PageRepository.HomePage.getcategory(HomePage.java:91)
at PageRepository.HomePage.getcategory(HomePage.java:91)
at PageRepository.HomePage.getcategory(HomePage.java:91)
at PageRepository.HomePage.getcategory(HomePage.java:91)
at PageRepository.HomePage.getcategory(HomePage.java:91)
at PageRepository.HomePage.getcategory(HomePage.java:91)
at PageRepository.HomePage.getcategory(HomePage.java:91)
at PageRepository.HomePage.getcategory(HomePage.java:91)
at PageRepository.HomePage.getcategory(HomePage.java:91)
at PageRepository.HomePage.getcategory(HomePage.java:91)
at PageRepository.HomePage.getcategory(HomePage.java:91)
at PageRepository.HomePage.getcategory(HomePage.java:91)
at PageRepository.HomePage.getcategory(HomePage.java:91)
at PageRepository.HomePage.getcategory(HomePage.java:91)
at PageRepository.HomePage.getcategory(HomePage.java:91)
at PageRepository.HomePage.getcategory(HomePage.java:91)
at PageRepository.HomePage.getcategory(HomePage.java:91)
at PageRepository.HomePage.getcategory(HomePage.java:91)
at PageRepository.HomePage.getcategory(HomePage.java:91)
at PageRepository.HomePage.getcategory(HomePage.java:91)
at PageRepository.HomePage.getcategory(HomePage.java:91)
at PageRepository.HomePage.getcategory(HomePage.java:91)
at PageRepository.HomePage.getcategory(HomePage.java:91)
at PageRepository.HomePage.getcategory(HomePage.java:91)
at PageRepository.HomePage.getcategory(HomePage.java:91)
at PageRepository.HomePage.getcategory(HomePage.java:91)
at PageRepository.HomePage.getcategory(HomePage.java:91)
at PageRepository.HomePage.getcategory(HomePage.java:91)
at PageRepository.HomePage.getcategory(HomePage.java:91)
at PageRepository.HomePage.getcategory(HomePage.java:91)
at PageRepository.HomePage.getcategory(HomePage.java:91)
at PageRepository.HomePage.getcategory(HomePage.java:91)
at PageRepository.HomePage.getcategory(HomePage.java:91)
at PageRepository.HomePage.getcategory(HomePage.java:91)
at PageRepository.HomePage.getcategory(HomePage.java:91)
at PageRepository.HomePage.getcategory(HomePage.java:91)
at PageRepository.HomePage.getcategory(HomePage.java:91)
at PageRepository.HomePage.getcategory(HomePage.java:91)
at PageRepository.HomePage.getcategory(HomePage.java:91)
at PageRepository.HomePage.getcategory(HomePage.java:91)
at PageRepository.HomePage.getcategory(HomePage.java:91)
at PageRepository.HomePage.getcategory(HomePage.java:91)
at PageRepository.HomePage.getcategory(HomePage.java:91)
at PageRepository.HomePage.getcategory(HomePage.java:91)
at PageRepository.HomePage.getcategory(HomePage.java:91)
at PageRepository.HomePage.getcategory(HomePage.java:91)
at PageRepository.HomePage.getcategory(HomePage.java:91)
at PageRepository.HomePage.getcategory(HomePage.java:91)
at PageRepository.HomePage.getcategory(HomePage.java:91)
at PageRepository.HomePage.getcategory(HomePage.java:91)
at PageRepository.HomePage.getcategory(HomePage.java:91)
at PageRepository.HomePage.getcategory(HomePage.java:91)
at PageRepository.HomePage.getcategory(HomePage.java:91)
at PageRepository.HomePage.getcategory(HomePage.java:91)
at PageRepository.HomePage.getcategory(HomePage.java:91)
at PageRepository.HomePage.getcategory(HomePage.java:91)
at PageRepository.HomePage.getcategory(HomePage.java:91)
at PageRepository.HomePage.getcategory(HomePage.java:91)
at PageRepository.HomePage.getcategory(HomePage.java:91)
at PageRepository.HomePage.getcategory(HomePage.java:91)
at PageRepository.HomePage.getcategory(HomePage.java:91)
at PageRepository.HomePage.getcategory(HomePage.java:91)
at PageRepository.HomePage.getcategory(HomePage.java:91)
at PageRepository.HomePage.getcategory(HomePage.java:91)
at PageRepository.HomePage.getcategory(HomePage.java:91)
at PageRepository.HomePage.getcategory(HomePage.java:91)
at PageRepository.HomePage.getcategory(HomePage.java:91)
at PageRepository.HomePage.getcategory(HomePage.java:91)
at PageRepository.HomePage.getcategory(HomePage.java:91)
at PageRepository.HomePage.getcategory(HomePage.java:91)
at PageRepository.HomePage.getcategory(HomePage.java:91)
at PageRepository.HomePage.getcategory(HomePage.java:91)
at PageRepository.HomePage.getcategory(HomePage.java:91)
at PageRepository.HomePage.getcategory(HomePage.java:91)
at PageRepository.HomePage.getcategory(HomePage.java:91)
at PageRepository.HomePage.getcategory(HomePage.java:91)
at PageRepository.HomePage.getcategory(HomePage.java:91)
at PageRepository.HomePage.getcategory(HomePage.java:91)
at PageRepository.HomePage.getcategory(HomePage.java:91)
at PageRepository.HomePage.getcategory(HomePage.java:91)
at PageRepository.HomePage.getcategory(HomePage.java:91)
at PageRepository.HomePage.getcategory(HomePage.java:91)
at PageRepository.HomePage.getcategory(HomePage.java:91)
at PageRepository.HomePage.getcategory(HomePage.java:91)
at PageRepository.HomePage.getcategory(HomePage.java:91)
at PageRepository.HomePage.getcategory(HomePage.java:91)
at PageRepository.HomePage.getcategory(HomePage.java:91)
at PageRepository.HomePage.getcategory(HomePage.java:91)
at PageRepository.HomePage.getcategory(HomePage.java:91)
at PageRepository.HomePage.getcategory(HomePage.java:91)
at PageRepository.HomePage.getcategory(HomePage.java:91)
at PageRepository.HomePage.getcategory(HomePage.java:91)
at PageRepository.HomePage.getcategory(HomePage.java:91)
at PageRepository.HomePage.getcategory(HomePage.java:91)
at PageRepository.HomePage.getcategory(HomePage.java:91)
at PageRepository.HomePage.getcategory(HomePage.java:91)
at PageRepository.HomePage.getcategory(HomePage.java:91)
at PageRepository.HomePage.getcategory(HomePage.java:91)
at PageRepository.HomePage.getcategory(HomePage.java:91)
at PageRepository.HomePage.getcategory(HomePage.java:91)
at PageRepository.HomePage.getcategory(HomePage.java:91)
at PageRepository.HomePage.getcategory(HomePage.java:91)
at PageRepository.HomePage.getcategory(HomePage.java:91)
at PageRepository.HomePage.getcategory(HomePage.java:91)
at PageRepository.HomePage.getcategory(HomePage.java:91)
at PageRepository.HomePage.getcategory(HomePage.java:91)
at PageRepository.HomePage.getcategory(HomePage.java:91)
at PageRepository.HomePage.getcategory(HomePage.java:91)
at PageRepository.HomePage.getcategory(HomePage.java:91)
at PageRepository.HomePage.getcategory(HomePage.java:91)
at PageRepository.HomePage.getcategory(HomePage.java:91)
at PageRepository.HomePage.getcategory(HomePage.java:91)
at PageRepository.HomePage.getcategory(HomePage.java:91)
at PageRepository.HomePage.getcategory(HomePage.java:91)
at PageRepository.HomePage.getcategory(HomePage.java:91)
at PageRepository.HomePage.getcategory(HomePage.java:91)
at PageRepository.HomePage.getcategory(HomePage.java:91)
at PageRepository.HomePage.getcategory(HomePage.java:91)
at PageRepository.HomePage.getcategory(HomePage.java:91)
at PageRepository.HomePage.getcategory(HomePage.java:91)
at PageRepository.HomePage.getcategory(HomePage.java:91)
at PageRepository.HomePage.getcategory(HomePage.java:91)
at PageRepository.HomePage.getcategory(HomePage.java:91)
at PageRepository.HomePage.getcategory(HomePage.java:91)
at PageRepository.HomePage.getcategory(HomePage.java:91)
at PageRepository.HomePage.getcategory(HomePage.java:91)
at PageRepository.HomePage.getcategory(HomePage.java:91)
at PageRepository.HomePage.getcategory(HomePage.java:91)
at PageRepository.HomePage.getcategory(HomePage.java:91)
at PageRepository.HomePage.getcategory(HomePage.java:91)
at PageRepository.HomePage.getcategory(HomePage.java:91)
at PageRepository.HomePage.getcategory(HomePage.java:91)
at PageRepository.HomePage.getcategory(HomePage.java:91)
at PageRepository.HomePage.getcategory(HomePage.java:91)
at PageRepository.HomePage.getcategory(HomePage.java:91)
at PageRepository.HomePage.getcategory(HomePage.java:91)
at PageRepository.HomePage.getcategory(HomePage.java:91)
at PageRepository.HomePage.getcategory(HomePage.java:91)
at PageRepository.HomePage.getcategory(HomePage.java:91)
at PageRepository.HomePage.getcategory(HomePage.java:91)
at PageRepository.HomePage.getcategory(HomePage.java:91)
at PageRepository.HomePage.getcategory(HomePage.java:91)
at PageRepository.HomePage.getcategory(HomePage.java:91)
at PageRepository.HomePage.getcategory(HomePage.java:91)
at PageRepository.HomePage.getcategory(HomePage.java:91)
at PageRepository.HomePage.getcategory(HomePage.java:91)
at PageRepository.HomePage.getcategory(HomePage.java:91)
at PageRepository.HomePage.getcategory(HomePage.java:91)
at PageRepository.HomePage.getcategory(HomePage.java:91)
at PageRepository.HomePage.getcategory(HomePage.java:91)
at PageRepository.HomePage.getcategory(HomePage.java:91)
at PageRepository.HomePage.getcategory(HomePage.java:91)
at PageRepository.HomePage.getcategory(HomePage.java:91)
at PageRepository.HomePage.getcategory(HomePage.java:91)
at PageRepository.HomePage.getcategory(HomePage.java:91)
at PageRepository.HomePage.getcategory(HomePage.java:91)
at PageRepository.HomePage.getcategory(HomePage.java:91)
at PageRepository.HomePage.getcategory(HomePage.java:91)
at PageRepository.HomePage.getcategory(HomePage.java:91)
at PageRepository.HomePage.getcategory(HomePage.java:91)
at PageRepository.HomePage.getcategory(HomePage.java:91)
at PageRepository.HomePage.getcategory(HomePage.java:91)
at PageRepository.HomePage.getcategory(HomePage.java:91)
at PageRepository.HomePage.getcategory(HomePage.java:91)
at PageRepository.HomePage.getcategory(HomePage.java:91)
at PageRepository.HomePage.getcategory(HomePage.java:91)
at PageRepository.HomePage.getcategory(HomePage.java:91)
at PageRepository.HomePage.getcategory(HomePage.java:91)
at PageRepository.HomePage.getcategory(HomePage.java:91)
at PageRepository.HomePage.getcategory(HomePage.java:91)
at PageRepository.HomePage.getcategory(HomePage.java:91)
at PageRepository.HomePage.getcategory(HomePage.java:91)
at PageRepository.HomePage.getcategory(HomePage.java:91)
at PageRepository.HomePage.getcategory(HomePage.java:91)
at PageRepository.HomePage.getcategory(HomePage.java:91)
at PageRepository.HomePage.getcategory(HomePage.java:91)
at PageRepository.HomePage.getcategory(HomePage.java:91)
at PageRepository.HomePage.getcategory(HomePage.java:91)
at PageRepository.HomePage.getcategory(HomePage.java:91)
at PageRepository.HomePage.getcategory(HomePage.java:91)
at PageRepository.HomePage.getcategory(HomePage.java:91)
at PageRepository.HomePage.getcategory(HomePage.java:91)
at PageRepository.HomePage.getcategory(HomePage.java:91)
at PageRepository.HomePage.getcategory(HomePage.java:91)
at PageRepository.HomePage.getcategory(HomePage.java:91)
at PageRepository.HomePage.getcategory(HomePage.java:91)
at PageRepository.HomePage.getcategory(HomePage.java:91)
at PageRepository.HomePage.getcategory(HomePage.java:91)
at PageRepository.HomePage.getcategory(HomePage.java:91)
at PageRepository.HomePage.getcategory(HomePage.java:91)
at PageRepository.HomePage.getcategory(HomePage.java:91)
at PageRepository.HomePage.getcategory(HomePage.java:91)
at PageRepository.HomePage.getcategory(HomePage.java:91)
at PageRepository.HomePage.getcategory(HomePage.java:91)
at PageRepository.HomePage.getcategory(HomePage.java:91)
at PageRepository.HomePage.getcategory(HomePage.java:91)
at PageRepository.HomePage.getcategory(HomePage.java:91)
at PageRepository.HomePage.getcategory(HomePage.java:91)
at PageRepository.HomePage.getcategory(HomePage.java:91)
at PageRepository.HomePage.getcategory(HomePage.java:91)
at PageRepository.HomePage.getcategory(HomePage.java:91)
at PageRepository.HomePage.getcategory(HomePage.java:91)
at PageRepository.HomePage.getcategory(HomePage.java:91)
at PageRepository.HomePage.getcategory(HomePage.java:91)
at PageRepository.HomePage.getcategory(HomePage.java:91)
at PageRepository.HomePage.getcategory(HomePage.java:91)
at PageRepository.HomePage.getcategory(HomePage.java:91)
at PageRepository.HomePage.getcategory(HomePage.java:91)
at PageRepository.HomePage.getcategory(HomePage.java:91)
at PageRepository.HomePage.getcategory(HomePage.java:91)
at PageRepository.HomePage.getcategory(HomePage.java:91)
]]>
            </full-stacktrace>
          </exception> <!-- java.lang.StackOverflowError -->
          <reporter-output>
          </reporter-output>
        </test-method> <!-- View_Category_Products -->
        <test-method is-config="true" signature="closebrowser()[pri:0, instance:product_test.Testcase_18@353352b6]" started-at="2025-05-09T20:06:57 IST" name="closebrowser" finished-at="2025-05-09T20:06:58 IST" duration-ms="477" status="PASS">
          <reporter-output>
            <line>
              <![CDATA[Closebrowser Successfull]]>
            </line>
          </reporter-output>
        </test-method> <!-- closebrowser -->
      </class> <!-- product_test.Testcase_18 -->
      <class name="product_test.Testcase_19">
        <test-method is-config="true" signature="browserSetup(java.lang.String,java.lang.String)[pri:0, instance:product_test.Testcase_19@4681c175]" started-at="2025-05-09T20:06:58 IST" name="browserSetup" finished-at="2025-05-09T20:07:04 IST" duration-ms="5849" status="PASS">
          <params>
            <param index="0">
              <value>
                <![CDATA[chrome]]>
              </value>
            </param>
            <param index="1">
              <value>
                <![CDATA[User1]]>
              </value>
            </param>
          </params>
          <reporter-output>
            <line>
              <![CDATA[BrowserSetup: chrome Successfull]]>
            </line>
          </reporter-output>
        </test-method> <!-- browserSetup -->
        <test-method signature="View_Cart_Brand_Products()[pri:0, instance:product_test.Testcase_19@4681c175]" started-at="2025-05-09T20:07:04 IST" name="View_Cart_Brand_Products" finished-at="2025-05-09T20:07:33 IST" duration-ms="29882" status="PASS">
          <reporter-output>
          </reporter-output>
        </test-method> <!-- View_Cart_Brand_Products -->
        <test-method is-config="true" signature="closebrowser()[pri:0, instance:product_test.Testcase_19@4681c175]" started-at="2025-05-09T20:07:33 IST" name="closebrowser" finished-at="2025-05-09T20:07:33 IST" duration-ms="0" status="PASS">
          <reporter-output>
            <line>
              <![CDATA[Closebrowser Successfull]]>
            </line>
          </reporter-output>
        </test-method> <!-- closebrowser -->
      </class> <!-- product_test.Testcase_19 -->
    </test> <!-- Test -->
  </suite> <!-- RegressionSuite -->
</testng-results>
